[2025-08-04T21:54:21.893+0000] {local_task_job_runner.py:123} INFO - ::group::Pre task execution logs
[2025-08-04T21:54:21.900+0000] {taskinstance.py:2614} INFO - Dependencies all met for dep_context=non-requeueable deps ti=<TaskInstance: account_generator.generator_account_data manual__2025-08-04T21:54:19.815655+00:00 [queued]>
[2025-08-04T21:54:21.902+0000] {taskinstance.py:2614} INFO - Dependencies all met for dep_context=requeueable deps ti=<TaskInstance: account_generator.generator_account_data manual__2025-08-04T21:54:19.815655+00:00 [queued]>
[2025-08-04T21:54:21.902+0000] {taskinstance.py:2867} INFO - Starting attempt 1 of 1
[2025-08-04T21:54:21.906+0000] {taskinstance.py:2890} INFO - Executing <Task(AccountProduceOperator): generator_account_data> on 2025-08-04 21:54:19.815655+00:00
[2025-08-04T21:54:21.910+0000] {logging_mixin.py:190} WARNING - /home/***/.local/lib/python3.12/site-packages/***/task/task_runner/standard_task_runner.py:70 DeprecationWarning: This process (pid=7691) is multi-threaded, use of fork() may lead to deadlocks in the child.
[2025-08-04T21:54:21.911+0000] {standard_task_runner.py:72} INFO - Started process 7692 to run task
[2025-08-04T21:54:21.910+0000] {standard_task_runner.py:104} INFO - Running: ['***', 'tasks', 'run', 'account_generator', 'generator_account_data', 'manual__2025-08-04T21:54:19.815655+00:00', '--job-id', '327', '--raw', '--subdir', 'DAGS_FOLDER/account_generator.py', '--cfg-path', '/tmp/tmpqtlsd7jb']
[2025-08-04T21:54:21.912+0000] {standard_task_runner.py:105} INFO - Job 327: Subtask generator_account_data
[2025-08-04T21:54:21.995+0000] {task_command.py:467} INFO - Running <TaskInstance: account_generator.generator_account_data manual__2025-08-04T21:54:19.815655+00:00 [running]> on host c4e4284cebf8
[2025-08-04T21:54:22.042+0000] {taskinstance.py:3134} INFO - Exporting env vars: AIRFLOW_CTX_DAG_OWNER='GGCODE' AIRFLOW_CTX_DAG_ID='account_generator' AIRFLOW_CTX_TASK_ID='generator_account_data' AIRFLOW_CTX_EXECUTION_DATE='2025-08-04T21:54:19.815655+00:00' AIRFLOW_CTX_TRY_NUMBER='1' AIRFLOW_CTX_DAG_RUN_ID='manual__2025-08-04T21:54:19.815655+00:00'
[2025-08-04T21:54:22.042+0000] {taskinstance.py:732} INFO - ::endgroup::
[2025-08-04T21:54:22.051+0000] {conn.py:396} INFO - <BrokerConnection client_id=kafka-python-producer-1, node_id=bootstrap-0 host=kafka-broker-3:19092 <connecting> [IPv4 ('172.18.0.9', 19092)]>: connecting to kafka-broker-3:19092 [('172.18.0.9', 19092) IPv4]
[2025-08-04T21:54:22.060+0000] {conn.py:618} INFO - <BrokerConnection client_id=kafka-python-producer-1, node_id=bootstrap-0 host=kafka-broker-3:19092 <checking_api_versions_recv> [IPv4 ('172.18.0.9', 19092)]>: Broker version identified as 2.6
[2025-08-04T21:54:22.060+0000] {conn.py:457} INFO - <BrokerConnection client_id=kafka-python-producer-1, node_id=bootstrap-0 host=kafka-broker-3:19092 <connected> [IPv4 ('172.18.0.9', 19092)]>: Connection complete.
[2025-08-04T21:54:22.164+0000] {conn.py:396} INFO - <BrokerConnection client_id=kafka-python-producer-1, node_id=4 host=kafka-broker-1:19092 <connecting> [IPv4 ('172.18.0.7', 19092)]>: connecting to kafka-broker-1:19092 [('172.18.0.7', 19092) IPv4]
[2025-08-04T21:54:22.165+0000] {conn.py:457} INFO - <BrokerConnection client_id=kafka-python-producer-1, node_id=4 host=kafka-broker-1:19092 <connected> [IPv4 ('172.18.0.7', 19092)]>: Connection complete.
[2025-08-04T21:54:22.165+0000] {conn.py:945} INFO - <BrokerConnection client_id=kafka-python-producer-1, node_id=bootstrap-0 host=kafka-broker-3:19092 <connected> [IPv4 ('172.18.0.9', 19092)]>: Closing connection. 
[2025-08-04T21:54:22.169+0000] {account_kafka_operator.py:56} INFO - Sent transaction {'account_id': 'A00000001', 'first_name': 'FirstName1', 'last_name': 'LastName1', 'email': 'user1@example.com', 'phone_number': '1-123-10', 'dob': 'dob1', 'city': 'Chicago', 'country': 'France', 'registration_date': 1741298062061}
[2025-08-04T21:54:22.169+0000] {account_kafka_operator.py:56} INFO - Sent transaction {'account_id': 'A00000002', 'first_name': 'FirstName2', 'last_name': 'LastName2', 'email': 'user2@example.com', 'phone_number': '1-123-10', 'dob': 'dob2', 'city': 'Tokyo', 'country': 'Brazil', 'registration_date': 1738446862169}
[2025-08-04T21:54:22.170+0000] {account_kafka_operator.py:56} INFO - Sent transaction {'account_id': 'A00000003', 'first_name': 'FirstName3', 'last_name': 'LastName3', 'email': 'user3@example.com', 'phone_number': '1-123-8', 'dob': 'dob3', 'city': 'Los Angeles', 'country': 'Australia', 'registration_date': 1750629262170}
[2025-08-04T21:54:22.171+0000] {account_kafka_operator.py:56} INFO - Sent transaction {'account_id': 'A00000004', 'first_name': 'FirstName4', 'last_name': 'LastName4', 'email': 'user4@example.com', 'phone_number': '1-123-3', 'dob': 'dob4', 'city': 'Los Angeles', 'country': 'Brazil', 'registration_date': 1724709262171}
[2025-08-04T21:54:22.171+0000] {account_kafka_operator.py:56} INFO - Sent transaction {'account_id': 'A00000005', 'first_name': 'FirstName5', 'last_name': 'LastName5', 'email': 'user5@example.com', 'phone_number': '1-123-3', 'dob': 'dob5', 'city': 'Paris', 'country': 'France', 'registration_date': 1730066062171}
[2025-08-04T21:54:22.172+0000] {account_kafka_operator.py:56} INFO - Sent transaction {'account_id': 'A00000006', 'first_name': 'FirstName6', 'last_name': 'LastName6', 'email': 'user6@example.com', 'phone_number': '1-123-9', 'dob': 'dob6', 'city': 'Paris', 'country': 'Japan', 'registration_date': 1749592462172}
[2025-08-04T21:54:22.172+0000] {account_kafka_operator.py:56} INFO - Sent transaction {'account_id': 'A00000007', 'first_name': 'FirstName7', 'last_name': 'LastName7', 'email': 'user7@example.com', 'phone_number': '1-123-2', 'dob': 'dob7', 'city': 'Tokyo', 'country': 'France', 'registration_date': 1733781262172}
[2025-08-04T21:54:22.172+0000] {account_kafka_operator.py:56} INFO - Sent transaction {'account_id': 'A00000008', 'first_name': 'FirstName8', 'last_name': 'LastName8', 'email': 'user8@example.com', 'phone_number': '1-123-10', 'dob': 'dob8', 'city': 'Kyoto', 'country': 'France', 'registration_date': 1749938062172}
[2025-08-04T21:54:22.172+0000] {account_kafka_operator.py:56} INFO - Sent transaction {'account_id': 'A00000009', 'first_name': 'FirstName9', 'last_name': 'LastName9', 'email': 'user9@example.com', 'phone_number': '1-123-5', 'dob': 'dob9', 'city': 'Brisbane', 'country': 'Australia', 'registration_date': 1737150862172}
[2025-08-04T21:54:22.173+0000] {account_kafka_operator.py:56} INFO - Sent transaction {'account_id': 'A00000010', 'first_name': 'FirstName10', 'last_name': 'LastName10', 'email': 'user10@example.com', 'phone_number': '1-123-4', 'dob': 'dob10', 'city': 'Osaka', 'country': 'Brazil', 'registration_date': 1750715662173}
[2025-08-04T21:54:22.173+0000] {account_kafka_operator.py:56} INFO - Sent transaction {'account_id': 'A00000011', 'first_name': 'FirstName11', 'last_name': 'LastName11', 'email': 'user11@example.com', 'phone_number': '1-123-12', 'dob': 'dob11', 'city': 'São Paulo', 'country': 'United States', 'registration_date': 1749851662173}
[2025-08-04T21:54:22.173+0000] {account_kafka_operator.py:56} INFO - Sent transaction {'account_id': 'A00000012', 'first_name': 'FirstName12', 'last_name': 'LastName12', 'email': 'user12@example.com', 'phone_number': '1-123-12', 'dob': 'dob12', 'city': 'New York', 'country': 'France', 'registration_date': 1731880462173}
[2025-08-04T21:54:22.173+0000] {account_kafka_operator.py:56} INFO - Sent transaction {'account_id': 'A00000013', 'first_name': 'FirstName13', 'last_name': 'LastName13', 'email': 'user13@example.com', 'phone_number': '1-123-2', 'dob': 'dob13', 'city': 'Paris', 'country': 'Australia', 'registration_date': 1734990862173}
[2025-08-04T21:54:22.173+0000] {account_kafka_operator.py:56} INFO - Sent transaction {'account_id': 'A00000014', 'first_name': 'FirstName14', 'last_name': 'LastName14', 'email': 'user14@example.com', 'phone_number': '1-123-7', 'dob': 'dob14', 'city': 'Lyon', 'country': 'Japan', 'registration_date': 1746482062173}
[2025-08-04T21:54:22.174+0000] {account_kafka_operator.py:56} INFO - Sent transaction {'account_id': 'A00000015', 'first_name': 'FirstName15', 'last_name': 'LastName15', 'email': 'user15@example.com', 'phone_number': '1-123-2', 'dob': 'dob15', 'city': 'Paris', 'country': 'Australia', 'registration_date': 1724363662173}
[2025-08-04T21:54:22.174+0000] {account_kafka_operator.py:56} INFO - Sent transaction {'account_id': 'A00000016', 'first_name': 'FirstName16', 'last_name': 'LastName16', 'email': 'user16@example.com', 'phone_number': '1-123-8', 'dob': 'dob16', 'city': 'Chicago', 'country': 'Australia', 'registration_date': 1728338062174}
[2025-08-04T21:54:22.174+0000] {account_kafka_operator.py:56} INFO - Sent transaction {'account_id': 'A00000017', 'first_name': 'FirstName17', 'last_name': 'LastName17', 'email': 'user17@example.com', 'phone_number': '1-123-8', 'dob': 'dob17', 'city': 'Chicago', 'country': 'France', 'registration_date': 1753134862174}
[2025-08-04T21:54:22.174+0000] {account_kafka_operator.py:56} INFO - Sent transaction {'account_id': 'A00000018', 'first_name': 'FirstName18', 'last_name': 'LastName18', 'email': 'user18@example.com', 'phone_number': '1-123-7', 'dob': 'dob18', 'city': 'Lyon', 'country': 'United States', 'registration_date': 1746050062174}
[2025-08-04T21:54:22.174+0000] {account_kafka_operator.py:56} INFO - Sent transaction {'account_id': 'A00000019', 'first_name': 'FirstName19', 'last_name': 'LastName19', 'email': 'user19@example.com', 'phone_number': '1-123-1', 'dob': 'dob19', 'city': 'Marseille', 'country': 'Australia', 'registration_date': 1734472462174}
[2025-08-04T21:54:22.174+0000] {account_kafka_operator.py:56} INFO - Sent transaction {'account_id': 'A00000020', 'first_name': 'FirstName20', 'last_name': 'LastName20', 'email': 'user20@example.com', 'phone_number': '1-123-9', 'dob': 'dob20', 'city': 'Paris', 'country': 'Australia', 'registration_date': 1728338062174}
[2025-08-04T21:54:22.175+0000] {account_kafka_operator.py:56} INFO - Sent transaction {'account_id': 'A00000021', 'first_name': 'FirstName21', 'last_name': 'LastName21', 'email': 'user21@example.com', 'phone_number': '1-123-9', 'dob': 'dob21', 'city': 'Lyon', 'country': 'France', 'registration_date': 1751579662175}
[2025-08-04T21:54:22.175+0000] {account_kafka_operator.py:56} INFO - Sent transaction {'account_id': 'A00000022', 'first_name': 'FirstName22', 'last_name': 'LastName22', 'email': 'user22@example.com', 'phone_number': '1-123-2', 'dob': 'dob22', 'city': 'São Paulo', 'country': 'Australia', 'registration_date': 1754085262175}
[2025-08-04T21:54:22.175+0000] {account_kafka_operator.py:56} INFO - Sent transaction {'account_id': 'A00000023', 'first_name': 'FirstName23', 'last_name': 'LastName23', 'email': 'user23@example.com', 'phone_number': '1-123-2', 'dob': 'dob23', 'city': 'Los Angeles', 'country': 'Japan', 'registration_date': 1726523662175}
[2025-08-04T21:54:22.175+0000] {account_kafka_operator.py:56} INFO - Sent transaction {'account_id': 'A00000024', 'first_name': 'FirstName24', 'last_name': 'LastName24', 'email': 'user24@example.com', 'phone_number': '1-123-3', 'dob': 'dob24', 'city': 'Sydney', 'country': 'Australia', 'registration_date': 1743976462175}
[2025-08-04T21:54:22.175+0000] {account_kafka_operator.py:56} INFO - Sent transaction {'account_id': 'A00000025', 'first_name': 'FirstName25', 'last_name': 'LastName25', 'email': 'user25@example.com', 'phone_number': '1-123-6', 'dob': 'dob25', 'city': 'Brisbane', 'country': 'Brazil', 'registration_date': 1734126862175}
[2025-08-04T21:54:22.175+0000] {account_kafka_operator.py:56} INFO - Sent transaction {'account_id': 'A00000026', 'first_name': 'FirstName26', 'last_name': 'LastName26', 'email': 'user26@example.com', 'phone_number': '1-123-12', 'dob': 'dob26', 'city': 'Brisbane', 'country': 'France', 'registration_date': 1752616462175}
[2025-08-04T21:54:22.176+0000] {account_kafka_operator.py:56} INFO - Sent transaction {'account_id': 'A00000027', 'first_name': 'FirstName27', 'last_name': 'LastName27', 'email': 'user27@example.com', 'phone_number': '1-123-7', 'dob': 'dob27', 'city': 'Chicago', 'country': 'Australia', 'registration_date': 1734126862176}
[2025-08-04T21:54:22.176+0000] {account_kafka_operator.py:56} INFO - Sent transaction {'account_id': 'A00000028', 'first_name': 'FirstName28', 'last_name': 'LastName28', 'email': 'user28@example.com', 'phone_number': '1-123-8', 'dob': 'dob28', 'city': 'Los Angeles', 'country': 'Brazil', 'registration_date': 1723672462176}
[2025-08-04T21:54:22.176+0000] {account_kafka_operator.py:56} INFO - Sent transaction {'account_id': 'A00000029', 'first_name': 'FirstName29', 'last_name': 'LastName29', 'email': 'user29@example.com', 'phone_number': '1-123-12', 'dob': 'dob29', 'city': 'Melbourne', 'country': 'Australia', 'registration_date': 1729720462176}
[2025-08-04T21:54:22.176+0000] {account_kafka_operator.py:56} INFO - Sent transaction {'account_id': 'A00000030', 'first_name': 'FirstName30', 'last_name': 'LastName30', 'email': 'user30@example.com', 'phone_number': '1-123-8', 'dob': 'dob30', 'city': 'Sydney', 'country': 'United States', 'registration_date': 1747173262176}
[2025-08-04T21:54:22.176+0000] {account_kafka_operator.py:56} INFO - Sent transaction {'account_id': 'A00000031', 'first_name': 'FirstName31', 'last_name': 'LastName31', 'email': 'user31@example.com', 'phone_number': '1-123-9', 'dob': 'dob31', 'city': 'Brasília', 'country': 'Japan', 'registration_date': 1750974862176}
[2025-08-04T21:54:22.176+0000] {account_kafka_operator.py:56} INFO - Sent transaction {'account_id': 'A00000032', 'first_name': 'FirstName32', 'last_name': 'LastName32', 'email': 'user32@example.com', 'phone_number': '1-123-1', 'dob': 'dob32', 'city': 'Sydney', 'country': 'Australia', 'registration_date': 1746741262176}
[2025-08-04T21:54:22.177+0000] {account_kafka_operator.py:56} INFO - Sent transaction {'account_id': 'A00000033', 'first_name': 'FirstName33', 'last_name': 'LastName33', 'email': 'user33@example.com', 'phone_number': '1-123-3', 'dob': 'dob33', 'city': 'Tokyo', 'country': 'France', 'registration_date': 1750715662177}
[2025-08-04T21:54:22.177+0000] {account_kafka_operator.py:56} INFO - Sent transaction {'account_id': 'A00000034', 'first_name': 'FirstName34', 'last_name': 'LastName34', 'email': 'user34@example.com', 'phone_number': '1-123-6', 'dob': 'dob34', 'city': 'Sydney', 'country': 'Japan', 'registration_date': 1740693262177}
[2025-08-04T21:54:22.177+0000] {account_kafka_operator.py:56} INFO - Sent transaction {'account_id': 'A00000035', 'first_name': 'FirstName35', 'last_name': 'LastName35', 'email': 'user35@example.com', 'phone_number': '1-123-4', 'dob': 'dob35', 'city': 'New York', 'country': 'Japan', 'registration_date': 1745618062177}
[2025-08-04T21:54:22.177+0000] {account_kafka_operator.py:56} INFO - Sent transaction {'account_id': 'A00000036', 'first_name': 'FirstName36', 'last_name': 'LastName36', 'email': 'user36@example.com', 'phone_number': '1-123-4', 'dob': 'dob36', 'city': 'Lyon', 'country': 'Japan', 'registration_date': 1732571662177}
[2025-08-04T21:54:22.177+0000] {account_kafka_operator.py:56} INFO - Sent transaction {'account_id': 'A00000037', 'first_name': 'FirstName37', 'last_name': 'LastName37', 'email': 'user37@example.com', 'phone_number': '1-123-6', 'dob': 'dob37', 'city': 'Melbourne', 'country': 'France', 'registration_date': 1737496462177}
[2025-08-04T21:54:22.178+0000] {account_kafka_operator.py:56} INFO - Sent transaction {'account_id': 'A00000038', 'first_name': 'FirstName38', 'last_name': 'LastName38', 'email': 'user38@example.com', 'phone_number': '1-123-2', 'dob': 'dob38', 'city': 'Rio de Janeiro', 'country': 'Australia', 'registration_date': 1748382862178}
[2025-08-04T21:54:22.178+0000] {account_kafka_operator.py:56} INFO - Sent transaction {'account_id': 'A00000039', 'first_name': 'FirstName39', 'last_name': 'LastName39', 'email': 'user39@example.com', 'phone_number': '1-123-3', 'dob': 'dob39', 'city': 'Los Angeles', 'country': 'France', 'registration_date': 1743717262178}
[2025-08-04T21:54:22.178+0000] {account_kafka_operator.py:56} INFO - Sent transaction {'account_id': 'A00000040', 'first_name': 'FirstName40', 'last_name': 'LastName40', 'email': 'user40@example.com', 'phone_number': '1-123-7', 'dob': 'dob40', 'city': 'Kyoto', 'country': 'Japan', 'registration_date': 1747950862178}
[2025-08-04T21:54:22.179+0000] {account_kafka_operator.py:56} INFO - Sent transaction {'account_id': 'A00000041', 'first_name': 'FirstName41', 'last_name': 'LastName41', 'email': 'user41@example.com', 'phone_number': '1-123-1', 'dob': 'dob41', 'city': 'Melbourne', 'country': 'Australia', 'registration_date': 1739051662179}
[2025-08-04T21:54:22.179+0000] {account_kafka_operator.py:56} INFO - Sent transaction {'account_id': 'A00000042', 'first_name': 'FirstName42', 'last_name': 'LastName42', 'email': 'user42@example.com', 'phone_number': '1-123-1', 'dob': 'dob42', 'city': 'São Paulo', 'country': 'United States', 'registration_date': 1728424462179}
[2025-08-04T21:54:22.179+0000] {account_kafka_operator.py:56} INFO - Sent transaction {'account_id': 'A00000043', 'first_name': 'FirstName43', 'last_name': 'LastName43', 'email': 'user43@example.com', 'phone_number': '1-123-5', 'dob': 'dob43', 'city': 'Brasília', 'country': 'France', 'registration_date': 1728942862179}
[2025-08-04T21:54:22.179+0000] {account_kafka_operator.py:56} INFO - Sent transaction {'account_id': 'A00000044', 'first_name': 'FirstName44', 'last_name': 'LastName44', 'email': 'user44@example.com', 'phone_number': '1-123-1', 'dob': 'dob44', 'city': 'Brisbane', 'country': 'Brazil', 'registration_date': 1739310862179}
[2025-08-04T21:54:22.179+0000] {account_kafka_operator.py:56} INFO - Sent transaction {'account_id': 'A00000045', 'first_name': 'FirstName45', 'last_name': 'LastName45', 'email': 'user45@example.com', 'phone_number': '1-123-4', 'dob': 'dob45', 'city': 'Lyon', 'country': 'France', 'registration_date': 1732485262179}
[2025-08-04T21:54:22.179+0000] {account_kafka_operator.py:56} INFO - Sent transaction {'account_id': 'A00000046', 'first_name': 'FirstName46', 'last_name': 'LastName46', 'email': 'user46@example.com', 'phone_number': '1-123-6', 'dob': 'dob46', 'city': 'Brasília', 'country': 'United States', 'registration_date': 1725573262179}
[2025-08-04T21:54:22.180+0000] {account_kafka_operator.py:56} INFO - Sent transaction {'account_id': 'A00000047', 'first_name': 'FirstName47', 'last_name': 'LastName47', 'email': 'user47@example.com', 'phone_number': '1-123-8', 'dob': 'dob47', 'city': 'Chicago', 'country': 'United States', 'registration_date': 1744149262180}
[2025-08-04T21:54:22.180+0000] {account_kafka_operator.py:56} INFO - Sent transaction {'account_id': 'A00000048', 'first_name': 'FirstName48', 'last_name': 'LastName48', 'email': 'user48@example.com', 'phone_number': '1-123-4', 'dob': 'dob48', 'city': 'São Paulo', 'country': 'United States', 'registration_date': 1738446862180}
[2025-08-04T21:54:22.180+0000] {account_kafka_operator.py:56} INFO - Sent transaction {'account_id': 'A00000049', 'first_name': 'FirstName49', 'last_name': 'LastName49', 'email': 'user49@example.com', 'phone_number': '1-123-3', 'dob': 'dob49', 'city': 'Osaka', 'country': 'Brazil', 'registration_date': 1747950862180}
[2025-08-04T21:54:22.180+0000] {account_kafka_operator.py:56} INFO - Sent transaction {'account_id': 'A00000050', 'first_name': 'FirstName50', 'last_name': 'LastName50', 'email': 'user50@example.com', 'phone_number': '1-123-6', 'dob': 'dob50', 'city': 'New York', 'country': 'France', 'registration_date': 1736373262180}
[2025-08-04T21:54:22.203+0000] {account_kafka_operator.py:59} INFO - 50 transactions sent has been sent to kafka account_data!
[2025-08-04T21:54:22.204+0000] {conn.py:945} INFO - <BrokerConnection client_id=kafka-python-producer-1, node_id=4 host=kafka-broker-1:19092 <connected> [IPv4 ('172.18.0.7', 19092)]>: Closing connection. 
[2025-08-04T21:54:22.208+0000] {taskinstance.py:341} INFO - ::group::Post task execution logs
[2025-08-04T21:54:22.208+0000] {taskinstance.py:353} INFO - Marking task as SUCCESS. dag_id=account_generator, task_id=generator_account_data, run_id=manual__2025-08-04T21:54:19.815655+00:00, execution_date=20250804T215419, start_date=20250804T215421, end_date=20250804T215422
[2025-08-04T21:54:22.257+0000] {local_task_job_runner.py:266} INFO - Task exited with return code 0
[2025-08-04T21:54:22.265+0000] {taskinstance.py:3901} INFO - 0 downstream tasks scheduled from follow-on schedule check
[2025-08-04T21:54:22.265+0000] {local_task_job_runner.py:245} INFO - ::endgroup::
