[2025-08-09T23:19:43.169+0000] {local_task_job_runner.py:123} INFO - ::group::Pre task execution logs
[2025-08-09T23:19:43.178+0000] {taskinstance.py:2614} INFO - Dependencies all met for dep_context=non-requeueable deps ti=<TaskInstance: artist_generator.generator_artist_data manual__2025-08-09T23:19:41.308339+00:00 [queued]>
[2025-08-09T23:19:43.183+0000] {taskinstance.py:2614} INFO - Dependencies all met for dep_context=requeueable deps ti=<TaskInstance: artist_generator.generator_artist_data manual__2025-08-09T23:19:41.308339+00:00 [queued]>
[2025-08-09T23:19:43.183+0000] {taskinstance.py:2867} INFO - Starting attempt 1 of 1
[2025-08-09T23:19:43.188+0000] {taskinstance.py:2890} INFO - Executing <Task(ArtistProduceOperator): generator_artist_data> on 2025-08-09 23:19:41.308339+00:00
[2025-08-09T23:19:43.191+0000] {logging_mixin.py:190} WARNING - /home/***/.local/lib/python3.12/site-packages/***/task/task_runner/standard_task_runner.py:70 DeprecationWarning: This process (pid=226) is multi-threaded, use of fork() may lead to deadlocks in the child.
[2025-08-09T23:19:43.192+0000] {standard_task_runner.py:72} INFO - Started process 227 to run task
[2025-08-09T23:19:43.191+0000] {standard_task_runner.py:104} INFO - Running: ['***', 'tasks', 'run', 'artist_generator', 'generator_artist_data', 'manual__2025-08-09T23:19:41.308339+00:00', '--job-id', '867', '--raw', '--subdir', 'DAGS_FOLDER/artist_generator.py', '--cfg-path', '/tmp/tmpq9xy9w7t']
[2025-08-09T23:19:43.193+0000] {standard_task_runner.py:105} INFO - Job 867: Subtask generator_artist_data
[2025-08-09T23:19:43.212+0000] {task_command.py:467} INFO - Running <TaskInstance: artist_generator.generator_artist_data manual__2025-08-09T23:19:41.308339+00:00 [running]> on host 8aa154dd50c4
[2025-08-09T23:19:43.278+0000] {taskinstance.py:3134} INFO - Exporting env vars: AIRFLOW_CTX_DAG_OWNER='GGCODE' AIRFLOW_CTX_DAG_ID='artist_generator' AIRFLOW_CTX_TASK_ID='generator_artist_data' AIRFLOW_CTX_EXECUTION_DATE='2025-08-09T23:19:41.308339+00:00' AIRFLOW_CTX_TRY_NUMBER='1' AIRFLOW_CTX_DAG_RUN_ID='manual__2025-08-09T23:19:41.308339+00:00'
[2025-08-09T23:19:43.279+0000] {taskinstance.py:732} INFO - ::endgroup::
[2025-08-09T23:19:43.459+0000] {conn.py:396} INFO - <BrokerConnection client_id=kafka-python-producer-1, node_id=bootstrap-0 host=kafka-broker-1:19092 <connecting> [IPv4 ('172.18.0.10', 19092)]>: connecting to kafka-broker-1:19092 [('172.18.0.10', 19092) IPv4]
[2025-08-09T23:19:43.462+0000] {conn.py:618} INFO - <BrokerConnection client_id=kafka-python-producer-1, node_id=bootstrap-0 host=kafka-broker-1:19092 <checking_api_versions_recv> [IPv4 ('172.18.0.10', 19092)]>: Broker version identified as 2.6
[2025-08-09T23:19:43.462+0000] {conn.py:457} INFO - <BrokerConnection client_id=kafka-python-producer-1, node_id=bootstrap-0 host=kafka-broker-1:19092 <connected> [IPv4 ('172.18.0.10', 19092)]>: Connection complete.
[2025-08-09T23:19:43.565+0000] {conn.py:396} INFO - <BrokerConnection client_id=kafka-python-producer-1, node_id=4 host=kafka-broker-1:19092 <connecting> [IPv4 ('172.18.0.10', 19092)]>: connecting to kafka-broker-1:19092 [('172.18.0.10', 19092) IPv4]
[2025-08-09T23:19:43.566+0000] {conn.py:457} INFO - <BrokerConnection client_id=kafka-python-producer-1, node_id=4 host=kafka-broker-1:19092 <connected> [IPv4 ('172.18.0.10', 19092)]>: Connection complete.
[2025-08-09T23:19:43.566+0000] {conn.py:945} INFO - <BrokerConnection client_id=kafka-python-producer-1, node_id=bootstrap-0 host=kafka-broker-1:19092 <connected> [IPv4 ('172.18.0.10', 19092)]>: Closing connection. 
[2025-08-09T23:19:43.572+0000] {cluster.py:316} ERROR - Topic artist_data not found in cluster metadata
[2025-08-09T23:19:43.676+0000] {cluster.py:316} ERROR - Topic artist_data not found in cluster metadata
[2025-08-09T23:19:43.782+0000] {cluster.py:316} ERROR - Topic artist_data not found in cluster metadata
[2025-08-09T23:19:43.889+0000] {cluster.py:316} ERROR - Topic artist_data not found in cluster metadata
[2025-08-09T23:19:43.996+0000] {cluster.py:316} ERROR - Topic artist_data not found in cluster metadata
[2025-08-09T23:19:44.101+0000] {artist_kafka_operator.py:60} INFO - Sent transaction {'account_id': 'A00000001', 'name': 'Angela Clarke', 'biography': ['With more project some develop address.', 'Off deep despite food once doctor usually.', 'Nothing raise whole we now reach.'], 'dob': '1918-11-06', 'city': 'East Susanfurt', 'country': 'Myanmar', 'genre': 'Reggae', 'record_label': 'Warner', 'number_albums': 18, 'number_tracks': 360}
[2025-08-09T23:19:44.103+0000] {artist_kafka_operator.py:60} INFO - Sent transaction {'account_id': 'A00000002', 'name': 'Debra Silva', 'biography': ['After Mr surface simple low sometimes usually.', 'Care series plan standard land avoid skill.', 'Where husband power look popular.'], 'dob': '1945-01-20', 'city': 'Briannabury', 'country': 'Luxembourg', 'genre': 'Jazz', 'record_label': 'Warner', 'number_albums': 16, 'number_tracks': 96}
[2025-08-09T23:19:44.104+0000] {artist_kafka_operator.py:60} INFO - Sent transaction {'account_id': 'A00000003', 'name': 'Angela Hobbs', 'biography': ['Stage cold note ten outside.', 'Involve front could common entire.', 'Hundred less including range anyone.'], 'dob': '1942-11-28', 'city': 'Beltranton', 'country': 'Grenada', 'genre': 'Pop', 'record_label': 'Sony Music', 'number_albums': 16, 'number_tracks': 288}
[2025-08-09T23:19:44.106+0000] {artist_kafka_operator.py:60} INFO - Sent transaction {'account_id': 'A00000004', 'name': 'Carol Williams', 'biography': ['Start middle simply control feel.', 'Focus long world eight who than.', 'Themselves member charge yard woman police.'], 'dob': '2001-06-08', 'city': 'West Teresa', 'country': 'Guinea-Bissau', 'genre': 'R&B', 'record_label': 'Sony Music', 'number_albums': 11, 'number_tracks': 110}
[2025-08-09T23:19:44.107+0000] {artist_kafka_operator.py:60} INFO - Sent transaction {'account_id': 'A00000005', 'name': 'April Wood', 'biography': ['Eight human such party senior case no film.', 'Thought crime establish have rate.', 'Officer cold bill different drive long red fear.'], 'dob': '2025-05-01', 'city': 'Tannerchester', 'country': 'China', 'genre': 'Jazz', 'record_label': 'Warner', 'number_albums': 3, 'number_tracks': 30}
[2025-08-09T23:19:44.107+0000] {artist_kafka_operator.py:60} INFO - Sent transaction {'account_id': 'A00000006', 'name': 'James Palmer', 'biography': ['Follow tree agree buy.', 'These special wall.', 'Child box positive toward arrive wear too.'], 'dob': '2012-07-14', 'city': 'Lake Daniel', 'country': 'Bermuda', 'genre': 'Rock', 'record_label': 'Warner', 'number_albums': 5, 'number_tracks': 85}
[2025-08-09T23:19:44.108+0000] {artist_kafka_operator.py:60} INFO - Sent transaction {'account_id': 'A00000007', 'name': 'Teresa Johnson', 'biography': ['Value light car mention find expert.', 'Nation feel measure past memory best.', 'Teach fine together scientist would.'], 'dob': '1973-05-26', 'city': 'Wilsonside', 'country': 'Armenia', 'genre': 'Hip-Hop', 'record_label': 'Sony Music', 'number_albums': 17, 'number_tracks': 323}
[2025-08-09T23:19:44.108+0000] {artist_kafka_operator.py:60} INFO - Sent transaction {'account_id': 'A00000008', 'name': 'Brett Lewis', 'biography': ['Support region property help.', 'Too father wear thousand fact learn can.', 'Least home site assume.'], 'dob': '1969-11-12', 'city': 'West Joseph', 'country': 'Mongolia', 'genre': 'Electronic', 'record_label': 'Universal', 'number_albums': 6, 'number_tracks': 36}
[2025-08-09T23:19:44.109+0000] {artist_kafka_operator.py:60} INFO - Sent transaction {'account_id': 'A00000009', 'name': 'Savannah Richards', 'biography': ['Then later go affect.', 'Do whatever possible table center reveal.', 'Seek station point answer sure region.'], 'dob': '1995-09-27', 'city': 'Martinezfort', 'country': 'Kuwait', 'genre': 'Classical', 'record_label': 'Sony Music', 'number_albums': 14, 'number_tracks': 196}
[2025-08-09T23:19:44.109+0000] {artist_kafka_operator.py:60} INFO - Sent transaction {'account_id': 'A00000010', 'name': 'Lisa Martinez', 'biography': ['Production build pretty want.', 'Maybe Republican kind mind.', 'City around until though.'], 'dob': '1945-03-19', 'city': 'Cynthiastad', 'country': 'Senegal', 'genre': 'Classical', 'record_label': 'Universal', 'number_albums': 12, 'number_tracks': 12}
[2025-08-09T23:19:44.110+0000] {artist_kafka_operator.py:60} INFO - Sent transaction {'account_id': 'A00000011', 'name': 'Adam Dixon', 'biography': ['Record owner race single upon.', 'Anything knowledge run drop ten lead generation.', 'Upon effect open.'], 'dob': '2011-03-08', 'city': 'East Kimberlymouth', 'country': 'Japan', 'genre': 'Classical', 'record_label': 'Independent', 'number_albums': 10, 'number_tracks': 180}
[2025-08-09T23:19:44.111+0000] {artist_kafka_operator.py:60} INFO - Sent transaction {'account_id': 'A00000012', 'name': 'Pamela Gonzalez', 'biography': ['Tonight provide house leg too floor.', 'Personal over get body church system.', 'Whose information must.'], 'dob': '1981-11-11', 'city': 'Kylefurt', 'country': 'El Salvador', 'genre': 'Reggae', 'record_label': 'Independent', 'number_albums': 10, 'number_tracks': 140}
[2025-08-09T23:19:44.111+0000] {artist_kafka_operator.py:60} INFO - Sent transaction {'account_id': 'A00000013', 'name': 'Dr. Jasmine Fitzpatrick', 'biography': ['Today tend nice rule maybe key.', 'Population would chair east fly million company.', 'Interest cup president cut or.'], 'dob': '1954-03-22', 'city': 'Davenportborough', 'country': 'Georgia', 'genre': 'Classical', 'record_label': 'Warner', 'number_albums': 9, 'number_tracks': 72}
[2025-08-09T23:19:44.112+0000] {artist_kafka_operator.py:60} INFO - Sent transaction {'account_id': 'A00000014', 'name': 'Michele Ortega', 'biography': ['Amount different third similar order list event.', 'Face than people.', 'Cover state appear whatever two site that.'], 'dob': '1968-10-31', 'city': 'South Jason', 'country': 'Canada', 'genre': 'Pop', 'record_label': 'Universal', 'number_albums': 8, 'number_tracks': 152}
[2025-08-09T23:19:44.112+0000] {artist_kafka_operator.py:60} INFO - Sent transaction {'account_id': 'A00000015', 'name': 'Sarah Serrano', 'biography': ['Billion enter coach might political scene.', 'Development direction it participant rise perhaps.', 'Carry impact we well.'], 'dob': '1993-02-11', 'city': 'Lake Tamara', 'country': 'Antarctica (the territory South of 60 deg S)', 'genre': 'Country', 'record_label': 'Sony Music', 'number_albums': 18, 'number_tracks': 324}
[2025-08-09T23:19:44.112+0000] {artist_kafka_operator.py:60} INFO - Sent transaction {'account_id': 'A00000016', 'name': 'Nathaniel Hall', 'biography': ['Campaign significant hundred.', 'Argue teacher give until beat yes.', 'Shake draw time letter national.'], 'dob': '1943-05-25', 'city': 'Port Jeremiah', 'country': 'Comoros', 'genre': 'Metal', 'record_label': 'Universal', 'number_albums': 7, 'number_tracks': 70}
[2025-08-09T23:19:44.113+0000] {artist_kafka_operator.py:60} INFO - Sent transaction {'account_id': 'A00000017', 'name': 'Peter Tucker', 'biography': ['Population that will would.', 'Around brother well official baby all value.', 'Team health sense begin growth position stop answer.'], 'dob': '1991-06-01', 'city': 'North Timothy', 'country': 'Afghanistan', 'genre': 'Pop', 'record_label': 'Independent', 'number_albums': 8, 'number_tracks': 24}
[2025-08-09T23:19:44.113+0000] {artist_kafka_operator.py:60} INFO - Sent transaction {'account_id': 'A00000018', 'name': 'Elizabeth White', 'biography': ['Sound science stuff everyone subject girl once develop.', 'Produce including level always program skin look.', 'Green cultural company activity old but.'], 'dob': '1929-03-13', 'city': 'West Candice', 'country': 'Rwanda', 'genre': 'Reggae', 'record_label': 'Independent', 'number_albums': 17, 'number_tracks': 340}
[2025-08-09T23:19:44.113+0000] {artist_kafka_operator.py:60} INFO - Sent transaction {'account_id': 'A00000019', 'name': 'Adam Morris', 'biography': ['Act tend story society source main receive.', 'Into whom audience summer head hit material.', 'Billion popular when energy inside bill.'], 'dob': '2012-04-03', 'city': 'Rickychester', 'country': 'Chad', 'genre': 'Classical', 'record_label': 'Warner', 'number_albums': 2, 'number_tracks': 22}
[2025-08-09T23:19:44.114+0000] {artist_kafka_operator.py:60} INFO - Sent transaction {'account_id': 'A00000020', 'name': 'Heather Cannon', 'biography': ['Benefit it speak.', 'Relate election up.', 'Light save article feel sport case authority then.'], 'dob': '2025-07-30', 'city': 'New Charlene', 'country': 'Hungary', 'genre': 'Jazz', 'record_label': 'Independent', 'number_albums': 4, 'number_tracks': 28}
[2025-08-09T23:19:44.119+0000] {artist_kafka_operator.py:63} INFO - 20 transactions sent has been sent to kafka artist_data!
[2025-08-09T23:19:44.120+0000] {conn.py:945} INFO - <BrokerConnection client_id=kafka-python-producer-1, node_id=4 host=kafka-broker-1:19092 <connected> [IPv4 ('172.18.0.10', 19092)]>: Closing connection. 
[2025-08-09T23:19:44.125+0000] {taskinstance.py:341} INFO - ::group::Post task execution logs
[2025-08-09T23:19:44.125+0000] {taskinstance.py:353} INFO - Marking task as SUCCESS. dag_id=artist_generator, task_id=generator_artist_data, run_id=manual__2025-08-09T23:19:41.308339+00:00, execution_date=20250809T231941, start_date=20250809T231943, end_date=20250809T231944
[2025-08-09T23:19:44.156+0000] {local_task_job_runner.py:266} INFO - Task exited with return code 0
[2025-08-09T23:19:44.163+0000] {taskinstance.py:3901} INFO - 0 downstream tasks scheduled from follow-on schedule check
[2025-08-09T23:19:44.163+0000] {local_task_job_runner.py:245} INFO - ::endgroup::
