[2025-08-05T21:30:03.551+0000] {local_task_job_runner.py:123} INFO - ::group::Pre task execution logs
[2025-08-05T21:30:03.567+0000] {taskinstance.py:2614} INFO - Dependencies all met for dep_context=non-requeueable deps ti=<TaskInstance: stream_generator.generator_stream_data scheduled__2025-02-20T00:00:00+00:00 [queued]>
[2025-08-05T21:30:03.581+0000] {taskinstance.py:2614} INFO - Dependencies all met for dep_context=requeueable deps ti=<TaskInstance: stream_generator.generator_stream_data scheduled__2025-02-20T00:00:00+00:00 [queued]>
[2025-08-05T21:30:03.582+0000] {taskinstance.py:2867} INFO - Starting attempt 1 of 1
[2025-08-05T21:30:03.609+0000] {taskinstance.py:2890} INFO - Executing <Task(StreamProduceOperator): generator_stream_data> on 2025-02-20 00:00:00+00:00
[2025-08-05T21:30:03.619+0000] {logging_mixin.py:190} WARNING - /home/***/.local/lib/python3.12/site-packages/***/task/task_runner/standard_task_runner.py:70 DeprecationWarning: This process (pid=599) is multi-threaded, use of fork() may lead to deadlocks in the child.
[2025-08-05T21:30:03.623+0000] {standard_task_runner.py:72} INFO - Started process 622 to run task
[2025-08-05T21:30:03.622+0000] {standard_task_runner.py:104} INFO - Running: ['***', 'tasks', 'run', 'stream_generator', 'generator_stream_data', 'scheduled__2025-02-20T00:00:00+00:00', '--job-id', '739', '--raw', '--subdir', 'DAGS_FOLDER/streams_generator.py', '--cfg-path', '/tmp/tmp2ujza509']
[2025-08-05T21:30:03.627+0000] {standard_task_runner.py:105} INFO - Job 739: Subtask generator_stream_data
[2025-08-05T21:30:03.681+0000] {task_command.py:467} INFO - Running <TaskInstance: stream_generator.generator_stream_data scheduled__2025-02-20T00:00:00+00:00 [running]> on host ef2c5d727bcb
[2025-08-05T21:30:03.763+0000] {taskinstance.py:3134} INFO - Exporting env vars: AIRFLOW_CTX_DAG_OWNER='GGCODE' AIRFLOW_CTX_DAG_ID='stream_generator' AIRFLOW_CTX_TASK_ID='generator_stream_data' AIRFLOW_CTX_EXECUTION_DATE='2025-02-20T00:00:00+00:00' AIRFLOW_CTX_TRY_NUMBER='1' AIRFLOW_CTX_DAG_RUN_ID='scheduled__2025-02-20T00:00:00+00:00'
[2025-08-05T21:30:03.764+0000] {taskinstance.py:732} INFO - ::endgroup::
[2025-08-05T21:30:03.781+0000] {conn.py:396} INFO - <BrokerConnection client_id=kafka-python-producer-1, node_id=bootstrap-0 host=kafka-broker-3:19092 <connecting> [IPv4 ('172.18.0.9', 19092)]>: connecting to kafka-broker-3:19092 [('172.18.0.9', 19092) IPv4]
[2025-08-05T21:30:03.785+0000] {conn.py:618} INFO - <BrokerConnection client_id=kafka-python-producer-1, node_id=bootstrap-0 host=kafka-broker-3:19092 <checking_api_versions_recv> [IPv4 ('172.18.0.9', 19092)]>: Broker version identified as 2.6
[2025-08-05T21:30:03.786+0000] {conn.py:457} INFO - <BrokerConnection client_id=kafka-python-producer-1, node_id=bootstrap-0 host=kafka-broker-3:19092 <connected> [IPv4 ('172.18.0.9', 19092)]>: Connection complete.
[2025-08-05T21:30:03.895+0000] {conn.py:396} INFO - <BrokerConnection client_id=kafka-python-producer-1, node_id=6 host=kafka-broker-3:19092 <connecting> [IPv4 ('172.18.0.9', 19092)]>: connecting to kafka-broker-3:19092 [('172.18.0.9', 19092) IPv4]
[2025-08-05T21:30:03.896+0000] {conn.py:457} INFO - <BrokerConnection client_id=kafka-python-producer-1, node_id=6 host=kafka-broker-3:19092 <connected> [IPv4 ('172.18.0.9', 19092)]>: Connection complete.
[2025-08-05T21:30:03.900+0000] {conn.py:945} INFO - <BrokerConnection client_id=kafka-python-producer-1, node_id=bootstrap-0 host=kafka-broker-3:19092 <connected> [IPv4 ('172.18.0.9', 19092)]>: Closing connection. 
[2025-08-05T21:30:03.902+0000] {streams_kafka_operator.py:54} INFO - Sent transaction {'listener': 'Jessica Griffin', 'song': 'Aurora?', 'album': 'Daybreak', 'genre': 'Reggae', 'artist': 'David Gilbert', 'stream_date': '2012-11-07'}
[2025-08-05T21:30:03.904+0000] {streams_kafka_operator.py:54} INFO - Sent transaction {'listener': 'Ryan Lewis', 'song': 'Pulse!', 'album': 'Visions', 'genre': 'Rock', 'artist': 'Kelly Wilson', 'stream_date': '1983-12-23'}
[2025-08-05T21:30:03.905+0000] {streams_kafka_operator.py:54} INFO - Sent transaction {'listener': 'Gregory Powell', 'song': 'Aurora', 'album': 'Static', 'genre': 'Country', 'artist': 'Mikayla Tapia', 'stream_date': '2017-10-20'}
[2025-08-05T21:30:03.903+0000] {conn.py:396} INFO - <BrokerConnection client_id=kafka-python-producer-1, node_id=4 host=kafka-broker-1:19092 <connecting> [IPv4 ('172.18.0.8', 19092)]>: connecting to kafka-broker-1:19092 [('172.18.0.8', 19092) IPv4]
[2025-08-05T21:30:03.907+0000] {streams_kafka_operator.py:54} INFO - Sent transaction {'listener': 'Melissa Beck', 'song': 'Velocity', 'album': 'Elysium', 'genre': 'Metal', 'artist': 'Daniel Stewart', 'stream_date': '1970-12-02'}
[2025-08-05T21:30:03.909+0000] {streams_kafka_operator.py:54} INFO - Sent transaction {'listener': 'Paul Lara', 'song': 'Mirage', 'album': 'Rebellion', 'genre': 'Country', 'artist': 'Richard Baker', 'stream_date': '1975-11-06'}
[2025-08-05T21:30:03.907+0000] {conn.py:457} INFO - <BrokerConnection client_id=kafka-python-producer-1, node_id=4 host=kafka-broker-1:19092 <connected> [IPv4 ('172.18.0.8', 19092)]>: Connection complete.
[2025-08-05T21:30:03.910+0000] {streams_kafka_operator.py:54} INFO - Sent transaction {'listener': 'Jason Banks', 'song': 'Crescendo', 'album': 'Sanctuary', 'genre': 'Jazz', 'artist': 'Austin Mitchell', 'stream_date': '1990-06-15'}
[2025-08-05T21:30:03.913+0000] {streams_kafka_operator.py:54} INFO - Sent transaction {'listener': 'Christine Wood', 'song': 'Fragment', 'album': 'Threshold', 'genre': 'Metal', 'artist': 'Robert Barajas', 'stream_date': '2019-09-15'}
[2025-08-05T21:30:03.915+0000] {streams_kafka_operator.py:54} INFO - Sent transaction {'listener': 'Martin Martinez', 'song': 'Silhouette', 'album': 'Visions', 'genre': 'Reggae', 'artist': 'Emily Kennedy', 'stream_date': '1990-08-15'}
[2025-08-05T21:30:03.917+0000] {streams_kafka_operator.py:54} INFO - Sent transaction {'listener': 'Jamie Hebert', 'song': 'Reverie', 'album': 'Utopia', 'genre': 'R&B', 'artist': 'Taylor Snyder', 'stream_date': '1985-07-08'}
[2025-08-05T21:30:03.917+0000] {streams_kafka_operator.py:54} INFO - Sent transaction {'listener': 'Anthony Gutierrez', 'song': 'Spectrum?', 'album': 'Static', 'genre': 'Country', 'artist': 'Nancy Salazar', 'stream_date': '2005-01-11'}
[2025-08-05T21:30:03.918+0000] {streams_kafka_operator.py:54} INFO - Sent transaction {'listener': 'Theresa Cruz', 'song': 'Aurora?', 'album': 'Static', 'genre': 'Country', 'artist': 'Richard Allen', 'stream_date': '2016-11-14'}
[2025-08-05T21:30:03.919+0000] {streams_kafka_operator.py:54} INFO - Sent transaction {'listener': 'Jennifer Buckley', 'song': 'Ember', 'album': 'Islands', 'genre': 'Hip-Hop', 'artist': 'Jesus Hawkins', 'stream_date': '1973-11-15'}
[2025-08-05T21:30:03.920+0000] {streams_kafka_operator.py:54} INFO - Sent transaction {'listener': 'Elizabeth Ellis', 'song': 'Serenity', 'album': 'Limelight', 'genre': 'Classical', 'artist': 'Brandon Gutierrez', 'stream_date': '1971-03-15'}
[2025-08-05T21:30:03.920+0000] {streams_kafka_operator.py:54} INFO - Sent transaction {'listener': 'Mark Herrera', 'song': 'Horizon', 'album': 'Sanctuary', 'genre': 'Jazz', 'artist': 'Blake Johnson', 'stream_date': '2010-04-24'}
[2025-08-05T21:30:03.921+0000] {streams_kafka_operator.py:54} INFO - Sent transaction {'listener': 'Mary Dixon', 'song': 'Ember!', 'album': 'Rebellion', 'genre': 'Reggae', 'artist': 'Crystal Collins', 'stream_date': '1995-07-19'}
[2025-08-05T21:30:03.925+0000] {streams_kafka_operator.py:54} INFO - Sent transaction {'listener': 'Ashley Shepherd', 'song': 'Mirage', 'album': 'Paragon', 'genre': 'Country', 'artist': 'Lisa Blankenship', 'stream_date': '1984-11-05'}
[2025-08-05T21:30:03.927+0000] {streams_kafka_operator.py:54} INFO - Sent transaction {'listener': 'William Wise', 'song': 'Velvet', 'album': 'Afterglow', 'genre': 'Jazz', 'artist': 'Donna Bolton', 'stream_date': '1978-02-07'}
[2025-08-05T21:30:03.929+0000] {streams_kafka_operator.py:54} INFO - Sent transaction {'listener': 'Jo Ponce', 'song': 'Silhouette', 'album': 'Nightfall', 'genre': 'Classical', 'artist': 'Shawn Frazier', 'stream_date': '1981-03-08'}
[2025-08-05T21:30:03.931+0000] {streams_kafka_operator.py:54} INFO - Sent transaction {'listener': 'Brittany Gonzales DVM', 'song': 'Paradox', 'album': 'Daybreak', 'genre': 'Pop', 'artist': 'Cynthia Estrada', 'stream_date': '1988-12-17'}
[2025-08-05T21:30:03.933+0000] {streams_kafka_operator.py:54} INFO - Sent transaction {'listener': 'Emily Norman', 'song': 'Radiance', 'album': 'Afterglow', 'genre': 'Jazz', 'artist': 'Jeffrey Conrad', 'stream_date': '1984-07-08'}
[2025-08-05T21:30:03.934+0000] {streams_kafka_operator.py:54} INFO - Sent transaction {'listener': 'David Hansen', 'song': 'Infinity', 'album': 'Elysium', 'genre': 'Electronic', 'artist': 'Matthew Spencer', 'stream_date': '2010-12-22'}
[2025-08-05T21:30:03.934+0000] {streams_kafka_operator.py:54} INFO - Sent transaction {'listener': 'Ashley Villa', 'song': 'Infinity', 'album': 'Afterglow', 'genre': 'Metal', 'artist': 'Tina Meyer', 'stream_date': '1995-11-26'}
[2025-08-05T21:30:03.935+0000] {streams_kafka_operator.py:54} INFO - Sent transaction {'listener': 'Scott Ryan', 'song': 'Odyssey', 'album': 'Limelight', 'genre': 'Electronic', 'artist': 'Douglas Perkins MD', 'stream_date': '1973-08-11'}
[2025-08-05T21:30:03.936+0000] {streams_kafka_operator.py:54} INFO - Sent transaction {'listener': 'Dillon Roberson', 'song': 'Echo?', 'album': 'Daybreak', 'genre': 'R&B', 'artist': 'Justin Escobar', 'stream_date': '1999-10-06'}
[2025-08-05T21:30:03.936+0000] {streams_kafka_operator.py:54} INFO - Sent transaction {'listener': 'Robert Douglas', 'song': 'Paradox', 'album': 'Exodus', 'genre': 'Rock', 'artist': 'Stacy Weber', 'stream_date': '1980-04-16'}
[2025-08-05T21:30:03.937+0000] {streams_kafka_operator.py:54} INFO - Sent transaction {'listener': 'Nicholas Wilkerson', 'song': 'Prism!', 'album': 'Static', 'genre': 'Country', 'artist': 'Vicki Richardson', 'stream_date': '1998-10-10'}
[2025-08-05T21:30:03.937+0000] {streams_kafka_operator.py:54} INFO - Sent transaction {'listener': 'Jonathan Allen', 'song': 'Velvet', 'album': 'Paragon', 'genre': 'Electronic', 'artist': 'Kimberly Martinez', 'stream_date': '2003-04-12'}
[2025-08-05T21:30:03.938+0000] {streams_kafka_operator.py:54} INFO - Sent transaction {'listener': 'Melanie Rose', 'song': 'Serenity', 'album': 'Rebellion', 'genre': 'Classical', 'artist': 'James Hamilton', 'stream_date': '1998-04-01'}
[2025-08-05T21:30:03.938+0000] {streams_kafka_operator.py:54} INFO - Sent transaction {'listener': 'David Eaton', 'song': 'Vortex', 'album': 'Paragon', 'genre': 'Jazz', 'artist': 'Stephanie Smith', 'stream_date': '2019-04-17'}
[2025-08-05T21:30:03.940+0000] {streams_kafka_operator.py:54} INFO - Sent transaction {'listener': 'George Butler', 'song': 'Infinity', 'album': 'Islands', 'genre': 'Metal', 'artist': 'Sandra Porter', 'stream_date': '1992-05-20'}
[2025-08-05T21:30:03.941+0000] {streams_kafka_operator.py:54} INFO - Sent transaction {'listener': 'Charles Wagner', 'song': 'Solace', 'album': 'Afterglow', 'genre': 'Rock', 'artist': 'Michael Reid', 'stream_date': '1970-06-12'}
[2025-08-05T21:30:03.942+0000] {streams_kafka_operator.py:54} INFO - Sent transaction {'listener': 'Megan Fisher', 'song': 'Serenity', 'album': 'Elysium', 'genre': 'Reggae', 'artist': 'Angelica Smith', 'stream_date': '1973-04-04'}
[2025-08-05T21:30:03.946+0000] {streams_kafka_operator.py:54} INFO - Sent transaction {'listener': 'Gabriela David', 'song': 'Spectrum', 'album': 'Sanctuary', 'genre': 'Electronic', 'artist': 'Jesus Stephens', 'stream_date': '2022-08-19'}
[2025-08-05T21:30:03.946+0000] {streams_kafka_operator.py:54} INFO - Sent transaction {'listener': 'Robin Kennedy', 'song': 'Anthem', 'album': 'Elysium', 'genre': 'R&B', 'artist': 'Dr. Elizabeth Black', 'stream_date': '1996-08-24'}
[2025-08-05T21:30:03.948+0000] {streams_kafka_operator.py:54} INFO - Sent transaction {'listener': 'Jennifer Scott', 'song': 'Horizon', 'album': 'Limelight', 'genre': 'Rock', 'artist': 'Erika Barrett', 'stream_date': '2017-11-10'}
[2025-08-05T21:30:03.950+0000] {streams_kafka_operator.py:54} INFO - Sent transaction {'listener': 'Michael Lindsey', 'song': 'Solace', 'album': 'Ascension', 'genre': 'Jazz', 'artist': 'Kim Kelly', 'stream_date': '1982-03-04'}
[2025-08-05T21:30:03.955+0000] {streams_kafka_operator.py:54} INFO - Sent transaction {'listener': 'Amanda Hudson', 'song': 'Horizon', 'album': 'Exodus', 'genre': 'Country', 'artist': 'Katelyn Parker', 'stream_date': '2011-07-17'}
[2025-08-05T21:30:03.956+0000] {streams_kafka_operator.py:54} INFO - Sent transaction {'listener': 'Christopher Livingston', 'song': 'Aurora', 'album': 'Sanctuary', 'genre': 'Jazz', 'artist': 'Eugene Calderon', 'stream_date': '2013-04-19'}
[2025-08-05T21:30:03.960+0000] {streams_kafka_operator.py:54} INFO - Sent transaction {'listener': 'James Peterson', 'song': 'Radiant', 'album': 'Static', 'genre': 'R&B', 'artist': 'Connie Gordon', 'stream_date': '2016-03-13'}
[2025-08-05T21:30:03.962+0000] {streams_kafka_operator.py:54} INFO - Sent transaction {'listener': 'Frank Rush', 'song': 'Mosaic', 'album': 'Nightfall', 'genre': 'Hip-Hop', 'artist': 'Nicole Smith', 'stream_date': '1978-04-30'}
[2025-08-05T21:30:03.963+0000] {streams_kafka_operator.py:54} INFO - Sent transaction {'listener': 'Brandon Flores', 'song': 'Radiance', 'album': 'Paragon', 'genre': 'Rock', 'artist': 'Denise Gill', 'stream_date': '1993-06-12'}
[2025-08-05T21:30:03.964+0000] {streams_kafka_operator.py:54} INFO - Sent transaction {'listener': 'Stacy Sutton', 'song': 'Crescendo', 'album': 'Afterglow', 'genre': 'Jazz', 'artist': 'Lindsay Caldwell', 'stream_date': '2022-10-02'}
[2025-08-05T21:30:03.966+0000] {streams_kafka_operator.py:54} INFO - Sent transaction {'listener': 'Joshua Moore', 'song': 'Velocity', 'album': 'Paragon', 'genre': 'Metal', 'artist': 'David Reid', 'stream_date': '2002-01-10'}
[2025-08-05T21:30:03.967+0000] {streams_kafka_operator.py:54} INFO - Sent transaction {'listener': 'Brenda Owens', 'song': 'Tempest', 'album': 'Daybreak', 'genre': 'Country', 'artist': 'Courtney Brown', 'stream_date': '2006-08-15'}
[2025-08-05T21:30:03.970+0000] {streams_kafka_operator.py:54} INFO - Sent transaction {'listener': 'April Meza', 'song': 'Radiant', 'album': 'Limelight', 'genre': 'Classical', 'artist': 'Stephanie Wilson', 'stream_date': '2018-01-27'}
[2025-08-05T21:30:03.971+0000] {streams_kafka_operator.py:54} INFO - Sent transaction {'listener': 'Vanessa Gaines', 'song': 'Labyrinth', 'album': 'Daybreak', 'genre': 'Jazz', 'artist': 'Mark Boyd', 'stream_date': '1981-04-11'}
[2025-08-05T21:30:03.974+0000] {streams_kafka_operator.py:54} INFO - Sent transaction {'listener': 'Betty Reid', 'song': 'Cascade', 'album': 'Nightfall', 'genre': 'Country', 'artist': 'Amber Fuller', 'stream_date': '2003-05-24'}
[2025-08-05T21:30:03.976+0000] {streams_kafka_operator.py:54} INFO - Sent transaction {'listener': 'Tracy Salas', 'song': 'Vortex', 'album': 'Paragon', 'genre': 'R&B', 'artist': 'Mitchell Cook', 'stream_date': '1989-10-19'}
[2025-08-05T21:30:03.979+0000] {streams_kafka_operator.py:54} INFO - Sent transaction {'listener': 'Colleen Moore', 'song': 'Horizon!', 'album': 'Limelight', 'genre': 'Hip-Hop', 'artist': 'Robert Jones', 'stream_date': '2010-11-17'}
[2025-08-05T21:30:03.980+0000] {streams_kafka_operator.py:54} INFO - Sent transaction {'listener': 'Joshua Gomez', 'song': 'Aurora?', 'album': 'Exodus', 'genre': 'Electronic', 'artist': 'Angela Soto', 'stream_date': '2021-07-30'}
[2025-08-05T21:30:03.982+0000] {streams_kafka_operator.py:54} INFO - Sent transaction {'listener': 'Diane Garcia', 'song': 'Luminous', 'album': 'Ascension', 'genre': 'Jazz', 'artist': 'Teresa Weaver', 'stream_date': '2000-09-11'}
[2025-08-05T21:30:03.983+0000] {streams_kafka_operator.py:54} INFO - Sent transaction {'listener': 'Ashley Solis', 'song': 'Aurora', 'album': 'Threshold', 'genre': 'Hip-Hop', 'artist': 'Spencer Vang', 'stream_date': '1973-09-08'}
[2025-08-05T21:30:03.986+0000] {streams_kafka_operator.py:54} INFO - Sent transaction {'listener': 'Christina Williams', 'song': 'Velvet', 'album': 'Islands', 'genre': 'Jazz', 'artist': 'Zachary Manning', 'stream_date': '1992-11-05'}
[2025-08-05T21:30:03.990+0000] {streams_kafka_operator.py:54} INFO - Sent transaction {'listener': 'Kimberly Harrington', 'song': 'Constellation', 'album': 'Paragon', 'genre': 'Rock', 'artist': 'Deborah Curtis', 'stream_date': '2001-11-22'}
[2025-08-05T21:30:03.992+0000] {streams_kafka_operator.py:54} INFO - Sent transaction {'listener': 'John Tucker', 'song': 'Fragment', 'album': 'Islands', 'genre': 'Jazz', 'artist': 'Meagan Hernandez', 'stream_date': '2022-03-11'}
[2025-08-05T21:30:03.993+0000] {streams_kafka_operator.py:54} INFO - Sent transaction {'listener': 'Michael Garcia', 'song': 'Fragment', 'album': 'Static', 'genre': 'Classical', 'artist': 'John Gray', 'stream_date': '1992-08-08'}
[2025-08-05T21:30:03.994+0000] {streams_kafka_operator.py:54} INFO - Sent transaction {'listener': 'Micheal Good', 'song': 'Gravity', 'album': 'Static', 'genre': 'Classical', 'artist': 'Robert Stevens', 'stream_date': '2012-07-30'}
[2025-08-05T21:30:03.995+0000] {streams_kafka_operator.py:54} INFO - Sent transaction {'listener': 'Stephanie Phillips', 'song': 'Vapor', 'album': 'Utopia', 'genre': 'Metal', 'artist': 'Robert Hester', 'stream_date': '1988-01-24'}
[2025-08-05T21:30:03.996+0000] {streams_kafka_operator.py:54} INFO - Sent transaction {'listener': 'Miss Michelle Yang', 'song': 'Phoenix', 'album': 'Rebellion', 'genre': 'Rock', 'artist': 'Ashley Ellis', 'stream_date': '2006-12-11'}
[2025-08-05T21:30:04.003+0000] {streams_kafka_operator.py:54} INFO - Sent transaction {'listener': 'Scott Turner', 'song': 'Infinity', 'album': 'Paragon', 'genre': 'Rock', 'artist': 'Kayla Andrews', 'stream_date': '1985-01-05'}
[2025-08-05T21:30:04.005+0000] {streams_kafka_operator.py:54} INFO - Sent transaction {'listener': 'Matthew Barber', 'song': 'Quantum', 'album': 'Nightfall', 'genre': 'Jazz', 'artist': 'Jillian Martinez', 'stream_date': '2000-10-13'}
[2025-08-05T21:30:04.007+0000] {streams_kafka_operator.py:54} INFO - Sent transaction {'listener': 'Tracy Velasquez', 'song': 'Celestial', 'album': 'Elysium', 'genre': 'Jazz', 'artist': 'Jennifer Wade', 'stream_date': '1988-06-27'}
[2025-08-05T21:30:04.009+0000] {streams_kafka_operator.py:54} INFO - Sent transaction {'listener': 'Larry Cooper', 'song': 'Equinox', 'album': 'Afterglow', 'genre': 'Rock', 'artist': 'Chad Kelley', 'stream_date': '2019-10-13'}
[2025-08-05T21:30:04.012+0000] {streams_kafka_operator.py:54} INFO - Sent transaction {'listener': 'Pamela Haynes', 'song': 'Radiance', 'album': 'Daybreak', 'genre': 'Electronic', 'artist': 'Angela Sharp PhD', 'stream_date': '1989-06-27'}
[2025-08-05T21:30:04.015+0000] {streams_kafka_operator.py:54} INFO - Sent transaction {'listener': 'Kayla Richardson', 'song': 'Ember', 'album': 'Nightfall', 'genre': 'Rock', 'artist': 'Michael Watson', 'stream_date': '1972-09-03'}
[2025-08-05T21:30:04.017+0000] {streams_kafka_operator.py:54} INFO - Sent transaction {'listener': 'Wesley Hubbard', 'song': 'Paradox', 'album': 'Afterglow', 'genre': 'Jazz', 'artist': 'Brandon Garza', 'stream_date': '1978-08-25'}
[2025-08-05T21:30:04.021+0000] {streams_kafka_operator.py:54} INFO - Sent transaction {'listener': 'Nathan Johnson', 'song': 'Odyssey', 'album': 'Rebellion', 'genre': 'Reggae', 'artist': 'Stephen Smith', 'stream_date': '2013-04-13'}
[2025-08-05T21:30:04.023+0000] {streams_kafka_operator.py:54} INFO - Sent transaction {'listener': 'Shawn Thompson', 'song': 'Echo?', 'album': 'Daybreak', 'genre': 'Hip-Hop', 'artist': 'Christine Woodward', 'stream_date': '1973-07-20'}
[2025-08-05T21:30:04.024+0000] {streams_kafka_operator.py:54} INFO - Sent transaction {'listener': 'Janet Fuentes', 'song': 'Aurora?', 'album': 'Afterglow', 'genre': 'Country', 'artist': 'Lisa Velazquez', 'stream_date': '2022-08-08'}
[2025-08-05T21:30:04.025+0000] {streams_kafka_operator.py:54} INFO - Sent transaction {'listener': 'Dana Gibson', 'song': 'Zenith', 'album': 'Paragon', 'genre': 'Country', 'artist': 'Patricia Estrada', 'stream_date': '2020-11-10'}
[2025-08-05T21:30:04.028+0000] {streams_kafka_operator.py:54} INFO - Sent transaction {'listener': 'Larry Richardson', 'song': 'Momentum', 'album': 'Nightfall', 'genre': 'Classical', 'artist': 'Seth Martin', 'stream_date': '2019-06-27'}
[2025-08-05T21:30:04.030+0000] {streams_kafka_operator.py:54} INFO - Sent transaction {'listener': 'Ashley Johns', 'song': 'Echo?', 'album': 'Daybreak', 'genre': 'Metal', 'artist': 'Madison Fitzpatrick', 'stream_date': '1993-03-18'}
[2025-08-05T21:30:04.031+0000] {streams_kafka_operator.py:54} INFO - Sent transaction {'listener': 'Samuel Trujillo', 'song': 'Odyssey', 'album': 'Exodus', 'genre': 'Rock', 'artist': 'Jeremy Cook', 'stream_date': '1977-04-10'}
[2025-08-05T21:30:04.033+0000] {streams_kafka_operator.py:54} INFO - Sent transaction {'listener': 'Philip Ballard', 'song': 'Euphoria', 'album': 'Rebellion', 'genre': 'Metal', 'artist': 'Omar Bailey', 'stream_date': '1988-12-23'}
[2025-08-05T21:30:04.035+0000] {streams_kafka_operator.py:54} INFO - Sent transaction {'listener': 'Crystal Williams', 'song': 'Luminous', 'album': 'Sanctuary', 'genre': 'Pop', 'artist': 'Mrs. Amy Moore', 'stream_date': '1993-04-27'}
[2025-08-05T21:30:04.037+0000] {streams_kafka_operator.py:54} INFO - Sent transaction {'listener': 'Rachel Harper', 'song': 'Solstice', 'album': 'Exodus', 'genre': 'Rock', 'artist': 'Gabriel Carney', 'stream_date': '2019-10-12'}
[2025-08-05T21:30:04.037+0000] {streams_kafka_operator.py:54} INFO - Sent transaction {'listener': 'Allison Harrell', 'song': 'Nocturne', 'album': 'Sanctuary', 'genre': 'Rock', 'artist': 'Gregory Phillips', 'stream_date': '2015-12-13'}
[2025-08-05T21:30:04.038+0000] {streams_kafka_operator.py:54} INFO - Sent transaction {'listener': 'Andrew Wilson', 'song': 'Drift', 'album': 'Exodus', 'genre': 'R&B', 'artist': 'Andrew Rose', 'stream_date': '2013-02-03'}
[2025-08-05T21:30:04.040+0000] {streams_kafka_operator.py:54} INFO - Sent transaction {'listener': 'David Nguyen', 'song': 'Quantum', 'album': 'Rebellion', 'genre': 'Rock', 'artist': 'Catherine Robinson', 'stream_date': '1973-08-27'}
[2025-08-05T21:30:04.041+0000] {streams_kafka_operator.py:54} INFO - Sent transaction {'listener': 'Natasha Cunningham', 'song': 'Velocity', 'album': 'Paragon', 'genre': 'Rock', 'artist': 'Erin Mitchell', 'stream_date': '1973-02-02'}
[2025-08-05T21:30:04.043+0000] {streams_kafka_operator.py:54} INFO - Sent transaction {'listener': 'Jessica Smith', 'song': 'Quantum', 'album': 'Rebellion', 'genre': 'R&B', 'artist': 'Brenda Wright', 'stream_date': '1989-01-01'}
[2025-08-05T21:30:04.045+0000] {streams_kafka_operator.py:54} INFO - Sent transaction {'listener': 'Dustin Shields', 'song': 'Aurora', 'album': 'Afterglow', 'genre': 'Electronic', 'artist': 'Jason Lang', 'stream_date': '1985-02-07'}
[2025-08-05T21:30:04.048+0000] {streams_kafka_operator.py:54} INFO - Sent transaction {'listener': 'Mark Williams', 'song': 'Nomad', 'album': 'Islands', 'genre': 'Hip-Hop', 'artist': 'Ian Burns', 'stream_date': '1981-12-29'}
[2025-08-05T21:30:04.050+0000] {streams_kafka_operator.py:54} INFO - Sent transaction {'listener': 'Robert Rodriguez', 'song': 'Paradox', 'album': 'Sanctuary', 'genre': 'Rock', 'artist': 'Richard Banks', 'stream_date': '1998-07-08'}
[2025-08-05T21:30:04.053+0000] {streams_kafka_operator.py:54} INFO - Sent transaction {'listener': 'Justin Johnson', 'song': 'Odyssey', 'album': 'Daybreak', 'genre': 'Reggae', 'artist': 'Rachel Zavala', 'stream_date': '1990-05-07'}
[2025-08-05T21:30:04.055+0000] {streams_kafka_operator.py:54} INFO - Sent transaction {'listener': 'Angelica West', 'song': 'Prism!', 'album': 'Islands', 'genre': 'Pop', 'artist': 'Melissa Moss', 'stream_date': '2019-09-21'}
[2025-08-05T21:30:04.055+0000] {streams_kafka_operator.py:54} INFO - Sent transaction {'listener': 'Blake Stuart', 'song': 'Phoenix', 'album': 'Paragon', 'genre': 'Country', 'artist': 'Cheryl Guerrero', 'stream_date': '2009-04-02'}
[2025-08-05T21:30:04.056+0000] {streams_kafka_operator.py:54} INFO - Sent transaction {'listener': 'Christopher Johnson', 'song': 'Aurora?', 'album': 'Paragon', 'genre': 'Electronic', 'artist': 'Dr. Christopher Mcdaniel', 'stream_date': '1991-11-26'}
[2025-08-05T21:30:04.059+0000] {streams_kafka_operator.py:54} INFO - Sent transaction {'listener': 'Ann Fleming', 'song': 'Horizon', 'album': 'Static', 'genre': 'Electronic', 'artist': 'Dean Cortez', 'stream_date': '2008-06-07'}
[2025-08-05T21:30:04.062+0000] {streams_kafka_operator.py:54} INFO - Sent transaction {'listener': 'Bailey Cox', 'song': 'Gravity', 'album': 'Exodus', 'genre': 'Electronic', 'artist': 'Timothy Cunningham', 'stream_date': '2007-09-17'}
[2025-08-05T21:30:04.064+0000] {streams_kafka_operator.py:54} INFO - Sent transaction {'listener': 'John Cooper', 'song': 'Pulse!', 'album': 'Threshold', 'genre': 'Country', 'artist': 'Amanda Andrews', 'stream_date': '1986-01-20'}
[2025-08-05T21:30:04.068+0000] {streams_kafka_operator.py:54} INFO - Sent transaction {'listener': 'John Owens', 'song': 'Quantum', 'album': 'Static', 'genre': 'Pop', 'artist': 'Patricia Rodriguez', 'stream_date': '1981-06-16'}
[2025-08-05T21:30:04.070+0000] {streams_kafka_operator.py:54} INFO - Sent transaction {'listener': 'Jorge Olsen', 'song': 'Velvet', 'album': 'Threshold', 'genre': 'Country', 'artist': 'Patrick Evans', 'stream_date': '2024-01-24'}
[2025-08-05T21:30:04.072+0000] {streams_kafka_operator.py:54} INFO - Sent transaction {'listener': 'Nicole Barber', 'song': 'Solace', 'album': 'Limelight', 'genre': 'Metal', 'artist': 'Jose Davis', 'stream_date': '2004-04-15'}
[2025-08-05T21:30:04.074+0000] {streams_kafka_operator.py:54} INFO - Sent transaction {'listener': 'Elizabeth Bailey', 'song': 'Momentum', 'album': 'Paragon', 'genre': 'Country', 'artist': 'Tina Gonzales', 'stream_date': '1993-10-28'}
[2025-08-05T21:30:04.077+0000] {streams_kafka_operator.py:54} INFO - Sent transaction {'listener': 'Jennifer Anderson', 'song': 'Mirage?', 'album': 'Sanctuary', 'genre': 'Hip-Hop', 'artist': 'Brittany West', 'stream_date': '2022-01-09'}
[2025-08-05T21:30:04.078+0000] {streams_kafka_operator.py:54} INFO - Sent transaction {'listener': 'Jessica Greene', 'song': 'Aurora?', 'album': 'Sanctuary', 'genre': 'Electronic', 'artist': 'Jennifer Johnson', 'stream_date': '1984-12-03'}
[2025-08-05T21:30:04.078+0000] {streams_kafka_operator.py:54} INFO - Sent transaction {'listener': 'Devin Williamson', 'song': 'Nomad', 'album': 'Limelight', 'genre': 'Country', 'artist': 'Tara Foley', 'stream_date': '1978-11-02'}
[2025-08-05T21:30:04.079+0000] {streams_kafka_operator.py:54} INFO - Sent transaction {'listener': 'Tiffany Schmidt', 'song': 'Fragment', 'album': 'Daybreak', 'genre': 'Pop', 'artist': 'Katherine Contreras', 'stream_date': '2011-09-20'}
[2025-08-05T21:30:04.079+0000] {streams_kafka_operator.py:54} INFO - Sent transaction {'listener': 'Christopher Gonzalez', 'song': 'Luminous', 'album': 'Utopia', 'genre': 'Metal', 'artist': 'Ronald Henderson', 'stream_date': '1972-10-20'}
[2025-08-05T21:30:04.084+0000] {streams_kafka_operator.py:57} INFO - 100 transactions sent has been sent to kafka stream_data!
[2025-08-05T21:30:04.084+0000] {conn.py:945} INFO - <BrokerConnection client_id=kafka-python-producer-1, node_id=6 host=kafka-broker-3:19092 <connected> [IPv4 ('172.18.0.9', 19092)]>: Closing connection. 
[2025-08-05T21:30:04.085+0000] {conn.py:945} INFO - <BrokerConnection client_id=kafka-python-producer-1, node_id=4 host=kafka-broker-1:19092 <connected> [IPv4 ('172.18.0.8', 19092)]>: Closing connection. 
[2025-08-05T21:30:04.094+0000] {taskinstance.py:341} INFO - ::group::Post task execution logs
[2025-08-05T21:30:04.095+0000] {taskinstance.py:353} INFO - Marking task as SUCCESS. dag_id=stream_generator, task_id=generator_stream_data, run_id=scheduled__2025-02-20T00:00:00+00:00, execution_date=20250220T000000, start_date=20250805T213003, end_date=20250805T213004
[2025-08-05T21:30:04.153+0000] {local_task_job_runner.py:266} INFO - Task exited with return code 0
[2025-08-05T21:30:04.165+0000] {taskinstance.py:3901} INFO - 0 downstream tasks scheduled from follow-on schedule check
[2025-08-05T21:30:04.166+0000] {local_task_job_runner.py:245} INFO - ::endgroup::
