[2025-08-06T23:28:19.821+0000] {local_task_job_runner.py:123} INFO - ::group::Pre task execution logs
[2025-08-06T23:28:19.828+0000] {taskinstance.py:2614} INFO - Dependencies all met for dep_context=non-requeueable deps ti=<TaskInstance: stream_generator.generator_stream_data manual__2025-08-06T23:28:18.204611+00:00 [queued]>
[2025-08-06T23:28:19.831+0000] {taskinstance.py:2614} INFO - Dependencies all met for dep_context=requeueable deps ti=<TaskInstance: stream_generator.generator_stream_data manual__2025-08-06T23:28:18.204611+00:00 [queued]>
[2025-08-06T23:28:19.831+0000] {taskinstance.py:2867} INFO - Starting attempt 1 of 1
[2025-08-06T23:28:19.835+0000] {taskinstance.py:2890} INFO - Executing <Task(StreamProduceOperator): generator_stream_data> on 2025-08-06 23:28:18.204611+00:00
[2025-08-06T23:28:19.838+0000] {logging_mixin.py:190} WARNING - /home/***/.local/lib/python3.12/site-packages/***/task/task_runner/standard_task_runner.py:70 DeprecationWarning: This process (pid=284) is multi-threaded, use of fork() may lead to deadlocks in the child.
[2025-08-06T23:28:19.838+0000] {standard_task_runner.py:72} INFO - Started process 285 to run task
[2025-08-06T23:28:19.838+0000] {standard_task_runner.py:104} INFO - Running: ['***', 'tasks', 'run', 'stream_generator', 'generator_stream_data', 'manual__2025-08-06T23:28:18.204611+00:00', '--job-id', '789', '--raw', '--subdir', 'DAGS_FOLDER/streams_generator.py', '--cfg-path', '/tmp/tmp1elnzcdc']
[2025-08-06T23:28:19.839+0000] {standard_task_runner.py:105} INFO - Job 789: Subtask generator_stream_data
[2025-08-06T23:28:19.853+0000] {task_command.py:467} INFO - Running <TaskInstance: stream_generator.generator_stream_data manual__2025-08-06T23:28:18.204611+00:00 [running]> on host d7ff6c4e3aa2
[2025-08-06T23:28:19.876+0000] {taskinstance.py:3134} INFO - Exporting env vars: AIRFLOW_CTX_DAG_OWNER='GGCODE' AIRFLOW_CTX_DAG_ID='stream_generator' AIRFLOW_CTX_TASK_ID='generator_stream_data' AIRFLOW_CTX_EXECUTION_DATE='2025-08-06T23:28:18.204611+00:00' AIRFLOW_CTX_TRY_NUMBER='1' AIRFLOW_CTX_DAG_RUN_ID='manual__2025-08-06T23:28:18.204611+00:00'
[2025-08-06T23:28:19.876+0000] {taskinstance.py:732} INFO - ::endgroup::
[2025-08-06T23:28:19.946+0000] {conn.py:396} INFO - <BrokerConnection client_id=kafka-python-producer-1, node_id=bootstrap-0 host=kafka-broker-2:19092 <connecting> [IPv4 ('172.18.0.12', 19092)]>: connecting to kafka-broker-2:19092 [('172.18.0.12', 19092) IPv4]
[2025-08-06T23:28:19.949+0000] {conn.py:618} INFO - <BrokerConnection client_id=kafka-python-producer-1, node_id=bootstrap-0 host=kafka-broker-2:19092 <checking_api_versions_recv> [IPv4 ('172.18.0.12', 19092)]>: Broker version identified as 2.6
[2025-08-06T23:28:19.949+0000] {conn.py:457} INFO - <BrokerConnection client_id=kafka-python-producer-1, node_id=bootstrap-0 host=kafka-broker-2:19092 <connected> [IPv4 ('172.18.0.12', 19092)]>: Connection complete.
[2025-08-06T23:28:20.052+0000] {conn.py:396} INFO - <BrokerConnection client_id=kafka-python-producer-1, node_id=5 host=kafka-broker-2:19092 <connecting> [IPv4 ('172.18.0.12', 19092)]>: connecting to kafka-broker-2:19092 [('172.18.0.12', 19092) IPv4]
[2025-08-06T23:28:20.052+0000] {conn.py:457} INFO - <BrokerConnection client_id=kafka-python-producer-1, node_id=5 host=kafka-broker-2:19092 <connected> [IPv4 ('172.18.0.12', 19092)]>: Connection complete.
[2025-08-06T23:28:20.052+0000] {conn.py:945} INFO - <BrokerConnection client_id=kafka-python-producer-1, node_id=bootstrap-0 host=kafka-broker-2:19092 <connected> [IPv4 ('172.18.0.12', 19092)]>: Closing connection. 
[2025-08-06T23:28:20.063+0000] {cluster.py:316} ERROR - Topic stream_data not found in cluster metadata
[2025-08-06T23:28:20.165+0000] {cluster.py:316} ERROR - Topic stream_data not found in cluster metadata
[2025-08-06T23:28:20.270+0000] {cluster.py:316} ERROR - Topic stream_data not found in cluster metadata
[2025-08-06T23:28:20.380+0000] {taskinstance.py:3313} ERROR - Task failed with exception
Traceback (most recent call last):
  File "/home/airflow/.local/lib/python3.12/site-packages/airflow/models/taskinstance.py", line 768, in _execute_task
    result = _execute_callable(context=context, **execute_callable_kwargs)
             ^^^^^^^^^^^^^^^^^^^^^^^^^^^^^^^^^^^^^^^^^^^^^^^^^^^^^^^^^^^^^
  File "/home/airflow/.local/lib/python3.12/site-packages/airflow/models/taskinstance.py", line 734, in _execute_callable
    return ExecutionCallableRunner(
           ^^^^^^^^^^^^^^^^^^^^^^^^
  File "/home/airflow/.local/lib/python3.12/site-packages/airflow/utils/operator_helpers.py", line 252, in run
    return self.func(*args, **kwargs)
           ^^^^^^^^^^^^^^^^^^^^^^^^^^
  File "/home/airflow/.local/lib/python3.12/site-packages/airflow/models/baseoperator.py", line 424, in wrapper
    return func(self, *args, **kwargs)
           ^^^^^^^^^^^^^^^^^^^^^^^^^^^
  File "/opt/airflow/plugins/streams_kafka_operator.py", line 53, in execute
    producer.send(self.kafka_topic, value=transaction)
  File "/home/airflow/.local/lib/python3.12/site-packages/kafka/producer/kafka.py", line 845, in send
    value_bytes = self._serialize(
                  ^^^^^^^^^^^^^^^^
  File "/home/airflow/.local/lib/python3.12/site-packages/kafka/producer/kafka.py", line 978, in _serialize
    return f(data)
           ^^^^^^^
  File "/opt/airflow/plugins/streams_kafka_operator.py", line 48, in <lambda>
    value_serializer=lambda v: json.dumps(v).encode('utf-8'),
                               ^^^^^^^^^^^^^
  File "/usr/local/lib/python3.12/json/__init__.py", line 231, in dumps
    return _default_encoder.encode(obj)
           ^^^^^^^^^^^^^^^^^^^^^^^^^^^^
  File "/usr/local/lib/python3.12/json/encoder.py", line 200, in encode
    chunks = self.iterencode(o, _one_shot=True)
             ^^^^^^^^^^^^^^^^^^^^^^^^^^^^^^^^^^
  File "/usr/local/lib/python3.12/json/encoder.py", line 258, in iterencode
    return _iterencode(o, 0)
           ^^^^^^^^^^^^^^^^^
  File "/usr/local/lib/python3.12/json/encoder.py", line 180, in default
    raise TypeError(f'Object of type {o.__class__.__name__} '
TypeError: Object of type date is not JSON serializable
[2025-08-06T23:28:20.391+0000] {taskinstance.py:1226} INFO - Marking task as FAILED. dag_id=stream_generator, task_id=generator_stream_data, run_id=manual__2025-08-06T23:28:18.204611+00:00, execution_date=20250806T232818, start_date=20250806T232819, end_date=20250806T232820
[2025-08-06T23:28:20.408+0000] {taskinstance.py:341} INFO - ::group::Post task execution logs
[2025-08-06T23:28:20.408+0000] {standard_task_runner.py:124} ERROR - Failed to execute job 789 for task generator_stream_data (Object of type date is not JSON serializable; 285)
Traceback (most recent call last):
  File "/home/airflow/.local/lib/python3.12/site-packages/airflow/task/task_runner/standard_task_runner.py", line 117, in _start_by_fork
    ret = args.func(args, dag=self.dag)
          ^^^^^^^^^^^^^^^^^^^^^^^^^^^^^
  File "/home/airflow/.local/lib/python3.12/site-packages/airflow/cli/cli_config.py", line 49, in command
    return func(*args, **kwargs)
           ^^^^^^^^^^^^^^^^^^^^^
  File "/home/airflow/.local/lib/python3.12/site-packages/airflow/utils/cli.py", line 116, in wrapper
    return f(*args, **kwargs)
           ^^^^^^^^^^^^^^^^^^
  File "/home/airflow/.local/lib/python3.12/site-packages/airflow/cli/commands/task_command.py", line 483, in task_run
    task_return_code = _run_task_by_selected_method(args, _dag, ti)
                       ^^^^^^^^^^^^^^^^^^^^^^^^^^^^^^^^^^^^^^^^^^^^
  File "/home/airflow/.local/lib/python3.12/site-packages/airflow/cli/commands/task_command.py", line 256, in _run_task_by_selected_method
    return _run_raw_task(args, ti)
           ^^^^^^^^^^^^^^^^^^^^^^^
  File "/home/airflow/.local/lib/python3.12/site-packages/airflow/cli/commands/task_command.py", line 341, in _run_raw_task
    return ti._run_raw_task(
           ^^^^^^^^^^^^^^^^^
  File "/home/airflow/.local/lib/python3.12/site-packages/airflow/utils/session.py", line 97, in wrapper
    return func(*args, session=session, **kwargs)
           ^^^^^^^^^^^^^^^^^^^^^^^^^^^^^^^^^^^^^^
  File "/home/airflow/.local/lib/python3.12/site-packages/airflow/models/taskinstance.py", line 3006, in _run_raw_task
    return _run_raw_task(
           ^^^^^^^^^^^^^^
  File "/home/airflow/.local/lib/python3.12/site-packages/airflow/models/taskinstance.py", line 274, in _run_raw_task
    TaskInstance._execute_task_with_callbacks(
  File "/home/airflow/.local/lib/python3.12/site-packages/airflow/models/taskinstance.py", line 3161, in _execute_task_with_callbacks
    result = self._execute_task(context, task_orig)
             ^^^^^^^^^^^^^^^^^^^^^^^^^^^^^^^^^^^^^^
  File "/home/airflow/.local/lib/python3.12/site-packages/airflow/models/taskinstance.py", line 3185, in _execute_task
    return _execute_task(self, context, task_orig)
           ^^^^^^^^^^^^^^^^^^^^^^^^^^^^^^^^^^^^^^^
  File "/home/airflow/.local/lib/python3.12/site-packages/airflow/models/taskinstance.py", line 768, in _execute_task
    result = _execute_callable(context=context, **execute_callable_kwargs)
             ^^^^^^^^^^^^^^^^^^^^^^^^^^^^^^^^^^^^^^^^^^^^^^^^^^^^^^^^^^^^^
  File "/home/airflow/.local/lib/python3.12/site-packages/airflow/models/taskinstance.py", line 734, in _execute_callable
    return ExecutionCallableRunner(
           ^^^^^^^^^^^^^^^^^^^^^^^^
  File "/home/airflow/.local/lib/python3.12/site-packages/airflow/utils/operator_helpers.py", line 252, in run
    return self.func(*args, **kwargs)
           ^^^^^^^^^^^^^^^^^^^^^^^^^^
  File "/home/airflow/.local/lib/python3.12/site-packages/airflow/models/baseoperator.py", line 424, in wrapper
    return func(self, *args, **kwargs)
           ^^^^^^^^^^^^^^^^^^^^^^^^^^^
  File "/opt/airflow/plugins/streams_kafka_operator.py", line 53, in execute
    producer.send(self.kafka_topic, value=transaction)
  File "/home/airflow/.local/lib/python3.12/site-packages/kafka/producer/kafka.py", line 845, in send
    value_bytes = self._serialize(
                  ^^^^^^^^^^^^^^^^
  File "/home/airflow/.local/lib/python3.12/site-packages/kafka/producer/kafka.py", line 978, in _serialize
    return f(data)
           ^^^^^^^
  File "/opt/airflow/plugins/streams_kafka_operator.py", line 48, in <lambda>
    value_serializer=lambda v: json.dumps(v).encode('utf-8'),
                               ^^^^^^^^^^^^^
  File "/usr/local/lib/python3.12/json/__init__.py", line 231, in dumps
    return _default_encoder.encode(obj)
           ^^^^^^^^^^^^^^^^^^^^^^^^^^^^
  File "/usr/local/lib/python3.12/json/encoder.py", line 200, in encode
    chunks = self.iterencode(o, _one_shot=True)
             ^^^^^^^^^^^^^^^^^^^^^^^^^^^^^^^^^^
  File "/usr/local/lib/python3.12/json/encoder.py", line 258, in iterencode
    return _iterencode(o, 0)
           ^^^^^^^^^^^^^^^^^
  File "/usr/local/lib/python3.12/json/encoder.py", line 180, in default
    raise TypeError(f'Object of type {o.__class__.__name__} '
TypeError: Object of type date is not JSON serializable
[2025-08-06T23:28:20.433+0000] {local_task_job_runner.py:266} INFO - Task exited with return code 1
[2025-08-06T23:28:20.445+0000] {taskinstance.py:3901} INFO - 0 downstream tasks scheduled from follow-on schedule check
[2025-08-06T23:28:20.447+0000] {local_task_job_runner.py:245} INFO - ::endgroup::
