[2025-08-05T21:30:02.829+0000] {local_task_job_runner.py:123} INFO - ::group::Pre task execution logs
[2025-08-05T21:30:02.850+0000] {taskinstance.py:2614} INFO - Dependencies all met for dep_context=non-requeueable deps ti=<TaskInstance: stream_generator.generator_stream_data scheduled__2025-02-14T00:00:00+00:00 [queued]>
[2025-08-05T21:30:02.861+0000] {taskinstance.py:2614} INFO - Dependencies all met for dep_context=requeueable deps ti=<TaskInstance: stream_generator.generator_stream_data scheduled__2025-02-14T00:00:00+00:00 [queued]>
[2025-08-05T21:30:02.864+0000] {taskinstance.py:2867} INFO - Starting attempt 1 of 1
[2025-08-05T21:30:02.902+0000] {taskinstance.py:2890} INFO - Executing <Task(StreamProduceOperator): generator_stream_data> on 2025-02-14 00:00:00+00:00
[2025-08-05T21:30:02.913+0000] {logging_mixin.py:190} WARNING - /home/***/.local/lib/python3.12/site-packages/***/task/task_runner/standard_task_runner.py:70 DeprecationWarning: This process (pid=588) is multi-threaded, use of fork() may lead to deadlocks in the child.
[2025-08-05T21:30:02.915+0000] {standard_task_runner.py:72} INFO - Started process 598 to run task
[2025-08-05T21:30:02.914+0000] {standard_task_runner.py:104} INFO - Running: ['***', 'tasks', 'run', 'stream_generator', 'generator_stream_data', 'scheduled__2025-02-14T00:00:00+00:00', '--job-id', '733', '--raw', '--subdir', 'DAGS_FOLDER/streams_generator.py', '--cfg-path', '/tmp/tmpa_g89aq9']
[2025-08-05T21:30:02.918+0000] {standard_task_runner.py:105} INFO - Job 733: Subtask generator_stream_data
[2025-08-05T21:30:02.982+0000] {task_command.py:467} INFO - Running <TaskInstance: stream_generator.generator_stream_data scheduled__2025-02-14T00:00:00+00:00 [running]> on host ef2c5d727bcb
[2025-08-05T21:30:03.075+0000] {taskinstance.py:3134} INFO - Exporting env vars: AIRFLOW_CTX_DAG_OWNER='GGCODE' AIRFLOW_CTX_DAG_ID='stream_generator' AIRFLOW_CTX_TASK_ID='generator_stream_data' AIRFLOW_CTX_EXECUTION_DATE='2025-02-14T00:00:00+00:00' AIRFLOW_CTX_TRY_NUMBER='1' AIRFLOW_CTX_DAG_RUN_ID='scheduled__2025-02-14T00:00:00+00:00'
[2025-08-05T21:30:03.077+0000] {taskinstance.py:732} INFO - ::endgroup::
[2025-08-05T21:30:03.106+0000] {conn.py:396} INFO - <BrokerConnection client_id=kafka-python-producer-1, node_id=bootstrap-0 host=kafka-broker-3:19092 <connecting> [IPv4 ('172.18.0.9', 19092)]>: connecting to kafka-broker-3:19092 [('172.18.0.9', 19092) IPv4]
[2025-08-05T21:30:03.114+0000] {conn.py:618} INFO - <BrokerConnection client_id=kafka-python-producer-1, node_id=bootstrap-0 host=kafka-broker-3:19092 <checking_api_versions_recv> [IPv4 ('172.18.0.9', 19092)]>: Broker version identified as 2.6
[2025-08-05T21:30:03.115+0000] {conn.py:457} INFO - <BrokerConnection client_id=kafka-python-producer-1, node_id=bootstrap-0 host=kafka-broker-3:19092 <connected> [IPv4 ('172.18.0.9', 19092)]>: Connection complete.
[2025-08-05T21:30:03.230+0000] {conn.py:396} INFO - <BrokerConnection client_id=kafka-python-producer-1, node_id=6 host=kafka-broker-3:19092 <connecting> [IPv4 ('172.18.0.9', 19092)]>: connecting to kafka-broker-3:19092 [('172.18.0.9', 19092) IPv4]
[2025-08-05T21:30:03.239+0000] {conn.py:457} INFO - <BrokerConnection client_id=kafka-python-producer-1, node_id=6 host=kafka-broker-3:19092 <connected> [IPv4 ('172.18.0.9', 19092)]>: Connection complete.
[2025-08-05T21:30:03.239+0000] {conn.py:945} INFO - <BrokerConnection client_id=kafka-python-producer-1, node_id=bootstrap-0 host=kafka-broker-3:19092 <connected> [IPv4 ('172.18.0.9', 19092)]>: Closing connection. 
[2025-08-05T21:30:03.242+0000] {streams_kafka_operator.py:54} INFO - Sent transaction {'listener': 'Jessica Griffin', 'song': 'Aurora?', 'album': 'Daybreak', 'genre': 'Classical', 'artist': 'David Gilbert', 'stream_date': '2012-11-07'}
[2025-08-05T21:30:03.244+0000] {conn.py:396} INFO - <BrokerConnection client_id=kafka-python-producer-1, node_id=4 host=kafka-broker-1:19092 <connecting> [IPv4 ('172.18.0.8', 19092)]>: connecting to kafka-broker-1:19092 [('172.18.0.8', 19092) IPv4]
[2025-08-05T21:30:03.245+0000] {streams_kafka_operator.py:54} INFO - Sent transaction {'listener': 'Ryan Lewis', 'song': 'Pulse!', 'album': 'Visions', 'genre': 'Hip-Hop', 'artist': 'Kelly Wilson', 'stream_date': '1983-12-23'}
[2025-08-05T21:30:03.247+0000] {streams_kafka_operator.py:54} INFO - Sent transaction {'listener': 'Gregory Powell', 'song': 'Aurora', 'album': 'Static', 'genre': 'Metal', 'artist': 'Mikayla Tapia', 'stream_date': '2017-10-20'}
[2025-08-05T21:30:03.248+0000] {streams_kafka_operator.py:54} INFO - Sent transaction {'listener': 'Melissa Beck', 'song': 'Velocity', 'album': 'Elysium', 'genre': 'Jazz', 'artist': 'Daniel Stewart', 'stream_date': '1970-12-02'}
[2025-08-05T21:30:03.249+0000] {streams_kafka_operator.py:54} INFO - Sent transaction {'listener': 'Paul Lara', 'song': 'Mirage', 'album': 'Rebellion', 'genre': 'Hip-Hop', 'artist': 'Richard Baker', 'stream_date': '1975-11-06'}
[2025-08-05T21:30:03.246+0000] {conn.py:457} INFO - <BrokerConnection client_id=kafka-python-producer-1, node_id=4 host=kafka-broker-1:19092 <connected> [IPv4 ('172.18.0.8', 19092)]>: Connection complete.
[2025-08-05T21:30:03.250+0000] {streams_kafka_operator.py:54} INFO - Sent transaction {'listener': 'Jason Banks', 'song': 'Crescendo', 'album': 'Sanctuary', 'genre': 'Electronic', 'artist': 'Austin Mitchell', 'stream_date': '1990-06-15'}
[2025-08-05T21:30:03.254+0000] {streams_kafka_operator.py:54} INFO - Sent transaction {'listener': 'Christine Wood', 'song': 'Fragment', 'album': 'Threshold', 'genre': 'Country', 'artist': 'Robert Barajas', 'stream_date': '2019-09-15'}
[2025-08-05T21:30:03.255+0000] {streams_kafka_operator.py:54} INFO - Sent transaction {'listener': 'Martin Martinez', 'song': 'Silhouette', 'album': 'Visions', 'genre': 'Classical', 'artist': 'Emily Kennedy', 'stream_date': '1990-08-15'}
[2025-08-05T21:30:03.255+0000] {streams_kafka_operator.py:54} INFO - Sent transaction {'listener': 'Jamie Hebert', 'song': 'Reverie', 'album': 'Utopia', 'genre': 'Hip-Hop', 'artist': 'Taylor Snyder', 'stream_date': '1985-07-08'}
[2025-08-05T21:30:03.256+0000] {streams_kafka_operator.py:54} INFO - Sent transaction {'listener': 'Anthony Gutierrez', 'song': 'Spectrum?', 'album': 'Static', 'genre': 'Country', 'artist': 'Nancy Salazar', 'stream_date': '2005-01-11'}
[2025-08-05T21:30:03.258+0000] {streams_kafka_operator.py:54} INFO - Sent transaction {'listener': 'Theresa Cruz', 'song': 'Aurora?', 'album': 'Static', 'genre': 'Reggae', 'artist': 'Richard Allen', 'stream_date': '2016-11-14'}
[2025-08-05T21:30:03.260+0000] {streams_kafka_operator.py:54} INFO - Sent transaction {'listener': 'Jennifer Buckley', 'song': 'Ember', 'album': 'Islands', 'genre': 'Reggae', 'artist': 'Jesus Hawkins', 'stream_date': '1973-11-15'}
[2025-08-05T21:30:03.262+0000] {streams_kafka_operator.py:54} INFO - Sent transaction {'listener': 'Elizabeth Ellis', 'song': 'Serenity', 'album': 'Limelight', 'genre': 'Pop', 'artist': 'Brandon Gutierrez', 'stream_date': '1971-03-15'}
[2025-08-05T21:30:03.262+0000] {streams_kafka_operator.py:54} INFO - Sent transaction {'listener': 'Mark Herrera', 'song': 'Horizon', 'album': 'Sanctuary', 'genre': 'Rock', 'artist': 'Blake Johnson', 'stream_date': '2010-04-24'}
[2025-08-05T21:30:03.267+0000] {streams_kafka_operator.py:54} INFO - Sent transaction {'listener': 'Mary Dixon', 'song': 'Ember!', 'album': 'Rebellion', 'genre': 'R&B', 'artist': 'Crystal Collins', 'stream_date': '1995-07-19'}
[2025-08-05T21:30:03.269+0000] {streams_kafka_operator.py:54} INFO - Sent transaction {'listener': 'Ashley Shepherd', 'song': 'Mirage', 'album': 'Paragon', 'genre': 'Jazz', 'artist': 'Lisa Blankenship', 'stream_date': '1984-11-05'}
[2025-08-05T21:30:03.271+0000] {streams_kafka_operator.py:54} INFO - Sent transaction {'listener': 'William Wise', 'song': 'Velvet', 'album': 'Afterglow', 'genre': 'Country', 'artist': 'Donna Bolton', 'stream_date': '1978-02-07'}
[2025-08-05T21:30:03.272+0000] {streams_kafka_operator.py:54} INFO - Sent transaction {'listener': 'Jo Ponce', 'song': 'Silhouette', 'album': 'Nightfall', 'genre': 'Classical', 'artist': 'Shawn Frazier', 'stream_date': '1981-03-08'}
[2025-08-05T21:30:03.274+0000] {streams_kafka_operator.py:54} INFO - Sent transaction {'listener': 'Brittany Gonzales DVM', 'song': 'Paradox', 'album': 'Daybreak', 'genre': 'Rock', 'artist': 'Cynthia Estrada', 'stream_date': '1988-12-17'}
[2025-08-05T21:30:03.276+0000] {streams_kafka_operator.py:54} INFO - Sent transaction {'listener': 'Emily Norman', 'song': 'Radiance', 'album': 'Afterglow', 'genre': 'Reggae', 'artist': 'Jeffrey Conrad', 'stream_date': '1984-07-08'}
[2025-08-05T21:30:03.278+0000] {streams_kafka_operator.py:54} INFO - Sent transaction {'listener': 'David Hansen', 'song': 'Infinity', 'album': 'Elysium', 'genre': 'Hip-Hop', 'artist': 'Matthew Spencer', 'stream_date': '2010-12-22'}
[2025-08-05T21:30:03.280+0000] {streams_kafka_operator.py:54} INFO - Sent transaction {'listener': 'Ashley Villa', 'song': 'Infinity', 'album': 'Afterglow', 'genre': 'Electronic', 'artist': 'Tina Meyer', 'stream_date': '1995-11-26'}
[2025-08-05T21:30:03.283+0000] {streams_kafka_operator.py:54} INFO - Sent transaction {'listener': 'Scott Ryan', 'song': 'Odyssey', 'album': 'Limelight', 'genre': 'R&B', 'artist': 'Douglas Perkins MD', 'stream_date': '1973-08-11'}
[2025-08-05T21:30:03.287+0000] {streams_kafka_operator.py:54} INFO - Sent transaction {'listener': 'Dillon Roberson', 'song': 'Echo?', 'album': 'Daybreak', 'genre': 'Hip-Hop', 'artist': 'Justin Escobar', 'stream_date': '1999-10-06'}
[2025-08-05T21:30:03.290+0000] {streams_kafka_operator.py:54} INFO - Sent transaction {'listener': 'Robert Douglas', 'song': 'Paradox', 'album': 'Exodus', 'genre': 'Country', 'artist': 'Stacy Weber', 'stream_date': '1980-04-16'}
[2025-08-05T21:30:03.291+0000] {streams_kafka_operator.py:54} INFO - Sent transaction {'listener': 'Nicholas Wilkerson', 'song': 'Prism!', 'album': 'Static', 'genre': 'Reggae', 'artist': 'Vicki Richardson', 'stream_date': '1998-10-10'}
[2025-08-05T21:30:03.293+0000] {streams_kafka_operator.py:54} INFO - Sent transaction {'listener': 'Jonathan Allen', 'song': 'Velvet', 'album': 'Paragon', 'genre': 'Rock', 'artist': 'Kimberly Martinez', 'stream_date': '2003-04-12'}
[2025-08-05T21:30:03.296+0000] {streams_kafka_operator.py:54} INFO - Sent transaction {'listener': 'Melanie Rose', 'song': 'Serenity', 'album': 'Rebellion', 'genre': 'R&B', 'artist': 'James Hamilton', 'stream_date': '1998-04-01'}
[2025-08-05T21:30:03.297+0000] {streams_kafka_operator.py:54} INFO - Sent transaction {'listener': 'David Eaton', 'song': 'Vortex', 'album': 'Paragon', 'genre': 'Reggae', 'artist': 'Stephanie Smith', 'stream_date': '2019-04-17'}
[2025-08-05T21:30:03.300+0000] {streams_kafka_operator.py:54} INFO - Sent transaction {'listener': 'George Butler', 'song': 'Infinity', 'album': 'Islands', 'genre': 'R&B', 'artist': 'Sandra Porter', 'stream_date': '1992-05-20'}
[2025-08-05T21:30:03.303+0000] {streams_kafka_operator.py:54} INFO - Sent transaction {'listener': 'Charles Wagner', 'song': 'Solace', 'album': 'Afterglow', 'genre': 'Reggae', 'artist': 'Michael Reid', 'stream_date': '1970-06-12'}
[2025-08-05T21:30:03.306+0000] {streams_kafka_operator.py:54} INFO - Sent transaction {'listener': 'Megan Fisher', 'song': 'Serenity', 'album': 'Elysium', 'genre': 'Electronic', 'artist': 'Angelica Smith', 'stream_date': '1973-04-04'}
[2025-08-05T21:30:03.308+0000] {streams_kafka_operator.py:54} INFO - Sent transaction {'listener': 'Gabriela David', 'song': 'Spectrum', 'album': 'Sanctuary', 'genre': 'Electronic', 'artist': 'Jesus Stephens', 'stream_date': '2022-08-19'}
[2025-08-05T21:30:03.311+0000] {streams_kafka_operator.py:54} INFO - Sent transaction {'listener': 'Robin Kennedy', 'song': 'Anthem', 'album': 'Elysium', 'genre': 'Metal', 'artist': 'Dr. Elizabeth Black', 'stream_date': '1996-08-24'}
[2025-08-05T21:30:03.313+0000] {streams_kafka_operator.py:54} INFO - Sent transaction {'listener': 'Jennifer Scott', 'song': 'Horizon', 'album': 'Limelight', 'genre': 'Rock', 'artist': 'Erika Barrett', 'stream_date': '2017-11-10'}
[2025-08-05T21:30:03.317+0000] {streams_kafka_operator.py:54} INFO - Sent transaction {'listener': 'Michael Lindsey', 'song': 'Solace', 'album': 'Ascension', 'genre': 'Metal', 'artist': 'Kim Kelly', 'stream_date': '1982-03-04'}
[2025-08-05T21:30:03.322+0000] {streams_kafka_operator.py:54} INFO - Sent transaction {'listener': 'Amanda Hudson', 'song': 'Horizon', 'album': 'Exodus', 'genre': 'Jazz', 'artist': 'Katelyn Parker', 'stream_date': '2011-07-17'}
[2025-08-05T21:30:03.326+0000] {streams_kafka_operator.py:54} INFO - Sent transaction {'listener': 'Christopher Livingston', 'song': 'Aurora', 'album': 'Sanctuary', 'genre': 'Reggae', 'artist': 'Eugene Calderon', 'stream_date': '2013-04-19'}
[2025-08-05T21:30:03.327+0000] {streams_kafka_operator.py:54} INFO - Sent transaction {'listener': 'James Peterson', 'song': 'Radiant', 'album': 'Static', 'genre': 'Country', 'artist': 'Connie Gordon', 'stream_date': '2016-03-13'}
[2025-08-05T21:30:03.331+0000] {streams_kafka_operator.py:54} INFO - Sent transaction {'listener': 'Frank Rush', 'song': 'Mosaic', 'album': 'Nightfall', 'genre': 'R&B', 'artist': 'Nicole Smith', 'stream_date': '1978-04-30'}
[2025-08-05T21:30:03.332+0000] {streams_kafka_operator.py:54} INFO - Sent transaction {'listener': 'Brandon Flores', 'song': 'Radiance', 'album': 'Paragon', 'genre': 'Rock', 'artist': 'Denise Gill', 'stream_date': '1993-06-12'}
[2025-08-05T21:30:03.332+0000] {streams_kafka_operator.py:54} INFO - Sent transaction {'listener': 'Stacy Sutton', 'song': 'Crescendo', 'album': 'Afterglow', 'genre': 'Pop', 'artist': 'Lindsay Caldwell', 'stream_date': '2022-10-02'}
[2025-08-05T21:30:03.337+0000] {streams_kafka_operator.py:54} INFO - Sent transaction {'listener': 'Joshua Moore', 'song': 'Velocity', 'album': 'Paragon', 'genre': 'Electronic', 'artist': 'David Reid', 'stream_date': '2002-01-10'}
[2025-08-05T21:30:03.339+0000] {streams_kafka_operator.py:54} INFO - Sent transaction {'listener': 'Brenda Owens', 'song': 'Tempest', 'album': 'Daybreak', 'genre': 'Jazz', 'artist': 'Courtney Brown', 'stream_date': '2006-08-15'}
[2025-08-05T21:30:03.341+0000] {streams_kafka_operator.py:54} INFO - Sent transaction {'listener': 'April Meza', 'song': 'Radiant', 'album': 'Limelight', 'genre': 'Rock', 'artist': 'Stephanie Wilson', 'stream_date': '2018-01-27'}
[2025-08-05T21:30:03.343+0000] {streams_kafka_operator.py:54} INFO - Sent transaction {'listener': 'Vanessa Gaines', 'song': 'Labyrinth', 'album': 'Daybreak', 'genre': 'Electronic', 'artist': 'Mark Boyd', 'stream_date': '1981-04-11'}
[2025-08-05T21:30:03.346+0000] {streams_kafka_operator.py:54} INFO - Sent transaction {'listener': 'Betty Reid', 'song': 'Cascade', 'album': 'Nightfall', 'genre': 'Rock', 'artist': 'Amber Fuller', 'stream_date': '2003-05-24'}
[2025-08-05T21:30:03.347+0000] {streams_kafka_operator.py:54} INFO - Sent transaction {'listener': 'Tracy Salas', 'song': 'Vortex', 'album': 'Paragon', 'genre': 'Electronic', 'artist': 'Mitchell Cook', 'stream_date': '1989-10-19'}
[2025-08-05T21:30:03.349+0000] {streams_kafka_operator.py:54} INFO - Sent transaction {'listener': 'Colleen Moore', 'song': 'Horizon!', 'album': 'Limelight', 'genre': 'Reggae', 'artist': 'Robert Jones', 'stream_date': '2010-11-17'}
[2025-08-05T21:30:03.350+0000] {streams_kafka_operator.py:54} INFO - Sent transaction {'listener': 'Joshua Gomez', 'song': 'Aurora?', 'album': 'Exodus', 'genre': 'Rock', 'artist': 'Angela Soto', 'stream_date': '2021-07-30'}
[2025-08-05T21:30:03.351+0000] {streams_kafka_operator.py:54} INFO - Sent transaction {'listener': 'Diane Garcia', 'song': 'Luminous', 'album': 'Ascension', 'genre': 'Country', 'artist': 'Teresa Weaver', 'stream_date': '2000-09-11'}
[2025-08-05T21:30:03.355+0000] {streams_kafka_operator.py:54} INFO - Sent transaction {'listener': 'Ashley Solis', 'song': 'Aurora', 'album': 'Threshold', 'genre': 'Rock', 'artist': 'Spencer Vang', 'stream_date': '1973-09-08'}
[2025-08-05T21:30:03.360+0000] {streams_kafka_operator.py:54} INFO - Sent transaction {'listener': 'Christina Williams', 'song': 'Velvet', 'album': 'Islands', 'genre': 'Metal', 'artist': 'Zachary Manning', 'stream_date': '1992-11-05'}
[2025-08-05T21:30:03.367+0000] {streams_kafka_operator.py:54} INFO - Sent transaction {'listener': 'Kimberly Harrington', 'song': 'Constellation', 'album': 'Paragon', 'genre': 'Classical', 'artist': 'Deborah Curtis', 'stream_date': '2001-11-22'}
[2025-08-05T21:30:03.368+0000] {streams_kafka_operator.py:54} INFO - Sent transaction {'listener': 'John Tucker', 'song': 'Fragment', 'album': 'Islands', 'genre': 'Electronic', 'artist': 'Meagan Hernandez', 'stream_date': '2022-03-11'}
[2025-08-05T21:30:03.369+0000] {streams_kafka_operator.py:54} INFO - Sent transaction {'listener': 'Michael Garcia', 'song': 'Fragment', 'album': 'Static', 'genre': 'Reggae', 'artist': 'John Gray', 'stream_date': '1992-08-08'}
[2025-08-05T21:30:03.370+0000] {streams_kafka_operator.py:54} INFO - Sent transaction {'listener': 'Micheal Good', 'song': 'Gravity', 'album': 'Static', 'genre': 'Pop', 'artist': 'Robert Stevens', 'stream_date': '2012-07-30'}
[2025-08-05T21:30:03.371+0000] {streams_kafka_operator.py:54} INFO - Sent transaction {'listener': 'Stephanie Phillips', 'song': 'Vapor', 'album': 'Utopia', 'genre': 'Country', 'artist': 'Robert Hester', 'stream_date': '1988-01-24'}
[2025-08-05T21:30:03.372+0000] {streams_kafka_operator.py:54} INFO - Sent transaction {'listener': 'Miss Michelle Yang', 'song': 'Phoenix', 'album': 'Rebellion', 'genre': 'Classical', 'artist': 'Ashley Ellis', 'stream_date': '2006-12-11'}
[2025-08-05T21:30:03.378+0000] {streams_kafka_operator.py:54} INFO - Sent transaction {'listener': 'Scott Turner', 'song': 'Infinity', 'album': 'Paragon', 'genre': 'R&B', 'artist': 'Kayla Andrews', 'stream_date': '1985-01-05'}
[2025-08-05T21:30:03.380+0000] {streams_kafka_operator.py:54} INFO - Sent transaction {'listener': 'Matthew Barber', 'song': 'Quantum', 'album': 'Nightfall', 'genre': 'Rock', 'artist': 'Jillian Martinez', 'stream_date': '2000-10-13'}
[2025-08-05T21:30:03.382+0000] {streams_kafka_operator.py:54} INFO - Sent transaction {'listener': 'Tracy Velasquez', 'song': 'Celestial', 'album': 'Elysium', 'genre': 'R&B', 'artist': 'Jennifer Wade', 'stream_date': '1988-06-27'}
[2025-08-05T21:30:03.385+0000] {streams_kafka_operator.py:54} INFO - Sent transaction {'listener': 'Larry Cooper', 'song': 'Equinox', 'album': 'Afterglow', 'genre': 'R&B', 'artist': 'Chad Kelley', 'stream_date': '2019-10-13'}
[2025-08-05T21:30:03.388+0000] {streams_kafka_operator.py:54} INFO - Sent transaction {'listener': 'Pamela Haynes', 'song': 'Radiance', 'album': 'Daybreak', 'genre': 'Jazz', 'artist': 'Angela Sharp PhD', 'stream_date': '1989-06-27'}
[2025-08-05T21:30:03.392+0000] {streams_kafka_operator.py:54} INFO - Sent transaction {'listener': 'Kayla Richardson', 'song': 'Ember', 'album': 'Nightfall', 'genre': 'Electronic', 'artist': 'Michael Watson', 'stream_date': '1972-09-03'}
[2025-08-05T21:30:03.394+0000] {streams_kafka_operator.py:54} INFO - Sent transaction {'listener': 'Wesley Hubbard', 'song': 'Paradox', 'album': 'Afterglow', 'genre': 'Country', 'artist': 'Brandon Garza', 'stream_date': '1978-08-25'}
[2025-08-05T21:30:03.396+0000] {streams_kafka_operator.py:54} INFO - Sent transaction {'listener': 'Nathan Johnson', 'song': 'Odyssey', 'album': 'Rebellion', 'genre': 'Country', 'artist': 'Stephen Smith', 'stream_date': '2013-04-13'}
[2025-08-05T21:30:03.409+0000] {streams_kafka_operator.py:54} INFO - Sent transaction {'listener': 'Shawn Thompson', 'song': 'Echo?', 'album': 'Daybreak', 'genre': 'Country', 'artist': 'Christine Woodward', 'stream_date': '1973-07-20'}
[2025-08-05T21:30:03.410+0000] {streams_kafka_operator.py:54} INFO - Sent transaction {'listener': 'Janet Fuentes', 'song': 'Aurora?', 'album': 'Afterglow', 'genre': 'Country', 'artist': 'Lisa Velazquez', 'stream_date': '2022-08-08'}
[2025-08-05T21:30:03.414+0000] {streams_kafka_operator.py:54} INFO - Sent transaction {'listener': 'Dana Gibson', 'song': 'Zenith', 'album': 'Paragon', 'genre': 'Pop', 'artist': 'Patricia Estrada', 'stream_date': '2020-11-10'}
[2025-08-05T21:30:03.419+0000] {streams_kafka_operator.py:54} INFO - Sent transaction {'listener': 'Larry Richardson', 'song': 'Momentum', 'album': 'Nightfall', 'genre': 'Hip-Hop', 'artist': 'Seth Martin', 'stream_date': '2019-06-27'}
[2025-08-05T21:30:03.421+0000] {streams_kafka_operator.py:54} INFO - Sent transaction {'listener': 'Ashley Johns', 'song': 'Echo?', 'album': 'Daybreak', 'genre': 'Classical', 'artist': 'Madison Fitzpatrick', 'stream_date': '1993-03-18'}
[2025-08-05T21:30:03.423+0000] {streams_kafka_operator.py:54} INFO - Sent transaction {'listener': 'Samuel Trujillo', 'song': 'Odyssey', 'album': 'Exodus', 'genre': 'R&B', 'artist': 'Jeremy Cook', 'stream_date': '1977-04-10'}
[2025-08-05T21:30:03.425+0000] {streams_kafka_operator.py:54} INFO - Sent transaction {'listener': 'Philip Ballard', 'song': 'Euphoria', 'album': 'Rebellion', 'genre': 'Country', 'artist': 'Omar Bailey', 'stream_date': '1988-12-23'}
[2025-08-05T21:30:03.430+0000] {streams_kafka_operator.py:54} INFO - Sent transaction {'listener': 'Crystal Williams', 'song': 'Luminous', 'album': 'Sanctuary', 'genre': 'Metal', 'artist': 'Mrs. Amy Moore', 'stream_date': '1993-04-27'}
[2025-08-05T21:30:03.434+0000] {streams_kafka_operator.py:54} INFO - Sent transaction {'listener': 'Rachel Harper', 'song': 'Solstice', 'album': 'Exodus', 'genre': 'Classical', 'artist': 'Gabriel Carney', 'stream_date': '2019-10-12'}
[2025-08-05T21:30:03.439+0000] {streams_kafka_operator.py:54} INFO - Sent transaction {'listener': 'Allison Harrell', 'song': 'Nocturne', 'album': 'Sanctuary', 'genre': 'Reggae', 'artist': 'Gregory Phillips', 'stream_date': '2015-12-13'}
[2025-08-05T21:30:03.442+0000] {streams_kafka_operator.py:54} INFO - Sent transaction {'listener': 'Andrew Wilson', 'song': 'Drift', 'album': 'Exodus', 'genre': 'Electronic', 'artist': 'Andrew Rose', 'stream_date': '2013-02-03'}
[2025-08-05T21:30:03.442+0000] {streams_kafka_operator.py:54} INFO - Sent transaction {'listener': 'David Nguyen', 'song': 'Quantum', 'album': 'Rebellion', 'genre': 'Metal', 'artist': 'Catherine Robinson', 'stream_date': '1973-08-27'}
[2025-08-05T21:30:03.449+0000] {streams_kafka_operator.py:54} INFO - Sent transaction {'listener': 'Natasha Cunningham', 'song': 'Velocity', 'album': 'Paragon', 'genre': 'Pop', 'artist': 'Erin Mitchell', 'stream_date': '1973-02-02'}
[2025-08-05T21:30:03.452+0000] {streams_kafka_operator.py:54} INFO - Sent transaction {'listener': 'Jessica Smith', 'song': 'Quantum', 'album': 'Rebellion', 'genre': 'Classical', 'artist': 'Brenda Wright', 'stream_date': '1989-01-01'}
[2025-08-05T21:30:03.454+0000] {streams_kafka_operator.py:54} INFO - Sent transaction {'listener': 'Dustin Shields', 'song': 'Aurora', 'album': 'Afterglow', 'genre': 'Metal', 'artist': 'Jason Lang', 'stream_date': '1985-02-07'}
[2025-08-05T21:30:03.456+0000] {streams_kafka_operator.py:54} INFO - Sent transaction {'listener': 'Mark Williams', 'song': 'Nomad', 'album': 'Islands', 'genre': 'Electronic', 'artist': 'Ian Burns', 'stream_date': '1981-12-29'}
[2025-08-05T21:30:03.460+0000] {streams_kafka_operator.py:54} INFO - Sent transaction {'listener': 'Robert Rodriguez', 'song': 'Paradox', 'album': 'Sanctuary', 'genre': 'Rock', 'artist': 'Richard Banks', 'stream_date': '1998-07-08'}
[2025-08-05T21:30:03.462+0000] {streams_kafka_operator.py:54} INFO - Sent transaction {'listener': 'Justin Johnson', 'song': 'Odyssey', 'album': 'Daybreak', 'genre': 'Metal', 'artist': 'Rachel Zavala', 'stream_date': '1990-05-07'}
[2025-08-05T21:30:03.467+0000] {streams_kafka_operator.py:54} INFO - Sent transaction {'listener': 'Angelica West', 'song': 'Prism!', 'album': 'Islands', 'genre': 'Jazz', 'artist': 'Melissa Moss', 'stream_date': '2019-09-21'}
[2025-08-05T21:30:03.470+0000] {streams_kafka_operator.py:54} INFO - Sent transaction {'listener': 'Blake Stuart', 'song': 'Phoenix', 'album': 'Paragon', 'genre': 'Pop', 'artist': 'Cheryl Guerrero', 'stream_date': '2009-04-02'}
[2025-08-05T21:30:03.472+0000] {streams_kafka_operator.py:54} INFO - Sent transaction {'listener': 'Christopher Johnson', 'song': 'Aurora?', 'album': 'Paragon', 'genre': 'Jazz', 'artist': 'Dr. Christopher Mcdaniel', 'stream_date': '1991-11-26'}
[2025-08-05T21:30:03.473+0000] {streams_kafka_operator.py:54} INFO - Sent transaction {'listener': 'Ann Fleming', 'song': 'Horizon', 'album': 'Static', 'genre': 'Metal', 'artist': 'Dean Cortez', 'stream_date': '2008-06-07'}
[2025-08-05T21:30:03.477+0000] {streams_kafka_operator.py:54} INFO - Sent transaction {'listener': 'Bailey Cox', 'song': 'Gravity', 'album': 'Exodus', 'genre': 'Hip-Hop', 'artist': 'Timothy Cunningham', 'stream_date': '2007-09-17'}
[2025-08-05T21:30:03.478+0000] {streams_kafka_operator.py:54} INFO - Sent transaction {'listener': 'John Cooper', 'song': 'Pulse!', 'album': 'Threshold', 'genre': 'Classical', 'artist': 'Amanda Andrews', 'stream_date': '1986-01-20'}
[2025-08-05T21:30:03.479+0000] {streams_kafka_operator.py:54} INFO - Sent transaction {'listener': 'John Owens', 'song': 'Quantum', 'album': 'Static', 'genre': 'Reggae', 'artist': 'Patricia Rodriguez', 'stream_date': '1981-06-16'}
[2025-08-05T21:30:03.480+0000] {streams_kafka_operator.py:54} INFO - Sent transaction {'listener': 'Jorge Olsen', 'song': 'Velvet', 'album': 'Threshold', 'genre': 'Rock', 'artist': 'Patrick Evans', 'stream_date': '2024-01-24'}
[2025-08-05T21:30:03.483+0000] {streams_kafka_operator.py:54} INFO - Sent transaction {'listener': 'Nicole Barber', 'song': 'Solace', 'album': 'Limelight', 'genre': 'Hip-Hop', 'artist': 'Jose Davis', 'stream_date': '2004-04-15'}
[2025-08-05T21:30:03.488+0000] {streams_kafka_operator.py:54} INFO - Sent transaction {'listener': 'Elizabeth Bailey', 'song': 'Momentum', 'album': 'Paragon', 'genre': 'Reggae', 'artist': 'Tina Gonzales', 'stream_date': '1993-10-28'}
[2025-08-05T21:30:03.492+0000] {streams_kafka_operator.py:54} INFO - Sent transaction {'listener': 'Jennifer Anderson', 'song': 'Mirage?', 'album': 'Sanctuary', 'genre': 'Jazz', 'artist': 'Brittany West', 'stream_date': '2022-01-09'}
[2025-08-05T21:30:03.493+0000] {streams_kafka_operator.py:54} INFO - Sent transaction {'listener': 'Jessica Greene', 'song': 'Aurora?', 'album': 'Sanctuary', 'genre': 'Rock', 'artist': 'Jennifer Johnson', 'stream_date': '1984-12-03'}
[2025-08-05T21:30:03.499+0000] {streams_kafka_operator.py:54} INFO - Sent transaction {'listener': 'Devin Williamson', 'song': 'Nomad', 'album': 'Limelight', 'genre': 'Country', 'artist': 'Tara Foley', 'stream_date': '1978-11-02'}
[2025-08-05T21:30:03.502+0000] {streams_kafka_operator.py:54} INFO - Sent transaction {'listener': 'Tiffany Schmidt', 'song': 'Fragment', 'album': 'Daybreak', 'genre': 'Classical', 'artist': 'Katherine Contreras', 'stream_date': '2011-09-20'}
[2025-08-05T21:30:03.504+0000] {streams_kafka_operator.py:54} INFO - Sent transaction {'listener': 'Christopher Gonzalez', 'song': 'Luminous', 'album': 'Utopia', 'genre': 'Classical', 'artist': 'Ronald Henderson', 'stream_date': '1972-10-20'}
[2025-08-05T21:30:03.506+0000] {streams_kafka_operator.py:57} INFO - 100 transactions sent has been sent to kafka stream_data!
[2025-08-05T21:30:03.507+0000] {conn.py:945} INFO - <BrokerConnection client_id=kafka-python-producer-1, node_id=6 host=kafka-broker-3:19092 <connected> [IPv4 ('172.18.0.9', 19092)]>: Closing connection. 
[2025-08-05T21:30:03.508+0000] {conn.py:945} INFO - <BrokerConnection client_id=kafka-python-producer-1, node_id=4 host=kafka-broker-1:19092 <connected> [IPv4 ('172.18.0.8', 19092)]>: Closing connection. 
[2025-08-05T21:30:03.519+0000] {taskinstance.py:341} INFO - ::group::Post task execution logs
[2025-08-05T21:30:03.519+0000] {taskinstance.py:353} INFO - Marking task as SUCCESS. dag_id=stream_generator, task_id=generator_stream_data, run_id=scheduled__2025-02-14T00:00:00+00:00, execution_date=20250214T000000, start_date=20250805T213002, end_date=20250805T213003
[2025-08-05T21:30:03.600+0000] {local_task_job_runner.py:266} INFO - Task exited with return code 0
[2025-08-05T21:30:03.623+0000] {local_task_job_runner.py:245} INFO - ::endgroup::
