[2025-08-05T20:36:32.526+0000] {local_task_job_runner.py:123} INFO - ::group::Pre task execution logs
[2025-08-05T20:36:32.531+0000] {taskinstance.py:2614} INFO - Dependencies all met for dep_context=non-requeueable deps ti=<TaskInstance: account_generator.generator_account_data manual__2025-08-05T20:36:31.168740+00:00 [queued]>
[2025-08-05T20:36:32.534+0000] {taskinstance.py:2614} INFO - Dependencies all met for dep_context=requeueable deps ti=<TaskInstance: account_generator.generator_account_data manual__2025-08-05T20:36:31.168740+00:00 [queued]>
[2025-08-05T20:36:32.534+0000] {taskinstance.py:2867} INFO - Starting attempt 1 of 1
[2025-08-05T20:36:32.537+0000] {taskinstance.py:2890} INFO - Executing <Task(AccountProduceOperator): generator_account_data> on 2025-08-05 20:36:31.168740+00:00
[2025-08-05T20:36:32.540+0000] {logging_mixin.py:190} WARNING - /home/***/.local/lib/python3.12/site-packages/***/task/task_runner/standard_task_runner.py:70 DeprecationWarning: This process (pid=693) is multi-threaded, use of fork() may lead to deadlocks in the child.
[2025-08-05T20:36:32.540+0000] {standard_task_runner.py:72} INFO - Started process 694 to run task
[2025-08-05T20:36:32.540+0000] {standard_task_runner.py:104} INFO - Running: ['***', 'tasks', 'run', 'account_generator', 'generator_account_data', 'manual__2025-08-05T20:36:31.168740+00:00', '--job-id', '648', '--raw', '--subdir', 'DAGS_FOLDER/account_generator.py', '--cfg-path', '/tmp/tmpk28ero5u']
[2025-08-05T20:36:32.541+0000] {standard_task_runner.py:105} INFO - Job 648: Subtask generator_account_data
[2025-08-05T20:36:32.557+0000] {task_command.py:467} INFO - Running <TaskInstance: account_generator.generator_account_data manual__2025-08-05T20:36:31.168740+00:00 [running]> on host 57a05139e7f0
[2025-08-05T20:36:32.581+0000] {taskinstance.py:3134} INFO - Exporting env vars: AIRFLOW_CTX_DAG_OWNER='GGCODE' AIRFLOW_CTX_DAG_ID='account_generator' AIRFLOW_CTX_TASK_ID='generator_account_data' AIRFLOW_CTX_EXECUTION_DATE='2025-08-05T20:36:31.168740+00:00' AIRFLOW_CTX_TRY_NUMBER='1' AIRFLOW_CTX_DAG_RUN_ID='manual__2025-08-05T20:36:31.168740+00:00'
[2025-08-05T20:36:32.582+0000] {taskinstance.py:732} INFO - ::endgroup::
[2025-08-05T20:36:32.588+0000] {conn.py:396} INFO - <BrokerConnection client_id=kafka-python-producer-1, node_id=bootstrap-0 host=kafka-broker-3:19092 <connecting> [IPv4 ('172.18.0.13', 19092)]>: connecting to kafka-broker-3:19092 [('172.18.0.13', 19092) IPv4]
[2025-08-05T20:36:32.590+0000] {conn.py:618} INFO - <BrokerConnection client_id=kafka-python-producer-1, node_id=bootstrap-0 host=kafka-broker-3:19092 <checking_api_versions_recv> [IPv4 ('172.18.0.13', 19092)]>: Broker version identified as 2.6
[2025-08-05T20:36:32.590+0000] {conn.py:457} INFO - <BrokerConnection client_id=kafka-python-producer-1, node_id=bootstrap-0 host=kafka-broker-3:19092 <connected> [IPv4 ('172.18.0.13', 19092)]>: Connection complete.
[2025-08-05T20:36:32.694+0000] {conn.py:396} INFO - <BrokerConnection client_id=kafka-python-producer-1, node_id=4 host=kafka-broker-1:19092 <connecting> [IPv4 ('172.18.0.14', 19092)]>: connecting to kafka-broker-1:19092 [('172.18.0.14', 19092) IPv4]
[2025-08-05T20:36:32.694+0000] {conn.py:457} INFO - <BrokerConnection client_id=kafka-python-producer-1, node_id=4 host=kafka-broker-1:19092 <connected> [IPv4 ('172.18.0.14', 19092)]>: Connection complete.
[2025-08-05T20:36:32.694+0000] {conn.py:945} INFO - <BrokerConnection client_id=kafka-python-producer-1, node_id=bootstrap-0 host=kafka-broker-3:19092 <connected> [IPv4 ('172.18.0.13', 19092)]>: Closing connection. 
[2025-08-05T20:36:32.700+0000] {cluster.py:316} ERROR - Topic account_data not found in cluster metadata
[2025-08-05T20:36:32.803+0000] {cluster.py:316} ERROR - Topic account_data not found in cluster metadata
[2025-08-05T20:36:32.906+0000] {account_kafka_operator.py:56} INFO - Sent transaction {'account_id': 'A00000001', 'first_name': 'FirstName1', 'last_name': 'LastName1', 'email': 'user1@example.com', 'phone_number': '1-123-10', 'dob': 'dob1', 'city': 'Sydney', 'country': 'Australia', 'registration_date': 1740083792591}
[2025-08-05T20:36:32.907+0000] {account_kafka_operator.py:56} INFO - Sent transaction {'account_id': 'A00000002', 'first_name': 'FirstName2', 'last_name': 'LastName2', 'email': 'user2@example.com', 'phone_number': '1-123-2', 'dob': 'dob2', 'city': 'Rio de Janeiro', 'country': 'France', 'registration_date': 1725136592907}
[2025-08-05T20:36:32.908+0000] {account_kafka_operator.py:56} INFO - Sent transaction {'account_id': 'A00000003', 'first_name': 'FirstName3', 'last_name': 'LastName3', 'email': 'user3@example.com', 'phone_number': '1-123-8', 'dob': 'dob3', 'city': 'Brisbane', 'country': 'Brazil', 'registration_date': 1731702992908}
[2025-08-05T20:36:32.908+0000] {account_kafka_operator.py:56} INFO - Sent transaction {'account_id': 'A00000004', 'first_name': 'FirstName4', 'last_name': 'LastName4', 'email': 'user4@example.com', 'phone_number': '1-123-9', 'dob': 'dob4', 'city': 'Los Angeles', 'country': 'United States', 'registration_date': 1746304592908}
[2025-08-05T20:36:32.909+0000] {account_kafka_operator.py:56} INFO - Sent transaction {'account_id': 'A00000005', 'first_name': 'FirstName5', 'last_name': 'LastName5', 'email': 'user5@example.com', 'phone_number': '1-123-1', 'dob': 'dob5', 'city': 'Rio de Janeiro', 'country': 'United States', 'registration_date': 1742157392909}
[2025-08-05T20:36:32.910+0000] {account_kafka_operator.py:56} INFO - Sent transaction {'account_id': 'A00000006', 'first_name': 'FirstName6', 'last_name': 'LastName6', 'email': 'user6@example.com', 'phone_number': '1-123-8', 'dob': 'dob6', 'city': 'Paris', 'country': 'Brazil', 'registration_date': 1753994192909}
[2025-08-05T20:36:32.910+0000] {account_kafka_operator.py:56} INFO - Sent transaction {'account_id': 'A00000007', 'first_name': 'FirstName7', 'last_name': 'LastName7', 'email': 'user7@example.com', 'phone_number': '1-123-10', 'dob': 'dob7', 'city': 'Paris', 'country': 'France', 'registration_date': 1745872592910}
[2025-08-05T20:36:32.910+0000] {account_kafka_operator.py:56} INFO - Sent transaction {'account_id': 'A00000008', 'first_name': 'FirstName8', 'last_name': 'LastName8', 'email': 'user8@example.com', 'phone_number': '1-123-7', 'dob': 'dob8', 'city': 'Los Angeles', 'country': 'Japan', 'registration_date': 1748896592910}
[2025-08-05T20:36:32.910+0000] {account_kafka_operator.py:56} INFO - Sent transaction {'account_id': 'A00000009', 'first_name': 'FirstName9', 'last_name': 'LastName9', 'email': 'user9@example.com', 'phone_number': '1-123-9', 'dob': 'dob9', 'city': 'Rio de Janeiro', 'country': 'France', 'registration_date': 1733344592910}
[2025-08-05T20:36:32.911+0000] {account_kafka_operator.py:56} INFO - Sent transaction {'account_id': 'A00000010', 'first_name': 'FirstName10', 'last_name': 'LastName10', 'email': 'user10@example.com', 'phone_number': '1-123-7', 'dob': 'dob10', 'city': 'São Paulo', 'country': 'France', 'registration_date': 1731962192911}
[2025-08-05T20:36:32.911+0000] {account_kafka_operator.py:56} INFO - Sent transaction {'account_id': 'A00000011', 'first_name': 'FirstName11', 'last_name': 'LastName11', 'email': 'user11@example.com', 'phone_number': '1-123-6', 'dob': 'dob11', 'city': 'Osaka', 'country': 'Japan', 'registration_date': 1745008592911}
[2025-08-05T20:36:32.911+0000] {account_kafka_operator.py:56} INFO - Sent transaction {'account_id': 'A00000012', 'first_name': 'FirstName12', 'last_name': 'LastName12', 'email': 'user12@example.com', 'phone_number': '1-123-6', 'dob': 'dob12', 'city': 'Tokyo', 'country': 'France', 'registration_date': 1754253392911}
[2025-08-05T20:36:32.912+0000] {account_kafka_operator.py:56} INFO - Sent transaction {'account_id': 'A00000013', 'first_name': 'FirstName13', 'last_name': 'LastName13', 'email': 'user13@example.com', 'phone_number': '1-123-2', 'dob': 'dob13', 'city': 'Osaka', 'country': 'France', 'registration_date': 1734554192911}
[2025-08-05T20:36:32.912+0000] {account_kafka_operator.py:56} INFO - Sent transaction {'account_id': 'A00000014', 'first_name': 'FirstName14', 'last_name': 'LastName14', 'email': 'user14@example.com', 'phone_number': '1-123-12', 'dob': 'dob14', 'city': 'Paris', 'country': 'United States', 'registration_date': 1751661392912}
[2025-08-05T20:36:32.912+0000] {account_kafka_operator.py:56} INFO - Sent transaction {'account_id': 'A00000015', 'first_name': 'FirstName15', 'last_name': 'LastName15', 'email': 'user15@example.com', 'phone_number': '1-123-7', 'dob': 'dob15', 'city': 'Osaka', 'country': 'France', 'registration_date': 1745613392912}
[2025-08-05T20:36:32.912+0000] {account_kafka_operator.py:56} INFO - Sent transaction {'account_id': 'A00000016', 'first_name': 'FirstName16', 'last_name': 'LastName16', 'email': 'user16@example.com', 'phone_number': '1-123-12', 'dob': 'dob16', 'city': 'Paris', 'country': 'United States', 'registration_date': 1731184592912}
[2025-08-05T20:36:32.912+0000] {account_kafka_operator.py:56} INFO - Sent transaction {'account_id': 'A00000017', 'first_name': 'FirstName17', 'last_name': 'LastName17', 'email': 'user17@example.com', 'phone_number': '1-123-2', 'dob': 'dob17', 'city': 'Tokyo', 'country': 'Australia', 'registration_date': 1753475792912}
[2025-08-05T20:36:32.913+0000] {account_kafka_operator.py:56} INFO - Sent transaction {'account_id': 'A00000018', 'first_name': 'FirstName18', 'last_name': 'LastName18', 'email': 'user18@example.com', 'phone_number': '1-123-3', 'dob': 'dob18', 'city': 'Lyon', 'country': 'France', 'registration_date': 1740429392913}
[2025-08-05T20:36:32.913+0000] {account_kafka_operator.py:56} INFO - Sent transaction {'account_id': 'A00000019', 'first_name': 'FirstName19', 'last_name': 'LastName19', 'email': 'user19@example.com', 'phone_number': '1-123-7', 'dob': 'dob19', 'city': 'Chicago', 'country': 'Japan', 'registration_date': 1733517392913}
[2025-08-05T20:36:32.913+0000] {account_kafka_operator.py:56} INFO - Sent transaction {'account_id': 'A00000020', 'first_name': 'FirstName20', 'last_name': 'LastName20', 'email': 'user20@example.com', 'phone_number': '1-123-7', 'dob': 'dob20', 'city': 'Marseille', 'country': 'Japan', 'registration_date': 1739478992913}
[2025-08-05T20:36:32.913+0000] {account_kafka_operator.py:56} INFO - Sent transaction {'account_id': 'A00000021', 'first_name': 'FirstName21', 'last_name': 'LastName21', 'email': 'user21@example.com', 'phone_number': '1-123-12', 'dob': 'dob21', 'city': 'New York', 'country': 'United States', 'registration_date': 1741725392913}
[2025-08-05T20:36:32.913+0000] {account_kafka_operator.py:56} INFO - Sent transaction {'account_id': 'A00000022', 'first_name': 'FirstName22', 'last_name': 'LastName22', 'email': 'user22@example.com', 'phone_number': '1-123-7', 'dob': 'dob22', 'city': 'Paris', 'country': 'Japan', 'registration_date': 1754080592913}
[2025-08-05T20:36:32.914+0000] {account_kafka_operator.py:56} INFO - Sent transaction {'account_id': 'A00000023', 'first_name': 'FirstName23', 'last_name': 'LastName23', 'email': 'user23@example.com', 'phone_number': '1-123-11', 'dob': 'dob23', 'city': 'Los Angeles', 'country': 'Brazil', 'registration_date': 1729110992914}
[2025-08-05T20:36:32.914+0000] {account_kafka_operator.py:56} INFO - Sent transaction {'account_id': 'A00000024', 'first_name': 'FirstName24', 'last_name': 'LastName24', 'email': 'user24@example.com', 'phone_number': '1-123-4', 'dob': 'dob24', 'city': 'São Paulo', 'country': 'United States', 'registration_date': 1742416592914}
[2025-08-05T20:36:32.914+0000] {account_kafka_operator.py:56} INFO - Sent transaction {'account_id': 'A00000025', 'first_name': 'FirstName25', 'last_name': 'LastName25', 'email': 'user25@example.com', 'phone_number': '1-123-2', 'dob': 'dob25', 'city': 'Brasília', 'country': 'Brazil', 'registration_date': 1750365392914}
[2025-08-05T20:36:32.914+0000] {account_kafka_operator.py:56} INFO - Sent transaction {'account_id': 'A00000026', 'first_name': 'FirstName26', 'last_name': 'LastName26', 'email': 'user26@example.com', 'phone_number': '1-123-2', 'dob': 'dob26', 'city': 'Lyon', 'country': 'United States', 'registration_date': 1725827792914}
[2025-08-05T20:36:32.914+0000] {account_kafka_operator.py:56} INFO - Sent transaction {'account_id': 'A00000027', 'first_name': 'FirstName27', 'last_name': 'LastName27', 'email': 'user27@example.com', 'phone_number': '1-123-11', 'dob': 'dob27', 'city': 'Osaka', 'country': 'France', 'registration_date': 1735763792914}
[2025-08-05T20:36:32.916+0000] {account_kafka_operator.py:56} INFO - Sent transaction {'account_id': 'A00000028', 'first_name': 'FirstName28', 'last_name': 'LastName28', 'email': 'user28@example.com', 'phone_number': '1-123-8', 'dob': 'dob28', 'city': 'Melbourne', 'country': 'Brazil', 'registration_date': 1754339792916}
[2025-08-05T20:36:32.916+0000] {account_kafka_operator.py:56} INFO - Sent transaction {'account_id': 'A00000029', 'first_name': 'FirstName29', 'last_name': 'LastName29', 'email': 'user29@example.com', 'phone_number': '1-123-6', 'dob': 'dob29', 'city': 'Melbourne', 'country': 'France', 'registration_date': 1731270992916}
[2025-08-05T20:36:32.917+0000] {account_kafka_operator.py:56} INFO - Sent transaction {'account_id': 'A00000030', 'first_name': 'FirstName30', 'last_name': 'LastName30', 'email': 'user30@example.com', 'phone_number': '1-123-3', 'dob': 'dob30', 'city': 'Rio de Janeiro', 'country': 'United States', 'registration_date': 1726259792917}
[2025-08-05T20:36:32.917+0000] {account_kafka_operator.py:56} INFO - Sent transaction {'account_id': 'A00000031', 'first_name': 'FirstName31', 'last_name': 'LastName31', 'email': 'user31@example.com', 'phone_number': '1-123-3', 'dob': 'dob31', 'city': 'Brisbane', 'country': 'Australia', 'registration_date': 1750797392917}
[2025-08-05T20:36:32.918+0000] {account_kafka_operator.py:56} INFO - Sent transaction {'account_id': 'A00000032', 'first_name': 'FirstName32', 'last_name': 'LastName32', 'email': 'user32@example.com', 'phone_number': '1-123-4', 'dob': 'dob32', 'city': 'Brisbane', 'country': 'Australia', 'registration_date': 1751056592918}
[2025-08-05T20:36:32.918+0000] {account_kafka_operator.py:56} INFO - Sent transaction {'account_id': 'A00000033', 'first_name': 'FirstName33', 'last_name': 'LastName33', 'email': 'user33@example.com', 'phone_number': '1-123-1', 'dob': 'dob33', 'city': 'Tokyo', 'country': 'Brazil', 'registration_date': 1754166992918}
[2025-08-05T20:36:32.919+0000] {account_kafka_operator.py:56} INFO - Sent transaction {'account_id': 'A00000034', 'first_name': 'FirstName34', 'last_name': 'LastName34', 'email': 'user34@example.com', 'phone_number': '1-123-5', 'dob': 'dob34', 'city': 'São Paulo', 'country': 'United States', 'registration_date': 1726086992919}
[2025-08-05T20:36:32.919+0000] {account_kafka_operator.py:56} INFO - Sent transaction {'account_id': 'A00000035', 'first_name': 'FirstName35', 'last_name': 'LastName35', 'email': 'user35@example.com', 'phone_number': '1-123-3', 'dob': 'dob35', 'city': 'Lyon', 'country': 'Australia', 'registration_date': 1745786192919}
[2025-08-05T20:36:32.920+0000] {account_kafka_operator.py:56} INFO - Sent transaction {'account_id': 'A00000036', 'first_name': 'FirstName36', 'last_name': 'LastName36', 'email': 'user36@example.com', 'phone_number': '1-123-3', 'dob': 'dob36', 'city': 'São Paulo', 'country': 'Brazil', 'registration_date': 1732480592920}
[2025-08-05T20:36:32.920+0000] {account_kafka_operator.py:56} INFO - Sent transaction {'account_id': 'A00000037', 'first_name': 'FirstName37', 'last_name': 'LastName37', 'email': 'user37@example.com', 'phone_number': '1-123-6', 'dob': 'dob37', 'city': 'Marseille', 'country': 'France', 'registration_date': 1738182992920}
[2025-08-05T20:36:32.920+0000] {account_kafka_operator.py:56} INFO - Sent transaction {'account_id': 'A00000038', 'first_name': 'FirstName38', 'last_name': 'LastName38', 'email': 'user38@example.com', 'phone_number': '1-123-8', 'dob': 'dob38', 'city': 'Lyon', 'country': 'Australia', 'registration_date': 1748982992920}
[2025-08-05T20:36:32.920+0000] {account_kafka_operator.py:56} INFO - Sent transaction {'account_id': 'A00000039', 'first_name': 'FirstName39', 'last_name': 'LastName39', 'email': 'user39@example.com', 'phone_number': '1-123-7', 'dob': 'dob39', 'city': 'Chicago', 'country': 'Japan', 'registration_date': 1725654992920}
[2025-08-05T20:36:32.921+0000] {account_kafka_operator.py:56} INFO - Sent transaction {'account_id': 'A00000040', 'first_name': 'FirstName40', 'last_name': 'LastName40', 'email': 'user40@example.com', 'phone_number': '1-123-2', 'dob': 'dob40', 'city': 'São Paulo', 'country': 'France', 'registration_date': 1732912592921}
[2025-08-05T20:36:32.921+0000] {account_kafka_operator.py:56} INFO - Sent transaction {'account_id': 'A00000041', 'first_name': 'FirstName41', 'last_name': 'LastName41', 'email': 'user41@example.com', 'phone_number': '1-123-12', 'dob': 'dob41', 'city': 'Paris', 'country': 'Australia', 'registration_date': 1726000592921}
[2025-08-05T20:36:32.922+0000] {account_kafka_operator.py:56} INFO - Sent transaction {'account_id': 'A00000042', 'first_name': 'FirstName42', 'last_name': 'LastName42', 'email': 'user42@example.com', 'phone_number': '1-123-8', 'dob': 'dob42', 'city': 'Chicago', 'country': 'Australia', 'registration_date': 1742157392922}
[2025-08-05T20:36:32.922+0000] {account_kafka_operator.py:56} INFO - Sent transaction {'account_id': 'A00000043', 'first_name': 'FirstName43', 'last_name': 'LastName43', 'email': 'user43@example.com', 'phone_number': '1-123-2', 'dob': 'dob43', 'city': 'Kyoto', 'country': 'Australia', 'registration_date': 1732048592922}
[2025-08-05T20:36:32.923+0000] {account_kafka_operator.py:56} INFO - Sent transaction {'account_id': 'A00000044', 'first_name': 'FirstName44', 'last_name': 'LastName44', 'email': 'user44@example.com', 'phone_number': '1-123-4', 'dob': 'dob44', 'city': 'Osaka', 'country': 'Japan', 'registration_date': 1744749392923}
[2025-08-05T20:36:32.923+0000] {account_kafka_operator.py:56} INFO - Sent transaction {'account_id': 'A00000045', 'first_name': 'FirstName45', 'last_name': 'LastName45', 'email': 'user45@example.com', 'phone_number': '1-123-6', 'dob': 'dob45', 'city': 'Brasília', 'country': 'France', 'registration_date': 1738096592923}
[2025-08-05T20:36:32.923+0000] {account_kafka_operator.py:56} INFO - Sent transaction {'account_id': 'A00000046', 'first_name': 'FirstName46', 'last_name': 'LastName46', 'email': 'user46@example.com', 'phone_number': '1-123-11', 'dob': 'dob46', 'city': 'Brasília', 'country': 'United States', 'registration_date': 1747341392923}
[2025-08-05T20:36:32.924+0000] {account_kafka_operator.py:56} INFO - Sent transaction {'account_id': 'A00000047', 'first_name': 'FirstName47', 'last_name': 'LastName47', 'email': 'user47@example.com', 'phone_number': '1-123-5', 'dob': 'dob47', 'city': 'Melbourne', 'country': 'United States', 'registration_date': 1747341392924}
[2025-08-05T20:36:32.924+0000] {account_kafka_operator.py:56} INFO - Sent transaction {'account_id': 'A00000048', 'first_name': 'FirstName48', 'last_name': 'LastName48', 'email': 'user48@example.com', 'phone_number': '1-123-9', 'dob': 'dob48', 'city': 'Brisbane', 'country': 'United States', 'registration_date': 1752784592924}
[2025-08-05T20:36:32.924+0000] {account_kafka_operator.py:56} INFO - Sent transaction {'account_id': 'A00000049', 'first_name': 'FirstName49', 'last_name': 'LastName49', 'email': 'user49@example.com', 'phone_number': '1-123-10', 'dob': 'dob49', 'city': 'Marseille', 'country': 'United States', 'registration_date': 1725741392924}
[2025-08-05T20:36:32.925+0000] {account_kafka_operator.py:56} INFO - Sent transaction {'account_id': 'A00000050', 'first_name': 'FirstName50', 'last_name': 'LastName50', 'email': 'user50@example.com', 'phone_number': '1-123-2', 'dob': 'dob50', 'city': 'Paris', 'country': 'Australia', 'registration_date': 1728851792925}
[2025-08-05T20:36:32.926+0000] {account_kafka_operator.py:59} INFO - 50 transactions sent has been sent to kafka account_data!
[2025-08-05T20:36:32.926+0000] {conn.py:945} INFO - <BrokerConnection client_id=kafka-python-producer-1, node_id=4 host=kafka-broker-1:19092 <connected> [IPv4 ('172.18.0.14', 19092)]>: Closing connection. 
[2025-08-05T20:36:32.931+0000] {taskinstance.py:341} INFO - ::group::Post task execution logs
[2025-08-05T20:36:32.931+0000] {taskinstance.py:353} INFO - Marking task as SUCCESS. dag_id=account_generator, task_id=generator_account_data, run_id=manual__2025-08-05T20:36:31.168740+00:00, execution_date=20250805T203631, start_date=20250805T203632, end_date=20250805T203632
[2025-08-05T20:36:32.974+0000] {local_task_job_runner.py:266} INFO - Task exited with return code 0
[2025-08-05T20:36:32.983+0000] {taskinstance.py:3901} INFO - 0 downstream tasks scheduled from follow-on schedule check
[2025-08-05T20:36:32.984+0000] {local_task_job_runner.py:245} INFO - ::endgroup::
