[2025-08-07T19:39:56.268+0000] {local_task_job_runner.py:123} INFO - ::group::Pre task execution logs
[2025-08-07T19:39:56.294+0000] {taskinstance.py:2614} INFO - Dependencies all met for dep_context=non-requeueable deps ti=<TaskInstance: stream_generator.generator_stream_data manual__2025-08-07T19:39:54.716162+00:00 [queued]>
[2025-08-07T19:39:56.305+0000] {taskinstance.py:2614} INFO - Dependencies all met for dep_context=requeueable deps ti=<TaskInstance: stream_generator.generator_stream_data manual__2025-08-07T19:39:54.716162+00:00 [queued]>
[2025-08-07T19:39:56.305+0000] {taskinstance.py:2867} INFO - Starting attempt 1 of 1
[2025-08-07T19:39:56.315+0000] {taskinstance.py:2890} INFO - Executing <Task(StreamProduceOperator): generator_stream_data> on 2025-08-07 19:39:54.716162+00:00
[2025-08-07T19:39:56.321+0000] {logging_mixin.py:190} WARNING - /home/***/.local/lib/python3.12/site-packages/***/task/task_runner/standard_task_runner.py:70 DeprecationWarning: This process (pid=267) is multi-threaded, use of fork() may lead to deadlocks in the child.
[2025-08-07T19:39:56.322+0000] {standard_task_runner.py:72} INFO - Started process 270 to run task
[2025-08-07T19:39:56.321+0000] {standard_task_runner.py:104} INFO - Running: ['***', 'tasks', 'run', 'stream_generator', 'generator_stream_data', 'manual__2025-08-07T19:39:54.716162+00:00', '--job-id', '834', '--raw', '--subdir', 'DAGS_FOLDER/streams_generator.py', '--cfg-path', '/tmp/tmpi87fj9ub']
[2025-08-07T19:39:56.323+0000] {standard_task_runner.py:105} INFO - Job 834: Subtask generator_stream_data
[2025-08-07T19:39:56.367+0000] {task_command.py:467} INFO - Running <TaskInstance: stream_generator.generator_stream_data manual__2025-08-07T19:39:54.716162+00:00 [running]> on host e139a9424c76
[2025-08-07T19:39:56.443+0000] {taskinstance.py:3134} INFO - Exporting env vars: AIRFLOW_CTX_DAG_OWNER='GGCODE' AIRFLOW_CTX_DAG_ID='stream_generator' AIRFLOW_CTX_TASK_ID='generator_stream_data' AIRFLOW_CTX_EXECUTION_DATE='2025-08-07T19:39:54.716162+00:00' AIRFLOW_CTX_TRY_NUMBER='1' AIRFLOW_CTX_DAG_RUN_ID='manual__2025-08-07T19:39:54.716162+00:00'
[2025-08-07T19:39:56.444+0000] {taskinstance.py:732} INFO - ::endgroup::
[2025-08-07T19:39:56.714+0000] {conn.py:396} INFO - <BrokerConnection client_id=kafka-python-producer-1, node_id=bootstrap-0 host=kafka-broker-2:19092 <connecting> [IPv4 ('172.18.0.8', 19092)]>: connecting to kafka-broker-2:19092 [('172.18.0.8', 19092) IPv4]
[2025-08-07T19:39:56.720+0000] {conn.py:618} INFO - <BrokerConnection client_id=kafka-python-producer-1, node_id=bootstrap-0 host=kafka-broker-2:19092 <checking_api_versions_recv> [IPv4 ('172.18.0.8', 19092)]>: Broker version identified as 2.6
[2025-08-07T19:39:56.721+0000] {conn.py:457} INFO - <BrokerConnection client_id=kafka-python-producer-1, node_id=bootstrap-0 host=kafka-broker-2:19092 <connected> [IPv4 ('172.18.0.8', 19092)]>: Connection complete.
[2025-08-07T19:39:56.829+0000] {conn.py:396} INFO - <BrokerConnection client_id=kafka-python-producer-1, node_id=4 host=kafka-broker-1:19092 <connecting> [IPv4 ('172.18.0.7', 19092)]>: connecting to kafka-broker-1:19092 [('172.18.0.7', 19092) IPv4]
[2025-08-07T19:39:56.830+0000] {conn.py:457} INFO - <BrokerConnection client_id=kafka-python-producer-1, node_id=4 host=kafka-broker-1:19092 <connected> [IPv4 ('172.18.0.7', 19092)]>: Connection complete.
[2025-08-07T19:39:56.831+0000] {conn.py:945} INFO - <BrokerConnection client_id=kafka-python-producer-1, node_id=bootstrap-0 host=kafka-broker-2:19092 <connected> [IPv4 ('172.18.0.8', 19092)]>: Closing connection. 
[2025-08-07T19:39:56.850+0000] {streams_kafka_operator.py:54} INFO - Sent transaction {'listener': 'Elizabeth Hughes', 'song': 'Anthem', 'album': 'Limelight', 'genre': 'Hip-Hop', 'artist': 'Jonathan Jones', 'stream_date': '2025-04-02'}
[2025-08-07T19:39:56.854+0000] {streams_kafka_operator.py:54} INFO - Sent transaction {'listener': 'Tracy Carlson', 'song': 'Reverie', 'album': 'Paragon', 'genre': 'R&B', 'artist': 'Joshua Blackwell', 'stream_date': '2025-03-12'}
[2025-08-07T19:39:56.856+0000] {streams_kafka_operator.py:54} INFO - Sent transaction {'listener': 'Donna Williams', 'song': 'Gravity', 'album': 'Rebellion', 'genre': 'Country', 'artist': 'Savannah Orr', 'stream_date': '2025-04-19'}
[2025-08-07T19:39:56.854+0000] {conn.py:396} INFO - <BrokerConnection client_id=kafka-python-producer-1, node_id=5 host=kafka-broker-2:19092 <connecting> [IPv4 ('172.18.0.8', 19092)]>: connecting to kafka-broker-2:19092 [('172.18.0.8', 19092) IPv4]
[2025-08-07T19:39:56.859+0000] {conn.py:457} INFO - <BrokerConnection client_id=kafka-python-producer-1, node_id=5 host=kafka-broker-2:19092 <connected> [IPv4 ('172.18.0.8', 19092)]>: Connection complete.
[2025-08-07T19:39:56.857+0000] {streams_kafka_operator.py:54} INFO - Sent transaction {'listener': 'Isaac Mccall', 'song': 'Pulse', 'album': 'Limelight', 'genre': 'R&B', 'artist': 'Harold Kirk', 'stream_date': '2025-08-21'}
[2025-08-07T19:39:56.866+0000] {streams_kafka_operator.py:54} INFO - Sent transaction {'listener': 'Allison Baxter', 'song': 'Radiance', 'album': 'Rebellion', 'genre': 'R&B', 'artist': 'Jordan Holmes', 'stream_date': '2024-11-23'}
[2025-08-07T19:39:56.872+0000] {streams_kafka_operator.py:54} INFO - Sent transaction {'listener': 'Allison Small', 'song': 'Pulse!', 'album': 'Rebellion', 'genre': 'Electronic', 'artist': 'Dillon Brown', 'stream_date': '2025-07-01'}
[2025-08-07T19:39:56.880+0000] {streams_kafka_operator.py:54} INFO - Sent transaction {'listener': 'Jamie Perry', 'song': 'Nomad', 'album': 'Limelight', 'genre': 'Country', 'artist': 'James Elliott', 'stream_date': '2024-12-16'}
[2025-08-07T19:39:56.899+0000] {streams_kafka_operator.py:54} INFO - Sent transaction {'listener': 'Sandra Anderson', 'song': 'Velocity', 'album': 'Exodus', 'genre': 'Country', 'artist': 'Jennifer Thomas', 'stream_date': '2025-02-09'}
[2025-08-07T19:39:56.907+0000] {streams_kafka_operator.py:54} INFO - Sent transaction {'listener': 'David Armstrong', 'song': 'Anthem', 'album': 'Nightfall', 'genre': 'Classical', 'artist': 'Mary Baker', 'stream_date': '2025-02-16'}
[2025-08-07T19:39:56.912+0000] {streams_kafka_operator.py:54} INFO - Sent transaction {'listener': 'Jason Richard', 'song': 'Horizon!', 'album': 'Islands', 'genre': 'Pop', 'artist': 'Amanda Castro', 'stream_date': '2025-03-23'}
[2025-08-07T19:39:56.916+0000] {streams_kafka_operator.py:54} INFO - Sent transaction {'listener': 'Kerri Morrow', 'song': 'Nomad', 'album': 'Elysium', 'genre': 'Reggae', 'artist': 'Morgan Scott', 'stream_date': '2024-10-02'}
[2025-08-07T19:39:56.925+0000] {streams_kafka_operator.py:54} INFO - Sent transaction {'listener': 'Joan Freeman', 'song': 'Vortex', 'album': 'Exodus', 'genre': 'Metal', 'artist': 'Lori Hughes', 'stream_date': '2025-04-14'}
[2025-08-07T19:39:56.931+0000] {streams_kafka_operator.py:54} INFO - Sent transaction {'listener': 'David Caldwell', 'song': 'Aurora?', 'album': 'Sanctuary', 'genre': 'Electronic', 'artist': 'James Griffith', 'stream_date': '2025-03-27'}
[2025-08-07T19:39:56.932+0000] {streams_kafka_operator.py:54} INFO - Sent transaction {'listener': 'Austin Atkinson', 'song': 'Cascade', 'album': 'Static', 'genre': 'Hip-Hop', 'artist': 'Megan Reed', 'stream_date': '2024-10-01'}
[2025-08-07T19:39:56.935+0000] {streams_kafka_operator.py:54} INFO - Sent transaction {'listener': 'Sean Morgan', 'song': 'Mirage?', 'album': 'Nightfall', 'genre': 'Metal', 'artist': 'Kelli Black', 'stream_date': '2025-06-29'}
[2025-08-07T19:39:56.938+0000] {streams_kafka_operator.py:54} INFO - Sent transaction {'listener': 'Shannon Thomas', 'song': 'Horizon', 'album': 'Limelight', 'genre': 'Pop', 'artist': 'Suzanne Munoz', 'stream_date': '2024-08-21'}
[2025-08-07T19:39:56.940+0000] {streams_kafka_operator.py:54} INFO - Sent transaction {'listener': 'Vanessa Stone', 'song': 'Cascade', 'album': 'Static', 'genre': 'R&B', 'artist': 'Michael Sanchez', 'stream_date': '2024-11-15'}
[2025-08-07T19:39:56.943+0000] {streams_kafka_operator.py:54} INFO - Sent transaction {'listener': 'Jennifer Chandler', 'song': 'Spectrum?', 'album': 'Visions', 'genre': 'Metal', 'artist': 'Justin Anderson', 'stream_date': '2025-02-28'}
[2025-08-07T19:39:56.945+0000] {streams_kafka_operator.py:54} INFO - Sent transaction {'listener': 'Betty Jones', 'song': 'Equinox', 'album': 'Elysium', 'genre': 'Electronic', 'artist': 'Michael Wilson', 'stream_date': '2024-09-30'}
[2025-08-07T19:39:56.947+0000] {streams_kafka_operator.py:54} INFO - Sent transaction {'listener': 'Kelly Greene', 'song': 'Eclipse', 'album': 'Utopia', 'genre': 'Rock', 'artist': 'Teresa Francis', 'stream_date': '2024-09-18'}
[2025-08-07T19:39:56.949+0000] {streams_kafka_operator.py:54} INFO - Sent transaction {'listener': 'Zachary Baker', 'song': 'Radiance', 'album': 'Threshold', 'genre': 'Electronic', 'artist': 'Ryan Olsen', 'stream_date': '2024-08-24'}
[2025-08-07T19:39:56.952+0000] {streams_kafka_operator.py:54} INFO - Sent transaction {'listener': 'Ashley Joseph', 'song': 'Solstice', 'album': 'Afterglow', 'genre': 'Country', 'artist': 'Ashley Salas', 'stream_date': '2024-12-05'}
[2025-08-07T19:39:56.954+0000] {streams_kafka_operator.py:54} INFO - Sent transaction {'listener': 'Sara Thompson', 'song': 'Tempest', 'album': 'Visions', 'genre': 'Rock', 'artist': 'Victoria Wise', 'stream_date': '2025-05-13'}
[2025-08-07T19:39:56.956+0000] {streams_kafka_operator.py:54} INFO - Sent transaction {'listener': 'Douglas Willis', 'song': 'Drift', 'album': 'Rebellion', 'genre': 'Hip-Hop', 'artist': 'Gregory Arroyo', 'stream_date': '2024-10-06'}
[2025-08-07T19:39:56.958+0000] {streams_kafka_operator.py:54} INFO - Sent transaction {'listener': 'Gabriel Andrade', 'song': 'Fragment', 'album': 'Afterglow', 'genre': 'Electronic', 'artist': 'Jennifer Hart', 'stream_date': '2025-05-07'}
[2025-08-07T19:39:56.960+0000] {streams_kafka_operator.py:54} INFO - Sent transaction {'listener': 'Tyler Martin', 'song': 'Equinox', 'album': 'Static', 'genre': 'Country', 'artist': 'Ethan Hogan', 'stream_date': '2025-05-17'}
[2025-08-07T19:39:56.962+0000] {streams_kafka_operator.py:54} INFO - Sent transaction {'listener': 'Christine Jackson', 'song': 'Pulse!', 'album': 'Threshold', 'genre': 'Electronic', 'artist': 'Nichole Burke', 'stream_date': '2025-02-14'}
[2025-08-07T19:39:56.964+0000] {streams_kafka_operator.py:54} INFO - Sent transaction {'listener': 'Mr. Cameron Byrd', 'song': 'Ember', 'album': 'Rebellion', 'genre': 'Electronic', 'artist': 'Angela Ward', 'stream_date': '2025-07-14'}
[2025-08-07T19:39:56.966+0000] {streams_kafka_operator.py:54} INFO - Sent transaction {'listener': 'Jennifer Landry', 'song': 'Ember', 'album': 'Exodus', 'genre': 'Hip-Hop', 'artist': 'Nicholas Ferguson', 'stream_date': '2024-09-11'}
[2025-08-07T19:39:56.967+0000] {streams_kafka_operator.py:54} INFO - Sent transaction {'listener': 'Karen Brock', 'song': 'Constellation', 'album': 'Threshold', 'genre': 'Jazz', 'artist': 'Megan Rodriguez', 'stream_date': '2025-07-16'}
[2025-08-07T19:39:56.970+0000] {streams_kafka_operator.py:54} INFO - Sent transaction {'listener': 'Kevin Combs', 'song': 'Prism!', 'album': 'Static', 'genre': 'Classical', 'artist': 'Christopher Miles', 'stream_date': '2025-02-16'}
[2025-08-07T19:39:56.971+0000] {streams_kafka_operator.py:54} INFO - Sent transaction {'listener': 'Daniel Morton', 'song': 'Drift', 'album': 'Daybreak', 'genre': 'Metal', 'artist': 'Kayla Welch', 'stream_date': '2025-07-04'}
[2025-08-07T19:39:56.972+0000] {streams_kafka_operator.py:54} INFO - Sent transaction {'listener': 'Bryan Cherry', 'song': 'Horizon!', 'album': 'Islands', 'genre': 'Pop', 'artist': 'Ashley Martinez', 'stream_date': '2024-10-23'}
[2025-08-07T19:39:56.973+0000] {streams_kafka_operator.py:54} INFO - Sent transaction {'listener': 'Stephanie Wilson', 'song': 'Infinity', 'album': 'Islands', 'genre': 'Country', 'artist': 'Oscar Thomas', 'stream_date': '2025-08-11'}
[2025-08-07T19:39:56.974+0000] {streams_kafka_operator.py:54} INFO - Sent transaction {'listener': 'Lucas Koch', 'song': 'Aurora', 'album': 'Utopia', 'genre': 'Classical', 'artist': 'Nicole Bishop', 'stream_date': '2024-08-16'}
[2025-08-07T19:39:56.975+0000] {streams_kafka_operator.py:54} INFO - Sent transaction {'listener': 'Eric Lowe', 'song': 'Solace', 'album': 'Threshold', 'genre': 'R&B', 'artist': 'Aaron Blackburn', 'stream_date': '2024-08-10'}
[2025-08-07T19:39:56.978+0000] {streams_kafka_operator.py:54} INFO - Sent transaction {'listener': 'Elizabeth Sosa', 'song': 'Horizon', 'album': 'Utopia', 'genre': 'Country', 'artist': 'Renee Beck', 'stream_date': '2024-12-18'}
[2025-08-07T19:39:56.980+0000] {streams_kafka_operator.py:54} INFO - Sent transaction {'listener': 'Andrea Simmons', 'song': 'Radiance', 'album': 'Rebellion', 'genre': 'Classical', 'artist': 'Kelly Fowler MD', 'stream_date': '2025-06-05'}
[2025-08-07T19:39:56.981+0000] {streams_kafka_operator.py:54} INFO - Sent transaction {'listener': 'Edgar Banks', 'song': 'Quantum', 'album': 'Daybreak', 'genre': 'Reggae', 'artist': 'Jose Torres', 'stream_date': '2024-11-29'}
[2025-08-07T19:39:56.983+0000] {streams_kafka_operator.py:54} INFO - Sent transaction {'listener': 'Zachary Bailey', 'song': 'Equinox', 'album': 'Daybreak', 'genre': 'Hip-Hop', 'artist': 'James Mccall', 'stream_date': '2025-02-09'}
[2025-08-07T19:39:56.986+0000] {streams_kafka_operator.py:54} INFO - Sent transaction {'listener': 'Zachary Gordon', 'song': 'Crescendo', 'album': 'Threshold', 'genre': 'Country', 'artist': 'Katelyn Cole', 'stream_date': '2025-03-03'}
[2025-08-07T19:39:56.988+0000] {streams_kafka_operator.py:54} INFO - Sent transaction {'listener': 'Kristina Brooks', 'song': 'Ember', 'album': 'Visions', 'genre': 'R&B', 'artist': 'Julia Hogan', 'stream_date': '2025-01-06'}
[2025-08-07T19:39:56.989+0000] {streams_kafka_operator.py:54} INFO - Sent transaction {'listener': 'Nancy Perez', 'song': 'Crescendo', 'album': 'Islands', 'genre': 'Hip-Hop', 'artist': 'Logan Burns', 'stream_date': '2024-09-25'}
[2025-08-07T19:39:56.991+0000] {streams_kafka_operator.py:54} INFO - Sent transaction {'listener': 'Alex Kent', 'song': 'Aurora?', 'album': 'Nightfall', 'genre': 'Classical', 'artist': 'Sara Jones', 'stream_date': '2025-07-30'}
[2025-08-07T19:39:56.992+0000] {streams_kafka_operator.py:54} INFO - Sent transaction {'listener': 'Carolyn Hampton', 'song': 'Tempest', 'album': 'Paragon', 'genre': 'Pop', 'artist': 'Mrs. Monique Green MD', 'stream_date': '2024-08-29'}
[2025-08-07T19:39:56.993+0000] {streams_kafka_operator.py:54} INFO - Sent transaction {'listener': 'Jennifer Barber', 'song': 'Labyrinth', 'album': 'Static', 'genre': 'R&B', 'artist': 'Mark Ramirez', 'stream_date': '2025-01-13'}
[2025-08-07T19:39:56.994+0000] {streams_kafka_operator.py:54} INFO - Sent transaction {'listener': 'Shawn Rogers', 'song': 'Pulse', 'album': 'Visions', 'genre': 'Hip-Hop', 'artist': 'Diana Cook', 'stream_date': '2024-08-22'}
[2025-08-07T19:39:56.996+0000] {streams_kafka_operator.py:54} INFO - Sent transaction {'listener': 'David Davenport', 'song': 'Eclipse', 'album': 'Paragon', 'genre': 'Jazz', 'artist': 'Gabriella Mcdowell', 'stream_date': '2025-05-18'}
[2025-08-07T19:39:56.998+0000] {streams_kafka_operator.py:54} INFO - Sent transaction {'listener': 'Arthur Myers', 'song': 'Prism!', 'album': 'Threshold', 'genre': 'Metal', 'artist': 'John Phillips', 'stream_date': '2024-09-21'}
[2025-08-07T19:39:56.999+0000] {streams_kafka_operator.py:54} INFO - Sent transaction {'listener': 'Nicholas Morrow', 'song': 'Nocturne', 'album': 'Static', 'genre': 'Rock', 'artist': 'Brian Bush', 'stream_date': '2024-11-01'}
[2025-08-07T19:39:57.000+0000] {streams_kafka_operator.py:54} INFO - Sent transaction {'listener': 'Kimberly Simmons', 'song': 'Eclipse', 'album': 'Nightfall', 'genre': 'Country', 'artist': 'Alan Kaiser', 'stream_date': '2025-04-20'}
[2025-08-07T19:39:57.003+0000] {streams_kafka_operator.py:54} INFO - Sent transaction {'listener': 'Christopher Munoz', 'song': 'Constellation', 'album': 'Limelight', 'genre': 'Classical', 'artist': 'Hannah Greene', 'stream_date': '2025-04-23'}
[2025-08-07T19:39:57.005+0000] {streams_kafka_operator.py:54} INFO - Sent transaction {'listener': 'Kevin Fox', 'song': 'Horizon', 'album': 'Visions', 'genre': 'Hip-Hop', 'artist': 'Deborah Jensen', 'stream_date': '2025-07-14'}
[2025-08-07T19:39:57.006+0000] {streams_kafka_operator.py:54} INFO - Sent transaction {'listener': 'James Browning', 'song': 'Silhouette', 'album': 'Paragon', 'genre': 'Hip-Hop', 'artist': 'Kathryn Avila', 'stream_date': '2025-03-07'}
[2025-08-07T19:39:57.009+0000] {streams_kafka_operator.py:54} INFO - Sent transaction {'listener': 'Angela Wilkins', 'song': 'Nocturne', 'album': 'Sanctuary', 'genre': 'Metal', 'artist': 'Natasha Wolf', 'stream_date': '2024-10-06'}
[2025-08-07T19:39:57.010+0000] {streams_kafka_operator.py:54} INFO - Sent transaction {'listener': 'Manuel Tucker II', 'song': 'Horizon', 'album': 'Nightfall', 'genre': 'Electronic', 'artist': 'Joseph Cook', 'stream_date': '2024-11-21'}
[2025-08-07T19:39:57.011+0000] {streams_kafka_operator.py:54} INFO - Sent transaction {'listener': 'Christina Love', 'song': 'Aurora', 'album': 'Exodus', 'genre': 'Reggae', 'artist': 'Rachel Horn', 'stream_date': '2024-10-25'}
[2025-08-07T19:39:57.012+0000] {streams_kafka_operator.py:54} INFO - Sent transaction {'listener': 'Christopher Zuniga', 'song': 'Infinity', 'album': 'Utopia', 'genre': 'Electronic', 'artist': 'Thomas Gordon', 'stream_date': '2025-09-03'}
[2025-08-07T19:39:57.013+0000] {streams_kafka_operator.py:54} INFO - Sent transaction {'listener': 'Kelsey Brown', 'song': 'Spectrum?', 'album': 'Rebellion', 'genre': 'R&B', 'artist': 'Jennifer Jones', 'stream_date': '2025-01-01'}
[2025-08-07T19:39:57.014+0000] {streams_kafka_operator.py:54} INFO - Sent transaction {'listener': 'George Nichols', 'song': 'Prism!', 'album': 'Daybreak', 'genre': 'Hip-Hop', 'artist': 'Hailey Palmer', 'stream_date': '2025-07-08'}
[2025-08-07T19:39:57.015+0000] {streams_kafka_operator.py:54} INFO - Sent transaction {'listener': 'William Smith', 'song': 'Nocturne', 'album': 'Utopia', 'genre': 'Pop', 'artist': 'Charles Roberts DDS', 'stream_date': '2025-01-12'}
[2025-08-07T19:39:57.016+0000] {streams_kafka_operator.py:54} INFO - Sent transaction {'listener': 'Maria Lawrence', 'song': 'Ember!', 'album': 'Ascension', 'genre': 'Hip-Hop', 'artist': 'Larry Lee', 'stream_date': '2024-11-25'}
[2025-08-07T19:39:57.018+0000] {streams_kafka_operator.py:54} INFO - Sent transaction {'listener': 'Mary Barber', 'song': 'Drift', 'album': 'Exodus', 'genre': 'Hip-Hop', 'artist': 'Heather Montgomery', 'stream_date': '2025-07-18'}
[2025-08-07T19:39:57.020+0000] {streams_kafka_operator.py:54} INFO - Sent transaction {'listener': 'Laura Gregory', 'song': 'Vortex', 'album': 'Visions', 'genre': 'Hip-Hop', 'artist': 'Denise Alexander', 'stream_date': '2025-08-01'}
[2025-08-07T19:39:57.021+0000] {streams_kafka_operator.py:54} INFO - Sent transaction {'listener': 'David Wright', 'song': 'Phoenix', 'album': 'Afterglow', 'genre': 'Electronic', 'artist': 'Terry Nguyen', 'stream_date': '2025-01-20'}
[2025-08-07T19:39:57.023+0000] {streams_kafka_operator.py:54} INFO - Sent transaction {'listener': 'Miss Wendy Hernandez', 'song': 'Radiant', 'album': 'Daybreak', 'genre': 'R&B', 'artist': 'Neil Murray', 'stream_date': '2025-01-02'}
[2025-08-07T19:39:57.025+0000] {streams_kafka_operator.py:54} INFO - Sent transaction {'listener': 'Eric Carrillo', 'song': 'Aurora', 'album': 'Sanctuary', 'genre': 'R&B', 'artist': 'Thomas Jones', 'stream_date': '2025-01-12'}
[2025-08-07T19:39:57.026+0000] {streams_kafka_operator.py:54} INFO - Sent transaction {'listener': 'Tony Anderson', 'song': 'Reverie', 'album': 'Static', 'genre': 'R&B', 'artist': 'Samuel Smith', 'stream_date': '2024-12-26'}
[2025-08-07T19:39:57.027+0000] {streams_kafka_operator.py:54} INFO - Sent transaction {'listener': 'Bethany Jensen', 'song': 'Tempest', 'album': 'Afterglow', 'genre': 'Hip-Hop', 'artist': 'Scott Jackson', 'stream_date': '2025-06-07'}
[2025-08-07T19:39:57.028+0000] {streams_kafka_operator.py:54} INFO - Sent transaction {'listener': 'Richard Jones', 'song': 'Mirage?', 'album': 'Nightfall', 'genre': 'Pop', 'artist': 'Chelsea West', 'stream_date': '2025-07-26'}
[2025-08-07T19:39:57.030+0000] {streams_kafka_operator.py:54} INFO - Sent transaction {'listener': 'Erik Moore', 'song': 'Celestial', 'album': 'Afterglow', 'genre': 'Classical', 'artist': 'Katrina Perez', 'stream_date': '2024-10-30'}
[2025-08-07T19:39:57.032+0000] {streams_kafka_operator.py:54} INFO - Sent transaction {'listener': 'Christopher Anderson', 'song': 'Equinox', 'album': 'Static', 'genre': 'Pop', 'artist': 'Roger Hull', 'stream_date': '2025-01-08'}
[2025-08-07T19:39:57.035+0000] {streams_kafka_operator.py:54} INFO - Sent transaction {'listener': 'Jeremy Jones', 'song': 'Constellation', 'album': 'Islands', 'genre': 'R&B', 'artist': 'Todd Baker', 'stream_date': '2024-12-16'}
[2025-08-07T19:39:57.039+0000] {streams_kafka_operator.py:54} INFO - Sent transaction {'listener': 'Jessica Phillips', 'song': 'Mirage', 'album': 'Paragon', 'genre': 'Metal', 'artist': 'Samantha Elliott', 'stream_date': '2025-06-09'}
[2025-08-07T19:39:57.040+0000] {streams_kafka_operator.py:54} INFO - Sent transaction {'listener': 'Mary Lee', 'song': 'Mosaic', 'album': 'Threshold', 'genre': 'Classical', 'artist': 'Sarah Williams', 'stream_date': '2025-03-17'}
[2025-08-07T19:39:57.042+0000] {streams_kafka_operator.py:54} INFO - Sent transaction {'listener': 'Todd Reynolds MD', 'song': 'Mosaic', 'album': 'Nightfall', 'genre': 'Jazz', 'artist': 'Joe Leonard', 'stream_date': '2024-11-15'}
[2025-08-07T19:39:57.048+0000] {streams_kafka_operator.py:54} INFO - Sent transaction {'listener': 'Carmen Jenkins', 'song': 'Serenity', 'album': 'Elysium', 'genre': 'Metal', 'artist': 'Andrew Melendez', 'stream_date': '2024-10-15'}
[2025-08-07T19:39:57.053+0000] {streams_kafka_operator.py:54} INFO - Sent transaction {'listener': 'Antonio Evans', 'song': 'Solstice', 'album': 'Afterglow', 'genre': 'Rock', 'artist': 'Lisa Moody', 'stream_date': '2024-10-08'}
[2025-08-07T19:39:57.054+0000] {streams_kafka_operator.py:54} INFO - Sent transaction {'listener': 'Richard Parker', 'song': 'Fragment', 'album': 'Utopia', 'genre': 'Hip-Hop', 'artist': 'Alan Hawkins', 'stream_date': '2024-09-25'}
[2025-08-07T19:39:57.054+0000] {streams_kafka_operator.py:54} INFO - Sent transaction {'listener': 'Allen Castillo', 'song': 'Aurora', 'album': 'Static', 'genre': 'Country', 'artist': 'Randy Wise', 'stream_date': '2024-11-11'}
[2025-08-07T19:39:57.061+0000] {streams_kafka_operator.py:54} INFO - Sent transaction {'listener': 'Bruce Brown', 'song': 'Nocturne', 'album': 'Afterglow', 'genre': 'R&B', 'artist': 'Marvin Freeman', 'stream_date': '2025-06-24'}
[2025-08-07T19:39:57.068+0000] {streams_kafka_operator.py:54} INFO - Sent transaction {'listener': 'Peter Ochoa', 'song': 'Aurora', 'album': 'Ascension', 'genre': 'Metal', 'artist': 'Steven Padilla', 'stream_date': '2025-01-11'}
[2025-08-07T19:39:57.069+0000] {streams_kafka_operator.py:54} INFO - Sent transaction {'listener': 'Donald Hurst', 'song': 'Crescendo', 'album': 'Visions', 'genre': 'Hip-Hop', 'artist': 'Stephanie Baker', 'stream_date': '2025-03-12'}
[2025-08-07T19:39:57.071+0000] {streams_kafka_operator.py:54} INFO - Sent transaction {'listener': 'Rhonda Bennett', 'song': 'Vapor', 'album': 'Exodus', 'genre': 'R&B', 'artist': 'Jon Miller', 'stream_date': '2025-01-29'}
[2025-08-07T19:39:57.072+0000] {streams_kafka_operator.py:54} INFO - Sent transaction {'listener': 'Debra Davis', 'song': 'Solstice', 'album': 'Visions', 'genre': 'Hip-Hop', 'artist': 'William Rivas', 'stream_date': '2025-06-21'}
[2025-08-07T19:39:57.073+0000] {streams_kafka_operator.py:54} INFO - Sent transaction {'listener': 'Henry Hardin', 'song': 'Momentum', 'album': 'Nightfall', 'genre': 'Hip-Hop', 'artist': 'Judith Lee', 'stream_date': '2025-01-21'}
[2025-08-07T19:39:57.074+0000] {streams_kafka_operator.py:54} INFO - Sent transaction {'listener': 'Dustin Rodriguez', 'song': 'Equinox', 'album': 'Nightfall', 'genre': 'R&B', 'artist': 'Luis Chapman', 'stream_date': '2025-09-01'}
[2025-08-07T19:39:57.076+0000] {streams_kafka_operator.py:54} INFO - Sent transaction {'listener': 'Mary Collins', 'song': 'Paradox', 'album': 'Limelight', 'genre': 'R&B', 'artist': 'Kristina Snyder', 'stream_date': '2025-03-17'}
[2025-08-07T19:39:57.077+0000] {streams_kafka_operator.py:54} INFO - Sent transaction {'listener': 'John Coleman', 'song': 'Vortex', 'album': 'Islands', 'genre': 'Rock', 'artist': 'Ryan Cole', 'stream_date': '2024-12-08'}
[2025-08-07T19:39:57.078+0000] {streams_kafka_operator.py:54} INFO - Sent transaction {'listener': 'Thomas Underwood', 'song': 'Radiant', 'album': 'Paragon', 'genre': 'Classical', 'artist': 'Monique Anderson', 'stream_date': '2025-06-30'}
[2025-08-07T19:39:57.078+0000] {streams_kafka_operator.py:54} INFO - Sent transaction {'listener': 'Harold Garza', 'song': 'Vortex', 'album': 'Rebellion', 'genre': 'Country', 'artist': 'William Acosta', 'stream_date': '2025-02-16'}
[2025-08-07T19:39:57.079+0000] {streams_kafka_operator.py:54} INFO - Sent transaction {'listener': 'Daniel Lee', 'song': 'Pulse!', 'album': 'Paragon', 'genre': 'Pop', 'artist': 'Jesse Edwards', 'stream_date': '2024-10-12'}
[2025-08-07T19:39:57.080+0000] {streams_kafka_operator.py:54} INFO - Sent transaction {'listener': 'Michael Young', 'song': 'Echo?', 'album': 'Threshold', 'genre': 'Pop', 'artist': 'Barbara Mcintosh', 'stream_date': '2025-06-27'}
[2025-08-07T19:39:57.082+0000] {streams_kafka_operator.py:54} INFO - Sent transaction {'listener': 'Joseph Holland', 'song': 'Prism!', 'album': 'Islands', 'genre': 'Reggae', 'artist': 'David Levy', 'stream_date': '2025-07-28'}
[2025-08-07T19:39:57.083+0000] {streams_kafka_operator.py:54} INFO - Sent transaction {'listener': 'Sheri Smith', 'song': 'Echo?', 'album': 'Threshold', 'genre': 'Country', 'artist': 'Brandon Thomas', 'stream_date': '2024-11-30'}
[2025-08-07T19:39:57.083+0000] {streams_kafka_operator.py:54} INFO - Sent transaction {'listener': 'Lindsay Long', 'song': 'Fragment', 'album': 'Visions', 'genre': 'Hip-Hop', 'artist': 'Christine Perez', 'stream_date': '2024-10-18'}
[2025-08-07T19:39:57.084+0000] {streams_kafka_operator.py:54} INFO - Sent transaction {'listener': 'Marcus Clark', 'song': 'Gravity', 'album': 'Limelight', 'genre': 'Pop', 'artist': 'Brandon Smith', 'stream_date': '2025-06-05'}
[2025-08-07T19:39:57.085+0000] {streams_kafka_operator.py:54} INFO - Sent transaction {'listener': 'Sarah Mitchell', 'song': 'Paradox', 'album': 'Elysium', 'genre': 'Jazz', 'artist': 'Jacqueline Howell', 'stream_date': '2025-08-07'}
[2025-08-07T19:39:57.086+0000] {streams_kafka_operator.py:54} INFO - Sent transaction {'listener': 'Joshua May', 'song': 'Anthem', 'album': 'Limelight', 'genre': 'R&B', 'artist': 'Antonio Parks', 'stream_date': '2025-01-05'}
[2025-08-07T19:39:57.088+0000] {streams_kafka_operator.py:54} INFO - Sent transaction {'listener': 'Michael Johnson', 'song': 'Vapor', 'album': 'Visions', 'genre': 'Metal', 'artist': 'Nathan Lee', 'stream_date': '2024-12-08'}
[2025-08-07T19:39:57.091+0000] {streams_kafka_operator.py:57} INFO - 100 transactions sent has been sent to kafka stream_data!
[2025-08-07T19:39:57.091+0000] {conn.py:945} INFO - <BrokerConnection client_id=kafka-python-producer-1, node_id=4 host=kafka-broker-1:19092 <connected> [IPv4 ('172.18.0.7', 19092)]>: Closing connection. 
[2025-08-07T19:39:57.092+0000] {conn.py:945} INFO - <BrokerConnection client_id=kafka-python-producer-1, node_id=5 host=kafka-broker-2:19092 <connected> [IPv4 ('172.18.0.8', 19092)]>: Closing connection. 
[2025-08-07T19:39:57.102+0000] {taskinstance.py:341} INFO - ::group::Post task execution logs
[2025-08-07T19:39:57.103+0000] {taskinstance.py:353} INFO - Marking task as SUCCESS. dag_id=stream_generator, task_id=generator_stream_data, run_id=manual__2025-08-07T19:39:54.716162+00:00, execution_date=20250807T193954, start_date=20250807T193956, end_date=20250807T193957
[2025-08-07T19:39:57.159+0000] {local_task_job_runner.py:266} INFO - Task exited with return code 0
[2025-08-07T19:39:57.174+0000] {taskinstance.py:3901} INFO - 0 downstream tasks scheduled from follow-on schedule check
[2025-08-07T19:39:57.177+0000] {local_task_job_runner.py:245} INFO - ::endgroup::
