[2025-08-07T22:44:56.060+0000] {local_task_job_runner.py:123} INFO - ::group::Pre task execution logs
[2025-08-07T22:44:56.085+0000] {taskinstance.py:2614} INFO - Dependencies all met for dep_context=non-requeueable deps ti=<TaskInstance: stream_generator.generator_stream_data manual__2025-08-07T22:44:54.219285+00:00 [queued]>
[2025-08-07T22:44:56.104+0000] {taskinstance.py:2614} INFO - Dependencies all met for dep_context=requeueable deps ti=<TaskInstance: stream_generator.generator_stream_data manual__2025-08-07T22:44:54.219285+00:00 [queued]>
[2025-08-07T22:44:56.104+0000] {taskinstance.py:2867} INFO - Starting attempt 1 of 1
[2025-08-07T22:44:56.125+0000] {taskinstance.py:2890} INFO - Executing <Task(StreamProduceOperator): generator_stream_data> on 2025-08-07 22:44:54.219285+00:00
[2025-08-07T22:44:56.137+0000] {logging_mixin.py:190} WARNING - /home/***/.local/lib/python3.12/site-packages/***/task/task_runner/standard_task_runner.py:70 DeprecationWarning: This process (pid=8985) is multi-threaded, use of fork() may lead to deadlocks in the child.
[2025-08-07T22:44:56.139+0000] {standard_task_runner.py:72} INFO - Started process 8986 to run task
[2025-08-07T22:44:56.137+0000] {standard_task_runner.py:104} INFO - Running: ['***', 'tasks', 'run', 'stream_generator', 'generator_stream_data', 'manual__2025-08-07T22:44:54.219285+00:00', '--job-id', '844', '--raw', '--subdir', 'DAGS_FOLDER/streams_generator.py', '--cfg-path', '/tmp/tmp0a3dygbu']
[2025-08-07T22:44:56.142+0000] {standard_task_runner.py:105} INFO - Job 844: Subtask generator_stream_data
[2025-08-07T22:44:56.226+0000] {task_command.py:467} INFO - Running <TaskInstance: stream_generator.generator_stream_data manual__2025-08-07T22:44:54.219285+00:00 [running]> on host e139a9424c76
[2025-08-07T22:44:56.324+0000] {taskinstance.py:3134} INFO - Exporting env vars: AIRFLOW_CTX_DAG_OWNER='GGCODE' AIRFLOW_CTX_DAG_ID='stream_generator' AIRFLOW_CTX_TASK_ID='generator_stream_data' AIRFLOW_CTX_EXECUTION_DATE='2025-08-07T22:44:54.219285+00:00' AIRFLOW_CTX_TRY_NUMBER='1' AIRFLOW_CTX_DAG_RUN_ID='manual__2025-08-07T22:44:54.219285+00:00'
[2025-08-07T22:44:56.324+0000] {taskinstance.py:732} INFO - ::endgroup::
[2025-08-07T22:44:56.744+0000] {conn.py:396} INFO - <BrokerConnection client_id=kafka-python-producer-1, node_id=bootstrap-0 host=kafka-broker-2:19092 <connecting> [IPv4 ('172.18.0.7', 19092)]>: connecting to kafka-broker-2:19092 [('172.18.0.7', 19092) IPv4]
[2025-08-07T22:44:56.752+0000] {conn.py:618} INFO - <BrokerConnection client_id=kafka-python-producer-1, node_id=bootstrap-0 host=kafka-broker-2:19092 <checking_api_versions_recv> [IPv4 ('172.18.0.7', 19092)]>: Broker version identified as 2.6
[2025-08-07T22:44:56.753+0000] {conn.py:457} INFO - <BrokerConnection client_id=kafka-python-producer-1, node_id=bootstrap-0 host=kafka-broker-2:19092 <connected> [IPv4 ('172.18.0.7', 19092)]>: Connection complete.
[2025-08-07T22:44:56.859+0000] {conn.py:396} INFO - <BrokerConnection client_id=kafka-python-producer-1, node_id=6 host=kafka-broker-3:19092 <connecting> [IPv4 ('172.18.0.9', 19092)]>: connecting to kafka-broker-3:19092 [('172.18.0.9', 19092) IPv4]
[2025-08-07T22:44:56.861+0000] {conn.py:457} INFO - <BrokerConnection client_id=kafka-python-producer-1, node_id=6 host=kafka-broker-3:19092 <connected> [IPv4 ('172.18.0.9', 19092)]>: Connection complete.
[2025-08-07T22:44:56.861+0000] {conn.py:945} INFO - <BrokerConnection client_id=kafka-python-producer-1, node_id=bootstrap-0 host=kafka-broker-2:19092 <connected> [IPv4 ('172.18.0.7', 19092)]>: Closing connection. 
[2025-08-07T22:44:56.865+0000] {streams_kafka_operator.py:54} INFO - Sent transaction {'listener': 'Elizabeth Hughes', 'song': 'Anthem', 'album': 'Limelight', 'genre': 'Rock', 'artist': 'Jonathan Jones', 'stream_date': '2025-04-02'}
[2025-08-07T22:44:56.867+0000] {streams_kafka_operator.py:54} INFO - Sent transaction {'listener': 'Tracy Carlson', 'song': 'Reverie', 'album': 'Paragon', 'genre': 'Jazz', 'artist': 'Joshua Blackwell', 'stream_date': '2025-03-12'}
[2025-08-07T22:44:56.867+0000] {conn.py:396} INFO - <BrokerConnection client_id=kafka-python-producer-1, node_id=5 host=kafka-broker-2:19092 <connecting> [IPv4 ('172.18.0.7', 19092)]>: connecting to kafka-broker-2:19092 [('172.18.0.7', 19092) IPv4]
[2025-08-07T22:44:56.868+0000] {streams_kafka_operator.py:54} INFO - Sent transaction {'listener': 'Donna Williams', 'song': 'Gravity', 'album': 'Rebellion', 'genre': 'Pop', 'artist': 'Savannah Orr', 'stream_date': '2025-04-19'}
[2025-08-07T22:44:56.870+0000] {streams_kafka_operator.py:54} INFO - Sent transaction {'listener': 'Isaac Mccall', 'song': 'Pulse', 'album': 'Limelight', 'genre': 'Metal', 'artist': 'Harold Kirk', 'stream_date': '2025-08-21'}
[2025-08-07T22:44:56.870+0000] {streams_kafka_operator.py:54} INFO - Sent transaction {'listener': 'Allison Baxter', 'song': 'Radiance', 'album': 'Rebellion', 'genre': 'Rock', 'artist': 'Jordan Holmes', 'stream_date': '2024-11-23'}
[2025-08-07T22:44:56.871+0000] {streams_kafka_operator.py:54} INFO - Sent transaction {'listener': 'Allison Small', 'song': 'Pulse!', 'album': 'Rebellion', 'genre': 'Pop', 'artist': 'Dillon Brown', 'stream_date': '2025-07-01'}
[2025-08-07T22:44:56.871+0000] {conn.py:457} INFO - <BrokerConnection client_id=kafka-python-producer-1, node_id=5 host=kafka-broker-2:19092 <connected> [IPv4 ('172.18.0.7', 19092)]>: Connection complete.
[2025-08-07T22:44:56.872+0000] {streams_kafka_operator.py:54} INFO - Sent transaction {'listener': 'Jamie Perry', 'song': 'Nomad', 'album': 'Limelight', 'genre': 'Electronic', 'artist': 'James Elliott', 'stream_date': '2024-12-16'}
[2025-08-07T22:44:56.874+0000] {streams_kafka_operator.py:54} INFO - Sent transaction {'listener': 'Sandra Anderson', 'song': 'Velocity', 'album': 'Exodus', 'genre': 'Country', 'artist': 'Jennifer Thomas', 'stream_date': '2025-02-09'}
[2025-08-07T22:44:56.876+0000] {streams_kafka_operator.py:54} INFO - Sent transaction {'listener': 'David Armstrong', 'song': 'Anthem', 'album': 'Nightfall', 'genre': 'Pop', 'artist': 'Mary Baker', 'stream_date': '2025-02-16'}
[2025-08-07T22:44:56.877+0000] {streams_kafka_operator.py:54} INFO - Sent transaction {'listener': 'Jason Richard', 'song': 'Horizon!', 'album': 'Islands', 'genre': 'Metal', 'artist': 'Amanda Castro', 'stream_date': '2025-03-23'}
[2025-08-07T22:44:56.881+0000] {streams_kafka_operator.py:54} INFO - Sent transaction {'listener': 'Kerri Morrow', 'song': 'Nomad', 'album': 'Elysium', 'genre': 'Hip-Hop', 'artist': 'Morgan Scott', 'stream_date': '2024-10-02'}
[2025-08-07T22:44:56.882+0000] {streams_kafka_operator.py:54} INFO - Sent transaction {'listener': 'Joan Freeman', 'song': 'Vortex', 'album': 'Exodus', 'genre': 'Country', 'artist': 'Lori Hughes', 'stream_date': '2025-04-14'}
[2025-08-07T22:44:56.883+0000] {streams_kafka_operator.py:54} INFO - Sent transaction {'listener': 'David Caldwell', 'song': 'Aurora?', 'album': 'Sanctuary', 'genre': 'Hip-Hop', 'artist': 'James Griffith', 'stream_date': '2025-03-27'}
[2025-08-07T22:44:56.884+0000] {streams_kafka_operator.py:54} INFO - Sent transaction {'listener': 'Austin Atkinson', 'song': 'Cascade', 'album': 'Static', 'genre': 'Classical', 'artist': 'Megan Reed', 'stream_date': '2024-10-01'}
[2025-08-07T22:44:56.887+0000] {streams_kafka_operator.py:54} INFO - Sent transaction {'listener': 'Sean Morgan', 'song': 'Mirage?', 'album': 'Nightfall', 'genre': 'Hip-Hop', 'artist': 'Kelli Black', 'stream_date': '2025-06-29'}
[2025-08-07T22:44:56.888+0000] {streams_kafka_operator.py:54} INFO - Sent transaction {'listener': 'Shannon Thomas', 'song': 'Horizon', 'album': 'Limelight', 'genre': 'R&B', 'artist': 'Suzanne Munoz', 'stream_date': '2024-08-21'}
[2025-08-07T22:44:56.890+0000] {streams_kafka_operator.py:54} INFO - Sent transaction {'listener': 'Vanessa Stone', 'song': 'Cascade', 'album': 'Static', 'genre': 'Pop', 'artist': 'Michael Sanchez', 'stream_date': '2024-11-15'}
[2025-08-07T22:44:56.892+0000] {streams_kafka_operator.py:54} INFO - Sent transaction {'listener': 'Jennifer Chandler', 'song': 'Spectrum?', 'album': 'Visions', 'genre': 'Electronic', 'artist': 'Justin Anderson', 'stream_date': '2025-02-28'}
[2025-08-07T22:44:56.893+0000] {streams_kafka_operator.py:54} INFO - Sent transaction {'listener': 'Betty Jones', 'song': 'Equinox', 'album': 'Elysium', 'genre': 'Country', 'artist': 'Michael Wilson', 'stream_date': '2024-09-30'}
[2025-08-07T22:44:56.895+0000] {streams_kafka_operator.py:54} INFO - Sent transaction {'listener': 'Kelly Greene', 'song': 'Eclipse', 'album': 'Utopia', 'genre': 'R&B', 'artist': 'Teresa Francis', 'stream_date': '2024-09-18'}
[2025-08-07T22:44:56.896+0000] {streams_kafka_operator.py:54} INFO - Sent transaction {'listener': 'Zachary Baker', 'song': 'Radiance', 'album': 'Threshold', 'genre': 'R&B', 'artist': 'Ryan Olsen', 'stream_date': '2024-08-24'}
[2025-08-07T22:44:56.902+0000] {streams_kafka_operator.py:54} INFO - Sent transaction {'listener': 'Ashley Joseph', 'song': 'Solstice', 'album': 'Afterglow', 'genre': 'Hip-Hop', 'artist': 'Ashley Salas', 'stream_date': '2024-12-05'}
[2025-08-07T22:44:56.904+0000] {streams_kafka_operator.py:54} INFO - Sent transaction {'listener': 'Sara Thompson', 'song': 'Tempest', 'album': 'Visions', 'genre': 'Jazz', 'artist': 'Victoria Wise', 'stream_date': '2025-05-13'}
[2025-08-07T22:44:56.907+0000] {streams_kafka_operator.py:54} INFO - Sent transaction {'listener': 'Douglas Willis', 'song': 'Drift', 'album': 'Rebellion', 'genre': 'Electronic', 'artist': 'Gregory Arroyo', 'stream_date': '2024-10-06'}
[2025-08-07T22:44:56.910+0000] {streams_kafka_operator.py:54} INFO - Sent transaction {'listener': 'Gabriel Andrade', 'song': 'Fragment', 'album': 'Afterglow', 'genre': 'Hip-Hop', 'artist': 'Jennifer Hart', 'stream_date': '2025-05-07'}
[2025-08-07T22:44:56.911+0000] {streams_kafka_operator.py:54} INFO - Sent transaction {'listener': 'Tyler Martin', 'song': 'Equinox', 'album': 'Static', 'genre': 'Electronic', 'artist': 'Ethan Hogan', 'stream_date': '2025-05-17'}
[2025-08-07T22:44:56.913+0000] {streams_kafka_operator.py:54} INFO - Sent transaction {'listener': 'Christine Jackson', 'song': 'Pulse!', 'album': 'Threshold', 'genre': 'Reggae', 'artist': 'Nichole Burke', 'stream_date': '2025-02-14'}
[2025-08-07T22:44:56.915+0000] {streams_kafka_operator.py:54} INFO - Sent transaction {'listener': 'Mr. Cameron Byrd', 'song': 'Ember', 'album': 'Rebellion', 'genre': 'Classical', 'artist': 'Angela Ward', 'stream_date': '2025-07-14'}
[2025-08-07T22:44:56.916+0000] {streams_kafka_operator.py:54} INFO - Sent transaction {'listener': 'Jennifer Landry', 'song': 'Ember', 'album': 'Exodus', 'genre': 'Reggae', 'artist': 'Nicholas Ferguson', 'stream_date': '2024-09-11'}
[2025-08-07T22:44:56.917+0000] {streams_kafka_operator.py:54} INFO - Sent transaction {'listener': 'Karen Brock', 'song': 'Constellation', 'album': 'Threshold', 'genre': 'Jazz', 'artist': 'Megan Rodriguez', 'stream_date': '2025-07-16'}
[2025-08-07T22:44:56.918+0000] {streams_kafka_operator.py:54} INFO - Sent transaction {'listener': 'Kevin Combs', 'song': 'Prism!', 'album': 'Static', 'genre': 'Classical', 'artist': 'Christopher Miles', 'stream_date': '2025-02-16'}
[2025-08-07T22:44:56.919+0000] {streams_kafka_operator.py:54} INFO - Sent transaction {'listener': 'Daniel Morton', 'song': 'Drift', 'album': 'Daybreak', 'genre': 'R&B', 'artist': 'Kayla Welch', 'stream_date': '2025-07-04'}
[2025-08-07T22:44:56.920+0000] {streams_kafka_operator.py:54} INFO - Sent transaction {'listener': 'Bryan Cherry', 'song': 'Horizon!', 'album': 'Islands', 'genre': 'Electronic', 'artist': 'Ashley Martinez', 'stream_date': '2024-10-23'}
[2025-08-07T22:44:56.921+0000] {streams_kafka_operator.py:54} INFO - Sent transaction {'listener': 'Stephanie Wilson', 'song': 'Infinity', 'album': 'Islands', 'genre': 'R&B', 'artist': 'Oscar Thomas', 'stream_date': '2025-08-11'}
[2025-08-07T22:44:56.922+0000] {streams_kafka_operator.py:54} INFO - Sent transaction {'listener': 'Lucas Koch', 'song': 'Aurora', 'album': 'Utopia', 'genre': 'Electronic', 'artist': 'Nicole Bishop', 'stream_date': '2024-08-16'}
[2025-08-07T22:44:56.923+0000] {streams_kafka_operator.py:54} INFO - Sent transaction {'listener': 'Eric Lowe', 'song': 'Solace', 'album': 'Threshold', 'genre': 'Reggae', 'artist': 'Aaron Blackburn', 'stream_date': '2024-08-10'}
[2025-08-07T22:44:56.923+0000] {streams_kafka_operator.py:54} INFO - Sent transaction {'listener': 'Elizabeth Sosa', 'song': 'Horizon', 'album': 'Utopia', 'genre': 'Reggae', 'artist': 'Renee Beck', 'stream_date': '2024-12-18'}
[2025-08-07T22:44:56.924+0000] {streams_kafka_operator.py:54} INFO - Sent transaction {'listener': 'Andrea Simmons', 'song': 'Radiance', 'album': 'Rebellion', 'genre': 'Country', 'artist': 'Kelly Fowler MD', 'stream_date': '2025-06-05'}
[2025-08-07T22:44:56.925+0000] {streams_kafka_operator.py:54} INFO - Sent transaction {'listener': 'Edgar Banks', 'song': 'Quantum', 'album': 'Daybreak', 'genre': 'Hip-Hop', 'artist': 'Jose Torres', 'stream_date': '2024-11-29'}
[2025-08-07T22:44:56.926+0000] {streams_kafka_operator.py:54} INFO - Sent transaction {'listener': 'Zachary Bailey', 'song': 'Equinox', 'album': 'Daybreak', 'genre': 'Metal', 'artist': 'James Mccall', 'stream_date': '2025-02-09'}
[2025-08-07T22:44:56.926+0000] {streams_kafka_operator.py:54} INFO - Sent transaction {'listener': 'Zachary Gordon', 'song': 'Crescendo', 'album': 'Threshold', 'genre': 'Metal', 'artist': 'Katelyn Cole', 'stream_date': '2025-03-03'}
[2025-08-07T22:44:56.927+0000] {streams_kafka_operator.py:54} INFO - Sent transaction {'listener': 'Kristina Brooks', 'song': 'Ember', 'album': 'Visions', 'genre': 'Classical', 'artist': 'Julia Hogan', 'stream_date': '2025-01-06'}
[2025-08-07T22:44:56.928+0000] {streams_kafka_operator.py:54} INFO - Sent transaction {'listener': 'Nancy Perez', 'song': 'Crescendo', 'album': 'Islands', 'genre': 'Reggae', 'artist': 'Logan Burns', 'stream_date': '2024-09-25'}
[2025-08-07T22:44:56.929+0000] {streams_kafka_operator.py:54} INFO - Sent transaction {'listener': 'Alex Kent', 'song': 'Aurora?', 'album': 'Nightfall', 'genre': 'Jazz', 'artist': 'Sara Jones', 'stream_date': '2025-07-30'}
[2025-08-07T22:44:56.930+0000] {streams_kafka_operator.py:54} INFO - Sent transaction {'listener': 'Carolyn Hampton', 'song': 'Tempest', 'album': 'Paragon', 'genre': 'Hip-Hop', 'artist': 'Mrs. Monique Green MD', 'stream_date': '2024-08-29'}
[2025-08-07T22:44:56.930+0000] {streams_kafka_operator.py:54} INFO - Sent transaction {'listener': 'Jennifer Barber', 'song': 'Labyrinth', 'album': 'Static', 'genre': 'Rock', 'artist': 'Mark Ramirez', 'stream_date': '2025-01-13'}
[2025-08-07T22:44:56.931+0000] {streams_kafka_operator.py:54} INFO - Sent transaction {'listener': 'Shawn Rogers', 'song': 'Pulse', 'album': 'Visions', 'genre': 'Country', 'artist': 'Diana Cook', 'stream_date': '2024-08-22'}
[2025-08-07T22:44:56.932+0000] {streams_kafka_operator.py:54} INFO - Sent transaction {'listener': 'David Davenport', 'song': 'Eclipse', 'album': 'Paragon', 'genre': 'Reggae', 'artist': 'Gabriella Mcdowell', 'stream_date': '2025-05-18'}
[2025-08-07T22:44:56.933+0000] {streams_kafka_operator.py:54} INFO - Sent transaction {'listener': 'Arthur Myers', 'song': 'Prism!', 'album': 'Threshold', 'genre': 'Metal', 'artist': 'John Phillips', 'stream_date': '2024-09-21'}
[2025-08-07T22:44:56.934+0000] {streams_kafka_operator.py:54} INFO - Sent transaction {'listener': 'Nicholas Morrow', 'song': 'Nocturne', 'album': 'Static', 'genre': 'Country', 'artist': 'Brian Bush', 'stream_date': '2024-11-01'}
[2025-08-07T22:44:56.935+0000] {streams_kafka_operator.py:54} INFO - Sent transaction {'listener': 'Kimberly Simmons', 'song': 'Eclipse', 'album': 'Nightfall', 'genre': 'Metal', 'artist': 'Alan Kaiser', 'stream_date': '2025-04-20'}
[2025-08-07T22:44:56.936+0000] {streams_kafka_operator.py:54} INFO - Sent transaction {'listener': 'Christopher Munoz', 'song': 'Constellation', 'album': 'Limelight', 'genre': 'Electronic', 'artist': 'Hannah Greene', 'stream_date': '2025-04-23'}
[2025-08-07T22:44:56.937+0000] {streams_kafka_operator.py:54} INFO - Sent transaction {'listener': 'Kevin Fox', 'song': 'Horizon', 'album': 'Visions', 'genre': 'R&B', 'artist': 'Deborah Jensen', 'stream_date': '2025-07-14'}
[2025-08-07T22:44:56.939+0000] {streams_kafka_operator.py:54} INFO - Sent transaction {'listener': 'James Browning', 'song': 'Silhouette', 'album': 'Paragon', 'genre': 'Hip-Hop', 'artist': 'Kathryn Avila', 'stream_date': '2025-03-07'}
[2025-08-07T22:44:56.940+0000] {streams_kafka_operator.py:54} INFO - Sent transaction {'listener': 'Angela Wilkins', 'song': 'Nocturne', 'album': 'Sanctuary', 'genre': 'Rock', 'artist': 'Natasha Wolf', 'stream_date': '2024-10-06'}
[2025-08-07T22:44:56.941+0000] {streams_kafka_operator.py:54} INFO - Sent transaction {'listener': 'Manuel Tucker II', 'song': 'Horizon', 'album': 'Nightfall', 'genre': 'Hip-Hop', 'artist': 'Joseph Cook', 'stream_date': '2024-11-21'}
[2025-08-07T22:44:56.942+0000] {streams_kafka_operator.py:54} INFO - Sent transaction {'listener': 'Christina Love', 'song': 'Aurora', 'album': 'Exodus', 'genre': 'Pop', 'artist': 'Rachel Horn', 'stream_date': '2024-10-25'}
[2025-08-07T22:44:56.943+0000] {streams_kafka_operator.py:54} INFO - Sent transaction {'listener': 'Christopher Zuniga', 'song': 'Infinity', 'album': 'Utopia', 'genre': 'Hip-Hop', 'artist': 'Thomas Gordon', 'stream_date': '2025-09-03'}
[2025-08-07T22:44:56.944+0000] {streams_kafka_operator.py:54} INFO - Sent transaction {'listener': 'Kelsey Brown', 'song': 'Spectrum?', 'album': 'Rebellion', 'genre': 'Metal', 'artist': 'Jennifer Jones', 'stream_date': '2025-01-01'}
[2025-08-07T22:44:56.945+0000] {streams_kafka_operator.py:54} INFO - Sent transaction {'listener': 'George Nichols', 'song': 'Prism!', 'album': 'Daybreak', 'genre': 'Rock', 'artist': 'Hailey Palmer', 'stream_date': '2025-07-08'}
[2025-08-07T22:44:56.946+0000] {streams_kafka_operator.py:54} INFO - Sent transaction {'listener': 'William Smith', 'song': 'Nocturne', 'album': 'Utopia', 'genre': 'Metal', 'artist': 'Charles Roberts DDS', 'stream_date': '2025-01-12'}
[2025-08-07T22:44:56.947+0000] {streams_kafka_operator.py:54} INFO - Sent transaction {'listener': 'Maria Lawrence', 'song': 'Ember!', 'album': 'Ascension', 'genre': 'Classical', 'artist': 'Larry Lee', 'stream_date': '2024-11-25'}
[2025-08-07T22:44:56.947+0000] {streams_kafka_operator.py:54} INFO - Sent transaction {'listener': 'Mary Barber', 'song': 'Drift', 'album': 'Exodus', 'genre': 'Electronic', 'artist': 'Heather Montgomery', 'stream_date': '2025-07-18'}
[2025-08-07T22:44:56.948+0000] {streams_kafka_operator.py:54} INFO - Sent transaction {'listener': 'Laura Gregory', 'song': 'Vortex', 'album': 'Visions', 'genre': 'R&B', 'artist': 'Denise Alexander', 'stream_date': '2025-08-01'}
[2025-08-07T22:44:56.950+0000] {streams_kafka_operator.py:54} INFO - Sent transaction {'listener': 'David Wright', 'song': 'Phoenix', 'album': 'Afterglow', 'genre': 'Hip-Hop', 'artist': 'Terry Nguyen', 'stream_date': '2025-01-20'}
[2025-08-07T22:44:56.953+0000] {streams_kafka_operator.py:54} INFO - Sent transaction {'listener': 'Miss Wendy Hernandez', 'song': 'Radiant', 'album': 'Daybreak', 'genre': 'Reggae', 'artist': 'Neil Murray', 'stream_date': '2025-01-02'}
[2025-08-07T22:44:56.955+0000] {streams_kafka_operator.py:54} INFO - Sent transaction {'listener': 'Eric Carrillo', 'song': 'Aurora', 'album': 'Sanctuary', 'genre': 'Jazz', 'artist': 'Thomas Jones', 'stream_date': '2025-01-12'}
[2025-08-07T22:44:56.957+0000] {streams_kafka_operator.py:54} INFO - Sent transaction {'listener': 'Tony Anderson', 'song': 'Reverie', 'album': 'Static', 'genre': 'Country', 'artist': 'Samuel Smith', 'stream_date': '2024-12-26'}
[2025-08-07T22:44:56.959+0000] {streams_kafka_operator.py:54} INFO - Sent transaction {'listener': 'Bethany Jensen', 'song': 'Tempest', 'album': 'Afterglow', 'genre': 'Classical', 'artist': 'Scott Jackson', 'stream_date': '2025-06-07'}
[2025-08-07T22:44:56.961+0000] {streams_kafka_operator.py:54} INFO - Sent transaction {'listener': 'Richard Jones', 'song': 'Mirage?', 'album': 'Nightfall', 'genre': 'Reggae', 'artist': 'Chelsea West', 'stream_date': '2025-07-26'}
[2025-08-07T22:44:56.962+0000] {streams_kafka_operator.py:54} INFO - Sent transaction {'listener': 'Erik Moore', 'song': 'Celestial', 'album': 'Afterglow', 'genre': 'Pop', 'artist': 'Katrina Perez', 'stream_date': '2024-10-30'}
[2025-08-07T22:44:56.964+0000] {streams_kafka_operator.py:54} INFO - Sent transaction {'listener': 'Christopher Anderson', 'song': 'Equinox', 'album': 'Static', 'genre': 'Jazz', 'artist': 'Roger Hull', 'stream_date': '2025-01-08'}
[2025-08-07T22:44:56.966+0000] {streams_kafka_operator.py:54} INFO - Sent transaction {'listener': 'Jeremy Jones', 'song': 'Constellation', 'album': 'Islands', 'genre': 'Pop', 'artist': 'Todd Baker', 'stream_date': '2024-12-16'}
[2025-08-07T22:44:56.967+0000] {streams_kafka_operator.py:54} INFO - Sent transaction {'listener': 'Jessica Phillips', 'song': 'Mirage', 'album': 'Paragon', 'genre': 'Reggae', 'artist': 'Samantha Elliott', 'stream_date': '2025-06-09'}
[2025-08-07T22:44:56.969+0000] {streams_kafka_operator.py:54} INFO - Sent transaction {'listener': 'Mary Lee', 'song': 'Mosaic', 'album': 'Threshold', 'genre': 'Country', 'artist': 'Sarah Williams', 'stream_date': '2025-03-17'}
[2025-08-07T22:44:56.971+0000] {streams_kafka_operator.py:54} INFO - Sent transaction {'listener': 'Todd Reynolds MD', 'song': 'Mosaic', 'album': 'Nightfall', 'genre': 'R&B', 'artist': 'Joe Leonard', 'stream_date': '2024-11-15'}
[2025-08-07T22:44:56.973+0000] {streams_kafka_operator.py:54} INFO - Sent transaction {'listener': 'Carmen Jenkins', 'song': 'Serenity', 'album': 'Elysium', 'genre': 'Metal', 'artist': 'Andrew Melendez', 'stream_date': '2024-10-15'}
[2025-08-07T22:44:56.978+0000] {streams_kafka_operator.py:54} INFO - Sent transaction {'listener': 'Antonio Evans', 'song': 'Solstice', 'album': 'Afterglow', 'genre': 'Metal', 'artist': 'Lisa Moody', 'stream_date': '2024-10-08'}
[2025-08-07T22:44:56.980+0000] {streams_kafka_operator.py:54} INFO - Sent transaction {'listener': 'Richard Parker', 'song': 'Fragment', 'album': 'Utopia', 'genre': 'Pop', 'artist': 'Alan Hawkins', 'stream_date': '2024-09-25'}
[2025-08-07T22:44:56.983+0000] {streams_kafka_operator.py:54} INFO - Sent transaction {'listener': 'Allen Castillo', 'song': 'Aurora', 'album': 'Static', 'genre': 'Metal', 'artist': 'Randy Wise', 'stream_date': '2024-11-11'}
[2025-08-07T22:44:56.985+0000] {streams_kafka_operator.py:54} INFO - Sent transaction {'listener': 'Bruce Brown', 'song': 'Nocturne', 'album': 'Afterglow', 'genre': 'Hip-Hop', 'artist': 'Marvin Freeman', 'stream_date': '2025-06-24'}
[2025-08-07T22:44:56.986+0000] {streams_kafka_operator.py:54} INFO - Sent transaction {'listener': 'Peter Ochoa', 'song': 'Aurora', 'album': 'Ascension', 'genre': 'Pop', 'artist': 'Steven Padilla', 'stream_date': '2025-01-11'}
[2025-08-07T22:44:56.988+0000] {streams_kafka_operator.py:54} INFO - Sent transaction {'listener': 'Donald Hurst', 'song': 'Crescendo', 'album': 'Visions', 'genre': 'Classical', 'artist': 'Stephanie Baker', 'stream_date': '2025-03-12'}
[2025-08-07T22:44:56.989+0000] {streams_kafka_operator.py:54} INFO - Sent transaction {'listener': 'Rhonda Bennett', 'song': 'Vapor', 'album': 'Exodus', 'genre': 'Country', 'artist': 'Jon Miller', 'stream_date': '2025-01-29'}
[2025-08-07T22:44:56.991+0000] {streams_kafka_operator.py:54} INFO - Sent transaction {'listener': 'Debra Davis', 'song': 'Solstice', 'album': 'Visions', 'genre': 'Pop', 'artist': 'William Rivas', 'stream_date': '2025-06-21'}
[2025-08-07T22:44:56.993+0000] {streams_kafka_operator.py:54} INFO - Sent transaction {'listener': 'Henry Hardin', 'song': 'Momentum', 'album': 'Nightfall', 'genre': 'Country', 'artist': 'Judith Lee', 'stream_date': '2025-01-21'}
[2025-08-07T22:44:56.994+0000] {streams_kafka_operator.py:54} INFO - Sent transaction {'listener': 'Dustin Rodriguez', 'song': 'Equinox', 'album': 'Nightfall', 'genre': 'Country', 'artist': 'Luis Chapman', 'stream_date': '2025-09-01'}
[2025-08-07T22:44:56.995+0000] {streams_kafka_operator.py:54} INFO - Sent transaction {'listener': 'Mary Collins', 'song': 'Paradox', 'album': 'Limelight', 'genre': 'Reggae', 'artist': 'Kristina Snyder', 'stream_date': '2025-03-17'}
[2025-08-07T22:44:56.996+0000] {streams_kafka_operator.py:54} INFO - Sent transaction {'listener': 'John Coleman', 'song': 'Vortex', 'album': 'Islands', 'genre': 'Pop', 'artist': 'Ryan Cole', 'stream_date': '2024-12-08'}
[2025-08-07T22:44:56.999+0000] {streams_kafka_operator.py:54} INFO - Sent transaction {'listener': 'Thomas Underwood', 'song': 'Radiant', 'album': 'Paragon', 'genre': 'Country', 'artist': 'Monique Anderson', 'stream_date': '2025-06-30'}
[2025-08-07T22:44:57.000+0000] {streams_kafka_operator.py:54} INFO - Sent transaction {'listener': 'Harold Garza', 'song': 'Vortex', 'album': 'Rebellion', 'genre': 'Country', 'artist': 'William Acosta', 'stream_date': '2025-02-16'}
[2025-08-07T22:44:57.001+0000] {streams_kafka_operator.py:54} INFO - Sent transaction {'listener': 'Daniel Lee', 'song': 'Pulse!', 'album': 'Paragon', 'genre': 'Electronic', 'artist': 'Jesse Edwards', 'stream_date': '2024-10-12'}
[2025-08-07T22:44:57.002+0000] {streams_kafka_operator.py:54} INFO - Sent transaction {'listener': 'Michael Young', 'song': 'Echo?', 'album': 'Threshold', 'genre': 'Jazz', 'artist': 'Barbara Mcintosh', 'stream_date': '2025-06-27'}
[2025-08-07T22:44:57.004+0000] {streams_kafka_operator.py:54} INFO - Sent transaction {'listener': 'Joseph Holland', 'song': 'Prism!', 'album': 'Islands', 'genre': 'Jazz', 'artist': 'David Levy', 'stream_date': '2025-07-28'}
[2025-08-07T22:44:57.004+0000] {streams_kafka_operator.py:54} INFO - Sent transaction {'listener': 'Sheri Smith', 'song': 'Echo?', 'album': 'Threshold', 'genre': 'Hip-Hop', 'artist': 'Brandon Thomas', 'stream_date': '2024-11-30'}
[2025-08-07T22:44:57.005+0000] {streams_kafka_operator.py:54} INFO - Sent transaction {'listener': 'Lindsay Long', 'song': 'Fragment', 'album': 'Visions', 'genre': 'Reggae', 'artist': 'Christine Perez', 'stream_date': '2024-10-18'}
[2025-08-07T22:44:57.007+0000] {streams_kafka_operator.py:54} INFO - Sent transaction {'listener': 'Marcus Clark', 'song': 'Gravity', 'album': 'Limelight', 'genre': 'Country', 'artist': 'Brandon Smith', 'stream_date': '2025-06-05'}
[2025-08-07T22:44:57.008+0000] {streams_kafka_operator.py:54} INFO - Sent transaction {'listener': 'Sarah Mitchell', 'song': 'Paradox', 'album': 'Elysium', 'genre': 'Reggae', 'artist': 'Jacqueline Howell', 'stream_date': '2025-08-07'}
[2025-08-07T22:44:57.010+0000] {streams_kafka_operator.py:54} INFO - Sent transaction {'listener': 'Joshua May', 'song': 'Anthem', 'album': 'Limelight', 'genre': 'Metal', 'artist': 'Antonio Parks', 'stream_date': '2025-01-05'}
[2025-08-07T22:44:57.012+0000] {streams_kafka_operator.py:54} INFO - Sent transaction {'listener': 'Michael Johnson', 'song': 'Vapor', 'album': 'Visions', 'genre': 'Hip-Hop', 'artist': 'Nathan Lee', 'stream_date': '2024-12-08'}
[2025-08-07T22:44:57.014+0000] {streams_kafka_operator.py:57} INFO - 100 transactions sent has been sent to kafka stream_data!
[2025-08-07T22:44:57.015+0000] {conn.py:945} INFO - <BrokerConnection client_id=kafka-python-producer-1, node_id=6 host=kafka-broker-3:19092 <connected> [IPv4 ('172.18.0.9', 19092)]>: Closing connection. 
[2025-08-07T22:44:57.015+0000] {conn.py:945} INFO - <BrokerConnection client_id=kafka-python-producer-1, node_id=5 host=kafka-broker-2:19092 <connected> [IPv4 ('172.18.0.7', 19092)]>: Closing connection. 
[2025-08-07T22:44:57.027+0000] {taskinstance.py:341} INFO - ::group::Post task execution logs
[2025-08-07T22:44:57.027+0000] {taskinstance.py:353} INFO - Marking task as SUCCESS. dag_id=stream_generator, task_id=generator_stream_data, run_id=manual__2025-08-07T22:44:54.219285+00:00, execution_date=20250807T224454, start_date=20250807T224456, end_date=20250807T224457
[2025-08-07T22:44:57.066+0000] {local_task_job_runner.py:266} INFO - Task exited with return code 0
[2025-08-07T22:44:57.084+0000] {taskinstance.py:3901} INFO - 0 downstream tasks scheduled from follow-on schedule check
[2025-08-07T22:44:57.085+0000] {local_task_job_runner.py:245} INFO - ::endgroup::
