[2025-08-05T22:27:59.420+0000] {local_task_job_runner.py:123} INFO - ::group::Pre task execution logs
[2025-08-05T22:27:59.446+0000] {taskinstance.py:2614} INFO - Dependencies all met for dep_context=non-requeueable deps ti=<TaskInstance: stream_generator.generator_stream_data manual__2025-08-05T22:27:50.219839+00:00 [queued]>
[2025-08-05T22:27:59.464+0000] {taskinstance.py:2614} INFO - Dependencies all met for dep_context=requeueable deps ti=<TaskInstance: stream_generator.generator_stream_data manual__2025-08-05T22:27:50.219839+00:00 [queued]>
[2025-08-05T22:27:59.465+0000] {taskinstance.py:2867} INFO - Starting attempt 1 of 1
[2025-08-05T22:27:59.488+0000] {taskinstance.py:2890} INFO - Executing <Task(StreamProduceOperator): generator_stream_data> on 2025-08-05 22:27:50.219839+00:00
[2025-08-05T22:27:59.511+0000] {logging_mixin.py:190} WARNING - /home/***/.local/lib/python3.12/site-packages/***/task/task_runner/standard_task_runner.py:70 DeprecationWarning: This process (pid=2925) is multi-threaded, use of fork() may lead to deadlocks in the child.
[2025-08-05T22:27:59.512+0000] {standard_task_runner.py:72} INFO - Started process 2938 to run task
[2025-08-05T22:27:59.511+0000] {standard_task_runner.py:104} INFO - Running: ['***', 'tasks', 'run', 'stream_generator', 'generator_stream_data', 'manual__2025-08-05T22:27:50.219839+00:00', '--job-id', '769', '--raw', '--subdir', 'DAGS_FOLDER/streams_generator.py', '--cfg-path', '/tmp/tmpv6gbr8r3']
[2025-08-05T22:27:59.514+0000] {standard_task_runner.py:105} INFO - Job 769: Subtask generator_stream_data
[2025-08-05T22:27:59.608+0000] {task_command.py:467} INFO - Running <TaskInstance: stream_generator.generator_stream_data manual__2025-08-05T22:27:50.219839+00:00 [running]> on host 86211193b7ee
[2025-08-05T22:27:59.684+0000] {taskinstance.py:3134} INFO - Exporting env vars: AIRFLOW_CTX_DAG_OWNER='GGCODE' AIRFLOW_CTX_DAG_ID='stream_generator' AIRFLOW_CTX_TASK_ID='generator_stream_data' AIRFLOW_CTX_EXECUTION_DATE='2025-08-05T22:27:50.219839+00:00' AIRFLOW_CTX_TRY_NUMBER='1' AIRFLOW_CTX_DAG_RUN_ID='manual__2025-08-05T22:27:50.219839+00:00'
[2025-08-05T22:27:59.684+0000] {taskinstance.py:732} INFO - ::endgroup::
[2025-08-05T22:27:59.915+0000] {conn.py:1516} WARNING - DNS lookup failed for kafka-broker-2:19092, exception was [Errno -2] Name or service not known. Is your advertised.listeners (called advertised.host.name before Kafka 9) correct and resolvable?
[2025-08-05T22:27:59.915+0000] {conn.py:323} ERROR - <BrokerConnection client_id=kafka-python-producer-1, node_id=bootstrap-0 host=kafka-broker-2:19092 <connecting> [unspecified None]>: DNS lookup failed for kafka-broker-2:19092 (0)
[2025-08-05T22:27:59.916+0000] {conn.py:945} ERROR - <BrokerConnection client_id=kafka-python-producer-1, node_id=bootstrap-0 host=kafka-broker-2:19092 <connecting> [unspecified None]>: Closing connection. KafkaConnectionError: DNS failure
[2025-08-05T22:27:59.916+0000] {client_async.py:1049} WARNING - No node available during check_version; sleeping 0.04 secs
[2025-08-05T22:27:59.965+0000] {conn.py:1516} WARNING - DNS lookup failed for kafka-broker-2:19092, exception was [Errno -2] Name or service not known. Is your advertised.listeners (called advertised.host.name before Kafka 9) correct and resolvable?
[2025-08-05T22:27:59.966+0000] {conn.py:323} ERROR - <BrokerConnection client_id=kafka-python-producer-1, node_id=bootstrap-0 host=kafka-broker-2:19092 <connecting> [unspecified None]>: DNS lookup failed for kafka-broker-2:19092 (0)
[2025-08-05T22:27:59.966+0000] {conn.py:945} ERROR - <BrokerConnection client_id=kafka-python-producer-1, node_id=bootstrap-0 host=kafka-broker-2:19092 <connecting> [unspecified None]>: Closing connection. KafkaConnectionError: DNS failure
[2025-08-05T22:27:59.966+0000] {client_async.py:1049} WARNING - No node available during check_version; sleeping 0.09 secs
[2025-08-05T22:28:00.057+0000] {conn.py:1516} WARNING - DNS lookup failed for kafka-broker-2:19092, exception was [Errno -2] Name or service not known. Is your advertised.listeners (called advertised.host.name before Kafka 9) correct and resolvable?
[2025-08-05T22:28:00.057+0000] {conn.py:323} ERROR - <BrokerConnection client_id=kafka-python-producer-1, node_id=bootstrap-0 host=kafka-broker-2:19092 <connecting> [unspecified None]>: DNS lookup failed for kafka-broker-2:19092 (0)
[2025-08-05T22:28:00.058+0000] {conn.py:945} ERROR - <BrokerConnection client_id=kafka-python-producer-1, node_id=bootstrap-0 host=kafka-broker-2:19092 <connecting> [unspecified None]>: Closing connection. KafkaConnectionError: DNS failure
[2025-08-05T22:28:00.058+0000] {client_async.py:1049} WARNING - No node available during check_version; sleeping 0.17 secs
[2025-08-05T22:28:00.227+0000] {conn.py:1516} WARNING - DNS lookup failed for kafka-broker-2:19092, exception was [Errno -2] Name or service not known. Is your advertised.listeners (called advertised.host.name before Kafka 9) correct and resolvable?
[2025-08-05T22:28:00.228+0000] {conn.py:323} ERROR - <BrokerConnection client_id=kafka-python-producer-1, node_id=bootstrap-0 host=kafka-broker-2:19092 <connecting> [unspecified None]>: DNS lookup failed for kafka-broker-2:19092 (0)
[2025-08-05T22:28:00.228+0000] {conn.py:945} ERROR - <BrokerConnection client_id=kafka-python-producer-1, node_id=bootstrap-0 host=kafka-broker-2:19092 <connecting> [unspecified None]>: Closing connection. KafkaConnectionError: DNS failure
[2025-08-05T22:28:00.228+0000] {client_async.py:1049} WARNING - No node available during check_version; sleeping 0.46 secs
[2025-08-05T22:28:00.698+0000] {conn.py:1516} WARNING - DNS lookup failed for kafka-broker-2:19092, exception was [Errno -2] Name or service not known. Is your advertised.listeners (called advertised.host.name before Kafka 9) correct and resolvable?
[2025-08-05T22:28:00.699+0000] {conn.py:323} ERROR - <BrokerConnection client_id=kafka-python-producer-1, node_id=bootstrap-0 host=kafka-broker-2:19092 <connecting> [unspecified None]>: DNS lookup failed for kafka-broker-2:19092 (0)
[2025-08-05T22:28:00.699+0000] {conn.py:945} ERROR - <BrokerConnection client_id=kafka-python-producer-1, node_id=bootstrap-0 host=kafka-broker-2:19092 <connecting> [unspecified None]>: Closing connection. KafkaConnectionError: DNS failure
[2025-08-05T22:28:00.699+0000] {client_async.py:1049} WARNING - No node available during check_version; sleeping 0.78 secs
[2025-08-05T22:28:01.485+0000] {conn.py:1516} WARNING - DNS lookup failed for kafka-broker-2:19092, exception was [Errno -2] Name or service not known. Is your advertised.listeners (called advertised.host.name before Kafka 9) correct and resolvable?
[2025-08-05T22:28:01.486+0000] {conn.py:323} ERROR - <BrokerConnection client_id=kafka-python-producer-1, node_id=bootstrap-0 host=kafka-broker-2:19092 <connecting> [unspecified None]>: DNS lookup failed for kafka-broker-2:19092 (0)
[2025-08-05T22:28:01.486+0000] {conn.py:945} ERROR - <BrokerConnection client_id=kafka-python-producer-1, node_id=bootstrap-0 host=kafka-broker-2:19092 <connecting> [unspecified None]>: Closing connection. KafkaConnectionError: DNS failure
[2025-08-05T22:28:01.486+0000] {client_async.py:1049} WARNING - No node available during check_version; sleeping 0.42 secs
[2025-08-05T22:28:01.909+0000] {taskinstance.py:3313} ERROR - Task failed with exception
Traceback (most recent call last):
  File "/home/airflow/.local/lib/python3.12/site-packages/airflow/models/taskinstance.py", line 768, in _execute_task
    result = _execute_callable(context=context, **execute_callable_kwargs)
             ^^^^^^^^^^^^^^^^^^^^^^^^^^^^^^^^^^^^^^^^^^^^^^^^^^^^^^^^^^^^^
  File "/home/airflow/.local/lib/python3.12/site-packages/airflow/models/taskinstance.py", line 734, in _execute_callable
    return ExecutionCallableRunner(
           ^^^^^^^^^^^^^^^^^^^^^^^^
  File "/home/airflow/.local/lib/python3.12/site-packages/airflow/utils/operator_helpers.py", line 252, in run
    return self.func(*args, **kwargs)
           ^^^^^^^^^^^^^^^^^^^^^^^^^^
  File "/home/airflow/.local/lib/python3.12/site-packages/airflow/models/baseoperator.py", line 424, in wrapper
    return func(self, *args, **kwargs)
           ^^^^^^^^^^^^^^^^^^^^^^^^^^^
  File "/opt/airflow/plugins/streams_kafka_operator.py", line 46, in execute
    producer = KafkaProducer(
               ^^^^^^^^^^^^^^
  File "/home/airflow/.local/lib/python3.12/site-packages/kafka/producer/kafka.py", line 481, in __init__
    client = self.config['kafka_client'](
             ^^^^^^^^^^^^^^^^^^^^^^^^^^^^
  File "/home/airflow/.local/lib/python3.12/site-packages/kafka/client_async.py", line 262, in __init__
    self.config['api_version'] = self.check_version()
                                 ^^^^^^^^^^^^^^^^^^^^
  File "/home/airflow/.local/lib/python3.12/site-packages/kafka/client_async.py", line 1074, in check_version
    raise Errors.NoBrokersAvailable()
kafka.errors.NoBrokersAvailable: NoBrokersAvailable
[2025-08-05T22:28:01.933+0000] {taskinstance.py:1226} INFO - Marking task as FAILED. dag_id=stream_generator, task_id=generator_stream_data, run_id=manual__2025-08-05T22:27:50.219839+00:00, execution_date=20250805T222750, start_date=20250805T222759, end_date=20250805T222801
[2025-08-05T22:28:01.964+0000] {taskinstance.py:341} INFO - ::group::Post task execution logs
[2025-08-05T22:28:01.964+0000] {standard_task_runner.py:124} ERROR - Failed to execute job 769 for task generator_stream_data (NoBrokersAvailable; 2938)
Traceback (most recent call last):
  File "/home/airflow/.local/lib/python3.12/site-packages/airflow/task/task_runner/standard_task_runner.py", line 117, in _start_by_fork
    ret = args.func(args, dag=self.dag)
          ^^^^^^^^^^^^^^^^^^^^^^^^^^^^^
  File "/home/airflow/.local/lib/python3.12/site-packages/airflow/cli/cli_config.py", line 49, in command
    return func(*args, **kwargs)
           ^^^^^^^^^^^^^^^^^^^^^
  File "/home/airflow/.local/lib/python3.12/site-packages/airflow/utils/cli.py", line 116, in wrapper
    return f(*args, **kwargs)
           ^^^^^^^^^^^^^^^^^^
  File "/home/airflow/.local/lib/python3.12/site-packages/airflow/cli/commands/task_command.py", line 483, in task_run
    task_return_code = _run_task_by_selected_method(args, _dag, ti)
                       ^^^^^^^^^^^^^^^^^^^^^^^^^^^^^^^^^^^^^^^^^^^^
  File "/home/airflow/.local/lib/python3.12/site-packages/airflow/cli/commands/task_command.py", line 256, in _run_task_by_selected_method
    return _run_raw_task(args, ti)
           ^^^^^^^^^^^^^^^^^^^^^^^
  File "/home/airflow/.local/lib/python3.12/site-packages/airflow/cli/commands/task_command.py", line 341, in _run_raw_task
    return ti._run_raw_task(
           ^^^^^^^^^^^^^^^^^
  File "/home/airflow/.local/lib/python3.12/site-packages/airflow/utils/session.py", line 97, in wrapper
    return func(*args, session=session, **kwargs)
           ^^^^^^^^^^^^^^^^^^^^^^^^^^^^^^^^^^^^^^
  File "/home/airflow/.local/lib/python3.12/site-packages/airflow/models/taskinstance.py", line 3006, in _run_raw_task
    return _run_raw_task(
           ^^^^^^^^^^^^^^
  File "/home/airflow/.local/lib/python3.12/site-packages/airflow/models/taskinstance.py", line 274, in _run_raw_task
    TaskInstance._execute_task_with_callbacks(
  File "/home/airflow/.local/lib/python3.12/site-packages/airflow/models/taskinstance.py", line 3161, in _execute_task_with_callbacks
    result = self._execute_task(context, task_orig)
             ^^^^^^^^^^^^^^^^^^^^^^^^^^^^^^^^^^^^^^
  File "/home/airflow/.local/lib/python3.12/site-packages/airflow/models/taskinstance.py", line 3185, in _execute_task
    return _execute_task(self, context, task_orig)
           ^^^^^^^^^^^^^^^^^^^^^^^^^^^^^^^^^^^^^^^
  File "/home/airflow/.local/lib/python3.12/site-packages/airflow/models/taskinstance.py", line 768, in _execute_task
    result = _execute_callable(context=context, **execute_callable_kwargs)
             ^^^^^^^^^^^^^^^^^^^^^^^^^^^^^^^^^^^^^^^^^^^^^^^^^^^^^^^^^^^^^
  File "/home/airflow/.local/lib/python3.12/site-packages/airflow/models/taskinstance.py", line 734, in _execute_callable
    return ExecutionCallableRunner(
           ^^^^^^^^^^^^^^^^^^^^^^^^
  File "/home/airflow/.local/lib/python3.12/site-packages/airflow/utils/operator_helpers.py", line 252, in run
    return self.func(*args, **kwargs)
           ^^^^^^^^^^^^^^^^^^^^^^^^^^
  File "/home/airflow/.local/lib/python3.12/site-packages/airflow/models/baseoperator.py", line 424, in wrapper
    return func(self, *args, **kwargs)
           ^^^^^^^^^^^^^^^^^^^^^^^^^^^
  File "/opt/airflow/plugins/streams_kafka_operator.py", line 46, in execute
    producer = KafkaProducer(
               ^^^^^^^^^^^^^^
  File "/home/airflow/.local/lib/python3.12/site-packages/kafka/producer/kafka.py", line 481, in __init__
    client = self.config['kafka_client'](
             ^^^^^^^^^^^^^^^^^^^^^^^^^^^^
  File "/home/airflow/.local/lib/python3.12/site-packages/kafka/client_async.py", line 262, in __init__
    self.config['api_version'] = self.check_version()
                                 ^^^^^^^^^^^^^^^^^^^^
  File "/home/airflow/.local/lib/python3.12/site-packages/kafka/client_async.py", line 1074, in check_version
    raise Errors.NoBrokersAvailable()
kafka.errors.NoBrokersAvailable: NoBrokersAvailable
[2025-08-05T22:28:02.001+0000] {local_task_job_runner.py:266} INFO - Task exited with return code 1
[2025-08-05T22:28:02.014+0000] {taskinstance.py:3901} INFO - 0 downstream tasks scheduled from follow-on schedule check
[2025-08-05T22:28:02.014+0000] {local_task_job_runner.py:245} INFO - ::endgroup::
