[2025-08-04T21:51:57.673+0000] {local_task_job_runner.py:123} INFO - ::group::Pre task execution logs
[2025-08-04T21:51:57.694+0000] {taskinstance.py:2614} INFO - Dependencies all met for dep_context=non-requeueable deps ti=<TaskInstance: artist_generator.generator_artist_data scheduled__2025-03-16T00:00:00+00:00 [queued]>
[2025-08-04T21:51:57.702+0000] {taskinstance.py:2614} INFO - Dependencies all met for dep_context=requeueable deps ti=<TaskInstance: artist_generator.generator_artist_data scheduled__2025-03-16T00:00:00+00:00 [queued]>
[2025-08-04T21:51:57.703+0000] {taskinstance.py:2867} INFO - Starting attempt 1 of 1
[2025-08-04T21:51:57.791+0000] {taskinstance.py:2890} INFO - Executing <Task(ArtistProduceOperator): generator_artist_data> on 2025-03-16 00:00:00+00:00
[2025-08-04T21:51:57.801+0000] {logging_mixin.py:190} WARNING - /home/***/.local/lib/python3.12/site-packages/***/task/task_runner/standard_task_runner.py:70 DeprecationWarning: This process (pid=7495) is multi-threaded, use of fork() may lead to deadlocks in the child.
[2025-08-04T21:51:57.802+0000] {standard_task_runner.py:72} INFO - Started process 7501 to run task
[2025-08-04T21:51:57.803+0000] {standard_task_runner.py:104} INFO - Running: ['***', 'tasks', 'run', 'artist_generator', 'generator_artist_data', 'scheduled__2025-03-16T00:00:00+00:00', '--job-id', '305', '--raw', '--subdir', 'DAGS_FOLDER/artist_generator.py', '--cfg-path', '/tmp/tmphscpfbyg']
[2025-08-04T21:51:57.806+0000] {standard_task_runner.py:105} INFO - Job 305: Subtask generator_artist_data
[2025-08-04T21:51:57.861+0000] {task_command.py:467} INFO - Running <TaskInstance: artist_generator.generator_artist_data scheduled__2025-03-16T00:00:00+00:00 [running]> on host c4e4284cebf8
[2025-08-04T21:51:57.935+0000] {taskinstance.py:3134} INFO - Exporting env vars: AIRFLOW_CTX_DAG_OWNER='GGCODE' AIRFLOW_CTX_DAG_ID='artist_generator' AIRFLOW_CTX_TASK_ID='generator_artist_data' AIRFLOW_CTX_EXECUTION_DATE='2025-03-16T00:00:00+00:00' AIRFLOW_CTX_TRY_NUMBER='1' AIRFLOW_CTX_DAG_RUN_ID='scheduled__2025-03-16T00:00:00+00:00'
[2025-08-04T21:51:57.937+0000] {taskinstance.py:732} INFO - ::endgroup::
[2025-08-04T21:51:57.954+0000] {conn.py:1516} WARNING - DNS lookup failed for kafka-broker-1:19092, exception was [Errno -2] Name or service not known. Is your advertised.listeners (called advertised.host.name before Kafka 9) correct and resolvable?
[2025-08-04T21:51:57.954+0000] {conn.py:323} ERROR - <BrokerConnection client_id=kafka-python-producer-1, node_id=bootstrap-0 host=kafka-broker-1:19092 <connecting> [unspecified None]>: DNS lookup failed for kafka-broker-1:19092 (0)
[2025-08-04T21:51:57.955+0000] {conn.py:945} ERROR - <BrokerConnection client_id=kafka-python-producer-1, node_id=bootstrap-0 host=kafka-broker-1:19092 <connecting> [unspecified None]>: Closing connection. KafkaConnectionError: DNS failure
[2025-08-04T21:51:57.956+0000] {client_async.py:1049} WARNING - No node available during check_version; sleeping 0.04 secs
[2025-08-04T21:51:58.001+0000] {conn.py:1516} WARNING - DNS lookup failed for kafka-broker-1:19092, exception was [Errno -2] Name or service not known. Is your advertised.listeners (called advertised.host.name before Kafka 9) correct and resolvable?
[2025-08-04T21:51:58.002+0000] {conn.py:323} ERROR - <BrokerConnection client_id=kafka-python-producer-1, node_id=bootstrap-0 host=kafka-broker-1:19092 <connecting> [unspecified None]>: DNS lookup failed for kafka-broker-1:19092 (0)
[2025-08-04T21:51:58.002+0000] {conn.py:945} ERROR - <BrokerConnection client_id=kafka-python-producer-1, node_id=bootstrap-0 host=kafka-broker-1:19092 <connecting> [unspecified None]>: Closing connection. KafkaConnectionError: DNS failure
[2025-08-04T21:51:58.003+0000] {client_async.py:1049} WARNING - No node available during check_version; sleeping 0.11 secs
[2025-08-04T21:51:58.114+0000] {conn.py:1516} WARNING - DNS lookup failed for kafka-broker-1:19092, exception was [Errno -2] Name or service not known. Is your advertised.listeners (called advertised.host.name before Kafka 9) correct and resolvable?
[2025-08-04T21:51:58.114+0000] {conn.py:323} ERROR - <BrokerConnection client_id=kafka-python-producer-1, node_id=bootstrap-0 host=kafka-broker-1:19092 <connecting> [unspecified None]>: DNS lookup failed for kafka-broker-1:19092 (0)
[2025-08-04T21:51:58.115+0000] {conn.py:945} ERROR - <BrokerConnection client_id=kafka-python-producer-1, node_id=bootstrap-0 host=kafka-broker-1:19092 <connecting> [unspecified None]>: Closing connection. KafkaConnectionError: DNS failure
[2025-08-04T21:51:58.116+0000] {client_async.py:1049} WARNING - No node available during check_version; sleeping 0.18 secs
[2025-08-04T21:51:58.299+0000] {conn.py:1516} WARNING - DNS lookup failed for kafka-broker-1:19092, exception was [Errno -2] Name or service not known. Is your advertised.listeners (called advertised.host.name before Kafka 9) correct and resolvable?
[2025-08-04T21:51:58.299+0000] {conn.py:323} ERROR - <BrokerConnection client_id=kafka-python-producer-1, node_id=bootstrap-0 host=kafka-broker-1:19092 <connecting> [unspecified None]>: DNS lookup failed for kafka-broker-1:19092 (0)
[2025-08-04T21:51:58.299+0000] {conn.py:945} ERROR - <BrokerConnection client_id=kafka-python-producer-1, node_id=bootstrap-0 host=kafka-broker-1:19092 <connecting> [unspecified None]>: Closing connection. KafkaConnectionError: DNS failure
[2025-08-04T21:51:58.300+0000] {client_async.py:1049} WARNING - No node available during check_version; sleeping 0.34 secs
[2025-08-04T21:51:58.642+0000] {conn.py:1516} WARNING - DNS lookup failed for kafka-broker-1:19092, exception was [Errno -2] Name or service not known. Is your advertised.listeners (called advertised.host.name before Kafka 9) correct and resolvable?
[2025-08-04T21:51:58.642+0000] {conn.py:323} ERROR - <BrokerConnection client_id=kafka-python-producer-1, node_id=bootstrap-0 host=kafka-broker-1:19092 <connecting> [unspecified None]>: DNS lookup failed for kafka-broker-1:19092 (0)
[2025-08-04T21:51:58.642+0000] {conn.py:945} ERROR - <BrokerConnection client_id=kafka-python-producer-1, node_id=bootstrap-0 host=kafka-broker-1:19092 <connecting> [unspecified None]>: Closing connection. KafkaConnectionError: DNS failure
[2025-08-04T21:51:58.642+0000] {client_async.py:1049} WARNING - No node available during check_version; sleeping 0.66 secs
[2025-08-04T21:51:59.308+0000] {conn.py:1516} WARNING - DNS lookup failed for kafka-broker-1:19092, exception was [Errno -2] Name or service not known. Is your advertised.listeners (called advertised.host.name before Kafka 9) correct and resolvable?
[2025-08-04T21:51:59.308+0000] {conn.py:323} ERROR - <BrokerConnection client_id=kafka-python-producer-1, node_id=bootstrap-0 host=kafka-broker-1:19092 <connecting> [unspecified None]>: DNS lookup failed for kafka-broker-1:19092 (0)
[2025-08-04T21:51:59.308+0000] {conn.py:945} ERROR - <BrokerConnection client_id=kafka-python-producer-1, node_id=bootstrap-0 host=kafka-broker-1:19092 <connecting> [unspecified None]>: Closing connection. KafkaConnectionError: DNS failure
[2025-08-04T21:51:59.308+0000] {client_async.py:1049} WARNING - No node available during check_version; sleeping 0.64 secs
[2025-08-04T21:51:59.952+0000] {taskinstance.py:3313} ERROR - Task failed with exception
Traceback (most recent call last):
  File "/home/airflow/.local/lib/python3.12/site-packages/airflow/models/taskinstance.py", line 768, in _execute_task
    result = _execute_callable(context=context, **execute_callable_kwargs)
             ^^^^^^^^^^^^^^^^^^^^^^^^^^^^^^^^^^^^^^^^^^^^^^^^^^^^^^^^^^^^^
  File "/home/airflow/.local/lib/python3.12/site-packages/airflow/models/taskinstance.py", line 734, in _execute_callable
    return ExecutionCallableRunner(
           ^^^^^^^^^^^^^^^^^^^^^^^^
  File "/home/airflow/.local/lib/python3.12/site-packages/airflow/utils/operator_helpers.py", line 252, in run
    return self.func(*args, **kwargs)
           ^^^^^^^^^^^^^^^^^^^^^^^^^^
  File "/home/airflow/.local/lib/python3.12/site-packages/airflow/models/baseoperator.py", line 424, in wrapper
    return func(self, *args, **kwargs)
           ^^^^^^^^^^^^^^^^^^^^^^^^^^^
  File "/opt/airflow/plugins/artist_kafka_operator.py", line 40, in execute
    producer = KafkaProducer(
               ^^^^^^^^^^^^^^
  File "/home/airflow/.local/lib/python3.12/site-packages/kafka/producer/kafka.py", line 481, in __init__
    client = self.config['kafka_client'](
             ^^^^^^^^^^^^^^^^^^^^^^^^^^^^
  File "/home/airflow/.local/lib/python3.12/site-packages/kafka/client_async.py", line 262, in __init__
    self.config['api_version'] = self.check_version()
                                 ^^^^^^^^^^^^^^^^^^^^
  File "/home/airflow/.local/lib/python3.12/site-packages/kafka/client_async.py", line 1074, in check_version
    raise Errors.NoBrokersAvailable()
kafka.errors.NoBrokersAvailable: NoBrokersAvailable
[2025-08-04T21:51:59.962+0000] {taskinstance.py:1226} INFO - Marking task as FAILED. dag_id=artist_generator, task_id=generator_artist_data, run_id=scheduled__2025-03-16T00:00:00+00:00, execution_date=20250316T000000, start_date=20250804T215157, end_date=20250804T215159
[2025-08-04T21:51:59.988+0000] {taskinstance.py:341} INFO - ::group::Post task execution logs
[2025-08-04T21:51:59.989+0000] {standard_task_runner.py:124} ERROR - Failed to execute job 305 for task generator_artist_data (NoBrokersAvailable; 7501)
Traceback (most recent call last):
  File "/home/airflow/.local/lib/python3.12/site-packages/airflow/task/task_runner/standard_task_runner.py", line 117, in _start_by_fork
    ret = args.func(args, dag=self.dag)
          ^^^^^^^^^^^^^^^^^^^^^^^^^^^^^
  File "/home/airflow/.local/lib/python3.12/site-packages/airflow/cli/cli_config.py", line 49, in command
    return func(*args, **kwargs)
           ^^^^^^^^^^^^^^^^^^^^^
  File "/home/airflow/.local/lib/python3.12/site-packages/airflow/utils/cli.py", line 116, in wrapper
    return f(*args, **kwargs)
           ^^^^^^^^^^^^^^^^^^
  File "/home/airflow/.local/lib/python3.12/site-packages/airflow/cli/commands/task_command.py", line 483, in task_run
    task_return_code = _run_task_by_selected_method(args, _dag, ti)
                       ^^^^^^^^^^^^^^^^^^^^^^^^^^^^^^^^^^^^^^^^^^^^
  File "/home/airflow/.local/lib/python3.12/site-packages/airflow/cli/commands/task_command.py", line 256, in _run_task_by_selected_method
    return _run_raw_task(args, ti)
           ^^^^^^^^^^^^^^^^^^^^^^^
  File "/home/airflow/.local/lib/python3.12/site-packages/airflow/cli/commands/task_command.py", line 341, in _run_raw_task
    return ti._run_raw_task(
           ^^^^^^^^^^^^^^^^^
  File "/home/airflow/.local/lib/python3.12/site-packages/airflow/utils/session.py", line 97, in wrapper
    return func(*args, session=session, **kwargs)
           ^^^^^^^^^^^^^^^^^^^^^^^^^^^^^^^^^^^^^^
  File "/home/airflow/.local/lib/python3.12/site-packages/airflow/models/taskinstance.py", line 3006, in _run_raw_task
    return _run_raw_task(
           ^^^^^^^^^^^^^^
  File "/home/airflow/.local/lib/python3.12/site-packages/airflow/models/taskinstance.py", line 274, in _run_raw_task
    TaskInstance._execute_task_with_callbacks(
  File "/home/airflow/.local/lib/python3.12/site-packages/airflow/models/taskinstance.py", line 3161, in _execute_task_with_callbacks
    result = self._execute_task(context, task_orig)
             ^^^^^^^^^^^^^^^^^^^^^^^^^^^^^^^^^^^^^^
  File "/home/airflow/.local/lib/python3.12/site-packages/airflow/models/taskinstance.py", line 3185, in _execute_task
    return _execute_task(self, context, task_orig)
           ^^^^^^^^^^^^^^^^^^^^^^^^^^^^^^^^^^^^^^^
  File "/home/airflow/.local/lib/python3.12/site-packages/airflow/models/taskinstance.py", line 768, in _execute_task
    result = _execute_callable(context=context, **execute_callable_kwargs)
             ^^^^^^^^^^^^^^^^^^^^^^^^^^^^^^^^^^^^^^^^^^^^^^^^^^^^^^^^^^^^^
  File "/home/airflow/.local/lib/python3.12/site-packages/airflow/models/taskinstance.py", line 734, in _execute_callable
    return ExecutionCallableRunner(
           ^^^^^^^^^^^^^^^^^^^^^^^^
  File "/home/airflow/.local/lib/python3.12/site-packages/airflow/utils/operator_helpers.py", line 252, in run
    return self.func(*args, **kwargs)
           ^^^^^^^^^^^^^^^^^^^^^^^^^^
  File "/home/airflow/.local/lib/python3.12/site-packages/airflow/models/baseoperator.py", line 424, in wrapper
    return func(self, *args, **kwargs)
           ^^^^^^^^^^^^^^^^^^^^^^^^^^^
  File "/opt/airflow/plugins/artist_kafka_operator.py", line 40, in execute
    producer = KafkaProducer(
               ^^^^^^^^^^^^^^
  File "/home/airflow/.local/lib/python3.12/site-packages/kafka/producer/kafka.py", line 481, in __init__
    client = self.config['kafka_client'](
             ^^^^^^^^^^^^^^^^^^^^^^^^^^^^
  File "/home/airflow/.local/lib/python3.12/site-packages/kafka/client_async.py", line 262, in __init__
    self.config['api_version'] = self.check_version()
                                 ^^^^^^^^^^^^^^^^^^^^
  File "/home/airflow/.local/lib/python3.12/site-packages/kafka/client_async.py", line 1074, in check_version
    raise Errors.NoBrokersAvailable()
kafka.errors.NoBrokersAvailable: NoBrokersAvailable
[2025-08-04T21:52:00.018+0000] {local_task_job_runner.py:266} INFO - Task exited with return code 1
[2025-08-04T21:52:00.035+0000] {taskinstance.py:3901} INFO - 0 downstream tasks scheduled from follow-on schedule check
[2025-08-04T21:52:00.050+0000] {local_task_job_runner.py:245} INFO - ::endgroup::
