[2025-08-07T18:07:16.844+0000] {local_task_job_runner.py:123} INFO - ::group::Pre task execution logs
[2025-08-07T18:07:16.859+0000] {taskinstance.py:2614} INFO - Dependencies all met for dep_context=non-requeueable deps ti=<TaskInstance: artist_generator.generator_artist_data manual__2025-08-07T18:07:14.550563+00:00 [queued]>
[2025-08-07T18:07:16.867+0000] {taskinstance.py:2614} INFO - Dependencies all met for dep_context=requeueable deps ti=<TaskInstance: artist_generator.generator_artist_data manual__2025-08-07T18:07:14.550563+00:00 [queued]>
[2025-08-07T18:07:16.869+0000] {taskinstance.py:2867} INFO - Starting attempt 1 of 1
[2025-08-07T18:07:16.880+0000] {taskinstance.py:2890} INFO - Executing <Task(ArtistProduceOperator): generator_artist_data> on 2025-08-07 18:07:14.550563+00:00
[2025-08-07T18:07:16.890+0000] {logging_mixin.py:190} WARNING - /home/***/.local/lib/python3.12/site-packages/***/task/task_runner/standard_task_runner.py:70 DeprecationWarning: This process (pid=274) is multi-threaded, use of fork() may lead to deadlocks in the child.
[2025-08-07T18:07:16.891+0000] {standard_task_runner.py:72} INFO - Started process 276 to run task
[2025-08-07T18:07:16.890+0000] {standard_task_runner.py:104} INFO - Running: ['***', 'tasks', 'run', 'artist_generator', 'generator_artist_data', 'manual__2025-08-07T18:07:14.550563+00:00', '--job-id', '827', '--raw', '--subdir', 'DAGS_FOLDER/artist_generator.py', '--cfg-path', '/tmp/tmpd32hok42']
[2025-08-07T18:07:16.894+0000] {standard_task_runner.py:105} INFO - Job 827: Subtask generator_artist_data
[2025-08-07T18:07:16.923+0000] {task_command.py:467} INFO - Running <TaskInstance: artist_generator.generator_artist_data manual__2025-08-07T18:07:14.550563+00:00 [running]> on host 476c1de9f946
[2025-08-07T18:07:16.994+0000] {taskinstance.py:3134} INFO - Exporting env vars: AIRFLOW_CTX_DAG_OWNER='GGCODE' AIRFLOW_CTX_DAG_ID='artist_generator' AIRFLOW_CTX_TASK_ID='generator_artist_data' AIRFLOW_CTX_EXECUTION_DATE='2025-08-07T18:07:14.550563+00:00' AIRFLOW_CTX_TRY_NUMBER='1' AIRFLOW_CTX_DAG_RUN_ID='manual__2025-08-07T18:07:14.550563+00:00'
[2025-08-07T18:07:16.994+0000] {taskinstance.py:732} INFO - ::endgroup::
[2025-08-07T18:07:17.258+0000] {conn.py:396} INFO - <BrokerConnection client_id=kafka-python-producer-1, node_id=bootstrap-0 host=kafka-broker-1:19092 <connecting> [IPv4 ('172.18.0.7', 19092)]>: connecting to kafka-broker-1:19092 [('172.18.0.7', 19092) IPv4]
[2025-08-07T18:07:17.261+0000] {conn.py:618} INFO - <BrokerConnection client_id=kafka-python-producer-1, node_id=bootstrap-0 host=kafka-broker-1:19092 <checking_api_versions_recv> [IPv4 ('172.18.0.7', 19092)]>: Broker version identified as 2.6
[2025-08-07T18:07:17.262+0000] {conn.py:457} INFO - <BrokerConnection client_id=kafka-python-producer-1, node_id=bootstrap-0 host=kafka-broker-1:19092 <connected> [IPv4 ('172.18.0.7', 19092)]>: Connection complete.
[2025-08-07T18:07:17.367+0000] {conn.py:396} INFO - <BrokerConnection client_id=kafka-python-producer-1, node_id=5 host=kafka-broker-2:19092 <connecting> [IPv4 ('172.18.0.9', 19092)]>: connecting to kafka-broker-2:19092 [('172.18.0.9', 19092) IPv4]
[2025-08-07T18:07:17.368+0000] {conn.py:457} INFO - <BrokerConnection client_id=kafka-python-producer-1, node_id=5 host=kafka-broker-2:19092 <connected> [IPv4 ('172.18.0.9', 19092)]>: Connection complete.
[2025-08-07T18:07:17.368+0000] {conn.py:945} INFO - <BrokerConnection client_id=kafka-python-producer-1, node_id=bootstrap-0 host=kafka-broker-1:19092 <connected> [IPv4 ('172.18.0.7', 19092)]>: Closing connection. 
[2025-08-07T18:07:17.371+0000] {cluster.py:316} ERROR - Topic artist_data not found in cluster metadata
[2025-08-07T18:07:17.474+0000] {artist_kafka_operator.py:60} INFO - Sent transaction {'account_id': 'A00000001', 'name': 'Lisa Hicks', 'biography': ['Fall safe coach mean glass.', 'Note situation rather their color gas.', 'Window discuss rich and thus similar.'], 'dob': '1921-03-15', 'city': 'East Julieberg', 'country': 'Italy', 'genre': 'Jazz', 'record_label': 'Warner', 'number_albums': 16, 'number_tracks': 64}
[2025-08-07T18:07:17.476+0000] {artist_kafka_operator.py:60} INFO - Sent transaction {'account_id': 'A00000002', 'name': 'Wesley Gray', 'biography': ['Our very discuss production.', 'Attention significant wish its pick system.', 'Your child hot say box.'], 'dob': '1968-06-08', 'city': 'Port Brian', 'country': 'South Africa', 'genre': 'Metal', 'record_label': 'Independent', 'number_albums': 19, 'number_tracks': 114}
[2025-08-07T18:07:17.477+0000] {artist_kafka_operator.py:60} INFO - Sent transaction {'account_id': 'A00000003', 'name': 'Karen Hill', 'biography': ['Next civil myself collection foreign marriage.', 'Home drop with.', 'Environment another scene group at.'], 'dob': '1936-05-07', 'city': 'Robertfort', 'country': 'Colombia', 'genre': 'R&B', 'record_label': 'Universal', 'number_albums': 18, 'number_tracks': 216}
[2025-08-07T18:07:17.478+0000] {artist_kafka_operator.py:60} INFO - Sent transaction {'account_id': 'A00000004', 'name': 'Danielle Miles', 'biography': ['Watch fund rate keep carry necessary.', 'Its ask admit control former issue ahead here.', 'Responsibility trouble life issue question.'], 'dob': '2006-02-21', 'city': 'Reginaberg', 'country': 'Thailand', 'genre': 'Reggae', 'record_label': 'Warner', 'number_albums': 11, 'number_tracks': 220}
[2025-08-07T18:07:17.479+0000] {artist_kafka_operator.py:60} INFO - Sent transaction {'account_id': 'A00000005', 'name': 'Katie Clark', 'biography': ['Single his camera very choice skin.', 'Play thus stuff animal blood.', 'Official truth certain.'], 'dob': '1975-07-16', 'city': 'North Teresa', 'country': 'Christmas Island', 'genre': 'Rock', 'record_label': 'Universal', 'number_albums': 5, 'number_tracks': 5}
[2025-08-07T18:07:17.479+0000] {artist_kafka_operator.py:60} INFO - Sent transaction {'account_id': 'A00000006', 'name': 'Jesse Evans', 'biography': ['Important beyond air cause record look front.', 'Tax recently kid catch.', 'Pm strong health effect officer rest he over.'], 'dob': '1922-04-30', 'city': 'New Latoya', 'country': 'Turks and Caicos Islands', 'genre': 'Reggae', 'record_label': 'Independent', 'number_albums': 3, 'number_tracks': 42}
[2025-08-07T18:07:17.480+0000] {artist_kafka_operator.py:60} INFO - Sent transaction {'account_id': 'A00000007', 'name': 'Margaret Smith', 'biography': ['Blood high big home challenge though man.', 'Class amount manage air listen process real.', 'Car glass book important certain thousand image.'], 'dob': '1917-10-31', 'city': 'Matthewton', 'country': 'Brunei Darussalam', 'genre': 'Jazz', 'record_label': 'Warner', 'number_albums': 19, 'number_tracks': 323}
[2025-08-07T18:07:17.481+0000] {artist_kafka_operator.py:60} INFO - Sent transaction {'account_id': 'A00000008', 'name': 'Sara Hunt', 'biography': ['These put coach charge business often recognize.', 'Space training great.', 'Say structure agreement.'], 'dob': '1966-09-12', 'city': 'South Carlabury', 'country': 'Netherlands', 'genre': 'Rock', 'record_label': 'Independent', 'number_albums': 16, 'number_tracks': 128}
[2025-08-07T18:07:17.481+0000] {artist_kafka_operator.py:60} INFO - Sent transaction {'account_id': 'A00000009', 'name': 'Mark Hunt', 'biography': ['Economic campaign city ball finally prove.', 'Bring our image very save.', 'Forward American budget.'], 'dob': '2016-08-08', 'city': 'East Jennifer', 'country': 'Uruguay', 'genre': 'Electronic', 'record_label': 'Warner', 'number_albums': 2, 'number_tracks': 38}
[2025-08-07T18:07:17.482+0000] {artist_kafka_operator.py:60} INFO - Sent transaction {'account_id': 'A00000010', 'name': 'Taylor Robertson', 'biography': ['Protect also change hour her.', 'Name always final politics interest land plant.', 'Nice senior organization significant.'], 'dob': '1969-05-16', 'city': 'Ginafort', 'country': 'Sri Lanka', 'genre': 'Jazz', 'record_label': 'Warner', 'number_albums': 12, 'number_tracks': 168}
[2025-08-07T18:07:17.483+0000] {artist_kafka_operator.py:60} INFO - Sent transaction {'account_id': 'A00000011', 'name': 'Robert Nichols', 'biography': ['Player thing magazine set many mother today.', 'Relationship well difference which happen likely again.', 'Near relationship woman trip fire yard increase.'], 'dob': '1943-05-17', 'city': 'Harrismouth', 'country': 'Germany', 'genre': 'Electronic', 'record_label': 'Sony Music', 'number_albums': 1, 'number_tracks': 16}
[2025-08-07T18:07:17.484+0000] {artist_kafka_operator.py:60} INFO - Sent transaction {'account_id': 'A00000012', 'name': 'Victor Johnson', 'biography': ['Ball else simply ball public national.', 'Structure edge far high test class ahead something.', 'Politics guy may develop pattern what none turn.'], 'dob': '1942-02-12', 'city': 'Anthonyfort', 'country': 'Puerto Rico', 'genre': 'Metal', 'record_label': 'Universal', 'number_albums': 7, 'number_tracks': 105}
[2025-08-07T18:07:17.485+0000] {artist_kafka_operator.py:60} INFO - Sent transaction {'account_id': 'A00000013', 'name': 'Beth Blair', 'biography': ['Within mind world lay even where model.', 'Many leg simply too sort senior defense.', 'Spring billion because state whom media.'], 'dob': '2004-06-22', 'city': 'Port Joannefurt', 'country': 'Panama', 'genre': 'Jazz', 'record_label': 'Universal', 'number_albums': 1, 'number_tracks': 11}
[2025-08-07T18:07:17.486+0000] {artist_kafka_operator.py:60} INFO - Sent transaction {'account_id': 'A00000014', 'name': 'Donna Miller', 'biography': ['Institution trade student develop world next leader.', 'While thank industry simple record natural.', 'Degree really federal maybe model.'], 'dob': '2013-04-09', 'city': 'Rivasview', 'country': 'Saint Lucia', 'genre': 'Reggae', 'record_label': 'Universal', 'number_albums': 5, 'number_tracks': 100}
[2025-08-07T18:07:17.486+0000] {artist_kafka_operator.py:60} INFO - Sent transaction {'account_id': 'A00000015', 'name': 'Amber Hines', 'biography': ['Opportunity peace boy design yeah phone.', 'Process crime note what program allow.', 'Minute of market indeed drug.'], 'dob': '1966-09-04', 'city': 'Port Laura', 'country': 'Gibraltar', 'genre': 'Rock', 'record_label': 'Independent', 'number_albums': 1, 'number_tracks': 2}
[2025-08-07T18:07:17.487+0000] {artist_kafka_operator.py:60} INFO - Sent transaction {'account_id': 'A00000016', 'name': 'Sharon Willis', 'biography': ['Alone get thus maintain strong.', 'Avoid wide church individual nice group.', 'Local certain still give.'], 'dob': '1944-08-06', 'city': 'South Linda', 'country': 'Heard Island and McDonald Islands', 'genre': 'Metal', 'record_label': 'Universal', 'number_albums': 5, 'number_tracks': 90}
[2025-08-07T18:07:17.489+0000] {artist_kafka_operator.py:60} INFO - Sent transaction {'account_id': 'A00000017', 'name': 'Luis Noble', 'biography': ['Be because couple five.', 'Doctor out despite sound likely opportunity.', 'Hour choice let.'], 'dob': '1915-05-08', 'city': 'West Ashley', 'country': 'Malta', 'genre': 'Classical', 'record_label': 'Warner', 'number_albums': 3, 'number_tracks': 30}
[2025-08-07T18:07:17.491+0000] {artist_kafka_operator.py:60} INFO - Sent transaction {'account_id': 'A00000018', 'name': 'Jesse Nguyen MD', 'biography': ['Ago industry know nothing majority talk.', 'Step college break fire write thank.', 'Try nothing bit be reach Mrs.'], 'dob': '1961-09-10', 'city': 'Port Sharonburgh', 'country': 'Cuba', 'genre': 'Jazz', 'record_label': 'Warner', 'number_albums': 12, 'number_tracks': 192}
[2025-08-07T18:07:17.492+0000] {artist_kafka_operator.py:60} INFO - Sent transaction {'account_id': 'A00000019', 'name': 'Brian Williams', 'biography': ['Entire issue true story hotel remain north draw.', 'Modern expert concern color.', 'Water drug far thought analysis law pattern.'], 'dob': '1933-08-15', 'city': 'Washingtonshire', 'country': 'Zimbabwe', 'genre': 'Hip-Hop', 'record_label': 'Sony Music', 'number_albums': 12, 'number_tracks': 24}
[2025-08-07T18:07:17.494+0000] {artist_kafka_operator.py:60} INFO - Sent transaction {'account_id': 'A00000020', 'name': 'Michael Cross', 'biography': ['Production we suddenly tell know.', 'Add reason attorney book available.', 'Up peace for education authority record discussion.'], 'dob': '1973-10-12', 'city': 'Jefferyberg', 'country': 'Sudan', 'genre': 'R&B', 'record_label': 'Sony Music', 'number_albums': 18, 'number_tracks': 234}
[2025-08-07T18:07:17.498+0000] {artist_kafka_operator.py:63} INFO - 20 transactions sent has been sent to kafka artist_data!
[2025-08-07T18:07:17.499+0000] {conn.py:945} INFO - <BrokerConnection client_id=kafka-python-producer-1, node_id=5 host=kafka-broker-2:19092 <connected> [IPv4 ('172.18.0.9', 19092)]>: Closing connection. 
[2025-08-07T18:07:17.507+0000] {taskinstance.py:341} INFO - ::group::Post task execution logs
[2025-08-07T18:07:17.508+0000] {taskinstance.py:353} INFO - Marking task as SUCCESS. dag_id=artist_generator, task_id=generator_artist_data, run_id=manual__2025-08-07T18:07:14.550563+00:00, execution_date=20250807T180714, start_date=20250807T180716, end_date=20250807T180717
[2025-08-07T18:07:17.571+0000] {local_task_job_runner.py:266} INFO - Task exited with return code 0
[2025-08-07T18:07:17.584+0000] {taskinstance.py:3901} INFO - 0 downstream tasks scheduled from follow-on schedule check
[2025-08-07T18:07:17.585+0000] {local_task_job_runner.py:245} INFO - ::endgroup::
