[2025-08-05T20:51:33.176+0000] {local_task_job_runner.py:123} INFO - ::group::Pre task execution logs
[2025-08-05T20:51:33.182+0000] {taskinstance.py:2614} INFO - Dependencies all met for dep_context=non-requeueable deps ti=<TaskInstance: account_generator.generator_account_data manual__2025-08-05T20:51:31.335326+00:00 [queued]>
[2025-08-05T20:51:33.185+0000] {taskinstance.py:2614} INFO - Dependencies all met for dep_context=requeueable deps ti=<TaskInstance: account_generator.generator_account_data manual__2025-08-05T20:51:31.335326+00:00 [queued]>
[2025-08-05T20:51:33.185+0000] {taskinstance.py:2867} INFO - Starting attempt 1 of 1
[2025-08-05T20:51:33.189+0000] {taskinstance.py:2890} INFO - Executing <Task(AccountProduceOperator): generator_account_data> on 2025-08-05 20:51:31.335326+00:00
[2025-08-05T20:51:33.192+0000] {logging_mixin.py:190} WARNING - /home/***/.local/lib/python3.12/site-packages/***/task/task_runner/standard_task_runner.py:70 DeprecationWarning: This process (pid=353) is multi-threaded, use of fork() may lead to deadlocks in the child.
[2025-08-05T20:51:33.193+0000] {standard_task_runner.py:72} INFO - Started process 354 to run task
[2025-08-05T20:51:33.193+0000] {standard_task_runner.py:104} INFO - Running: ['***', 'tasks', 'run', 'account_generator', 'generator_account_data', 'manual__2025-08-05T20:51:31.335326+00:00', '--job-id', '661', '--raw', '--subdir', 'DAGS_FOLDER/account_generator.py', '--cfg-path', '/tmp/tmpvugp6lga']
[2025-08-05T20:51:33.194+0000] {standard_task_runner.py:105} INFO - Job 661: Subtask generator_account_data
[2025-08-05T20:51:33.208+0000] {task_command.py:467} INFO - Running <TaskInstance: account_generator.generator_account_data manual__2025-08-05T20:51:31.335326+00:00 [running]> on host ab9878118d29
[2025-08-05T20:51:33.232+0000] {taskinstance.py:3134} INFO - Exporting env vars: AIRFLOW_CTX_DAG_OWNER='GGCODE' AIRFLOW_CTX_DAG_ID='account_generator' AIRFLOW_CTX_TASK_ID='generator_account_data' AIRFLOW_CTX_EXECUTION_DATE='2025-08-05T20:51:31.335326+00:00' AIRFLOW_CTX_TRY_NUMBER='1' AIRFLOW_CTX_DAG_RUN_ID='manual__2025-08-05T20:51:31.335326+00:00'
[2025-08-05T20:51:33.233+0000] {taskinstance.py:732} INFO - ::endgroup::
[2025-08-05T20:51:33.240+0000] {conn.py:396} INFO - <BrokerConnection client_id=kafka-python-producer-1, node_id=bootstrap-0 host=kafka-broker-3:19092 <connecting> [IPv4 ('172.18.0.8', 19092)]>: connecting to kafka-broker-3:19092 [('172.18.0.8', 19092) IPv4]
[2025-08-05T20:51:33.242+0000] {conn.py:618} INFO - <BrokerConnection client_id=kafka-python-producer-1, node_id=bootstrap-0 host=kafka-broker-3:19092 <checking_api_versions_recv> [IPv4 ('172.18.0.8', 19092)]>: Broker version identified as 2.6
[2025-08-05T20:51:33.242+0000] {conn.py:457} INFO - <BrokerConnection client_id=kafka-python-producer-1, node_id=bootstrap-0 host=kafka-broker-3:19092 <connected> [IPv4 ('172.18.0.8', 19092)]>: Connection complete.
[2025-08-05T20:51:33.346+0000] {conn.py:396} INFO - <BrokerConnection client_id=kafka-python-producer-1, node_id=5 host=kafka-broker-2:19092 <connecting> [IPv4 ('172.18.0.7', 19092)]>: connecting to kafka-broker-2:19092 [('172.18.0.7', 19092) IPv4]
[2025-08-05T20:51:33.346+0000] {conn.py:457} INFO - <BrokerConnection client_id=kafka-python-producer-1, node_id=5 host=kafka-broker-2:19092 <connected> [IPv4 ('172.18.0.7', 19092)]>: Connection complete.
[2025-08-05T20:51:33.347+0000] {conn.py:945} INFO - <BrokerConnection client_id=kafka-python-producer-1, node_id=bootstrap-0 host=kafka-broker-3:19092 <connected> [IPv4 ('172.18.0.8', 19092)]>: Closing connection. 
[2025-08-05T20:51:33.349+0000] {taskinstance.py:3313} ERROR - Task failed with exception
Traceback (most recent call last):
  File "/home/airflow/.local/lib/python3.12/site-packages/airflow/models/taskinstance.py", line 768, in _execute_task
    result = _execute_callable(context=context, **execute_callable_kwargs)
             ^^^^^^^^^^^^^^^^^^^^^^^^^^^^^^^^^^^^^^^^^^^^^^^^^^^^^^^^^^^^^
  File "/home/airflow/.local/lib/python3.12/site-packages/airflow/models/taskinstance.py", line 734, in _execute_callable
    return ExecutionCallableRunner(
           ^^^^^^^^^^^^^^^^^^^^^^^^
  File "/home/airflow/.local/lib/python3.12/site-packages/airflow/utils/operator_helpers.py", line 252, in run
    return self.func(*args, **kwargs)
           ^^^^^^^^^^^^^^^^^^^^^^^^^^
  File "/home/airflow/.local/lib/python3.12/site-packages/airflow/models/baseoperator.py", line 424, in wrapper
    return func(self, *args, **kwargs)
           ^^^^^^^^^^^^^^^^^^^^^^^^^^^
  File "/opt/airflow/plugins/account_kafka_operator.py", line 51, in execute
    producer.send(self.kafka_topic, value=transaction)
  File "/home/airflow/.local/lib/python3.12/site-packages/kafka/producer/kafka.py", line 845, in send
    value_bytes = self._serialize(
                  ^^^^^^^^^^^^^^^^
  File "/home/airflow/.local/lib/python3.12/site-packages/kafka/producer/kafka.py", line 978, in _serialize
    return f(data)
           ^^^^^^^
  File "/opt/airflow/plugins/account_kafka_operator.py", line 46, in <lambda>
    value_serializer=lambda v: json.dumps(v).encode('utf-8'),
                               ^^^^^^^^^^^^^
  File "/usr/local/lib/python3.12/json/__init__.py", line 231, in dumps
    return _default_encoder.encode(obj)
           ^^^^^^^^^^^^^^^^^^^^^^^^^^^^
  File "/usr/local/lib/python3.12/json/encoder.py", line 200, in encode
    chunks = self.iterencode(o, _one_shot=True)
             ^^^^^^^^^^^^^^^^^^^^^^^^^^^^^^^^^^
  File "/usr/local/lib/python3.12/json/encoder.py", line 258, in iterencode
    return _iterencode(o, 0)
           ^^^^^^^^^^^^^^^^^
  File "/usr/local/lib/python3.12/json/encoder.py", line 180, in default
    raise TypeError(f'Object of type {o.__class__.__name__} '
TypeError: Object of type date is not JSON serializable
[2025-08-05T20:51:33.353+0000] {taskinstance.py:1226} INFO - Marking task as FAILED. dag_id=account_generator, task_id=generator_account_data, run_id=manual__2025-08-05T20:51:31.335326+00:00, execution_date=20250805T205131, start_date=20250805T205133, end_date=20250805T205133
[2025-08-05T20:51:33.362+0000] {taskinstance.py:341} INFO - ::group::Post task execution logs
[2025-08-05T20:51:33.362+0000] {standard_task_runner.py:124} ERROR - Failed to execute job 661 for task generator_account_data (Object of type date is not JSON serializable; 354)
Traceback (most recent call last):
  File "/home/airflow/.local/lib/python3.12/site-packages/airflow/task/task_runner/standard_task_runner.py", line 117, in _start_by_fork
    ret = args.func(args, dag=self.dag)
          ^^^^^^^^^^^^^^^^^^^^^^^^^^^^^
  File "/home/airflow/.local/lib/python3.12/site-packages/airflow/cli/cli_config.py", line 49, in command
    return func(*args, **kwargs)
           ^^^^^^^^^^^^^^^^^^^^^
  File "/home/airflow/.local/lib/python3.12/site-packages/airflow/utils/cli.py", line 116, in wrapper
    return f(*args, **kwargs)
           ^^^^^^^^^^^^^^^^^^
  File "/home/airflow/.local/lib/python3.12/site-packages/airflow/cli/commands/task_command.py", line 483, in task_run
    task_return_code = _run_task_by_selected_method(args, _dag, ti)
                       ^^^^^^^^^^^^^^^^^^^^^^^^^^^^^^^^^^^^^^^^^^^^
  File "/home/airflow/.local/lib/python3.12/site-packages/airflow/cli/commands/task_command.py", line 256, in _run_task_by_selected_method
    return _run_raw_task(args, ti)
           ^^^^^^^^^^^^^^^^^^^^^^^
  File "/home/airflow/.local/lib/python3.12/site-packages/airflow/cli/commands/task_command.py", line 341, in _run_raw_task
    return ti._run_raw_task(
           ^^^^^^^^^^^^^^^^^
  File "/home/airflow/.local/lib/python3.12/site-packages/airflow/utils/session.py", line 97, in wrapper
    return func(*args, session=session, **kwargs)
           ^^^^^^^^^^^^^^^^^^^^^^^^^^^^^^^^^^^^^^
  File "/home/airflow/.local/lib/python3.12/site-packages/airflow/models/taskinstance.py", line 3006, in _run_raw_task
    return _run_raw_task(
           ^^^^^^^^^^^^^^
  File "/home/airflow/.local/lib/python3.12/site-packages/airflow/models/taskinstance.py", line 274, in _run_raw_task
    TaskInstance._execute_task_with_callbacks(
  File "/home/airflow/.local/lib/python3.12/site-packages/airflow/models/taskinstance.py", line 3161, in _execute_task_with_callbacks
    result = self._execute_task(context, task_orig)
             ^^^^^^^^^^^^^^^^^^^^^^^^^^^^^^^^^^^^^^
  File "/home/airflow/.local/lib/python3.12/site-packages/airflow/models/taskinstance.py", line 3185, in _execute_task
    return _execute_task(self, context, task_orig)
           ^^^^^^^^^^^^^^^^^^^^^^^^^^^^^^^^^^^^^^^
  File "/home/airflow/.local/lib/python3.12/site-packages/airflow/models/taskinstance.py", line 768, in _execute_task
    result = _execute_callable(context=context, **execute_callable_kwargs)
             ^^^^^^^^^^^^^^^^^^^^^^^^^^^^^^^^^^^^^^^^^^^^^^^^^^^^^^^^^^^^^
  File "/home/airflow/.local/lib/python3.12/site-packages/airflow/models/taskinstance.py", line 734, in _execute_callable
    return ExecutionCallableRunner(
           ^^^^^^^^^^^^^^^^^^^^^^^^
  File "/home/airflow/.local/lib/python3.12/site-packages/airflow/utils/operator_helpers.py", line 252, in run
    return self.func(*args, **kwargs)
           ^^^^^^^^^^^^^^^^^^^^^^^^^^
  File "/home/airflow/.local/lib/python3.12/site-packages/airflow/models/baseoperator.py", line 424, in wrapper
    return func(self, *args, **kwargs)
           ^^^^^^^^^^^^^^^^^^^^^^^^^^^
  File "/opt/airflow/plugins/account_kafka_operator.py", line 51, in execute
    producer.send(self.kafka_topic, value=transaction)
  File "/home/airflow/.local/lib/python3.12/site-packages/kafka/producer/kafka.py", line 845, in send
    value_bytes = self._serialize(
                  ^^^^^^^^^^^^^^^^
  File "/home/airflow/.local/lib/python3.12/site-packages/kafka/producer/kafka.py", line 978, in _serialize
    return f(data)
           ^^^^^^^
  File "/opt/airflow/plugins/account_kafka_operator.py", line 46, in <lambda>
    value_serializer=lambda v: json.dumps(v).encode('utf-8'),
                               ^^^^^^^^^^^^^
  File "/usr/local/lib/python3.12/json/__init__.py", line 231, in dumps
    return _default_encoder.encode(obj)
           ^^^^^^^^^^^^^^^^^^^^^^^^^^^^
  File "/usr/local/lib/python3.12/json/encoder.py", line 200, in encode
    chunks = self.iterencode(o, _one_shot=True)
             ^^^^^^^^^^^^^^^^^^^^^^^^^^^^^^^^^^
  File "/usr/local/lib/python3.12/json/encoder.py", line 258, in iterencode
    return _iterencode(o, 0)
           ^^^^^^^^^^^^^^^^^
  File "/usr/local/lib/python3.12/json/encoder.py", line 180, in default
    raise TypeError(f'Object of type {o.__class__.__name__} '
TypeError: Object of type date is not JSON serializable
[2025-08-05T20:51:33.373+0000] {local_task_job_runner.py:266} INFO - Task exited with return code 1
[2025-08-05T20:51:33.381+0000] {taskinstance.py:3901} INFO - 0 downstream tasks scheduled from follow-on schedule check
[2025-08-05T20:51:33.382+0000] {local_task_job_runner.py:245} INFO - ::endgroup::
