[2025-08-04T21:50:36.172+0000] {local_task_job_runner.py:123} INFO - ::group::Pre task execution logs
[2025-08-04T21:50:36.200+0000] {taskinstance.py:2614} INFO - Dependencies all met for dep_context=non-requeueable deps ti=<TaskInstance: artist_generator.generator_artist_data scheduled__2025-01-10T00:00:00+00:00 [queued]>
[2025-08-04T21:50:36.206+0000] {taskinstance.py:2614} INFO - Dependencies all met for dep_context=requeueable deps ti=<TaskInstance: artist_generator.generator_artist_data scheduled__2025-01-10T00:00:00+00:00 [queued]>
[2025-08-04T21:50:36.207+0000] {taskinstance.py:2867} INFO - Starting attempt 1 of 1
[2025-08-04T21:50:36.328+0000] {taskinstance.py:2890} INFO - Executing <Task(ArtistProduceOperator): generator_artist_data> on 2025-01-10 00:00:00+00:00
[2025-08-04T21:50:36.349+0000] {logging_mixin.py:190} WARNING - /home/***/.local/lib/python3.12/site-packages/***/task/task_runner/standard_task_runner.py:70 DeprecationWarning: This process (pid=7195) is multi-threaded, use of fork() may lead to deadlocks in the child.
[2025-08-04T21:50:36.347+0000] {standard_task_runner.py:104} INFO - Running: ['***', 'tasks', 'run', 'artist_generator', 'generator_artist_data', 'scheduled__2025-01-10T00:00:00+00:00', '--job-id', '240', '--raw', '--subdir', 'DAGS_FOLDER/artist_generator.py', '--cfg-path', '/tmp/tmp999_3g1u']
[2025-08-04T21:50:36.353+0000] {standard_task_runner.py:72} INFO - Started process 7226 to run task
[2025-08-04T21:50:36.353+0000] {standard_task_runner.py:105} INFO - Job 240: Subtask generator_artist_data
[2025-08-04T21:50:36.467+0000] {task_command.py:467} INFO - Running <TaskInstance: artist_generator.generator_artist_data scheduled__2025-01-10T00:00:00+00:00 [running]> on host c4e4284cebf8
[2025-08-04T21:50:36.595+0000] {taskinstance.py:3134} INFO - Exporting env vars: AIRFLOW_CTX_DAG_OWNER='GGCODE' AIRFLOW_CTX_DAG_ID='artist_generator' AIRFLOW_CTX_TASK_ID='generator_artist_data' AIRFLOW_CTX_EXECUTION_DATE='2025-01-10T00:00:00+00:00' AIRFLOW_CTX_TRY_NUMBER='1' AIRFLOW_CTX_DAG_RUN_ID='scheduled__2025-01-10T00:00:00+00:00'
[2025-08-04T21:50:36.597+0000] {taskinstance.py:732} INFO - ::endgroup::
[2025-08-04T21:50:36.642+0000] {conn.py:396} INFO - <BrokerConnection client_id=kafka-python-producer-1, node_id=bootstrap-0 host=kafka-broker-1:19092 <connecting> [IPv4 ('172.18.0.9', 19092)]>: connecting to kafka-broker-1:19092 [('172.18.0.9', 19092) IPv4]
[2025-08-04T21:50:36.649+0000] {conn.py:618} INFO - <BrokerConnection client_id=kafka-python-producer-1, node_id=bootstrap-0 host=kafka-broker-1:19092 <checking_api_versions_recv> [IPv4 ('172.18.0.9', 19092)]>: Broker version identified as 2.6
[2025-08-04T21:50:36.655+0000] {conn.py:457} INFO - <BrokerConnection client_id=kafka-python-producer-1, node_id=bootstrap-0 host=kafka-broker-1:19092 <connected> [IPv4 ('172.18.0.9', 19092)]>: Connection complete.
[2025-08-04T21:50:36.769+0000] {conn.py:396} INFO - <BrokerConnection client_id=kafka-python-producer-1, node_id=4 host=kafka-broker-1:19092 <connecting> [IPv4 ('172.18.0.9', 19092)]>: connecting to kafka-broker-1:19092 [('172.18.0.9', 19092) IPv4]
[2025-08-04T21:50:36.770+0000] {conn.py:457} INFO - <BrokerConnection client_id=kafka-python-producer-1, node_id=4 host=kafka-broker-1:19092 <connected> [IPv4 ('172.18.0.9', 19092)]>: Connection complete.
[2025-08-04T21:50:36.770+0000] {conn.py:945} INFO - <BrokerConnection client_id=kafka-python-producer-1, node_id=bootstrap-0 host=kafka-broker-1:19092 <connected> [IPv4 ('172.18.0.9', 19092)]>: Closing connection. 
[2025-08-04T21:50:36.777+0000] {artist_kafka_operator.py:48} INFO - Sent transaction {'first_name': 'FirstName1', 'last_name': 'LastName1', 'dob': 'dob1', 'city': 'Manchester', 'country': 'South Africa'}
[2025-08-04T21:50:36.780+0000] {artist_kafka_operator.py:48} INFO - Sent transaction {'first_name': 'FirstName2', 'last_name': 'LastName2', 'dob': 'dob2', 'city': 'Munich', 'country': 'Canada'}
[2025-08-04T21:50:36.783+0000] {artist_kafka_operator.py:48} INFO - Sent transaction {'first_name': 'FirstName3', 'last_name': 'LastName3', 'dob': 'dob3', 'city': 'Manchester', 'country': 'India'}
[2025-08-04T21:50:36.787+0000] {artist_kafka_operator.py:48} INFO - Sent transaction {'first_name': 'FirstName4', 'last_name': 'LastName4', 'dob': 'dob4', 'city': 'Bangalore', 'country': 'India'}
[2025-08-04T21:50:36.790+0000] {artist_kafka_operator.py:48} INFO - Sent transaction {'first_name': 'FirstName5', 'last_name': 'LastName5', 'dob': 'dob5', 'city': 'Johannesburg', 'country': 'United Kingdom'}
[2025-08-04T21:50:36.793+0000] {artist_kafka_operator.py:48} INFO - Sent transaction {'first_name': 'FirstName6', 'last_name': 'LastName6', 'dob': 'dob6', 'city': 'Hamburg', 'country': 'Germany'}
[2025-08-04T21:50:36.794+0000] {artist_kafka_operator.py:48} INFO - Sent transaction {'first_name': 'FirstName7', 'last_name': 'LastName7', 'dob': 'dob7', 'city': 'Toronto', 'country': 'Germany'}
[2025-08-04T21:50:36.795+0000] {artist_kafka_operator.py:48} INFO - Sent transaction {'first_name': 'FirstName8', 'last_name': 'LastName8', 'dob': 'dob8', 'city': 'Delhi', 'country': 'Canada'}
[2025-08-04T21:50:36.797+0000] {artist_kafka_operator.py:48} INFO - Sent transaction {'first_name': 'FirstName9', 'last_name': 'LastName9', 'dob': 'dob9', 'city': 'Cape Town', 'country': 'South Africa'}
[2025-08-04T21:50:36.801+0000] {artist_kafka_operator.py:48} INFO - Sent transaction {'first_name': 'FirstName10', 'last_name': 'LastName10', 'dob': 'dob10', 'city': 'Edinburgh', 'country': 'Canada'}
[2025-08-04T21:50:36.801+0000] {artist_kafka_operator.py:48} INFO - Sent transaction {'first_name': 'FirstName11', 'last_name': 'LastName11', 'dob': 'dob11', 'city': 'Bangalore', 'country': 'United Kingdom'}
[2025-08-04T21:50:36.802+0000] {artist_kafka_operator.py:48} INFO - Sent transaction {'first_name': 'FirstName12', 'last_name': 'LastName12', 'dob': 'dob12', 'city': 'Cape Town', 'country': 'India'}
[2025-08-04T21:50:36.803+0000] {artist_kafka_operator.py:48} INFO - Sent transaction {'first_name': 'FirstName13', 'last_name': 'LastName13', 'dob': 'dob13', 'city': 'Mumbai', 'country': 'Germany'}
[2025-08-04T21:50:36.804+0000] {artist_kafka_operator.py:48} INFO - Sent transaction {'first_name': 'FirstName14', 'last_name': 'LastName14', 'dob': 'dob14', 'city': 'Berlin', 'country': 'South Africa'}
[2025-08-04T21:50:36.805+0000] {artist_kafka_operator.py:48} INFO - Sent transaction {'first_name': 'FirstName15', 'last_name': 'LastName15', 'dob': 'dob15', 'city': 'Cape Town', 'country': 'United Kingdom'}
[2025-08-04T21:50:36.805+0000] {artist_kafka_operator.py:48} INFO - Sent transaction {'first_name': 'FirstName16', 'last_name': 'LastName16', 'dob': 'dob16', 'city': 'Montreal', 'country': 'India'}
[2025-08-04T21:50:36.806+0000] {artist_kafka_operator.py:48} INFO - Sent transaction {'first_name': 'FirstName17', 'last_name': 'LastName17', 'dob': 'dob17', 'city': 'Vancouver', 'country': 'India'}
[2025-08-04T21:50:36.806+0000] {artist_kafka_operator.py:48} INFO - Sent transaction {'first_name': 'FirstName18', 'last_name': 'LastName18', 'dob': 'dob18', 'city': 'Munich', 'country': 'South Africa'}
[2025-08-04T21:50:36.806+0000] {artist_kafka_operator.py:48} INFO - Sent transaction {'first_name': 'FirstName19', 'last_name': 'LastName19', 'dob': 'dob19', 'city': 'Munich', 'country': 'United Kingdom'}
[2025-08-04T21:50:36.807+0000] {artist_kafka_operator.py:48} INFO - Sent transaction {'first_name': 'FirstName20', 'last_name': 'LastName20', 'dob': 'dob20', 'city': 'Munich', 'country': 'United Kingdom'}
[2025-08-04T21:50:38.202+0000] {conn.py:1516} WARNING - DNS lookup failed for kafka-broker-3:19092, exception was [Errno -2] Name or service not known. Is your advertised.listeners (called advertised.host.name before Kafka 9) correct and resolvable?
[2025-08-04T21:50:38.215+0000] {conn.py:323} ERROR - <BrokerConnection client_id=kafka-python-producer-1, node_id=6 host=kafka-broker-3:19092 <connecting> [unspecified None]>: DNS lookup failed for kafka-broker-3:19092 (0)
[2025-08-04T21:50:38.220+0000] {conn.py:945} ERROR - <BrokerConnection client_id=kafka-python-producer-1, node_id=6 host=kafka-broker-3:19092 <connecting> [unspecified None]>: Closing connection. KafkaConnectionError: DNS failure
[2025-08-04T21:50:38.226+0000] {client_async.py:388} WARNING - Node 6 connection failed -- refreshing metadata
[2025-08-04T21:50:38.268+0000] {conn.py:1516} WARNING - DNS lookup failed for kafka-broker-3:19092, exception was [Errno -2] Name or service not known. Is your advertised.listeners (called advertised.host.name before Kafka 9) correct and resolvable?
[2025-08-04T21:50:38.271+0000] {conn.py:323} ERROR - <BrokerConnection client_id=kafka-python-producer-1, node_id=6 host=kafka-broker-3:19092 <connecting> [unspecified None]>: DNS lookup failed for kafka-broker-3:19092 (0)
[2025-08-04T21:50:38.272+0000] {conn.py:945} ERROR - <BrokerConnection client_id=kafka-python-producer-1, node_id=6 host=kafka-broker-3:19092 <connecting> [unspecified None]>: Closing connection. KafkaConnectionError: DNS failure
[2025-08-04T21:50:38.277+0000] {client_async.py:388} WARNING - Node 6 connection failed -- refreshing metadata
[2025-08-04T21:50:38.279+0000] {conn.py:1174} ERROR - <BrokerConnection client_id=kafka-python-producer-1, node_id=4 host=kafka-broker-1:19092 <connected> [IPv4 ('172.18.0.9', 19092)]>: Error receiving network data closing socket
Traceback (most recent call last):
  File "/home/airflow/.local/lib/python3.12/site-packages/kafka/conn.py", line 1157, in _recv
    data = self._sock.recv(self.config['sock_chunk_bytes'])
           ^^^^^^^^^^^^^^^^^^^^^^^^^^^^^^^^^^^^^^^^^^^^^^^^
ConnectionResetError: [Errno 104] Connection reset by peer
[2025-08-04T21:50:38.295+0000] {conn.py:945} ERROR - <BrokerConnection client_id=kafka-python-producer-1, node_id=4 host=kafka-broker-1:19092 <connected> [IPv4 ('172.18.0.9', 19092)]>: Closing connection. KafkaConnectionError: [Errno 104] Connection reset by peer
[2025-08-04T21:50:38.297+0000] {client_async.py:388} WARNING - Node 4 connection failed -- refreshing metadata
[2025-08-04T21:50:38.340+0000] {conn.py:1516} WARNING - DNS lookup failed for kafka-broker-3:19092, exception was [Errno -2] Name or service not known. Is your advertised.listeners (called advertised.host.name before Kafka 9) correct and resolvable?
[2025-08-04T21:50:38.342+0000] {conn.py:323} ERROR - <BrokerConnection client_id=kafka-python-producer-1, node_id=6 host=kafka-broker-3:19092 <connecting> [unspecified None]>: DNS lookup failed for kafka-broker-3:19092 (0)
[2025-08-04T21:50:38.343+0000] {conn.py:945} ERROR - <BrokerConnection client_id=kafka-python-producer-1, node_id=6 host=kafka-broker-3:19092 <connecting> [unspecified None]>: Closing connection. KafkaConnectionError: DNS failure
[2025-08-04T21:50:38.345+0000] {client_async.py:388} WARNING - Node 6 connection failed -- refreshing metadata
[2025-08-04T21:50:38.418+0000] {conn.py:396} INFO - <BrokerConnection client_id=kafka-python-producer-1, node_id=4 host=kafka-broker-1:19092 <connecting> [IPv4 ('172.18.0.9', 19092)]>: connecting to kafka-broker-1:19092 [('172.18.0.9', 19092) IPv4]
[2025-08-04T21:50:38.426+0000] {conn.py:429} ERROR - <BrokerConnection client_id=kafka-python-producer-1, node_id=4 host=kafka-broker-1:19092 <connecting> [IPv4 ('172.18.0.9', 19092)]>: Connect attempt returned error 111. Disconnecting.
[2025-08-04T21:50:38.431+0000] {conn.py:945} ERROR - <BrokerConnection client_id=kafka-python-producer-1, node_id=4 host=kafka-broker-1:19092 <connecting> [IPv4 ('172.18.0.9', 19092)]>: Closing connection. KafkaConnectionError: 111 ECONNREFUSED
[2025-08-04T21:50:38.433+0000] {client_async.py:388} WARNING - Node 4 connection failed -- refreshing metadata
[2025-08-04T21:50:38.457+0000] {conn.py:1516} WARNING - DNS lookup failed for kafka-broker-2:19092, exception was [Errno -2] Name or service not known. Is your advertised.listeners (called advertised.host.name before Kafka 9) correct and resolvable?
[2025-08-04T21:50:38.463+0000] {conn.py:323} ERROR - <BrokerConnection client_id=kafka-python-producer-1, node_id=5 host=kafka-broker-2:19092 <connecting> [unspecified None]>: DNS lookup failed for kafka-broker-2:19092 (0)
[2025-08-04T21:50:38.472+0000] {conn.py:945} ERROR - <BrokerConnection client_id=kafka-python-producer-1, node_id=5 host=kafka-broker-2:19092 <connecting> [unspecified None]>: Closing connection. KafkaConnectionError: DNS failure
[2025-08-04T21:50:38.480+0000] {client_async.py:388} WARNING - Node 5 connection failed -- refreshing metadata
[2025-08-04T21:50:38.559+0000] {conn.py:1516} WARNING - DNS lookup failed for kafka-broker-2:19092, exception was [Errno -2] Name or service not known. Is your advertised.listeners (called advertised.host.name before Kafka 9) correct and resolvable?
[2025-08-04T21:50:38.561+0000] {conn.py:323} ERROR - <BrokerConnection client_id=kafka-python-producer-1, node_id=5 host=kafka-broker-2:19092 <connecting> [unspecified None]>: DNS lookup failed for kafka-broker-2:19092 (0)
[2025-08-04T21:50:38.569+0000] {conn.py:945} ERROR - <BrokerConnection client_id=kafka-python-producer-1, node_id=5 host=kafka-broker-2:19092 <connecting> [unspecified None]>: Closing connection. KafkaConnectionError: DNS failure
[2025-08-04T21:50:38.575+0000] {client_async.py:388} WARNING - Node 5 connection failed -- refreshing metadata
[2025-08-04T21:50:38.584+0000] {conn.py:1516} WARNING - DNS lookup failed for kafka-broker-3:19092, exception was [Errno -2] Name or service not known. Is your advertised.listeners (called advertised.host.name before Kafka 9) correct and resolvable?
[2025-08-04T21:50:38.586+0000] {conn.py:323} ERROR - <BrokerConnection client_id=kafka-python-producer-1, node_id=6 host=kafka-broker-3:19092 <connecting> [unspecified None]>: DNS lookup failed for kafka-broker-3:19092 (0)
[2025-08-04T21:50:38.588+0000] {conn.py:945} ERROR - <BrokerConnection client_id=kafka-python-producer-1, node_id=6 host=kafka-broker-3:19092 <connecting> [unspecified None]>: Closing connection. KafkaConnectionError: DNS failure
[2025-08-04T21:50:38.588+0000] {client_async.py:388} WARNING - Node 6 connection failed -- refreshing metadata
[2025-08-04T21:50:38.591+0000] {conn.py:396} INFO - <BrokerConnection client_id=kafka-python-producer-1, node_id=4 host=kafka-broker-1:19092 <connecting> [IPv4 ('172.18.0.9', 19092)]>: connecting to kafka-broker-1:19092 [('172.18.0.9', 19092) IPv4]
[2025-08-04T21:50:38.594+0000] {conn.py:429} ERROR - <BrokerConnection client_id=kafka-python-producer-1, node_id=4 host=kafka-broker-1:19092 <connecting> [IPv4 ('172.18.0.9', 19092)]>: Connect attempt returned error 111. Disconnecting.
[2025-08-04T21:50:38.596+0000] {conn.py:945} ERROR - <BrokerConnection client_id=kafka-python-producer-1, node_id=4 host=kafka-broker-1:19092 <connecting> [IPv4 ('172.18.0.9', 19092)]>: Closing connection. KafkaConnectionError: 111 ECONNREFUSED
[2025-08-04T21:50:38.598+0000] {client_async.py:388} WARNING - Node 4 connection failed -- refreshing metadata
[2025-08-04T21:50:38.657+0000] {conn.py:1516} WARNING - DNS lookup failed for kafka-broker-2:19092, exception was [Errno -2] Name or service not known. Is your advertised.listeners (called advertised.host.name before Kafka 9) correct and resolvable?
[2025-08-04T21:50:38.658+0000] {conn.py:323} ERROR - <BrokerConnection client_id=kafka-python-producer-1, node_id=5 host=kafka-broker-2:19092 <connecting> [unspecified None]>: DNS lookup failed for kafka-broker-2:19092 (0)
[2025-08-04T21:50:38.660+0000] {conn.py:945} ERROR - <BrokerConnection client_id=kafka-python-producer-1, node_id=5 host=kafka-broker-2:19092 <connecting> [unspecified None]>: Closing connection. KafkaConnectionError: DNS failure
[2025-08-04T21:50:38.660+0000] {client_async.py:388} WARNING - Node 5 connection failed -- refreshing metadata
[2025-08-04T21:50:38.814+0000] {conn.py:1516} WARNING - DNS lookup failed for kafka-broker-1:19092, exception was [Errno -2] Name or service not known. Is your advertised.listeners (called advertised.host.name before Kafka 9) correct and resolvable?
[2025-08-04T21:50:38.819+0000] {conn.py:323} ERROR - <BrokerConnection client_id=kafka-python-producer-1, node_id=4 host=kafka-broker-1:19092 <connecting> [IPv4 ('172.18.0.9', 19092)]>: DNS lookup failed for kafka-broker-1:19092 (0)
[2025-08-04T21:50:38.822+0000] {conn.py:945} ERROR - <BrokerConnection client_id=kafka-python-producer-1, node_id=4 host=kafka-broker-1:19092 <connecting> [IPv4 ('172.18.0.9', 19092)]>: Closing connection. KafkaConnectionError: DNS failure
[2025-08-04T21:50:38.829+0000] {client_async.py:388} WARNING - Node 4 connection failed -- refreshing metadata
[2025-08-04T21:50:38.901+0000] {conn.py:1516} WARNING - DNS lookup failed for kafka-broker-2:19092, exception was [Errno -2] Name or service not known. Is your advertised.listeners (called advertised.host.name before Kafka 9) correct and resolvable?
[2025-08-04T21:50:38.903+0000] {conn.py:323} ERROR - <BrokerConnection client_id=kafka-python-producer-1, node_id=5 host=kafka-broker-2:19092 <connecting> [unspecified None]>: DNS lookup failed for kafka-broker-2:19092 (0)
[2025-08-04T21:50:38.943+0000] {conn.py:945} ERROR - <BrokerConnection client_id=kafka-python-producer-1, node_id=5 host=kafka-broker-2:19092 <connecting> [unspecified None]>: Closing connection. KafkaConnectionError: DNS failure
[2025-08-04T21:50:38.947+0000] {client_async.py:388} WARNING - Node 5 connection failed -- refreshing metadata
[2025-08-04T21:50:38.990+0000] {conn.py:1516} WARNING - DNS lookup failed for kafka-broker-3:19092, exception was [Errno -2] Name or service not known. Is your advertised.listeners (called advertised.host.name before Kafka 9) correct and resolvable?
[2025-08-04T21:50:38.992+0000] {conn.py:323} ERROR - <BrokerConnection client_id=kafka-python-producer-1, node_id=6 host=kafka-broker-3:19092 <connecting> [unspecified None]>: DNS lookup failed for kafka-broker-3:19092 (0)
[2025-08-04T21:50:38.993+0000] {conn.py:945} ERROR - <BrokerConnection client_id=kafka-python-producer-1, node_id=6 host=kafka-broker-3:19092 <connecting> [unspecified None]>: Closing connection. KafkaConnectionError: DNS failure
[2025-08-04T21:50:38.994+0000] {client_async.py:388} WARNING - Node 6 connection failed -- refreshing metadata
[2025-08-04T21:50:39.214+0000] {conn.py:1516} WARNING - DNS lookup failed for kafka-broker-1:19092, exception was [Errno -2] Name or service not known. Is your advertised.listeners (called advertised.host.name before Kafka 9) correct and resolvable?
[2025-08-04T21:50:39.216+0000] {conn.py:323} ERROR - <BrokerConnection client_id=kafka-python-producer-1, node_id=4 host=kafka-broker-1:19092 <connecting> [IPv4 ('172.18.0.9', 19092)]>: DNS lookup failed for kafka-broker-1:19092 (0)
[2025-08-04T21:50:39.217+0000] {conn.py:945} ERROR - <BrokerConnection client_id=kafka-python-producer-1, node_id=4 host=kafka-broker-1:19092 <connecting> [IPv4 ('172.18.0.9', 19092)]>: Closing connection. KafkaConnectionError: DNS failure
[2025-08-04T21:50:39.218+0000] {client_async.py:388} WARNING - Node 4 connection failed -- refreshing metadata
[2025-08-04T21:50:39.372+0000] {conn.py:1516} WARNING - DNS lookup failed for kafka-broker-2:19092, exception was [Errno -2] Name or service not known. Is your advertised.listeners (called advertised.host.name before Kafka 9) correct and resolvable?
[2025-08-04T21:50:39.373+0000] {conn.py:323} ERROR - <BrokerConnection client_id=kafka-python-producer-1, node_id=5 host=kafka-broker-2:19092 <connecting> [unspecified None]>: DNS lookup failed for kafka-broker-2:19092 (0)
[2025-08-04T21:50:39.375+0000] {conn.py:945} ERROR - <BrokerConnection client_id=kafka-python-producer-1, node_id=5 host=kafka-broker-2:19092 <connecting> [unspecified None]>: Closing connection. KafkaConnectionError: DNS failure
[2025-08-04T21:50:39.376+0000] {client_async.py:388} WARNING - Node 5 connection failed -- refreshing metadata
[2025-08-04T21:50:39.707+0000] {conn.py:1516} WARNING - DNS lookup failed for kafka-broker-3:19092, exception was [Errno -2] Name or service not known. Is your advertised.listeners (called advertised.host.name before Kafka 9) correct and resolvable?
[2025-08-04T21:50:39.708+0000] {conn.py:323} ERROR - <BrokerConnection client_id=kafka-python-producer-1, node_id=6 host=kafka-broker-3:19092 <connecting> [unspecified None]>: DNS lookup failed for kafka-broker-3:19092 (0)
[2025-08-04T21:50:39.708+0000] {conn.py:945} ERROR - <BrokerConnection client_id=kafka-python-producer-1, node_id=6 host=kafka-broker-3:19092 <connecting> [unspecified None]>: Closing connection. KafkaConnectionError: DNS failure
[2025-08-04T21:50:39.708+0000] {client_async.py:388} WARNING - Node 6 connection failed -- refreshing metadata
[2025-08-04T21:50:40.039+0000] {conn.py:1516} WARNING - DNS lookup failed for kafka-broker-2:19092, exception was [Errno -2] Name or service not known. Is your advertised.listeners (called advertised.host.name before Kafka 9) correct and resolvable?
[2025-08-04T21:50:40.039+0000] {conn.py:323} ERROR - <BrokerConnection client_id=kafka-python-producer-1, node_id=5 host=kafka-broker-2:19092 <connecting> [unspecified None]>: DNS lookup failed for kafka-broker-2:19092 (0)
[2025-08-04T21:50:40.039+0000] {conn.py:945} ERROR - <BrokerConnection client_id=kafka-python-producer-1, node_id=5 host=kafka-broker-2:19092 <connecting> [unspecified None]>: Closing connection. KafkaConnectionError: DNS failure
[2025-08-04T21:50:40.039+0000] {client_async.py:388} WARNING - Node 5 connection failed -- refreshing metadata
[2025-08-04T21:50:40.138+0000] {conn.py:1516} WARNING - DNS lookup failed for kafka-broker-1:19092, exception was [Errno -2] Name or service not known. Is your advertised.listeners (called advertised.host.name before Kafka 9) correct and resolvable?
[2025-08-04T21:50:40.138+0000] {conn.py:323} ERROR - <BrokerConnection client_id=kafka-python-producer-1, node_id=4 host=kafka-broker-1:19092 <connecting> [IPv4 ('172.18.0.9', 19092)]>: DNS lookup failed for kafka-broker-1:19092 (0)
[2025-08-04T21:50:40.138+0000] {conn.py:945} ERROR - <BrokerConnection client_id=kafka-python-producer-1, node_id=4 host=kafka-broker-1:19092 <connecting> [IPv4 ('172.18.0.9', 19092)]>: Closing connection. KafkaConnectionError: DNS failure
[2025-08-04T21:50:40.138+0000] {client_async.py:388} WARNING - Node 4 connection failed -- refreshing metadata
[2025-08-04T21:50:41.384+0000] {conn.py:1516} WARNING - DNS lookup failed for kafka-broker-3:19092, exception was [Errno -2] Name or service not known. Is your advertised.listeners (called advertised.host.name before Kafka 9) correct and resolvable?
[2025-08-04T21:50:41.385+0000] {conn.py:323} ERROR - <BrokerConnection client_id=kafka-python-producer-1, node_id=6 host=kafka-broker-3:19092 <connecting> [unspecified None]>: DNS lookup failed for kafka-broker-3:19092 (0)
[2025-08-04T21:50:41.385+0000] {conn.py:945} ERROR - <BrokerConnection client_id=kafka-python-producer-1, node_id=6 host=kafka-broker-3:19092 <connecting> [unspecified None]>: Closing connection. KafkaConnectionError: DNS failure
[2025-08-04T21:50:41.386+0000] {client_async.py:388} WARNING - Node 6 connection failed -- refreshing metadata
[2025-08-04T21:50:41.687+0000] {conn.py:1516} WARNING - DNS lookup failed for kafka-broker-1:19092, exception was [Errno -2] Name or service not known. Is your advertised.listeners (called advertised.host.name before Kafka 9) correct and resolvable?
[2025-08-04T21:50:41.687+0000] {conn.py:323} ERROR - <BrokerConnection client_id=kafka-python-producer-1, node_id=4 host=kafka-broker-1:19092 <connecting> [IPv4 ('172.18.0.9', 19092)]>: DNS lookup failed for kafka-broker-1:19092 (0)
[2025-08-04T21:50:41.687+0000] {conn.py:945} ERROR - <BrokerConnection client_id=kafka-python-producer-1, node_id=4 host=kafka-broker-1:19092 <connecting> [IPv4 ('172.18.0.9', 19092)]>: Closing connection. KafkaConnectionError: DNS failure
[2025-08-04T21:50:41.688+0000] {client_async.py:388} WARNING - Node 4 connection failed -- refreshing metadata
[2025-08-04T21:50:41.851+0000] {conn.py:1516} WARNING - DNS lookup failed for kafka-broker-2:19092, exception was [Errno -2] Name or service not known. Is your advertised.listeners (called advertised.host.name before Kafka 9) correct and resolvable?
[2025-08-04T21:50:41.852+0000] {conn.py:323} ERROR - <BrokerConnection client_id=kafka-python-producer-1, node_id=5 host=kafka-broker-2:19092 <connecting> [unspecified None]>: DNS lookup failed for kafka-broker-2:19092 (0)
[2025-08-04T21:50:41.852+0000] {conn.py:945} ERROR - <BrokerConnection client_id=kafka-python-producer-1, node_id=5 host=kafka-broker-2:19092 <connecting> [unspecified None]>: Closing connection. KafkaConnectionError: DNS failure
[2025-08-04T21:50:41.852+0000] {client_async.py:388} WARNING - Node 5 connection failed -- refreshing metadata
[2025-08-04T21:50:44.424+0000] {conn.py:1516} WARNING - DNS lookup failed for kafka-broker-3:19092, exception was [Errno -2] Name or service not known. Is your advertised.listeners (called advertised.host.name before Kafka 9) correct and resolvable?
[2025-08-04T21:50:44.425+0000] {conn.py:323} ERROR - <BrokerConnection client_id=kafka-python-producer-1, node_id=6 host=kafka-broker-3:19092 <connecting> [unspecified None]>: DNS lookup failed for kafka-broker-3:19092 (0)
[2025-08-04T21:50:44.425+0000] {conn.py:945} ERROR - <BrokerConnection client_id=kafka-python-producer-1, node_id=6 host=kafka-broker-3:19092 <connecting> [unspecified None]>: Closing connection. KafkaConnectionError: DNS failure
[2025-08-04T21:50:44.425+0000] {client_async.py:388} WARNING - Node 6 connection failed -- refreshing metadata
[2025-08-04T21:50:45.014+0000] {conn.py:1516} WARNING - DNS lookup failed for kafka-broker-1:19092, exception was [Errno -2] Name or service not known. Is your advertised.listeners (called advertised.host.name before Kafka 9) correct and resolvable?
[2025-08-04T21:50:45.014+0000] {conn.py:323} ERROR - <BrokerConnection client_id=kafka-python-producer-1, node_id=4 host=kafka-broker-1:19092 <connecting> [IPv4 ('172.18.0.9', 19092)]>: DNS lookup failed for kafka-broker-1:19092 (0)
[2025-08-04T21:50:45.014+0000] {conn.py:945} ERROR - <BrokerConnection client_id=kafka-python-producer-1, node_id=4 host=kafka-broker-1:19092 <connecting> [IPv4 ('172.18.0.9', 19092)]>: Closing connection. KafkaConnectionError: DNS failure
[2025-08-04T21:50:45.014+0000] {client_async.py:388} WARNING - Node 4 connection failed -- refreshing metadata
[2025-08-04T21:50:45.679+0000] {conn.py:1516} WARNING - DNS lookup failed for kafka-broker-2:19092, exception was [Errno -2] Name or service not known. Is your advertised.listeners (called advertised.host.name before Kafka 9) correct and resolvable?
[2025-08-04T21:50:45.680+0000] {conn.py:323} ERROR - <BrokerConnection client_id=kafka-python-producer-1, node_id=5 host=kafka-broker-2:19092 <connecting> [unspecified None]>: DNS lookup failed for kafka-broker-2:19092 (0)
[2025-08-04T21:50:45.680+0000] {conn.py:945} ERROR - <BrokerConnection client_id=kafka-python-producer-1, node_id=5 host=kafka-broker-2:19092 <connecting> [unspecified None]>: Closing connection. KafkaConnectionError: DNS failure
[2025-08-04T21:50:45.681+0000] {client_async.py:388} WARNING - Node 5 connection failed -- refreshing metadata
[2025-08-04T21:50:51.158+0000] {conn.py:1516} WARNING - DNS lookup failed for kafka-broker-2:19092, exception was [Errno -2] Name or service not known. Is your advertised.listeners (called advertised.host.name before Kafka 9) correct and resolvable?
[2025-08-04T21:50:51.159+0000] {conn.py:323} ERROR - <BrokerConnection client_id=kafka-python-producer-1, node_id=5 host=kafka-broker-2:19092 <connecting> [unspecified None]>: DNS lookup failed for kafka-broker-2:19092 (0)
[2025-08-04T21:50:51.159+0000] {conn.py:945} ERROR - <BrokerConnection client_id=kafka-python-producer-1, node_id=5 host=kafka-broker-2:19092 <connecting> [unspecified None]>: Closing connection. KafkaConnectionError: DNS failure
[2025-08-04T21:50:51.159+0000] {client_async.py:388} WARNING - Node 5 connection failed -- refreshing metadata
[2025-08-04T21:50:51.460+0000] {conn.py:1516} WARNING - DNS lookup failed for kafka-broker-3:19092, exception was [Errno -2] Name or service not known. Is your advertised.listeners (called advertised.host.name before Kafka 9) correct and resolvable?
[2025-08-04T21:50:51.460+0000] {conn.py:323} ERROR - <BrokerConnection client_id=kafka-python-producer-1, node_id=6 host=kafka-broker-3:19092 <connecting> [unspecified None]>: DNS lookup failed for kafka-broker-3:19092 (0)
[2025-08-04T21:50:51.460+0000] {conn.py:945} ERROR - <BrokerConnection client_id=kafka-python-producer-1, node_id=6 host=kafka-broker-3:19092 <connecting> [unspecified None]>: Closing connection. KafkaConnectionError: DNS failure
[2025-08-04T21:50:51.460+0000] {client_async.py:388} WARNING - Node 6 connection failed -- refreshing metadata
[2025-08-04T21:50:51.462+0000] {conn.py:1516} WARNING - DNS lookup failed for kafka-broker-1:19092, exception was [Errno -2] Name or service not known. Is your advertised.listeners (called advertised.host.name before Kafka 9) correct and resolvable?
[2025-08-04T21:50:51.462+0000] {conn.py:323} ERROR - <BrokerConnection client_id=kafka-python-producer-1, node_id=4 host=kafka-broker-1:19092 <connecting> [IPv4 ('172.18.0.9', 19092)]>: DNS lookup failed for kafka-broker-1:19092 (0)
[2025-08-04T21:50:51.462+0000] {conn.py:945} ERROR - <BrokerConnection client_id=kafka-python-producer-1, node_id=4 host=kafka-broker-1:19092 <connecting> [IPv4 ('172.18.0.9', 19092)]>: Closing connection. KafkaConnectionError: DNS failure
[2025-08-04T21:50:51.463+0000] {client_async.py:388} WARNING - Node 4 connection failed -- refreshing metadata
[2025-08-04T21:51:03.423+0000] {conn.py:1516} WARNING - DNS lookup failed for kafka-broker-1:19092, exception was [Errno -2] Name or service not known. Is your advertised.listeners (called advertised.host.name before Kafka 9) correct and resolvable?
[2025-08-04T21:51:03.424+0000] {conn.py:323} ERROR - <BrokerConnection client_id=kafka-python-producer-1, node_id=4 host=kafka-broker-1:19092 <connecting> [IPv4 ('172.18.0.9', 19092)]>: DNS lookup failed for kafka-broker-1:19092 (0)
[2025-08-04T21:51:03.425+0000] {conn.py:945} ERROR - <BrokerConnection client_id=kafka-python-producer-1, node_id=4 host=kafka-broker-1:19092 <connecting> [IPv4 ('172.18.0.9', 19092)]>: Closing connection. KafkaConnectionError: DNS failure
[2025-08-04T21:51:03.425+0000] {client_async.py:388} WARNING - Node 4 connection failed -- refreshing metadata
[2025-08-04T21:51:04.135+0000] {conn.py:1516} WARNING - DNS lookup failed for kafka-broker-2:19092, exception was [Errno -2] Name or service not known. Is your advertised.listeners (called advertised.host.name before Kafka 9) correct and resolvable?
[2025-08-04T21:51:04.137+0000] {conn.py:323} ERROR - <BrokerConnection client_id=kafka-python-producer-1, node_id=5 host=kafka-broker-2:19092 <connecting> [unspecified None]>: DNS lookup failed for kafka-broker-2:19092 (0)
[2025-08-04T21:51:04.138+0000] {conn.py:945} ERROR - <BrokerConnection client_id=kafka-python-producer-1, node_id=5 host=kafka-broker-2:19092 <connecting> [unspecified None]>: Closing connection. KafkaConnectionError: DNS failure
[2025-08-04T21:51:04.140+0000] {client_async.py:388} WARNING - Node 5 connection failed -- refreshing metadata
[2025-08-04T21:51:05.244+0000] {conn.py:1516} WARNING - DNS lookup failed for kafka-broker-3:19092, exception was [Errno -2] Name or service not known. Is your advertised.listeners (called advertised.host.name before Kafka 9) correct and resolvable?
[2025-08-04T21:51:05.244+0000] {conn.py:323} ERROR - <BrokerConnection client_id=kafka-python-producer-1, node_id=6 host=kafka-broker-3:19092 <connecting> [unspecified None]>: DNS lookup failed for kafka-broker-3:19092 (0)
[2025-08-04T21:51:05.244+0000] {conn.py:945} ERROR - <BrokerConnection client_id=kafka-python-producer-1, node_id=6 host=kafka-broker-3:19092 <connecting> [unspecified None]>: Closing connection. KafkaConnectionError: DNS failure
[2025-08-04T21:51:05.245+0000] {client_async.py:388} WARNING - Node 6 connection failed -- refreshing metadata
[2025-08-04T21:51:33.035+0000] {conn.py:1516} WARNING - DNS lookup failed for kafka-broker-1:19092, exception was [Errno -2] Name or service not known. Is your advertised.listeners (called advertised.host.name before Kafka 9) correct and resolvable?
[2025-08-04T21:51:33.036+0000] {conn.py:323} ERROR - <BrokerConnection client_id=kafka-python-producer-1, node_id=4 host=kafka-broker-1:19092 <connecting> [IPv4 ('172.18.0.9', 19092)]>: DNS lookup failed for kafka-broker-1:19092 (0)
[2025-08-04T21:51:33.036+0000] {conn.py:945} ERROR - <BrokerConnection client_id=kafka-python-producer-1, node_id=4 host=kafka-broker-1:19092 <connecting> [IPv4 ('172.18.0.9', 19092)]>: Closing connection. KafkaConnectionError: DNS failure
[2025-08-04T21:51:33.036+0000] {client_async.py:388} WARNING - Node 4 connection failed -- refreshing metadata
[2025-08-04T21:51:34.173+0000] {conn.py:1516} WARNING - DNS lookup failed for kafka-broker-2:19092, exception was [Errno -2] Name or service not known. Is your advertised.listeners (called advertised.host.name before Kafka 9) correct and resolvable?
[2025-08-04T21:51:34.177+0000] {conn.py:323} ERROR - <BrokerConnection client_id=kafka-python-producer-1, node_id=5 host=kafka-broker-2:19092 <connecting> [unspecified None]>: DNS lookup failed for kafka-broker-2:19092 (0)
[2025-08-04T21:51:34.178+0000] {conn.py:945} ERROR - <BrokerConnection client_id=kafka-python-producer-1, node_id=5 host=kafka-broker-2:19092 <connecting> [unspecified None]>: Closing connection. KafkaConnectionError: DNS failure
[2025-08-04T21:51:34.180+0000] {client_async.py:388} WARNING - Node 5 connection failed -- refreshing metadata
[2025-08-04T21:51:35.134+0000] {conn.py:1516} WARNING - DNS lookup failed for kafka-broker-3:19092, exception was [Errno -2] Name or service not known. Is your advertised.listeners (called advertised.host.name before Kafka 9) correct and resolvable?
[2025-08-04T21:51:35.134+0000] {conn.py:323} ERROR - <BrokerConnection client_id=kafka-python-producer-1, node_id=6 host=kafka-broker-3:19092 <connecting> [unspecified None]>: DNS lookup failed for kafka-broker-3:19092 (0)
[2025-08-04T21:51:35.134+0000] {conn.py:945} ERROR - <BrokerConnection client_id=kafka-python-producer-1, node_id=6 host=kafka-broker-3:19092 <connecting> [unspecified None]>: Closing connection. KafkaConnectionError: DNS failure
[2025-08-04T21:51:35.135+0000] {client_async.py:388} WARNING - Node 6 connection failed -- refreshing metadata
[2025-08-04T21:52:03.018+0000] {conn.py:1516} WARNING - DNS lookup failed for kafka-broker-3:19092, exception was [Errno -2] Name or service not known. Is your advertised.listeners (called advertised.host.name before Kafka 9) correct and resolvable?
[2025-08-04T21:52:03.022+0000] {conn.py:323} ERROR - <BrokerConnection client_id=kafka-python-producer-1, node_id=6 host=kafka-broker-3:19092 <connecting> [unspecified None]>: DNS lookup failed for kafka-broker-3:19092 (0)
[2025-08-04T21:52:03.022+0000] {conn.py:945} ERROR - <BrokerConnection client_id=kafka-python-producer-1, node_id=6 host=kafka-broker-3:19092 <connecting> [unspecified None]>: Closing connection. KafkaConnectionError: DNS failure
[2025-08-04T21:52:03.023+0000] {client_async.py:388} WARNING - Node 6 connection failed -- refreshing metadata
[2025-08-04T21:52:07.906+0000] {conn.py:1516} WARNING - DNS lookup failed for kafka-broker-1:19092, exception was [Errno -2] Name or service not known. Is your advertised.listeners (called advertised.host.name before Kafka 9) correct and resolvable?
[2025-08-04T21:52:07.912+0000] {conn.py:323} ERROR - <BrokerConnection client_id=kafka-python-producer-1, node_id=4 host=kafka-broker-1:19092 <connecting> [IPv4 ('172.18.0.9', 19092)]>: DNS lookup failed for kafka-broker-1:19092 (0)
[2025-08-04T21:52:07.914+0000] {conn.py:945} ERROR - <BrokerConnection client_id=kafka-python-producer-1, node_id=4 host=kafka-broker-1:19092 <connecting> [IPv4 ('172.18.0.9', 19092)]>: Closing connection. KafkaConnectionError: DNS failure
[2025-08-04T21:52:07.918+0000] {client_async.py:388} WARNING - Node 4 connection failed -- refreshing metadata
[2025-08-04T21:52:08.231+0000] {conn.py:1516} WARNING - DNS lookup failed for kafka-broker-2:19092, exception was [Errno -2] Name or service not known. Is your advertised.listeners (called advertised.host.name before Kafka 9) correct and resolvable?
[2025-08-04T21:52:08.231+0000] {conn.py:323} ERROR - <BrokerConnection client_id=kafka-python-producer-1, node_id=5 host=kafka-broker-2:19092 <connecting> [unspecified None]>: DNS lookup failed for kafka-broker-2:19092 (0)
[2025-08-04T21:52:08.231+0000] {conn.py:945} ERROR - <BrokerConnection client_id=kafka-python-producer-1, node_id=5 host=kafka-broker-2:19092 <connecting> [unspecified None]>: Closing connection. KafkaConnectionError: DNS failure
[2025-08-04T21:52:08.232+0000] {client_async.py:388} WARNING - Node 5 connection failed -- refreshing metadata
[2025-08-04T21:52:32.407+0000] {conn.py:1516} WARNING - DNS lookup failed for kafka-broker-3:19092, exception was [Errno -2] Name or service not known. Is your advertised.listeners (called advertised.host.name before Kafka 9) correct and resolvable?
[2025-08-04T21:52:32.408+0000] {conn.py:323} ERROR - <BrokerConnection client_id=kafka-python-producer-1, node_id=6 host=kafka-broker-3:19092 <connecting> [unspecified None]>: DNS lookup failed for kafka-broker-3:19092 (0)
[2025-08-04T21:52:32.408+0000] {conn.py:945} ERROR - <BrokerConnection client_id=kafka-python-producer-1, node_id=6 host=kafka-broker-3:19092 <connecting> [unspecified None]>: Closing connection. KafkaConnectionError: DNS failure
[2025-08-04T21:52:32.409+0000] {client_async.py:388} WARNING - Node 6 connection failed -- refreshing metadata
[2025-08-04T21:52:33.405+0000] {conn.py:1516} WARNING - DNS lookup failed for kafka-broker-1:19092, exception was [Errno -2] Name or service not known. Is your advertised.listeners (called advertised.host.name before Kafka 9) correct and resolvable?
[2025-08-04T21:52:33.405+0000] {conn.py:323} ERROR - <BrokerConnection client_id=kafka-python-producer-1, node_id=4 host=kafka-broker-1:19092 <connecting> [IPv4 ('172.18.0.9', 19092)]>: DNS lookup failed for kafka-broker-1:19092 (0)
[2025-08-04T21:52:33.405+0000] {conn.py:945} ERROR - <BrokerConnection client_id=kafka-python-producer-1, node_id=4 host=kafka-broker-1:19092 <connecting> [IPv4 ('172.18.0.9', 19092)]>: Closing connection. KafkaConnectionError: DNS failure
[2025-08-04T21:52:33.405+0000] {client_async.py:388} WARNING - Node 4 connection failed -- refreshing metadata
[2025-08-04T21:52:36.785+0000] {record_accumulator.py:133} WARNING - Failed to produce messages to topic-partition ('artist_data', 0) with base offset -1: KafkaTimeoutError: Expiring 20 record(s) for TopicPartition(topic='artist_data', partition=0): 120007 ms has passed since batch creation
[2025-08-04T21:52:36.787+0000] {record_accumulator.py:591} WARNING - KafkaTimeoutError: Expiring 20 record(s) for TopicPartition(topic='artist_data', partition=0): 120007 ms has passed since batch creation
[2025-08-04T21:52:36.788+0000] {artist_kafka_operator.py:51} INFO - 20 transactions sent has been sent to kafka artist_data!
[2025-08-04T21:52:36.823+0000] {taskinstance.py:341} INFO - ::group::Post task execution logs
[2025-08-04T21:52:36.824+0000] {taskinstance.py:353} INFO - Marking task as SUCCESS. dag_id=artist_generator, task_id=generator_artist_data, run_id=scheduled__2025-01-10T00:00:00+00:00, execution_date=20250110T000000, start_date=20250804T215036, end_date=20250804T215236
[2025-08-04T21:52:36.871+0000] {local_task_job_runner.py:266} INFO - Task exited with return code 0
[2025-08-04T21:52:36.889+0000] {taskinstance.py:3901} INFO - 0 downstream tasks scheduled from follow-on schedule check
[2025-08-04T21:52:36.890+0000] {local_task_job_runner.py:245} INFO - ::endgroup::
