[2025-08-04T21:42:34.720+0000] {local_task_job_runner.py:123} INFO - ::group::Pre task execution logs
[2025-08-04T21:42:34.726+0000] {taskinstance.py:2614} INFO - Dependencies all met for dep_context=non-requeueable deps ti=<TaskInstance: account_generator.generator_account_data manual__2025-08-04T21:42:33.769619+00:00 [queued]>
[2025-08-04T21:42:34.728+0000] {taskinstance.py:2614} INFO - Dependencies all met for dep_context=requeueable deps ti=<TaskInstance: account_generator.generator_account_data manual__2025-08-04T21:42:33.769619+00:00 [queued]>
[2025-08-04T21:42:34.728+0000] {taskinstance.py:2867} INFO - Starting attempt 1 of 1
[2025-08-04T21:42:34.732+0000] {taskinstance.py:2890} INFO - Executing <Task(AccountProduceOperator): generator_account_data> on 2025-08-04 21:42:33.769619+00:00
[2025-08-04T21:42:34.735+0000] {logging_mixin.py:190} WARNING - /home/***/.local/lib/python3.12/site-packages/***/task/task_runner/standard_task_runner.py:70 DeprecationWarning: This process (pid=6781) is multi-threaded, use of fork() may lead to deadlocks in the child.
[2025-08-04T21:42:34.736+0000] {standard_task_runner.py:72} INFO - Started process 6782 to run task
[2025-08-04T21:42:34.735+0000] {standard_task_runner.py:104} INFO - Running: ['***', 'tasks', 'run', 'account_generator', 'generator_account_data', 'manual__2025-08-04T21:42:33.769619+00:00', '--job-id', '230', '--raw', '--subdir', 'DAGS_FOLDER/account_generator.py', '--cfg-path', '/tmp/tmpyn4jghxl']
[2025-08-04T21:42:34.736+0000] {standard_task_runner.py:105} INFO - Job 230: Subtask generator_account_data
[2025-08-04T21:42:34.751+0000] {task_command.py:467} INFO - Running <TaskInstance: account_generator.generator_account_data manual__2025-08-04T21:42:33.769619+00:00 [running]> on host c4e4284cebf8
[2025-08-04T21:42:34.778+0000] {taskinstance.py:3134} INFO - Exporting env vars: AIRFLOW_CTX_DAG_OWNER='GGCODE' AIRFLOW_CTX_DAG_ID='account_generator' AIRFLOW_CTX_TASK_ID='generator_account_data' AIRFLOW_CTX_EXECUTION_DATE='2025-08-04T21:42:33.769619+00:00' AIRFLOW_CTX_TRY_NUMBER='1' AIRFLOW_CTX_DAG_RUN_ID='manual__2025-08-04T21:42:33.769619+00:00'
[2025-08-04T21:42:34.778+0000] {taskinstance.py:732} INFO - ::endgroup::
[2025-08-04T21:42:34.790+0000] {conn.py:396} INFO - <BrokerConnection client_id=kafka-python-producer-1, node_id=bootstrap-0 host=kafka-broker-3:19092 <connecting> [IPv4 ('172.18.0.7', 19092)]>: connecting to kafka-broker-3:19092 [('172.18.0.7', 19092) IPv4]
[2025-08-04T21:42:34.805+0000] {conn.py:618} INFO - <BrokerConnection client_id=kafka-python-producer-1, node_id=bootstrap-0 host=kafka-broker-3:19092 <checking_api_versions_recv> [IPv4 ('172.18.0.7', 19092)]>: Broker version identified as 2.6
[2025-08-04T21:42:34.805+0000] {conn.py:457} INFO - <BrokerConnection client_id=kafka-python-producer-1, node_id=bootstrap-0 host=kafka-broker-3:19092 <connected> [IPv4 ('172.18.0.7', 19092)]>: Connection complete.
[2025-08-04T21:42:34.910+0000] {conn.py:396} INFO - <BrokerConnection client_id=kafka-python-producer-1, node_id=5 host=kafka-broker-2:19092 <connecting> [IPv4 ('172.18.0.10', 19092)]>: connecting to kafka-broker-2:19092 [('172.18.0.10', 19092) IPv4]
[2025-08-04T21:42:34.911+0000] {conn.py:457} INFO - <BrokerConnection client_id=kafka-python-producer-1, node_id=5 host=kafka-broker-2:19092 <connected> [IPv4 ('172.18.0.10', 19092)]>: Connection complete.
[2025-08-04T21:42:34.911+0000] {conn.py:945} INFO - <BrokerConnection client_id=kafka-python-producer-1, node_id=bootstrap-0 host=kafka-broker-3:19092 <connected> [IPv4 ('172.18.0.7', 19092)]>: Closing connection. 
[2025-08-04T21:42:34.932+0000] {cluster.py:316} ERROR - Topic account_data not found in cluster metadata
[2025-08-04T21:42:35.036+0000] {cluster.py:316} ERROR - Topic account_data not found in cluster metadata
[2025-08-04T21:42:35.140+0000] {cluster.py:316} ERROR - Topic account_data not found in cluster metadata
[2025-08-04T21:42:35.245+0000] {cluster.py:316} ERROR - Topic account_data not found in cluster metadata
[2025-08-04T21:42:35.350+0000] {cluster.py:316} ERROR - Topic account_data not found in cluster metadata
[2025-08-04T21:42:35.455+0000] {account_kafka_operator.py:59} INFO - Sent transaction {'account_id': 'A00000001', 'first_name': 'FirstName1', 'last_name': 'LastName1', 'email': 'user1@example.com', 'phone_number': '1-123-3', 'dob': 'dob1', 'city': 'Brasília', 'country': 'United States', 'registration_date': 1744321354806}
[2025-08-04T21:42:35.455+0000] {account_kafka_operator.py:59} INFO - Sent transaction {'account_id': 'A00000002', 'first_name': 'FirstName2', 'last_name': 'LastName2', 'email': 'user2@example.com', 'phone_number': '1-123-5', 'dob': 'dob2', 'city': 'Los Angeles', 'country': 'Brazil', 'registration_date': 1725486155455}
[2025-08-04T21:42:35.456+0000] {conn.py:396} INFO - <BrokerConnection client_id=kafka-python-producer-1, node_id=4 host=kafka-broker-1:19092 <connecting> [IPv4 ('172.18.0.9', 19092)]>: connecting to kafka-broker-1:19092 [('172.18.0.9', 19092) IPv4]
[2025-08-04T21:42:35.456+0000] {account_kafka_operator.py:59} INFO - Sent transaction {'account_id': 'A00000003', 'first_name': 'FirstName3', 'last_name': 'LastName3', 'email': 'user3@example.com', 'phone_number': '1-123-10', 'dob': 'dob3', 'city': 'Brasília', 'country': 'United States', 'registration_date': 1752702155456}
[2025-08-04T21:42:35.456+0000] {account_kafka_operator.py:59} INFO - Sent transaction {'account_id': 'A00000004', 'first_name': 'FirstName4', 'last_name': 'LastName4', 'email': 'user4@example.com', 'phone_number': '1-123-11', 'dob': 'dob4', 'city': 'Marseille', 'country': 'Australia', 'registration_date': 1741470155456}
[2025-08-04T21:42:35.456+0000] {conn.py:457} INFO - <BrokerConnection client_id=kafka-python-producer-1, node_id=4 host=kafka-broker-1:19092 <connected> [IPv4 ('172.18.0.9', 19092)]>: Connection complete.
[2025-08-04T21:42:35.456+0000] {account_kafka_operator.py:59} INFO - Sent transaction {'account_id': 'A00000005', 'first_name': 'FirstName5', 'last_name': 'LastName5', 'email': 'user5@example.com', 'phone_number': '1-123-5', 'dob': 'dob5', 'city': 'Melbourne', 'country': 'Brazil', 'registration_date': 1743889355456}
[2025-08-04T21:42:35.458+0000] {account_kafka_operator.py:59} INFO - Sent transaction {'account_id': 'A00000006', 'first_name': 'FirstName6', 'last_name': 'LastName6', 'email': 'user6@example.com', 'phone_number': '1-123-7', 'dob': 'dob6', 'city': 'Brasília', 'country': 'Australia', 'registration_date': 1726695755458}
[2025-08-04T21:42:35.458+0000] {account_kafka_operator.py:59} INFO - Sent transaction {'account_id': 'A00000007', 'first_name': 'FirstName7', 'last_name': 'LastName7', 'email': 'user7@example.com', 'phone_number': '1-123-1', 'dob': 'dob7', 'city': 'Melbourne', 'country': 'United States', 'registration_date': 1741902155458}
[2025-08-04T21:42:35.459+0000] {account_kafka_operator.py:59} INFO - Sent transaction {'account_id': 'A00000008', 'first_name': 'FirstName8', 'last_name': 'LastName8', 'email': 'user8@example.com', 'phone_number': '1-123-5', 'dob': 'dob8', 'city': 'Kyoto', 'country': 'Brazil', 'registration_date': 1753652555459}
[2025-08-04T21:42:35.459+0000] {account_kafka_operator.py:59} INFO - Sent transaction {'account_id': 'A00000009', 'first_name': 'FirstName9', 'last_name': 'LastName9', 'email': 'user9@example.com', 'phone_number': '1-123-7', 'dob': 'dob9', 'city': 'Los Angeles', 'country': 'Brazil', 'registration_date': 1745271755459}
[2025-08-04T21:42:35.459+0000] {account_kafka_operator.py:59} INFO - Sent transaction {'account_id': 'A00000010', 'first_name': 'FirstName10', 'last_name': 'LastName10', 'email': 'user10@example.com', 'phone_number': '1-123-2', 'dob': 'dob10', 'city': 'São Paulo', 'country': 'United States', 'registration_date': 1739655755459}
[2025-08-04T21:42:35.460+0000] {account_kafka_operator.py:59} INFO - Sent transaction {'account_id': 'A00000011', 'first_name': 'FirstName11', 'last_name': 'LastName11', 'email': 'user11@example.com', 'phone_number': '1-123-8', 'dob': 'dob11', 'city': 'Melbourne', 'country': 'Brazil', 'registration_date': 1733953355459}
[2025-08-04T21:42:35.460+0000] {account_kafka_operator.py:59} INFO - Sent transaction {'account_id': 'A00000012', 'first_name': 'FirstName12', 'last_name': 'LastName12', 'email': 'user12@example.com', 'phone_number': '1-123-9', 'dob': 'dob12', 'city': 'Kyoto', 'country': 'France', 'registration_date': 1726263755460}
[2025-08-04T21:42:35.460+0000] {account_kafka_operator.py:59} INFO - Sent transaction {'account_id': 'A00000013', 'first_name': 'FirstName13', 'last_name': 'LastName13', 'email': 'user13@example.com', 'phone_number': '1-123-4', 'dob': 'dob13', 'city': 'Melbourne', 'country': 'United States', 'registration_date': 1744062155460}
[2025-08-04T21:42:35.460+0000] {account_kafka_operator.py:59} INFO - Sent transaction {'account_id': 'A00000014', 'first_name': 'FirstName14', 'last_name': 'LastName14', 'email': 'user14@example.com', 'phone_number': '1-123-9', 'dob': 'dob14', 'city': 'Tokyo', 'country': 'France', 'registration_date': 1726436555460}
[2025-08-04T21:42:35.460+0000] {account_kafka_operator.py:59} INFO - Sent transaction {'account_id': 'A00000015', 'first_name': 'FirstName15', 'last_name': 'LastName15', 'email': 'user15@example.com', 'phone_number': '1-123-7', 'dob': 'dob15', 'city': 'Melbourne', 'country': 'Australia', 'registration_date': 1742161355460}
[2025-08-04T21:42:35.460+0000] {account_kafka_operator.py:59} INFO - Sent transaction {'account_id': 'A00000016', 'first_name': 'FirstName16', 'last_name': 'LastName16', 'email': 'user16@example.com', 'phone_number': '1-123-7', 'dob': 'dob16', 'city': 'Melbourne', 'country': 'United States', 'registration_date': 1738100555460}
[2025-08-04T21:42:35.460+0000] {account_kafka_operator.py:59} INFO - Sent transaction {'account_id': 'A00000017', 'first_name': 'FirstName17', 'last_name': 'LastName17', 'email': 'user17@example.com', 'phone_number': '1-123-3', 'dob': 'dob17', 'city': 'Los Angeles', 'country': 'France', 'registration_date': 1740951755460}
[2025-08-04T21:42:35.461+0000] {account_kafka_operator.py:59} INFO - Sent transaction {'account_id': 'A00000018', 'first_name': 'FirstName18', 'last_name': 'LastName18', 'email': 'user18@example.com', 'phone_number': '1-123-10', 'dob': 'dob18', 'city': 'Los Angeles', 'country': 'United States', 'registration_date': 1750196555461}
[2025-08-04T21:42:35.461+0000] {account_kafka_operator.py:59} INFO - Sent transaction {'account_id': 'A00000019', 'first_name': 'FirstName19', 'last_name': 'LastName19', 'email': 'user19@example.com', 'phone_number': '1-123-7', 'dob': 'dob19', 'city': 'Kyoto', 'country': 'Australia', 'registration_date': 1748814155461}
[2025-08-04T21:42:35.461+0000] {account_kafka_operator.py:59} INFO - Sent transaction {'account_id': 'A00000020', 'first_name': 'FirstName20', 'last_name': 'LastName20', 'email': 'user20@example.com', 'phone_number': '1-123-11', 'dob': 'dob20', 'city': 'Marseille', 'country': 'Brazil', 'registration_date': 1723326155461}
[2025-08-04T21:42:35.461+0000] {account_kafka_operator.py:59} INFO - Sent transaction {'account_id': 'A00000021', 'first_name': 'FirstName21', 'last_name': 'LastName21', 'email': 'user21@example.com', 'phone_number': '1-123-2', 'dob': 'dob21', 'city': 'Los Angeles', 'country': 'Japan', 'registration_date': 1741729355461}
[2025-08-04T21:42:35.461+0000] {account_kafka_operator.py:59} INFO - Sent transaction {'account_id': 'A00000022', 'first_name': 'FirstName22', 'last_name': 'LastName22', 'email': 'user22@example.com', 'phone_number': '1-123-7', 'dob': 'dob22', 'city': 'São Paulo', 'country': 'United States', 'registration_date': 1735767755461}
[2025-08-04T21:42:35.461+0000] {account_kafka_operator.py:59} INFO - Sent transaction {'account_id': 'A00000023', 'first_name': 'FirstName23', 'last_name': 'LastName23', 'email': 'user23@example.com', 'phone_number': '1-123-8', 'dob': 'dob23', 'city': 'Rio de Janeiro', 'country': 'United States', 'registration_date': 1734039755461}
[2025-08-04T21:42:35.461+0000] {account_kafka_operator.py:59} INFO - Sent transaction {'account_id': 'A00000024', 'first_name': 'FirstName24', 'last_name': 'LastName24', 'email': 'user24@example.com', 'phone_number': '1-123-1', 'dob': 'dob24', 'city': 'Tokyo', 'country': 'France', 'registration_date': 1752010955461}
[2025-08-04T21:42:35.462+0000] {account_kafka_operator.py:59} INFO - Sent transaction {'account_id': 'A00000025', 'first_name': 'FirstName25', 'last_name': 'LastName25', 'email': 'user25@example.com', 'phone_number': '1-123-10', 'dob': 'dob25', 'city': 'Brisbane', 'country': 'Brazil', 'registration_date': 1748382155462}
[2025-08-04T21:42:35.462+0000] {account_kafka_operator.py:59} INFO - Sent transaction {'account_id': 'A00000026', 'first_name': 'FirstName26', 'last_name': 'LastName26', 'email': 'user26@example.com', 'phone_number': '1-123-2', 'dob': 'dob26', 'city': 'Rio de Janeiro', 'country': 'United States', 'registration_date': 1747777355462}
[2025-08-04T21:42:35.462+0000] {account_kafka_operator.py:59} INFO - Sent transaction {'account_id': 'A00000027', 'first_name': 'FirstName27', 'last_name': 'LastName27', 'email': 'user27@example.com', 'phone_number': '1-123-7', 'dob': 'dob27', 'city': 'Sydney', 'country': 'Brazil', 'registration_date': 1724794955462}
[2025-08-04T21:42:35.462+0000] {account_kafka_operator.py:59} INFO - Sent transaction {'account_id': 'A00000028', 'first_name': 'FirstName28', 'last_name': 'LastName28', 'email': 'user28@example.com', 'phone_number': '1-123-9', 'dob': 'dob28', 'city': 'Kyoto', 'country': 'Japan', 'registration_date': 1742852555462}
[2025-08-04T21:42:35.462+0000] {account_kafka_operator.py:59} INFO - Sent transaction {'account_id': 'A00000029', 'first_name': 'FirstName29', 'last_name': 'LastName29', 'email': 'user29@example.com', 'phone_number': '1-123-10', 'dob': 'dob29', 'city': 'Chicago', 'country': 'Japan', 'registration_date': 1725658955462}
[2025-08-04T21:42:35.462+0000] {account_kafka_operator.py:59} INFO - Sent transaction {'account_id': 'A00000030', 'first_name': 'FirstName30', 'last_name': 'LastName30', 'email': 'user30@example.com', 'phone_number': '1-123-7', 'dob': 'dob30', 'city': 'New York', 'country': 'Australia', 'registration_date': 1732138955462}
[2025-08-04T21:42:35.462+0000] {account_kafka_operator.py:59} INFO - Sent transaction {'account_id': 'A00000031', 'first_name': 'FirstName31', 'last_name': 'LastName31', 'email': 'user31@example.com', 'phone_number': '1-123-8', 'dob': 'dob31', 'city': 'Marseille', 'country': 'Brazil', 'registration_date': 1748382155462}
[2025-08-04T21:42:35.462+0000] {account_kafka_operator.py:59} INFO - Sent transaction {'account_id': 'A00000032', 'first_name': 'FirstName32', 'last_name': 'LastName32', 'email': 'user32@example.com', 'phone_number': '1-123-12', 'dob': 'dob32', 'city': 'Kyoto', 'country': 'France', 'registration_date': 1732225355462}
[2025-08-04T21:42:35.463+0000] {account_kafka_operator.py:59} INFO - Sent transaction {'account_id': 'A00000033', 'first_name': 'FirstName33', 'last_name': 'LastName33', 'email': 'user33@example.com', 'phone_number': '1-123-10', 'dob': 'dob33', 'city': 'Kyoto', 'country': 'France', 'registration_date': 1748641355463}
[2025-08-04T21:42:35.463+0000] {account_kafka_operator.py:59} INFO - Sent transaction {'account_id': 'A00000034', 'first_name': 'FirstName34', 'last_name': 'LastName34', 'email': 'user34@example.com', 'phone_number': '1-123-10', 'dob': 'dob34', 'city': 'Melbourne', 'country': 'France', 'registration_date': 1728942155463}
[2025-08-04T21:42:35.463+0000] {account_kafka_operator.py:59} INFO - Sent transaction {'account_id': 'A00000035', 'first_name': 'FirstName35', 'last_name': 'LastName35', 'email': 'user35@example.com', 'phone_number': '1-123-6', 'dob': 'dob35', 'city': 'Melbourne', 'country': 'Brazil', 'registration_date': 1732052555463}
[2025-08-04T21:42:35.463+0000] {account_kafka_operator.py:59} INFO - Sent transaction {'account_id': 'A00000036', 'first_name': 'FirstName36', 'last_name': 'LastName36', 'email': 'user36@example.com', 'phone_number': '1-123-6', 'dob': 'dob36', 'city': 'Osaka', 'country': 'Australia', 'registration_date': 1742247755463}
[2025-08-04T21:42:35.463+0000] {account_kafka_operator.py:59} INFO - Sent transaction {'account_id': 'A00000037', 'first_name': 'FirstName37', 'last_name': 'LastName37', 'email': 'user37@example.com', 'phone_number': '1-123-8', 'dob': 'dob37', 'city': 'Melbourne', 'country': 'Japan', 'registration_date': 1725831755463}
[2025-08-04T21:42:35.463+0000] {account_kafka_operator.py:59} INFO - Sent transaction {'account_id': 'A00000038', 'first_name': 'FirstName38', 'last_name': 'LastName38', 'email': 'user38@example.com', 'phone_number': '1-123-6', 'dob': 'dob38', 'city': 'Kyoto', 'country': 'Brazil', 'registration_date': 1731793355463}
[2025-08-04T21:42:35.463+0000] {account_kafka_operator.py:59} INFO - Sent transaction {'account_id': 'A00000039', 'first_name': 'FirstName39', 'last_name': 'LastName39', 'email': 'user39@example.com', 'phone_number': '1-123-9', 'dob': 'dob39', 'city': 'Kyoto', 'country': 'Australia', 'registration_date': 1752183755463}
[2025-08-04T21:42:35.463+0000] {account_kafka_operator.py:59} INFO - Sent transaction {'account_id': 'A00000040', 'first_name': 'FirstName40', 'last_name': 'LastName40', 'email': 'user40@example.com', 'phone_number': '1-123-5', 'dob': 'dob40', 'city': 'Osaka', 'country': 'United States', 'registration_date': 1753134155463}
[2025-08-04T21:42:35.463+0000] {account_kafka_operator.py:59} INFO - Sent transaction {'account_id': 'A00000041', 'first_name': 'FirstName41', 'last_name': 'LastName41', 'email': 'user41@example.com', 'phone_number': '1-123-8', 'dob': 'dob41', 'city': 'Los Angeles', 'country': 'Australia', 'registration_date': 1735508555463}
[2025-08-04T21:42:35.463+0000] {account_kafka_operator.py:59} INFO - Sent transaction {'account_id': 'A00000042', 'first_name': 'FirstName42', 'last_name': 'LastName42', 'email': 'user42@example.com', 'phone_number': '1-123-2', 'dob': 'dob42', 'city': 'Brisbane', 'country': 'France', 'registration_date': 1726350155463}
[2025-08-04T21:42:35.464+0000] {account_kafka_operator.py:59} INFO - Sent transaction {'account_id': 'A00000043', 'first_name': 'FirstName43', 'last_name': 'LastName43', 'email': 'user43@example.com', 'phone_number': '1-123-12', 'dob': 'dob43', 'city': 'Tokyo', 'country': 'France', 'registration_date': 1723239755464}
[2025-08-04T21:42:35.464+0000] {account_kafka_operator.py:59} INFO - Sent transaction {'account_id': 'A00000044', 'first_name': 'FirstName44', 'last_name': 'LastName44', 'email': 'user44@example.com', 'phone_number': '1-123-7', 'dob': 'dob44', 'city': 'Chicago', 'country': 'United States', 'registration_date': 1731188555464}
[2025-08-04T21:42:35.464+0000] {account_kafka_operator.py:59} INFO - Sent transaction {'account_id': 'A00000045', 'first_name': 'FirstName45', 'last_name': 'LastName45', 'email': 'user45@example.com', 'phone_number': '1-123-12', 'dob': 'dob45', 'city': 'Los Angeles', 'country': 'Brazil', 'registration_date': 1747345355464}
[2025-08-04T21:42:35.464+0000] {account_kafka_operator.py:59} INFO - Sent transaction {'account_id': 'A00000046', 'first_name': 'FirstName46', 'last_name': 'LastName46', 'email': 'user46@example.com', 'phone_number': '1-123-7', 'dob': 'dob46', 'city': 'Los Angeles', 'country': 'France', 'registration_date': 1753220555464}
[2025-08-04T21:42:35.464+0000] {account_kafka_operator.py:59} INFO - Sent transaction {'account_id': 'A00000047', 'first_name': 'FirstName47', 'last_name': 'LastName47', 'email': 'user47@example.com', 'phone_number': '1-123-8', 'dob': 'dob47', 'city': 'New York', 'country': 'Japan', 'registration_date': 1746913355464}
[2025-08-04T21:42:35.464+0000] {account_kafka_operator.py:59} INFO - Sent transaction {'account_id': 'A00000048', 'first_name': 'FirstName48', 'last_name': 'LastName48', 'email': 'user48@example.com', 'phone_number': '1-123-11', 'dob': 'dob48', 'city': 'Los Angeles', 'country': 'United States', 'registration_date': 1744148555464}
[2025-08-04T21:42:35.464+0000] {account_kafka_operator.py:59} INFO - Sent transaction {'account_id': 'A00000049', 'first_name': 'FirstName49', 'last_name': 'LastName49', 'email': 'user49@example.com', 'phone_number': '1-123-1', 'dob': 'dob49', 'city': 'Sydney', 'country': 'Brazil', 'registration_date': 1727991755464}
[2025-08-04T21:42:35.464+0000] {account_kafka_operator.py:59} INFO - Sent transaction {'account_id': 'A00000050', 'first_name': 'FirstName50', 'last_name': 'LastName50', 'email': 'user50@example.com', 'phone_number': '1-123-12', 'dob': 'dob50', 'city': 'Chicago', 'country': 'Japan', 'registration_date': 1750542155464}
[2025-08-04T21:42:35.476+0000] {account_kafka_operator.py:62} INFO - 50 transactions sent has been sent to kafka account_data!
[2025-08-04T21:42:35.477+0000] {conn.py:945} INFO - <BrokerConnection client_id=kafka-python-producer-1, node_id=5 host=kafka-broker-2:19092 <connected> [IPv4 ('172.18.0.10', 19092)]>: Closing connection. 
[2025-08-04T21:42:35.477+0000] {conn.py:945} INFO - <BrokerConnection client_id=kafka-python-producer-1, node_id=4 host=kafka-broker-1:19092 <connected> [IPv4 ('172.18.0.9', 19092)]>: Closing connection. 
[2025-08-04T21:42:35.484+0000] {taskinstance.py:341} INFO - ::group::Post task execution logs
[2025-08-04T21:42:35.485+0000] {taskinstance.py:353} INFO - Marking task as SUCCESS. dag_id=account_generator, task_id=generator_account_data, run_id=manual__2025-08-04T21:42:33.769619+00:00, execution_date=20250804T214233, start_date=20250804T214234, end_date=20250804T214235
[2025-08-04T21:42:35.530+0000] {local_task_job_runner.py:266} INFO - Task exited with return code 0
[2025-08-04T21:42:35.539+0000] {taskinstance.py:3901} INFO - 0 downstream tasks scheduled from follow-on schedule check
[2025-08-04T21:42:35.539+0000] {local_task_job_runner.py:245} INFO - ::endgroup::
