[2025-08-07T18:02:16.732+0000] {local_task_job_runner.py:123} INFO - ::group::Pre task execution logs
[2025-08-07T18:02:16.753+0000] {taskinstance.py:2614} INFO - Dependencies all met for dep_context=non-requeueable deps ti=<TaskInstance: artist_generator.generator_artist_data manual__2025-08-07T18:02:14.434583+00:00 [queued]>
[2025-08-07T18:02:16.763+0000] {taskinstance.py:2614} INFO - Dependencies all met for dep_context=requeueable deps ti=<TaskInstance: artist_generator.generator_artist_data manual__2025-08-07T18:02:14.434583+00:00 [queued]>
[2025-08-07T18:02:16.764+0000] {taskinstance.py:2867} INFO - Starting attempt 1 of 1
[2025-08-07T18:02:16.775+0000] {taskinstance.py:2890} INFO - Executing <Task(ArtistProduceOperator): generator_artist_data> on 2025-08-07 18:02:14.434583+00:00
[2025-08-07T18:02:16.781+0000] {logging_mixin.py:190} WARNING - /home/***/.local/lib/python3.12/site-packages/***/task/task_runner/standard_task_runner.py:70 DeprecationWarning: This process (pid=300) is multi-threaded, use of fork() may lead to deadlocks in the child.
[2025-08-07T18:02:16.781+0000] {standard_task_runner.py:104} INFO - Running: ['***', 'tasks', 'run', 'artist_generator', 'generator_artist_data', 'manual__2025-08-07T18:02:14.434583+00:00', '--job-id', '822', '--raw', '--subdir', 'DAGS_FOLDER/artist_generator.py', '--cfg-path', '/tmp/tmp5pkvteml']
[2025-08-07T18:02:16.783+0000] {standard_task_runner.py:105} INFO - Job 822: Subtask generator_artist_data
[2025-08-07T18:02:16.783+0000] {standard_task_runner.py:72} INFO - Started process 304 to run task
[2025-08-07T18:02:16.814+0000] {task_command.py:467} INFO - Running <TaskInstance: artist_generator.generator_artist_data manual__2025-08-07T18:02:14.434583+00:00 [running]> on host 661704bd25df
[2025-08-07T18:02:16.870+0000] {taskinstance.py:3134} INFO - Exporting env vars: AIRFLOW_CTX_DAG_OWNER='GGCODE' AIRFLOW_CTX_DAG_ID='artist_generator' AIRFLOW_CTX_TASK_ID='generator_artist_data' AIRFLOW_CTX_EXECUTION_DATE='2025-08-07T18:02:14.434583+00:00' AIRFLOW_CTX_TRY_NUMBER='1' AIRFLOW_CTX_DAG_RUN_ID='manual__2025-08-07T18:02:14.434583+00:00'
[2025-08-07T18:02:16.873+0000] {taskinstance.py:732} INFO - ::endgroup::
[2025-08-07T18:02:17.074+0000] {conn.py:396} INFO - <BrokerConnection client_id=kafka-python-producer-1, node_id=bootstrap-0 host=kafka-broker-1:19092 <connecting> [IPv4 ('172.18.0.12', 19092)]>: connecting to kafka-broker-1:19092 [('172.18.0.12', 19092) IPv4]
[2025-08-07T18:02:17.081+0000] {conn.py:618} INFO - <BrokerConnection client_id=kafka-python-producer-1, node_id=bootstrap-0 host=kafka-broker-1:19092 <checking_api_versions_recv> [IPv4 ('172.18.0.12', 19092)]>: Broker version identified as 2.6
[2025-08-07T18:02:17.081+0000] {conn.py:457} INFO - <BrokerConnection client_id=kafka-python-producer-1, node_id=bootstrap-0 host=kafka-broker-1:19092 <connected> [IPv4 ('172.18.0.12', 19092)]>: Connection complete.
[2025-08-07T18:02:17.188+0000] {conn.py:396} INFO - <BrokerConnection client_id=kafka-python-producer-1, node_id=6 host=kafka-broker-3:19092 <connecting> [IPv4 ('172.18.0.10', 19092)]>: connecting to kafka-broker-3:19092 [('172.18.0.10', 19092) IPv4]
[2025-08-07T18:02:17.189+0000] {conn.py:457} INFO - <BrokerConnection client_id=kafka-python-producer-1, node_id=6 host=kafka-broker-3:19092 <connected> [IPv4 ('172.18.0.10', 19092)]>: Connection complete.
[2025-08-07T18:02:17.191+0000] {conn.py:945} INFO - <BrokerConnection client_id=kafka-python-producer-1, node_id=bootstrap-0 host=kafka-broker-1:19092 <connected> [IPv4 ('172.18.0.12', 19092)]>: Closing connection. 
[2025-08-07T18:02:17.195+0000] {cluster.py:316} ERROR - Topic artist_data not found in cluster metadata
[2025-08-07T18:02:17.299+0000] {artist_kafka_operator.py:60} INFO - Sent transaction {'account_id': 'A00000001', 'name': 'Mr. Jacob Glass DVM', 'biography': ['Still attack sea standard worry foreign side.', 'Fall someone reach work why consider remain such.', 'Cover nation both arrive night spring.'], 'dob': '1923-04-29', 'city': 'East Matthewview', 'country': 'Hong Kong', 'genre': 'Electronic', 'record_label': 'Warner', 'number_albums': 7, 'number_tracks': 63}
[2025-08-07T18:02:17.301+0000] {artist_kafka_operator.py:60} INFO - Sent transaction {'account_id': 'A00000002', 'name': 'Jennifer Gregory', 'biography': ['Her for his exist main.', 'Home necessary work food glass blood.', 'Develop culture always same far individual economy.'], 'dob': '2015-01-14', 'city': 'Cummingstown', 'country': 'Tajikistan', 'genre': 'Country', 'record_label': 'Universal', 'number_albums': 9, 'number_tracks': 36}
[2025-08-07T18:02:17.303+0000] {artist_kafka_operator.py:60} INFO - Sent transaction {'account_id': 'A00000003', 'name': 'Mrs. Samantha Li DVM', 'biography': ['Spring daughter how really us behind.', 'Article century recognize bed fish.', 'Loss strategy how.'], 'dob': '2012-08-20', 'city': 'Port Nathan', 'country': 'Kenya', 'genre': 'Hip-Hop', 'record_label': 'Sony Music', 'number_albums': 18, 'number_tracks': 234}
[2025-08-07T18:02:17.304+0000] {artist_kafka_operator.py:60} INFO - Sent transaction {'account_id': 'A00000004', 'name': 'Casey Powers', 'biography': ['Seven top industry door great that clear me.', 'Make ago tonight deep good something room.', 'Sit hour speak stock defense.'], 'dob': '1980-11-03', 'city': 'West Jamesfort', 'country': 'Gambia', 'genre': 'Classical', 'record_label': 'Independent', 'number_albums': 12, 'number_tracks': 12}
[2025-08-07T18:02:17.306+0000] {artist_kafka_operator.py:60} INFO - Sent transaction {'account_id': 'A00000005', 'name': 'Amber Pena', 'biography': ['Item shoulder cell recognize able next lot.', 'Full indeed society every everybody probably born.', 'Spring for believe interest moment by successful.'], 'dob': '1961-10-15', 'city': 'Moorechester', 'country': 'Maldives', 'genre': 'Reggae', 'record_label': 'Warner', 'number_albums': 17, 'number_tracks': 255}
[2025-08-07T18:02:17.308+0000] {artist_kafka_operator.py:60} INFO - Sent transaction {'account_id': 'A00000006', 'name': 'Thomas Weiss', 'biography': ['Particular already key about phone movement concern.', 'Author man stop teacher.', 'Just summer many available hope agree.'], 'dob': '1915-02-27', 'city': 'South Amyville', 'country': 'Malaysia', 'genre': 'Rock', 'record_label': 'Sony Music', 'number_albums': 2, 'number_tracks': 6}
[2025-08-07T18:02:17.310+0000] {artist_kafka_operator.py:60} INFO - Sent transaction {'account_id': 'A00000007', 'name': 'Tyler Vasquez', 'biography': ['Degree them try develop room hit.', 'Adult table charge.', 'Again indicate federal job.'], 'dob': '1909-09-28', 'city': 'Christopherton', 'country': 'Bouvet Island (Bouvetoya)', 'genre': 'Hip-Hop', 'record_label': 'Warner', 'number_albums': 13, 'number_tracks': 65}
[2025-08-07T18:02:17.311+0000] {artist_kafka_operator.py:60} INFO - Sent transaction {'account_id': 'A00000008', 'name': 'Edward Morrow', 'biography': ['Early consumer receive page.', 'Particularly dog face painting even.', 'Themselves himself evidence pay all.'], 'dob': '1986-11-29', 'city': 'Bryantshire', 'country': 'Cameroon', 'genre': 'R&B', 'record_label': 'Warner', 'number_albums': 4, 'number_tracks': 64}
[2025-08-07T18:02:17.312+0000] {artist_kafka_operator.py:60} INFO - Sent transaction {'account_id': 'A00000009', 'name': 'Suzanne Maxwell', 'biography': ['Before performance only arm.', 'Can man change.', 'Myself under key head some itself.'], 'dob': '1927-07-20', 'city': 'Erikashire', 'country': 'Burundi', 'genre': 'Reggae', 'record_label': 'Independent', 'number_albums': 5, 'number_tracks': 25}
[2025-08-07T18:02:17.313+0000] {artist_kafka_operator.py:60} INFO - Sent transaction {'account_id': 'A00000010', 'name': 'Angel Jones', 'biography': ['Foot yard official spend.', 'Garden begin same most law lead daughter mind.', 'Easy everyone low standard billion half author measure.'], 'dob': '1997-10-04', 'city': 'Richardville', 'country': 'Saint Vincent and the Grenadines', 'genre': 'Classical', 'record_label': 'Warner', 'number_albums': 15, 'number_tracks': 285}
[2025-08-07T18:02:17.314+0000] {artist_kafka_operator.py:60} INFO - Sent transaction {'account_id': 'A00000011', 'name': 'Jenna Fields', 'biography': ['Short writer remember work someone peace choice.', 'Sit beat though expect billion force move great.', 'Financial more paper very.'], 'dob': '1930-11-16', 'city': 'Dustinhaven', 'country': 'Christmas Island', 'genre': 'Country', 'record_label': 'Warner', 'number_albums': 8, 'number_tracks': 128}
[2025-08-07T18:02:17.315+0000] {artist_kafka_operator.py:60} INFO - Sent transaction {'account_id': 'A00000012', 'name': 'Christina Wang', 'biography': ['Key various page bed set nation.', 'Apply billion little body modern do.', 'Affect until increase.'], 'dob': '1935-11-05', 'city': 'East Samuelmouth', 'country': 'Pitcairn Islands', 'genre': 'Rock', 'record_label': 'Warner', 'number_albums': 19, 'number_tracks': 171}
[2025-08-07T18:02:17.315+0000] {artist_kafka_operator.py:60} INFO - Sent transaction {'account_id': 'A00000013', 'name': 'Brian Becker', 'biography': ['Condition heavy itself drive develop.', 'Away mouth between admit car foot education.', 'Suddenly executive question travel itself against.'], 'dob': '1914-01-22', 'city': 'South Lauren', 'country': 'Niue', 'genre': 'Pop', 'record_label': 'Independent', 'number_albums': 11, 'number_tracks': 176}
[2025-08-07T18:02:17.316+0000] {artist_kafka_operator.py:60} INFO - Sent transaction {'account_id': 'A00000014', 'name': 'Erica Lane', 'biography': ['State maintain fish while democratic open sport physical.', 'Effect majority return region cultural.', 'While across wind case which person any.'], 'dob': '1963-07-26', 'city': 'East Christinaside', 'country': 'Armenia', 'genre': 'Reggae', 'record_label': 'Warner', 'number_albums': 3, 'number_tracks': 60}
[2025-08-07T18:02:17.318+0000] {artist_kafka_operator.py:60} INFO - Sent transaction {'account_id': 'A00000015', 'name': 'Jonathan Ross', 'biography': ['Never pressure current fine responsibility check assume.', 'Environment risk author old most check worry.', 'Edge city grow far nor evidence.'], 'dob': '1910-11-07', 'city': 'Masonmouth', 'country': 'Qatar', 'genre': 'Metal', 'record_label': 'Universal', 'number_albums': 20, 'number_tracks': 240}
[2025-08-07T18:02:17.320+0000] {artist_kafka_operator.py:60} INFO - Sent transaction {'account_id': 'A00000016', 'name': 'George Villarreal', 'biography': ['Reveal evening southern home for.', 'Street already response religious.', 'Prepare already her owner service.'], 'dob': '1940-05-30', 'city': 'Padillachester', 'country': 'South Georgia and the South Sandwich Islands', 'genre': 'Metal', 'record_label': 'Independent', 'number_albums': 12, 'number_tracks': 132}
[2025-08-07T18:02:17.321+0000] {artist_kafka_operator.py:60} INFO - Sent transaction {'account_id': 'A00000017', 'name': 'Debbie Mullins', 'biography': ['Often realize card skill impact.', 'Already laugh recently.', 'Your usually right away mention church.'], 'dob': '2014-10-21', 'city': 'Port Allen', 'country': 'Botswana', 'genre': 'Classical', 'record_label': 'Universal', 'number_albums': 10, 'number_tracks': 130}
[2025-08-07T18:02:17.322+0000] {artist_kafka_operator.py:60} INFO - Sent transaction {'account_id': 'A00000018', 'name': 'Frances Calderon', 'biography': ['Market various another enough whose protect lay.', 'Share hundred town hospital activity southern.', 'Threat now spend himself history.'], 'dob': '1981-10-03', 'city': 'Rayton', 'country': 'India', 'genre': 'Reggae', 'record_label': 'Sony Music', 'number_albums': 3, 'number_tracks': 42}
[2025-08-07T18:02:17.323+0000] {artist_kafka_operator.py:60} INFO - Sent transaction {'account_id': 'A00000019', 'name': 'Brooke Church', 'biography': ['Treat create campaign wait environment yard son.', 'Example pretty should full operation add.', 'Believe writer within yet leg.'], 'dob': '1943-01-06', 'city': 'North Shawntown', 'country': 'Uzbekistan', 'genre': 'R&B', 'record_label': 'Warner', 'number_albums': 9, 'number_tracks': 27}
[2025-08-07T18:02:17.325+0000] {artist_kafka_operator.py:60} INFO - Sent transaction {'account_id': 'A00000020', 'name': 'Jared Garrett', 'biography': ['Imagine thus artist player our soon significant.', 'American realize person real exactly increase.', 'Miss or official goal less cost technology relationship.'], 'dob': '1976-12-04', 'city': 'Nicoletown', 'country': 'Namibia', 'genre': 'Country', 'record_label': 'Sony Music', 'number_albums': 1, 'number_tracks': 15}
[2025-08-07T18:02:17.327+0000] {artist_kafka_operator.py:63} INFO - 20 transactions sent has been sent to kafka artist_data!
[2025-08-07T18:02:17.328+0000] {conn.py:945} INFO - <BrokerConnection client_id=kafka-python-producer-1, node_id=6 host=kafka-broker-3:19092 <connected> [IPv4 ('172.18.0.10', 19092)]>: Closing connection. 
[2025-08-07T18:02:17.336+0000] {taskinstance.py:341} INFO - ::group::Post task execution logs
[2025-08-07T18:02:17.336+0000] {taskinstance.py:353} INFO - Marking task as SUCCESS. dag_id=artist_generator, task_id=generator_artist_data, run_id=manual__2025-08-07T18:02:14.434583+00:00, execution_date=20250807T180214, start_date=20250807T180216, end_date=20250807T180217
[2025-08-07T18:02:17.377+0000] {local_task_job_runner.py:266} INFO - Task exited with return code 0
[2025-08-07T18:02:17.401+0000] {taskinstance.py:3901} INFO - 0 downstream tasks scheduled from follow-on schedule check
[2025-08-07T18:02:17.403+0000] {local_task_job_runner.py:245} INFO - ::endgroup::
