[2025-08-03T23:22:33.469+0000] {processor.py:186} INFO - Started process (PID=3856) to work on /opt/airflow/dags/music_generator.py
[2025-08-03T23:22:33.471+0000] {processor.py:914} INFO - Processing file /opt/airflow/dags/music_generator.py for tasks to queue
[2025-08-03T23:22:33.472+0000] {logging_mixin.py:190} INFO - [2025-08-03T23:22:33.471+0000] {dagbag.py:588} INFO - Filling up the DagBag from /opt/airflow/dags/music_generator.py
[2025-08-03T23:22:33.626+0000] {logging_mixin.py:190} INFO - [2025-08-03T23:22:33.624+0000] {dagbag.py:387} ERROR - Failed to import: /opt/airflow/dags/music_generator.py
Traceback (most recent call last):
  File "/home/airflow/.local/lib/python3.12/site-packages/airflow/models/dagbag.py", line 383, in parse
    loader.exec_module(new_module)
  File "<frozen importlib._bootstrap_external>", line 999, in exec_module
  File "<frozen importlib._bootstrap>", line 488, in _call_with_frames_removed
  File "/opt/airflow/dags/music_generator.py", line 8, in <module>
    from kafka_operator import KafkaProduceOperator
  File "/opt/airflow/plugins/kafka_operator.py", line 5, in <module>
    from kafka import KafkaProducer
ModuleNotFoundError: No module named 'kafka'
[2025-08-03T23:22:33.626+0000] {processor.py:927} WARNING - No viable dags retrieved from /opt/airflow/dags/music_generator.py
[2025-08-03T23:22:33.633+0000] {processor.py:208} INFO - Processing /opt/airflow/dags/music_generator.py took 0.174 seconds
[2025-08-03T23:23:03.933+0000] {processor.py:186} INFO - Started process (PID=3882) to work on /opt/airflow/dags/music_generator.py
[2025-08-03T23:23:03.933+0000] {processor.py:914} INFO - Processing file /opt/airflow/dags/music_generator.py for tasks to queue
[2025-08-03T23:23:03.935+0000] {logging_mixin.py:190} INFO - [2025-08-03T23:23:03.935+0000] {dagbag.py:588} INFO - Filling up the DagBag from /opt/airflow/dags/music_generator.py
[2025-08-03T23:23:04.108+0000] {logging_mixin.py:190} INFO - [2025-08-03T23:23:04.107+0000] {dagbag.py:387} ERROR - Failed to import: /opt/airflow/dags/music_generator.py
Traceback (most recent call last):
  File "/home/airflow/.local/lib/python3.12/site-packages/airflow/models/dagbag.py", line 383, in parse
    loader.exec_module(new_module)
  File "<frozen importlib._bootstrap_external>", line 999, in exec_module
  File "<frozen importlib._bootstrap>", line 488, in _call_with_frames_removed
  File "/opt/airflow/dags/music_generator.py", line 8, in <module>
    from kafka_operator import KafkaProduceOperator
  File "/opt/airflow/plugins/kafka_operator.py", line 5, in <module>
    from kafka import KafkaProducer
ModuleNotFoundError: No module named 'kafka'
[2025-08-03T23:23:04.108+0000] {processor.py:927} WARNING - No viable dags retrieved from /opt/airflow/dags/music_generator.py
[2025-08-03T23:23:04.116+0000] {processor.py:208} INFO - Processing /opt/airflow/dags/music_generator.py took 0.192 seconds
[2025-08-03T23:23:34.414+0000] {processor.py:186} INFO - Started process (PID=3908) to work on /opt/airflow/dags/music_generator.py
[2025-08-03T23:23:34.415+0000] {processor.py:914} INFO - Processing file /opt/airflow/dags/music_generator.py for tasks to queue
[2025-08-03T23:23:34.416+0000] {logging_mixin.py:190} INFO - [2025-08-03T23:23:34.416+0000] {dagbag.py:588} INFO - Filling up the DagBag from /opt/airflow/dags/music_generator.py
[2025-08-03T23:23:34.572+0000] {logging_mixin.py:190} INFO - [2025-08-03T23:23:34.571+0000] {dagbag.py:387} ERROR - Failed to import: /opt/airflow/dags/music_generator.py
Traceback (most recent call last):
  File "/home/airflow/.local/lib/python3.12/site-packages/airflow/models/dagbag.py", line 383, in parse
    loader.exec_module(new_module)
  File "<frozen importlib._bootstrap_external>", line 999, in exec_module
  File "<frozen importlib._bootstrap>", line 488, in _call_with_frames_removed
  File "/opt/airflow/dags/music_generator.py", line 8, in <module>
    from kafka_operator import KafkaProduceOperator
  File "/opt/airflow/plugins/kafka_operator.py", line 5, in <module>
    from kafka import KafkaProducer
ModuleNotFoundError: No module named 'kafka'
[2025-08-03T23:23:34.572+0000] {processor.py:927} WARNING - No viable dags retrieved from /opt/airflow/dags/music_generator.py
[2025-08-03T23:23:34.578+0000] {processor.py:208} INFO - Processing /opt/airflow/dags/music_generator.py took 0.171 seconds
[2025-08-03T23:24:04.899+0000] {processor.py:186} INFO - Started process (PID=3934) to work on /opt/airflow/dags/music_generator.py
[2025-08-03T23:24:04.900+0000] {processor.py:914} INFO - Processing file /opt/airflow/dags/music_generator.py for tasks to queue
[2025-08-03T23:24:04.902+0000] {logging_mixin.py:190} INFO - [2025-08-03T23:24:04.901+0000] {dagbag.py:588} INFO - Filling up the DagBag from /opt/airflow/dags/music_generator.py
[2025-08-03T23:24:05.095+0000] {logging_mixin.py:190} INFO - [2025-08-03T23:24:05.093+0000] {dagbag.py:387} ERROR - Failed to import: /opt/airflow/dags/music_generator.py
Traceback (most recent call last):
  File "/home/airflow/.local/lib/python3.12/site-packages/airflow/models/dagbag.py", line 383, in parse
    loader.exec_module(new_module)
  File "<frozen importlib._bootstrap_external>", line 999, in exec_module
  File "<frozen importlib._bootstrap>", line 488, in _call_with_frames_removed
  File "/opt/airflow/dags/music_generator.py", line 8, in <module>
    from kafka_operator import KafkaProduceOperator
  File "/opt/airflow/plugins/kafka_operator.py", line 5, in <module>
    from kafka import KafkaProducer
ModuleNotFoundError: No module named 'kafka'
[2025-08-03T23:24:05.095+0000] {processor.py:927} WARNING - No viable dags retrieved from /opt/airflow/dags/music_generator.py
[2025-08-03T23:24:05.102+0000] {processor.py:208} INFO - Processing /opt/airflow/dags/music_generator.py took 0.220 seconds
[2025-08-03T23:24:35.525+0000] {processor.py:186} INFO - Started process (PID=3960) to work on /opt/airflow/dags/music_generator.py
[2025-08-03T23:24:35.527+0000] {processor.py:914} INFO - Processing file /opt/airflow/dags/music_generator.py for tasks to queue
[2025-08-03T23:24:35.529+0000] {logging_mixin.py:190} INFO - [2025-08-03T23:24:35.529+0000] {dagbag.py:588} INFO - Filling up the DagBag from /opt/airflow/dags/music_generator.py
[2025-08-03T23:24:35.895+0000] {logging_mixin.py:190} INFO - [2025-08-03T23:24:35.893+0000] {dagbag.py:387} ERROR - Failed to import: /opt/airflow/dags/music_generator.py
Traceback (most recent call last):
  File "/home/airflow/.local/lib/python3.12/site-packages/airflow/models/dagbag.py", line 383, in parse
    loader.exec_module(new_module)
  File "<frozen importlib._bootstrap_external>", line 999, in exec_module
  File "<frozen importlib._bootstrap>", line 488, in _call_with_frames_removed
  File "/opt/airflow/dags/music_generator.py", line 8, in <module>
    from kafka_operator import KafkaProduceOperator
  File "/opt/airflow/plugins/kafka_operator.py", line 5, in <module>
    from kafka import KafkaProducer
ModuleNotFoundError: No module named 'kafka'
[2025-08-03T23:24:35.896+0000] {processor.py:927} WARNING - No viable dags retrieved from /opt/airflow/dags/music_generator.py
[2025-08-03T23:24:35.913+0000] {processor.py:208} INFO - Processing /opt/airflow/dags/music_generator.py took 0.401 seconds
[2025-08-03T23:25:06.894+0000] {processor.py:186} INFO - Started process (PID=3991) to work on /opt/airflow/dags/music_generator.py
[2025-08-03T23:25:06.894+0000] {processor.py:914} INFO - Processing file /opt/airflow/dags/music_generator.py for tasks to queue
[2025-08-03T23:25:06.895+0000] {logging_mixin.py:190} INFO - [2025-08-03T23:25:06.895+0000] {dagbag.py:588} INFO - Filling up the DagBag from /opt/airflow/dags/music_generator.py
[2025-08-03T23:25:07.202+0000] {logging_mixin.py:190} INFO - [2025-08-03T23:25:07.199+0000] {dagbag.py:387} ERROR - Failed to import: /opt/airflow/dags/music_generator.py
Traceback (most recent call last):
  File "/home/airflow/.local/lib/python3.12/site-packages/airflow/models/dagbag.py", line 383, in parse
    loader.exec_module(new_module)
  File "<frozen importlib._bootstrap_external>", line 999, in exec_module
  File "<frozen importlib._bootstrap>", line 488, in _call_with_frames_removed
  File "/opt/airflow/dags/music_generator.py", line 8, in <module>
    from kafka_operator import KafkaProduceOperator
  File "/opt/airflow/plugins/kafka_operator.py", line 5, in <module>
    from kafka import KafkaProducer
ModuleNotFoundError: No module named 'kafka'
[2025-08-03T23:25:07.203+0000] {processor.py:927} WARNING - No viable dags retrieved from /opt/airflow/dags/music_generator.py
[2025-08-03T23:25:07.222+0000] {processor.py:208} INFO - Processing /opt/airflow/dags/music_generator.py took 0.332 seconds
[2025-08-03T23:25:37.282+0000] {processor.py:186} INFO - Started process (PID=4017) to work on /opt/airflow/dags/music_generator.py
[2025-08-03T23:25:37.283+0000] {processor.py:914} INFO - Processing file /opt/airflow/dags/music_generator.py for tasks to queue
[2025-08-03T23:25:37.284+0000] {logging_mixin.py:190} INFO - [2025-08-03T23:25:37.283+0000] {dagbag.py:588} INFO - Filling up the DagBag from /opt/airflow/dags/music_generator.py
[2025-08-03T23:25:37.599+0000] {logging_mixin.py:190} INFO - [2025-08-03T23:25:37.597+0000] {dagbag.py:387} ERROR - Failed to import: /opt/airflow/dags/music_generator.py
Traceback (most recent call last):
  File "/home/airflow/.local/lib/python3.12/site-packages/airflow/models/dagbag.py", line 383, in parse
    loader.exec_module(new_module)
  File "<frozen importlib._bootstrap_external>", line 999, in exec_module
  File "<frozen importlib._bootstrap>", line 488, in _call_with_frames_removed
  File "/opt/airflow/dags/music_generator.py", line 8, in <module>
    from kafka_operator import KafkaProduceOperator
  File "/opt/airflow/plugins/kafka_operator.py", line 5, in <module>
    from kafka import KafkaProducer
ModuleNotFoundError: No module named 'kafka'
[2025-08-03T23:25:37.600+0000] {processor.py:927} WARNING - No viable dags retrieved from /opt/airflow/dags/music_generator.py
[2025-08-03T23:25:37.613+0000] {processor.py:208} INFO - Processing /opt/airflow/dags/music_generator.py took 0.339 seconds
[2025-08-03T23:26:08.587+0000] {processor.py:186} INFO - Started process (PID=4043) to work on /opt/airflow/dags/music_generator.py
[2025-08-03T23:26:08.588+0000] {processor.py:914} INFO - Processing file /opt/airflow/dags/music_generator.py for tasks to queue
[2025-08-03T23:26:08.590+0000] {logging_mixin.py:190} INFO - [2025-08-03T23:26:08.590+0000] {dagbag.py:588} INFO - Filling up the DagBag from /opt/airflow/dags/music_generator.py
[2025-08-03T23:26:08.833+0000] {logging_mixin.py:190} INFO - [2025-08-03T23:26:08.830+0000] {dagbag.py:387} ERROR - Failed to import: /opt/airflow/dags/music_generator.py
Traceback (most recent call last):
  File "/home/airflow/.local/lib/python3.12/site-packages/airflow/models/dagbag.py", line 383, in parse
    loader.exec_module(new_module)
  File "<frozen importlib._bootstrap_external>", line 999, in exec_module
  File "<frozen importlib._bootstrap>", line 488, in _call_with_frames_removed
  File "/opt/airflow/dags/music_generator.py", line 8, in <module>
    from kafka_operator import KafkaProduceOperator
  File "/opt/airflow/plugins/kafka_operator.py", line 5, in <module>
    from kafka import KafkaProducer
ModuleNotFoundError: No module named 'kafka'
[2025-08-03T23:26:08.833+0000] {processor.py:927} WARNING - No viable dags retrieved from /opt/airflow/dags/music_generator.py
[2025-08-03T23:26:08.859+0000] {processor.py:208} INFO - Processing /opt/airflow/dags/music_generator.py took 0.279 seconds
[2025-08-03T23:26:10.680+0000] {processor.py:186} INFO - Started process (PID=4048) to work on /opt/airflow/dags/music_generator.py
[2025-08-03T23:26:10.681+0000] {processor.py:914} INFO - Processing file /opt/airflow/dags/music_generator.py for tasks to queue
[2025-08-03T23:26:10.682+0000] {logging_mixin.py:190} INFO - [2025-08-03T23:26:10.682+0000] {dagbag.py:588} INFO - Filling up the DagBag from /opt/airflow/dags/music_generator.py
[2025-08-03T23:26:10.852+0000] {logging_mixin.py:190} INFO - [2025-08-03T23:26:10.850+0000] {dagbag.py:387} ERROR - Failed to import: /opt/airflow/dags/music_generator.py
Traceback (most recent call last):
  File "/home/airflow/.local/lib/python3.12/site-packages/airflow/models/dagbag.py", line 383, in parse
    loader.exec_module(new_module)
  File "<frozen importlib._bootstrap_external>", line 999, in exec_module
  File "<frozen importlib._bootstrap>", line 488, in _call_with_frames_removed
  File "/opt/airflow/dags/music_generator.py", line 5, in <module>
    from artist_generator import first_names
  File "/opt/airflow/dags/artist_generator.py", line 8, in <module>
    from kafka_operator import KafkaProducerOperator
  File "/opt/airflow/plugins/kafka_operator.py", line 5, in <module>
    from kafka import KafkaProducer
ModuleNotFoundError: No module named 'kafka'
[2025-08-03T23:26:10.852+0000] {processor.py:927} WARNING - No viable dags retrieved from /opt/airflow/dags/music_generator.py
[2025-08-03T23:26:10.871+0000] {processor.py:208} INFO - Processing /opt/airflow/dags/music_generator.py took 0.235 seconds
[2025-08-03T23:26:41.193+0000] {processor.py:186} INFO - Started process (PID=4074) to work on /opt/airflow/dags/music_generator.py
[2025-08-03T23:26:41.194+0000] {processor.py:914} INFO - Processing file /opt/airflow/dags/music_generator.py for tasks to queue
[2025-08-03T23:26:41.195+0000] {logging_mixin.py:190} INFO - [2025-08-03T23:26:41.195+0000] {dagbag.py:588} INFO - Filling up the DagBag from /opt/airflow/dags/music_generator.py
[2025-08-03T23:26:41.501+0000] {logging_mixin.py:190} INFO - [2025-08-03T23:26:41.499+0000] {dagbag.py:387} ERROR - Failed to import: /opt/airflow/dags/music_generator.py
Traceback (most recent call last):
  File "/home/airflow/.local/lib/python3.12/site-packages/airflow/models/dagbag.py", line 383, in parse
    loader.exec_module(new_module)
  File "<frozen importlib._bootstrap_external>", line 999, in exec_module
  File "<frozen importlib._bootstrap>", line 488, in _call_with_frames_removed
  File "/opt/airflow/dags/music_generator.py", line 5, in <module>
    from artist_generator import first_names
  File "/opt/airflow/dags/artist_generator.py", line 8, in <module>
    from kafka_operator import KafkaProducerOperator
  File "/opt/airflow/plugins/kafka_operator.py", line 5, in <module>
    from kafka import KafkaProducer
ModuleNotFoundError: No module named 'kafka'
[2025-08-03T23:26:41.502+0000] {processor.py:927} WARNING - No viable dags retrieved from /opt/airflow/dags/music_generator.py
[2025-08-03T23:26:41.530+0000] {processor.py:208} INFO - Processing /opt/airflow/dags/music_generator.py took 0.347 seconds
[2025-08-03T23:27:12.539+0000] {processor.py:186} INFO - Started process (PID=4100) to work on /opt/airflow/dags/music_generator.py
[2025-08-03T23:27:12.541+0000] {processor.py:914} INFO - Processing file /opt/airflow/dags/music_generator.py for tasks to queue
[2025-08-03T23:27:12.543+0000] {logging_mixin.py:190} INFO - [2025-08-03T23:27:12.543+0000] {dagbag.py:588} INFO - Filling up the DagBag from /opt/airflow/dags/music_generator.py
[2025-08-03T23:27:12.811+0000] {logging_mixin.py:190} INFO - [2025-08-03T23:27:12.809+0000] {dagbag.py:387} ERROR - Failed to import: /opt/airflow/dags/music_generator.py
Traceback (most recent call last):
  File "/home/airflow/.local/lib/python3.12/site-packages/airflow/models/dagbag.py", line 383, in parse
    loader.exec_module(new_module)
  File "<frozen importlib._bootstrap_external>", line 999, in exec_module
  File "<frozen importlib._bootstrap>", line 488, in _call_with_frames_removed
  File "/opt/airflow/dags/music_generator.py", line 5, in <module>
    from artist_generator import first_names
  File "/opt/airflow/dags/artist_generator.py", line 8, in <module>
    from kafka_operator import KafkaProducerOperator
  File "/opt/airflow/plugins/kafka_operator.py", line 5, in <module>
    from kafka import KafkaProducer
ModuleNotFoundError: No module named 'kafka'
[2025-08-03T23:27:12.812+0000] {processor.py:927} WARNING - No viable dags retrieved from /opt/airflow/dags/music_generator.py
[2025-08-03T23:27:12.847+0000] {processor.py:208} INFO - Processing /opt/airflow/dags/music_generator.py took 0.318 seconds
[2025-08-03T23:27:43.094+0000] {processor.py:186} INFO - Started process (PID=4126) to work on /opt/airflow/dags/music_generator.py
[2025-08-03T23:27:43.094+0000] {processor.py:914} INFO - Processing file /opt/airflow/dags/music_generator.py for tasks to queue
[2025-08-03T23:27:43.095+0000] {logging_mixin.py:190} INFO - [2025-08-03T23:27:43.095+0000] {dagbag.py:588} INFO - Filling up the DagBag from /opt/airflow/dags/music_generator.py
[2025-08-03T23:27:43.382+0000] {logging_mixin.py:190} INFO - [2025-08-03T23:27:43.380+0000] {dagbag.py:387} ERROR - Failed to import: /opt/airflow/dags/music_generator.py
Traceback (most recent call last):
  File "/home/airflow/.local/lib/python3.12/site-packages/airflow/models/dagbag.py", line 383, in parse
    loader.exec_module(new_module)
  File "<frozen importlib._bootstrap_external>", line 999, in exec_module
  File "<frozen importlib._bootstrap>", line 488, in _call_with_frames_removed
  File "/opt/airflow/dags/music_generator.py", line 5, in <module>
    from artist_generator import first_names
  File "/opt/airflow/dags/artist_generator.py", line 8, in <module>
    from kafka_operator import KafkaProducerOperator
  File "/opt/airflow/plugins/kafka_operator.py", line 5, in <module>
    from kafka import KafkaProducer
ModuleNotFoundError: No module named 'kafka'
[2025-08-03T23:27:43.382+0000] {processor.py:927} WARNING - No viable dags retrieved from /opt/airflow/dags/music_generator.py
[2025-08-03T23:27:43.415+0000] {processor.py:208} INFO - Processing /opt/airflow/dags/music_generator.py took 0.325 seconds
[2025-08-03T23:28:13.712+0000] {processor.py:186} INFO - Started process (PID=4152) to work on /opt/airflow/dags/music_generator.py
[2025-08-03T23:28:13.713+0000] {processor.py:914} INFO - Processing file /opt/airflow/dags/music_generator.py for tasks to queue
[2025-08-03T23:28:13.714+0000] {logging_mixin.py:190} INFO - [2025-08-03T23:28:13.714+0000] {dagbag.py:588} INFO - Filling up the DagBag from /opt/airflow/dags/music_generator.py
[2025-08-03T23:28:13.984+0000] {logging_mixin.py:190} INFO - [2025-08-03T23:28:13.982+0000] {dagbag.py:387} ERROR - Failed to import: /opt/airflow/dags/music_generator.py
Traceback (most recent call last):
  File "/home/airflow/.local/lib/python3.12/site-packages/airflow/models/dagbag.py", line 383, in parse
    loader.exec_module(new_module)
  File "<frozen importlib._bootstrap_external>", line 999, in exec_module
  File "<frozen importlib._bootstrap>", line 488, in _call_with_frames_removed
  File "/opt/airflow/dags/music_generator.py", line 5, in <module>
    from artist_generator import first_names
  File "/opt/airflow/dags/artist_generator.py", line 8, in <module>
    from kafka_operator import KafkaProducerOperator
  File "/opt/airflow/plugins/kafka_operator.py", line 5, in <module>
    from kafka import KafkaProducer
ModuleNotFoundError: No module named 'kafka'
[2025-08-03T23:28:13.985+0000] {processor.py:927} WARNING - No viable dags retrieved from /opt/airflow/dags/music_generator.py
[2025-08-03T23:28:14.010+0000] {processor.py:208} INFO - Processing /opt/airflow/dags/music_generator.py took 0.305 seconds
[2025-08-03T23:28:44.288+0000] {processor.py:186} INFO - Started process (PID=4178) to work on /opt/airflow/dags/music_generator.py
[2025-08-03T23:28:44.289+0000] {processor.py:914} INFO - Processing file /opt/airflow/dags/music_generator.py for tasks to queue
[2025-08-03T23:28:44.291+0000] {logging_mixin.py:190} INFO - [2025-08-03T23:28:44.290+0000] {dagbag.py:588} INFO - Filling up the DagBag from /opt/airflow/dags/music_generator.py
[2025-08-03T23:28:44.537+0000] {logging_mixin.py:190} INFO - [2025-08-03T23:28:44.536+0000] {dagbag.py:387} ERROR - Failed to import: /opt/airflow/dags/music_generator.py
Traceback (most recent call last):
  File "/home/airflow/.local/lib/python3.12/site-packages/airflow/models/dagbag.py", line 383, in parse
    loader.exec_module(new_module)
  File "<frozen importlib._bootstrap_external>", line 999, in exec_module
  File "<frozen importlib._bootstrap>", line 488, in _call_with_frames_removed
  File "/opt/airflow/dags/music_generator.py", line 5, in <module>
    from artist_generator import first_names
  File "/opt/airflow/dags/artist_generator.py", line 8, in <module>
    from kafka_operator import KafkaProducerOperator
  File "/opt/airflow/plugins/kafka_operator.py", line 5, in <module>
    from kafka import KafkaProducer
ModuleNotFoundError: No module named 'kafka'
[2025-08-03T23:28:44.538+0000] {processor.py:927} WARNING - No viable dags retrieved from /opt/airflow/dags/music_generator.py
[2025-08-03T23:28:44.561+0000] {processor.py:208} INFO - Processing /opt/airflow/dags/music_generator.py took 0.279 seconds
[2025-08-03T23:29:15.300+0000] {processor.py:186} INFO - Started process (PID=4210) to work on /opt/airflow/dags/music_generator.py
[2025-08-03T23:29:15.301+0000] {processor.py:914} INFO - Processing file /opt/airflow/dags/music_generator.py for tasks to queue
[2025-08-03T23:29:15.302+0000] {logging_mixin.py:190} INFO - [2025-08-03T23:29:15.301+0000] {dagbag.py:588} INFO - Filling up the DagBag from /opt/airflow/dags/music_generator.py
[2025-08-03T23:29:15.805+0000] {logging_mixin.py:190} INFO - [2025-08-03T23:29:15.801+0000] {dagbag.py:387} ERROR - Failed to import: /opt/airflow/dags/music_generator.py
Traceback (most recent call last):
  File "/home/airflow/.local/lib/python3.12/site-packages/airflow/models/dagbag.py", line 383, in parse
    loader.exec_module(new_module)
  File "<frozen importlib._bootstrap_external>", line 999, in exec_module
  File "<frozen importlib._bootstrap>", line 488, in _call_with_frames_removed
  File "/opt/airflow/dags/music_generator.py", line 5, in <module>
    from artist_generator import first_names
  File "/opt/airflow/dags/artist_generator.py", line 8, in <module>
    from kafka_operator import KafkaProducerOperator
  File "/opt/airflow/plugins/kafka_operator.py", line 5, in <module>
    from kafka import KafkaProducer
ModuleNotFoundError: No module named 'kafka'
[2025-08-03T23:29:15.805+0000] {processor.py:927} WARNING - No viable dags retrieved from /opt/airflow/dags/music_generator.py
[2025-08-03T23:29:15.832+0000] {processor.py:208} INFO - Processing /opt/airflow/dags/music_generator.py took 0.540 seconds
[2025-08-03T23:29:46.621+0000] {processor.py:186} INFO - Started process (PID=4236) to work on /opt/airflow/dags/music_generator.py
[2025-08-03T23:29:46.626+0000] {processor.py:914} INFO - Processing file /opt/airflow/dags/music_generator.py for tasks to queue
[2025-08-03T23:29:46.628+0000] {logging_mixin.py:190} INFO - [2025-08-03T23:29:46.626+0000] {dagbag.py:588} INFO - Filling up the DagBag from /opt/airflow/dags/music_generator.py
[2025-08-03T23:29:46.879+0000] {logging_mixin.py:190} INFO - [2025-08-03T23:29:46.875+0000] {dagbag.py:387} ERROR - Failed to import: /opt/airflow/dags/music_generator.py
Traceback (most recent call last):
  File "/home/airflow/.local/lib/python3.12/site-packages/airflow/models/dagbag.py", line 383, in parse
    loader.exec_module(new_module)
  File "<frozen importlib._bootstrap_external>", line 999, in exec_module
  File "<frozen importlib._bootstrap>", line 488, in _call_with_frames_removed
  File "/opt/airflow/dags/music_generator.py", line 5, in <module>
    from artist_generator import first_names
  File "/opt/airflow/dags/artist_generator.py", line 8, in <module>
    from kafka_operator import KafkaProducerOperator
  File "/opt/airflow/plugins/kafka_operator.py", line 5, in <module>
    from kafka import KafkaProducer
ModuleNotFoundError: No module named 'kafka'
[2025-08-03T23:29:46.879+0000] {processor.py:927} WARNING - No viable dags retrieved from /opt/airflow/dags/music_generator.py
[2025-08-03T23:29:46.950+0000] {processor.py:208} INFO - Processing /opt/airflow/dags/music_generator.py took 0.335 seconds
[2025-08-03T23:30:17.389+0000] {processor.py:186} INFO - Started process (PID=4262) to work on /opt/airflow/dags/music_generator.py
[2025-08-03T23:30:17.407+0000] {processor.py:914} INFO - Processing file /opt/airflow/dags/music_generator.py for tasks to queue
[2025-08-03T23:30:17.429+0000] {logging_mixin.py:190} INFO - [2025-08-03T23:30:17.424+0000] {dagbag.py:588} INFO - Filling up the DagBag from /opt/airflow/dags/music_generator.py
[2025-08-03T23:30:18.254+0000] {logging_mixin.py:190} INFO - [2025-08-03T23:30:18.250+0000] {dagbag.py:387} ERROR - Failed to import: /opt/airflow/dags/music_generator.py
Traceback (most recent call last):
  File "/home/airflow/.local/lib/python3.12/site-packages/airflow/models/dagbag.py", line 383, in parse
    loader.exec_module(new_module)
  File "<frozen importlib._bootstrap_external>", line 999, in exec_module
  File "<frozen importlib._bootstrap>", line 488, in _call_with_frames_removed
  File "/opt/airflow/dags/music_generator.py", line 5, in <module>
    from artist_generator import first_names
  File "/opt/airflow/dags/artist_generator.py", line 8, in <module>
    from kafka_operator import KafkaProducerOperator
  File "/opt/airflow/plugins/kafka_operator.py", line 5, in <module>
    from kafka import KafkaProducer
ModuleNotFoundError: No module named 'kafka'
[2025-08-03T23:30:18.255+0000] {processor.py:927} WARNING - No viable dags retrieved from /opt/airflow/dags/music_generator.py
[2025-08-03T23:30:18.279+0000] {processor.py:208} INFO - Processing /opt/airflow/dags/music_generator.py took 0.907 seconds
[2025-08-03T23:30:48.648+0000] {processor.py:186} INFO - Started process (PID=4288) to work on /opt/airflow/dags/music_generator.py
[2025-08-03T23:30:48.681+0000] {processor.py:914} INFO - Processing file /opt/airflow/dags/music_generator.py for tasks to queue
[2025-08-03T23:30:48.701+0000] {logging_mixin.py:190} INFO - [2025-08-03T23:30:48.688+0000] {dagbag.py:588} INFO - Filling up the DagBag from /opt/airflow/dags/music_generator.py
[2025-08-03T23:30:50.868+0000] {logging_mixin.py:190} INFO - [2025-08-03T23:30:50.865+0000] {dagbag.py:387} ERROR - Failed to import: /opt/airflow/dags/music_generator.py
Traceback (most recent call last):
  File "/home/airflow/.local/lib/python3.12/site-packages/airflow/models/dagbag.py", line 383, in parse
    loader.exec_module(new_module)
  File "<frozen importlib._bootstrap_external>", line 999, in exec_module
  File "<frozen importlib._bootstrap>", line 488, in _call_with_frames_removed
  File "/opt/airflow/dags/music_generator.py", line 5, in <module>
    from artist_generator import first_names
  File "/opt/airflow/dags/artist_generator.py", line 8, in <module>
    from kafka_operator import KafkaProducerOperator
  File "/opt/airflow/plugins/kafka_operator.py", line 5, in <module>
    from kafka import KafkaProducer
ModuleNotFoundError: No module named 'kafka'
[2025-08-03T23:30:50.869+0000] {processor.py:927} WARNING - No viable dags retrieved from /opt/airflow/dags/music_generator.py
[2025-08-03T23:30:50.892+0000] {processor.py:208} INFO - Processing /opt/airflow/dags/music_generator.py took 2.268 seconds
[2025-08-03T23:31:21.257+0000] {processor.py:186} INFO - Started process (PID=4314) to work on /opt/airflow/dags/music_generator.py
[2025-08-03T23:31:21.259+0000] {processor.py:914} INFO - Processing file /opt/airflow/dags/music_generator.py for tasks to queue
[2025-08-03T23:31:21.261+0000] {logging_mixin.py:190} INFO - [2025-08-03T23:31:21.260+0000] {dagbag.py:588} INFO - Filling up the DagBag from /opt/airflow/dags/music_generator.py
[2025-08-03T23:31:21.627+0000] {logging_mixin.py:190} INFO - [2025-08-03T23:31:21.621+0000] {dagbag.py:387} ERROR - Failed to import: /opt/airflow/dags/music_generator.py
Traceback (most recent call last):
  File "/home/airflow/.local/lib/python3.12/site-packages/airflow/models/dagbag.py", line 383, in parse
    loader.exec_module(new_module)
  File "<frozen importlib._bootstrap_external>", line 999, in exec_module
  File "<frozen importlib._bootstrap>", line 488, in _call_with_frames_removed
  File "/opt/airflow/dags/music_generator.py", line 5, in <module>
    from artist_generator import first_names
  File "/opt/airflow/dags/artist_generator.py", line 8, in <module>
    from kafka_operator import KafkaProducerOperator
  File "/opt/airflow/plugins/kafka_operator.py", line 5, in <module>
    from kafka import KafkaProducer
ModuleNotFoundError: No module named 'kafka'
[2025-08-03T23:31:21.628+0000] {processor.py:927} WARNING - No viable dags retrieved from /opt/airflow/dags/music_generator.py
[2025-08-03T23:31:21.647+0000] {processor.py:208} INFO - Processing /opt/airflow/dags/music_generator.py took 0.407 seconds
[2025-08-03T23:31:51.931+0000] {processor.py:186} INFO - Started process (PID=4340) to work on /opt/airflow/dags/music_generator.py
[2025-08-03T23:31:51.932+0000] {processor.py:914} INFO - Processing file /opt/airflow/dags/music_generator.py for tasks to queue
[2025-08-03T23:31:51.932+0000] {logging_mixin.py:190} INFO - [2025-08-03T23:31:51.932+0000] {dagbag.py:588} INFO - Filling up the DagBag from /opt/airflow/dags/music_generator.py
[2025-08-03T23:31:52.158+0000] {logging_mixin.py:190} INFO - [2025-08-03T23:31:52.155+0000] {dagbag.py:387} ERROR - Failed to import: /opt/airflow/dags/music_generator.py
Traceback (most recent call last):
  File "/home/airflow/.local/lib/python3.12/site-packages/airflow/models/dagbag.py", line 383, in parse
    loader.exec_module(new_module)
  File "<frozen importlib._bootstrap_external>", line 999, in exec_module
  File "<frozen importlib._bootstrap>", line 488, in _call_with_frames_removed
  File "/opt/airflow/dags/music_generator.py", line 5, in <module>
    from artist_generator import first_names
  File "/opt/airflow/dags/artist_generator.py", line 8, in <module>
    from kafka_operator import KafkaProducerOperator
  File "/opt/airflow/plugins/kafka_operator.py", line 5, in <module>
    from kafka import KafkaProducer
ModuleNotFoundError: No module named 'kafka'
[2025-08-03T23:31:52.159+0000] {processor.py:927} WARNING - No viable dags retrieved from /opt/airflow/dags/music_generator.py
[2025-08-03T23:31:52.172+0000] {processor.py:208} INFO - Processing /opt/airflow/dags/music_generator.py took 0.246 seconds
[2025-08-03T23:32:22.523+0000] {processor.py:186} INFO - Started process (PID=4366) to work on /opt/airflow/dags/music_generator.py
[2025-08-03T23:32:22.524+0000] {processor.py:914} INFO - Processing file /opt/airflow/dags/music_generator.py for tasks to queue
[2025-08-03T23:32:22.526+0000] {logging_mixin.py:190} INFO - [2025-08-03T23:32:22.525+0000] {dagbag.py:588} INFO - Filling up the DagBag from /opt/airflow/dags/music_generator.py
[2025-08-03T23:32:22.724+0000] {logging_mixin.py:190} INFO - [2025-08-03T23:32:22.721+0000] {dagbag.py:387} ERROR - Failed to import: /opt/airflow/dags/music_generator.py
Traceback (most recent call last):
  File "/home/airflow/.local/lib/python3.12/site-packages/airflow/models/dagbag.py", line 383, in parse
    loader.exec_module(new_module)
  File "<frozen importlib._bootstrap_external>", line 999, in exec_module
  File "<frozen importlib._bootstrap>", line 488, in _call_with_frames_removed
  File "/opt/airflow/dags/music_generator.py", line 5, in <module>
    from artist_generator import first_names
  File "/opt/airflow/dags/artist_generator.py", line 8, in <module>
    from kafka_operator import KafkaProducerOperator
  File "/opt/airflow/plugins/kafka_operator.py", line 5, in <module>
    from kafka import KafkaProducer
ModuleNotFoundError: No module named 'kafka'
[2025-08-03T23:32:22.725+0000] {processor.py:927} WARNING - No viable dags retrieved from /opt/airflow/dags/music_generator.py
[2025-08-03T23:32:22.737+0000] {processor.py:208} INFO - Processing /opt/airflow/dags/music_generator.py took 0.220 seconds
[2025-08-03T23:32:53.120+0000] {processor.py:186} INFO - Started process (PID=4392) to work on /opt/airflow/dags/music_generator.py
[2025-08-03T23:32:53.122+0000] {processor.py:914} INFO - Processing file /opt/airflow/dags/music_generator.py for tasks to queue
[2025-08-03T23:32:53.123+0000] {logging_mixin.py:190} INFO - [2025-08-03T23:32:53.123+0000] {dagbag.py:588} INFO - Filling up the DagBag from /opt/airflow/dags/music_generator.py
[2025-08-03T23:32:53.340+0000] {logging_mixin.py:190} INFO - [2025-08-03T23:32:53.334+0000] {dagbag.py:387} ERROR - Failed to import: /opt/airflow/dags/music_generator.py
Traceback (most recent call last):
  File "/home/airflow/.local/lib/python3.12/site-packages/airflow/models/dagbag.py", line 383, in parse
    loader.exec_module(new_module)
  File "<frozen importlib._bootstrap_external>", line 999, in exec_module
  File "<frozen importlib._bootstrap>", line 488, in _call_with_frames_removed
  File "/opt/airflow/dags/music_generator.py", line 5, in <module>
    from artist_generator import first_names
  File "/opt/airflow/dags/artist_generator.py", line 8, in <module>
    from kafka_operator import KafkaProducerOperator
  File "/opt/airflow/plugins/kafka_operator.py", line 5, in <module>
    from kafka import KafkaProducer
ModuleNotFoundError: No module named 'kafka'
[2025-08-03T23:32:53.340+0000] {processor.py:927} WARNING - No viable dags retrieved from /opt/airflow/dags/music_generator.py
[2025-08-03T23:32:53.353+0000] {processor.py:208} INFO - Processing /opt/airflow/dags/music_generator.py took 0.253 seconds
[2025-08-03T23:33:23.672+0000] {processor.py:186} INFO - Started process (PID=4418) to work on /opt/airflow/dags/music_generator.py
[2025-08-03T23:33:23.673+0000] {processor.py:914} INFO - Processing file /opt/airflow/dags/music_generator.py for tasks to queue
[2025-08-03T23:33:23.673+0000] {logging_mixin.py:190} INFO - [2025-08-03T23:33:23.673+0000] {dagbag.py:588} INFO - Filling up the DagBag from /opt/airflow/dags/music_generator.py
[2025-08-03T23:33:23.873+0000] {logging_mixin.py:190} INFO - [2025-08-03T23:33:23.867+0000] {dagbag.py:387} ERROR - Failed to import: /opt/airflow/dags/music_generator.py
Traceback (most recent call last):
  File "/home/airflow/.local/lib/python3.12/site-packages/airflow/models/dagbag.py", line 383, in parse
    loader.exec_module(new_module)
  File "<frozen importlib._bootstrap_external>", line 999, in exec_module
  File "<frozen importlib._bootstrap>", line 488, in _call_with_frames_removed
  File "/opt/airflow/dags/music_generator.py", line 5, in <module>
    from artist_generator import first_names
  File "/opt/airflow/dags/artist_generator.py", line 8, in <module>
    from kafka_operator import KafkaProducerOperator
  File "/opt/airflow/plugins/kafka_operator.py", line 5, in <module>
    from kafka import KafkaProducer
ModuleNotFoundError: No module named 'kafka'
[2025-08-03T23:33:23.874+0000] {processor.py:927} WARNING - No viable dags retrieved from /opt/airflow/dags/music_generator.py
[2025-08-03T23:33:23.891+0000] {processor.py:208} INFO - Processing /opt/airflow/dags/music_generator.py took 0.227 seconds
[2025-08-03T23:33:54.268+0000] {processor.py:186} INFO - Started process (PID=4444) to work on /opt/airflow/dags/music_generator.py
[2025-08-03T23:33:54.269+0000] {processor.py:914} INFO - Processing file /opt/airflow/dags/music_generator.py for tasks to queue
[2025-08-03T23:33:54.270+0000] {logging_mixin.py:190} INFO - [2025-08-03T23:33:54.270+0000] {dagbag.py:588} INFO - Filling up the DagBag from /opt/airflow/dags/music_generator.py
[2025-08-03T23:33:54.497+0000] {logging_mixin.py:190} INFO - [2025-08-03T23:33:54.495+0000] {dagbag.py:387} ERROR - Failed to import: /opt/airflow/dags/music_generator.py
Traceback (most recent call last):
  File "/home/airflow/.local/lib/python3.12/site-packages/airflow/models/dagbag.py", line 383, in parse
    loader.exec_module(new_module)
  File "<frozen importlib._bootstrap_external>", line 999, in exec_module
  File "<frozen importlib._bootstrap>", line 488, in _call_with_frames_removed
  File "/opt/airflow/dags/music_generator.py", line 5, in <module>
    from artist_generator import first_names
  File "/opt/airflow/dags/artist_generator.py", line 8, in <module>
    from kafka_operator import KafkaProducerOperator
  File "/opt/airflow/plugins/kafka_operator.py", line 5, in <module>
    from kafka import KafkaProducer
ModuleNotFoundError: No module named 'kafka'
[2025-08-03T23:33:54.498+0000] {processor.py:927} WARNING - No viable dags retrieved from /opt/airflow/dags/music_generator.py
[2025-08-03T23:33:54.511+0000] {processor.py:208} INFO - Processing /opt/airflow/dags/music_generator.py took 0.255 seconds
[2025-08-03T23:34:24.897+0000] {processor.py:186} INFO - Started process (PID=4470) to work on /opt/airflow/dags/music_generator.py
[2025-08-03T23:34:24.898+0000] {processor.py:914} INFO - Processing file /opt/airflow/dags/music_generator.py for tasks to queue
[2025-08-03T23:34:24.900+0000] {logging_mixin.py:190} INFO - [2025-08-03T23:34:24.900+0000] {dagbag.py:588} INFO - Filling up the DagBag from /opt/airflow/dags/music_generator.py
[2025-08-03T23:34:25.124+0000] {logging_mixin.py:190} INFO - [2025-08-03T23:34:25.119+0000] {dagbag.py:387} ERROR - Failed to import: /opt/airflow/dags/music_generator.py
Traceback (most recent call last):
  File "/home/airflow/.local/lib/python3.12/site-packages/airflow/models/dagbag.py", line 383, in parse
    loader.exec_module(new_module)
  File "<frozen importlib._bootstrap_external>", line 999, in exec_module
  File "<frozen importlib._bootstrap>", line 488, in _call_with_frames_removed
  File "/opt/airflow/dags/music_generator.py", line 5, in <module>
    from artist_generator import first_names
  File "/opt/airflow/dags/artist_generator.py", line 8, in <module>
    from kafka_operator import KafkaProducerOperator
  File "/opt/airflow/plugins/kafka_operator.py", line 5, in <module>
    from kafka import KafkaProducer
ModuleNotFoundError: No module named 'kafka'
[2025-08-03T23:34:25.125+0000] {processor.py:927} WARNING - No viable dags retrieved from /opt/airflow/dags/music_generator.py
[2025-08-03T23:34:25.139+0000] {processor.py:208} INFO - Processing /opt/airflow/dags/music_generator.py took 0.252 seconds
[2025-08-03T23:34:30.204+0000] {processor.py:186} INFO - Started process (PID=4485) to work on /opt/airflow/dags/music_generator.py
[2025-08-03T23:34:30.205+0000] {processor.py:914} INFO - Processing file /opt/airflow/dags/music_generator.py for tasks to queue
[2025-08-03T23:34:30.206+0000] {logging_mixin.py:190} INFO - [2025-08-03T23:34:30.206+0000] {dagbag.py:588} INFO - Filling up the DagBag from /opt/airflow/dags/music_generator.py
[2025-08-03T23:34:30.321+0000] {logging_mixin.py:190} INFO - [2025-08-03T23:34:30.319+0000] {dagbag.py:387} ERROR - Failed to import: /opt/airflow/dags/music_generator.py
Traceback (most recent call last):
  File "/home/airflow/.local/lib/python3.12/site-packages/airflow/models/dagbag.py", line 383, in parse
    loader.exec_module(new_module)
  File "<frozen importlib._bootstrap_external>", line 999, in exec_module
  File "<frozen importlib._bootstrap>", line 488, in _call_with_frames_removed
  File "/opt/airflow/dags/music_generator.py", line 4, in <module>
    from artist_generator import first_names
  File "/opt/airflow/dags/artist_generator.py", line 8, in <module>
    from kafka_operator import KafkaProducerOperator
  File "/opt/airflow/plugins/kafka_operator.py", line 5, in <module>
    from kafka import KafkaProducer
ModuleNotFoundError: No module named 'kafka'
[2025-08-03T23:34:30.321+0000] {processor.py:927} WARNING - No viable dags retrieved from /opt/airflow/dags/music_generator.py
[2025-08-03T23:34:30.329+0000] {processor.py:208} INFO - Processing /opt/airflow/dags/music_generator.py took 0.130 seconds
[2025-08-03T23:35:00.634+0000] {processor.py:186} INFO - Started process (PID=4511) to work on /opt/airflow/dags/music_generator.py
[2025-08-03T23:35:00.635+0000] {processor.py:914} INFO - Processing file /opt/airflow/dags/music_generator.py for tasks to queue
[2025-08-03T23:35:00.635+0000] {logging_mixin.py:190} INFO - [2025-08-03T23:35:00.635+0000] {dagbag.py:588} INFO - Filling up the DagBag from /opt/airflow/dags/music_generator.py
[2025-08-03T23:35:00.773+0000] {logging_mixin.py:190} INFO - [2025-08-03T23:35:00.772+0000] {dagbag.py:387} ERROR - Failed to import: /opt/airflow/dags/music_generator.py
Traceback (most recent call last):
  File "/home/airflow/.local/lib/python3.12/site-packages/airflow/models/dagbag.py", line 383, in parse
    loader.exec_module(new_module)
  File "<frozen importlib._bootstrap_external>", line 999, in exec_module
  File "<frozen importlib._bootstrap>", line 488, in _call_with_frames_removed
  File "/opt/airflow/dags/music_generator.py", line 4, in <module>
    from artist_generator import first_names
  File "/opt/airflow/dags/artist_generator.py", line 8, in <module>
    from kafka_operator import KafkaProducerOperator
  File "/opt/airflow/plugins/kafka_operator.py", line 5, in <module>
    from kafka import KafkaProducer
ModuleNotFoundError: No module named 'kafka'
[2025-08-03T23:35:00.774+0000] {processor.py:927} WARNING - No viable dags retrieved from /opt/airflow/dags/music_generator.py
[2025-08-03T23:35:00.781+0000] {processor.py:208} INFO - Processing /opt/airflow/dags/music_generator.py took 0.150 seconds
[2025-08-03T23:35:31.014+0000] {processor.py:186} INFO - Started process (PID=4537) to work on /opt/airflow/dags/music_generator.py
[2025-08-03T23:35:31.015+0000] {processor.py:914} INFO - Processing file /opt/airflow/dags/music_generator.py for tasks to queue
[2025-08-03T23:35:31.016+0000] {logging_mixin.py:190} INFO - [2025-08-03T23:35:31.015+0000] {dagbag.py:588} INFO - Filling up the DagBag from /opt/airflow/dags/music_generator.py
[2025-08-03T23:35:31.152+0000] {logging_mixin.py:190} INFO - [2025-08-03T23:35:31.151+0000] {dagbag.py:387} ERROR - Failed to import: /opt/airflow/dags/music_generator.py
Traceback (most recent call last):
  File "/home/airflow/.local/lib/python3.12/site-packages/airflow/models/dagbag.py", line 383, in parse
    loader.exec_module(new_module)
  File "<frozen importlib._bootstrap_external>", line 999, in exec_module
  File "<frozen importlib._bootstrap>", line 488, in _call_with_frames_removed
  File "/opt/airflow/dags/music_generator.py", line 4, in <module>
    from artist_generator import first_names
  File "/opt/airflow/dags/artist_generator.py", line 8, in <module>
    from kafka_operator import KafkaProducerOperator
  File "/opt/airflow/plugins/kafka_operator.py", line 5, in <module>
    from kafka import KafkaProducer
ModuleNotFoundError: No module named 'kafka'
[2025-08-03T23:35:31.152+0000] {processor.py:927} WARNING - No viable dags retrieved from /opt/airflow/dags/music_generator.py
[2025-08-03T23:35:31.161+0000] {processor.py:208} INFO - Processing /opt/airflow/dags/music_generator.py took 0.154 seconds
[2025-08-03T23:36:01.441+0000] {processor.py:186} INFO - Started process (PID=4563) to work on /opt/airflow/dags/music_generator.py
[2025-08-03T23:36:01.442+0000] {processor.py:914} INFO - Processing file /opt/airflow/dags/music_generator.py for tasks to queue
[2025-08-03T23:36:01.442+0000] {logging_mixin.py:190} INFO - [2025-08-03T23:36:01.442+0000] {dagbag.py:588} INFO - Filling up the DagBag from /opt/airflow/dags/music_generator.py
[2025-08-03T23:36:01.544+0000] {logging_mixin.py:190} INFO - [2025-08-03T23:36:01.543+0000] {dagbag.py:387} ERROR - Failed to import: /opt/airflow/dags/music_generator.py
Traceback (most recent call last):
  File "/home/airflow/.local/lib/python3.12/site-packages/airflow/models/dagbag.py", line 383, in parse
    loader.exec_module(new_module)
  File "<frozen importlib._bootstrap_external>", line 999, in exec_module
  File "<frozen importlib._bootstrap>", line 488, in _call_with_frames_removed
  File "/opt/airflow/dags/music_generator.py", line 4, in <module>
    from artist_generator import first_names
  File "/opt/airflow/dags/artist_generator.py", line 8, in <module>
    from kafka_operator import KafkaProducerOperator
  File "/opt/airflow/plugins/kafka_operator.py", line 5, in <module>
    from kafka import KafkaProducer
ModuleNotFoundError: No module named 'kafka'
[2025-08-03T23:36:01.544+0000] {processor.py:927} WARNING - No viable dags retrieved from /opt/airflow/dags/music_generator.py
[2025-08-03T23:36:01.552+0000] {processor.py:208} INFO - Processing /opt/airflow/dags/music_generator.py took 0.114 seconds
[2025-08-03T23:36:31.743+0000] {processor.py:186} INFO - Started process (PID=4589) to work on /opt/airflow/dags/music_generator.py
[2025-08-03T23:36:31.744+0000] {processor.py:914} INFO - Processing file /opt/airflow/dags/music_generator.py for tasks to queue
[2025-08-03T23:36:31.745+0000] {logging_mixin.py:190} INFO - [2025-08-03T23:36:31.745+0000] {dagbag.py:588} INFO - Filling up the DagBag from /opt/airflow/dags/music_generator.py
[2025-08-03T23:36:31.871+0000] {logging_mixin.py:190} INFO - [2025-08-03T23:36:31.870+0000] {dagbag.py:387} ERROR - Failed to import: /opt/airflow/dags/music_generator.py
Traceback (most recent call last):
  File "/home/airflow/.local/lib/python3.12/site-packages/airflow/models/dagbag.py", line 383, in parse
    loader.exec_module(new_module)
  File "<frozen importlib._bootstrap_external>", line 999, in exec_module
  File "<frozen importlib._bootstrap>", line 488, in _call_with_frames_removed
  File "/opt/airflow/dags/music_generator.py", line 4, in <module>
    from artist_generator import first_names
  File "/opt/airflow/dags/artist_generator.py", line 8, in <module>
    from kafka_operator import KafkaProducerOperator
  File "/opt/airflow/plugins/kafka_operator.py", line 5, in <module>
    from kafka import KafkaProducer
ModuleNotFoundError: No module named 'kafka'
[2025-08-03T23:36:31.871+0000] {processor.py:927} WARNING - No viable dags retrieved from /opt/airflow/dags/music_generator.py
[2025-08-03T23:36:31.879+0000] {processor.py:208} INFO - Processing /opt/airflow/dags/music_generator.py took 0.144 seconds
[2025-08-03T23:37:02.053+0000] {processor.py:186} INFO - Started process (PID=4615) to work on /opt/airflow/dags/music_generator.py
[2025-08-03T23:37:02.054+0000] {processor.py:914} INFO - Processing file /opt/airflow/dags/music_generator.py for tasks to queue
[2025-08-03T23:37:02.056+0000] {logging_mixin.py:190} INFO - [2025-08-03T23:37:02.055+0000] {dagbag.py:588} INFO - Filling up the DagBag from /opt/airflow/dags/music_generator.py
[2025-08-03T23:37:02.172+0000] {logging_mixin.py:190} INFO - [2025-08-03T23:37:02.171+0000] {dagbag.py:387} ERROR - Failed to import: /opt/airflow/dags/music_generator.py
Traceback (most recent call last):
  File "/home/airflow/.local/lib/python3.12/site-packages/airflow/models/dagbag.py", line 383, in parse
    loader.exec_module(new_module)
  File "<frozen importlib._bootstrap_external>", line 999, in exec_module
  File "<frozen importlib._bootstrap>", line 488, in _call_with_frames_removed
  File "/opt/airflow/dags/music_generator.py", line 4, in <module>
    from artist_generator import first_names
  File "/opt/airflow/dags/artist_generator.py", line 8, in <module>
    from kafka_operator import KafkaProducerOperator
  File "/opt/airflow/plugins/kafka_operator.py", line 5, in <module>
    from kafka import KafkaProducer
ModuleNotFoundError: No module named 'kafka'
[2025-08-03T23:37:02.172+0000] {processor.py:927} WARNING - No viable dags retrieved from /opt/airflow/dags/music_generator.py
[2025-08-03T23:37:02.179+0000] {processor.py:208} INFO - Processing /opt/airflow/dags/music_generator.py took 0.132 seconds
[2025-08-03T23:37:32.382+0000] {processor.py:186} INFO - Started process (PID=4641) to work on /opt/airflow/dags/music_generator.py
[2025-08-03T23:37:32.383+0000] {processor.py:914} INFO - Processing file /opt/airflow/dags/music_generator.py for tasks to queue
[2025-08-03T23:37:32.384+0000] {logging_mixin.py:190} INFO - [2025-08-03T23:37:32.383+0000] {dagbag.py:588} INFO - Filling up the DagBag from /opt/airflow/dags/music_generator.py
[2025-08-03T23:37:32.523+0000] {logging_mixin.py:190} INFO - [2025-08-03T23:37:32.521+0000] {dagbag.py:387} ERROR - Failed to import: /opt/airflow/dags/music_generator.py
Traceback (most recent call last):
  File "/home/airflow/.local/lib/python3.12/site-packages/airflow/models/dagbag.py", line 383, in parse
    loader.exec_module(new_module)
  File "<frozen importlib._bootstrap_external>", line 999, in exec_module
  File "<frozen importlib._bootstrap>", line 488, in _call_with_frames_removed
  File "/opt/airflow/dags/music_generator.py", line 4, in <module>
    from artist_generator import first_names
  File "/opt/airflow/dags/artist_generator.py", line 8, in <module>
    from kafka_operator import KafkaProducerOperator
  File "/opt/airflow/plugins/kafka_operator.py", line 5, in <module>
    from kafka import KafkaProducer
ModuleNotFoundError: No module named 'kafka'
[2025-08-03T23:37:32.523+0000] {processor.py:927} WARNING - No viable dags retrieved from /opt/airflow/dags/music_generator.py
[2025-08-03T23:37:32.537+0000] {processor.py:208} INFO - Processing /opt/airflow/dags/music_generator.py took 0.163 seconds
[2025-08-03T23:38:02.826+0000] {processor.py:186} INFO - Started process (PID=4667) to work on /opt/airflow/dags/music_generator.py
[2025-08-03T23:38:02.826+0000] {processor.py:914} INFO - Processing file /opt/airflow/dags/music_generator.py for tasks to queue
[2025-08-03T23:38:02.827+0000] {logging_mixin.py:190} INFO - [2025-08-03T23:38:02.827+0000] {dagbag.py:588} INFO - Filling up the DagBag from /opt/airflow/dags/music_generator.py
[2025-08-03T23:38:02.942+0000] {logging_mixin.py:190} INFO - [2025-08-03T23:38:02.941+0000] {dagbag.py:387} ERROR - Failed to import: /opt/airflow/dags/music_generator.py
Traceback (most recent call last):
  File "/home/airflow/.local/lib/python3.12/site-packages/airflow/models/dagbag.py", line 383, in parse
    loader.exec_module(new_module)
  File "<frozen importlib._bootstrap_external>", line 999, in exec_module
  File "<frozen importlib._bootstrap>", line 488, in _call_with_frames_removed
  File "/opt/airflow/dags/music_generator.py", line 4, in <module>
    from artist_generator import first_names
  File "/opt/airflow/dags/artist_generator.py", line 8, in <module>
    from kafka_operator import KafkaProducerOperator
  File "/opt/airflow/plugins/kafka_operator.py", line 5, in <module>
    from kafka import KafkaProducer
ModuleNotFoundError: No module named 'kafka'
[2025-08-03T23:38:02.942+0000] {processor.py:927} WARNING - No viable dags retrieved from /opt/airflow/dags/music_generator.py
[2025-08-03T23:38:02.950+0000] {processor.py:208} INFO - Processing /opt/airflow/dags/music_generator.py took 0.131 seconds
[2025-08-03T23:38:33.317+0000] {processor.py:186} INFO - Started process (PID=4693) to work on /opt/airflow/dags/music_generator.py
[2025-08-03T23:38:33.318+0000] {processor.py:914} INFO - Processing file /opt/airflow/dags/music_generator.py for tasks to queue
[2025-08-03T23:38:33.319+0000] {logging_mixin.py:190} INFO - [2025-08-03T23:38:33.318+0000] {dagbag.py:588} INFO - Filling up the DagBag from /opt/airflow/dags/music_generator.py
[2025-08-03T23:38:33.436+0000] {logging_mixin.py:190} INFO - [2025-08-03T23:38:33.435+0000] {dagbag.py:387} ERROR - Failed to import: /opt/airflow/dags/music_generator.py
Traceback (most recent call last):
  File "/home/airflow/.local/lib/python3.12/site-packages/airflow/models/dagbag.py", line 383, in parse
    loader.exec_module(new_module)
  File "<frozen importlib._bootstrap_external>", line 999, in exec_module
  File "<frozen importlib._bootstrap>", line 488, in _call_with_frames_removed
  File "/opt/airflow/dags/music_generator.py", line 4, in <module>
    from artist_generator import first_names
  File "/opt/airflow/dags/artist_generator.py", line 8, in <module>
    from kafka_operator import KafkaProducerOperator
  File "/opt/airflow/plugins/kafka_operator.py", line 5, in <module>
    from kafka import KafkaProducer
ModuleNotFoundError: No module named 'kafka'
[2025-08-03T23:38:33.436+0000] {processor.py:927} WARNING - No viable dags retrieved from /opt/airflow/dags/music_generator.py
[2025-08-03T23:38:33.443+0000] {processor.py:208} INFO - Processing /opt/airflow/dags/music_generator.py took 0.133 seconds
[2025-08-03T23:39:03.678+0000] {processor.py:186} INFO - Started process (PID=4719) to work on /opt/airflow/dags/music_generator.py
[2025-08-03T23:39:03.679+0000] {processor.py:914} INFO - Processing file /opt/airflow/dags/music_generator.py for tasks to queue
[2025-08-03T23:39:03.680+0000] {logging_mixin.py:190} INFO - [2025-08-03T23:39:03.680+0000] {dagbag.py:588} INFO - Filling up the DagBag from /opt/airflow/dags/music_generator.py
[2025-08-03T23:39:03.817+0000] {logging_mixin.py:190} INFO - [2025-08-03T23:39:03.816+0000] {dagbag.py:387} ERROR - Failed to import: /opt/airflow/dags/music_generator.py
Traceback (most recent call last):
  File "/home/airflow/.local/lib/python3.12/site-packages/airflow/models/dagbag.py", line 383, in parse
    loader.exec_module(new_module)
  File "<frozen importlib._bootstrap_external>", line 999, in exec_module
  File "<frozen importlib._bootstrap>", line 488, in _call_with_frames_removed
  File "/opt/airflow/dags/music_generator.py", line 4, in <module>
    from artist_generator import first_names
  File "/opt/airflow/dags/artist_generator.py", line 8, in <module>
    from kafka_operator import KafkaProducerOperator
  File "/opt/airflow/plugins/kafka_operator.py", line 5, in <module>
    from kafka import KafkaProducer
ModuleNotFoundError: No module named 'kafka'
[2025-08-03T23:39:03.817+0000] {processor.py:927} WARNING - No viable dags retrieved from /opt/airflow/dags/music_generator.py
[2025-08-03T23:39:03.826+0000] {processor.py:208} INFO - Processing /opt/airflow/dags/music_generator.py took 0.154 seconds
[2025-08-03T23:39:34.139+0000] {processor.py:186} INFO - Started process (PID=4745) to work on /opt/airflow/dags/music_generator.py
[2025-08-03T23:39:34.140+0000] {processor.py:914} INFO - Processing file /opt/airflow/dags/music_generator.py for tasks to queue
[2025-08-03T23:39:34.141+0000] {logging_mixin.py:190} INFO - [2025-08-03T23:39:34.140+0000] {dagbag.py:588} INFO - Filling up the DagBag from /opt/airflow/dags/music_generator.py
[2025-08-03T23:39:34.279+0000] {logging_mixin.py:190} INFO - [2025-08-03T23:39:34.278+0000] {dagbag.py:387} ERROR - Failed to import: /opt/airflow/dags/music_generator.py
Traceback (most recent call last):
  File "/home/airflow/.local/lib/python3.12/site-packages/airflow/models/dagbag.py", line 383, in parse
    loader.exec_module(new_module)
  File "<frozen importlib._bootstrap_external>", line 999, in exec_module
  File "<frozen importlib._bootstrap>", line 488, in _call_with_frames_removed
  File "/opt/airflow/dags/music_generator.py", line 4, in <module>
    from artist_generator import first_names
  File "/opt/airflow/dags/artist_generator.py", line 8, in <module>
    from kafka_operator import KafkaProducerOperator
  File "/opt/airflow/plugins/kafka_operator.py", line 5, in <module>
    from kafka import KafkaProducer
ModuleNotFoundError: No module named 'kafka'
[2025-08-03T23:39:34.279+0000] {processor.py:927} WARNING - No viable dags retrieved from /opt/airflow/dags/music_generator.py
[2025-08-03T23:39:34.288+0000] {processor.py:208} INFO - Processing /opt/airflow/dags/music_generator.py took 0.155 seconds
[2025-08-03T23:40:04.453+0000] {processor.py:186} INFO - Started process (PID=4771) to work on /opt/airflow/dags/music_generator.py
[2025-08-03T23:40:04.454+0000] {processor.py:914} INFO - Processing file /opt/airflow/dags/music_generator.py for tasks to queue
[2025-08-03T23:40:04.454+0000] {logging_mixin.py:190} INFO - [2025-08-03T23:40:04.454+0000] {dagbag.py:588} INFO - Filling up the DagBag from /opt/airflow/dags/music_generator.py
[2025-08-03T23:40:04.573+0000] {logging_mixin.py:190} INFO - [2025-08-03T23:40:04.572+0000] {dagbag.py:387} ERROR - Failed to import: /opt/airflow/dags/music_generator.py
Traceback (most recent call last):
  File "/home/airflow/.local/lib/python3.12/site-packages/airflow/models/dagbag.py", line 383, in parse
    loader.exec_module(new_module)
  File "<frozen importlib._bootstrap_external>", line 999, in exec_module
  File "<frozen importlib._bootstrap>", line 488, in _call_with_frames_removed
  File "/opt/airflow/dags/music_generator.py", line 4, in <module>
    from artist_generator import first_names
  File "/opt/airflow/dags/artist_generator.py", line 8, in <module>
    from kafka_operator import KafkaProducerOperator
  File "/opt/airflow/plugins/kafka_operator.py", line 5, in <module>
    from kafka import KafkaProducer
ModuleNotFoundError: No module named 'kafka'
[2025-08-03T23:40:04.574+0000] {processor.py:927} WARNING - No viable dags retrieved from /opt/airflow/dags/music_generator.py
[2025-08-03T23:40:04.582+0000] {processor.py:208} INFO - Processing /opt/airflow/dags/music_generator.py took 0.135 seconds
[2025-08-03T23:40:34.950+0000] {processor.py:186} INFO - Started process (PID=4797) to work on /opt/airflow/dags/music_generator.py
[2025-08-03T23:40:34.951+0000] {processor.py:914} INFO - Processing file /opt/airflow/dags/music_generator.py for tasks to queue
[2025-08-03T23:40:34.952+0000] {logging_mixin.py:190} INFO - [2025-08-03T23:40:34.952+0000] {dagbag.py:588} INFO - Filling up the DagBag from /opt/airflow/dags/music_generator.py
[2025-08-03T23:40:35.077+0000] {logging_mixin.py:190} INFO - [2025-08-03T23:40:35.075+0000] {dagbag.py:387} ERROR - Failed to import: /opt/airflow/dags/music_generator.py
Traceback (most recent call last):
  File "/home/airflow/.local/lib/python3.12/site-packages/airflow/models/dagbag.py", line 383, in parse
    loader.exec_module(new_module)
  File "<frozen importlib._bootstrap_external>", line 999, in exec_module
  File "<frozen importlib._bootstrap>", line 488, in _call_with_frames_removed
  File "/opt/airflow/dags/music_generator.py", line 4, in <module>
    from artist_generator import first_names
  File "/opt/airflow/dags/artist_generator.py", line 8, in <module>
    from kafka_operator import KafkaProducerOperator
  File "/opt/airflow/plugins/kafka_operator.py", line 5, in <module>
    from kafka import KafkaProducer
ModuleNotFoundError: No module named 'kafka'
[2025-08-03T23:40:35.077+0000] {processor.py:927} WARNING - No viable dags retrieved from /opt/airflow/dags/music_generator.py
[2025-08-03T23:40:35.084+0000] {processor.py:208} INFO - Processing /opt/airflow/dags/music_generator.py took 0.140 seconds
[2025-08-03T23:41:05.354+0000] {processor.py:186} INFO - Started process (PID=4823) to work on /opt/airflow/dags/music_generator.py
[2025-08-03T23:41:05.355+0000] {processor.py:914} INFO - Processing file /opt/airflow/dags/music_generator.py for tasks to queue
[2025-08-03T23:41:05.356+0000] {logging_mixin.py:190} INFO - [2025-08-03T23:41:05.356+0000] {dagbag.py:588} INFO - Filling up the DagBag from /opt/airflow/dags/music_generator.py
[2025-08-03T23:41:05.502+0000] {logging_mixin.py:190} INFO - [2025-08-03T23:41:05.499+0000] {dagbag.py:387} ERROR - Failed to import: /opt/airflow/dags/music_generator.py
Traceback (most recent call last):
  File "/home/airflow/.local/lib/python3.12/site-packages/airflow/models/dagbag.py", line 383, in parse
    loader.exec_module(new_module)
  File "<frozen importlib._bootstrap_external>", line 999, in exec_module
  File "<frozen importlib._bootstrap>", line 488, in _call_with_frames_removed
  File "/opt/airflow/dags/music_generator.py", line 4, in <module>
    from artist_generator import first_names
  File "/opt/airflow/dags/artist_generator.py", line 8, in <module>
    from kafka_operator import KafkaProducerOperator
  File "/opt/airflow/plugins/kafka_operator.py", line 5, in <module>
    from kafka import KafkaProducer
ModuleNotFoundError: No module named 'kafka'
[2025-08-03T23:41:05.503+0000] {processor.py:927} WARNING - No viable dags retrieved from /opt/airflow/dags/music_generator.py
[2025-08-03T23:41:05.519+0000] {processor.py:208} INFO - Processing /opt/airflow/dags/music_generator.py took 0.174 seconds
[2025-08-03T23:41:36.042+0000] {processor.py:186} INFO - Started process (PID=4849) to work on /opt/airflow/dags/music_generator.py
[2025-08-03T23:41:36.044+0000] {processor.py:914} INFO - Processing file /opt/airflow/dags/music_generator.py for tasks to queue
[2025-08-03T23:41:36.045+0000] {logging_mixin.py:190} INFO - [2025-08-03T23:41:36.044+0000] {dagbag.py:588} INFO - Filling up the DagBag from /opt/airflow/dags/music_generator.py
[2025-08-03T23:41:36.180+0000] {logging_mixin.py:190} INFO - [2025-08-03T23:41:36.178+0000] {dagbag.py:387} ERROR - Failed to import: /opt/airflow/dags/music_generator.py
Traceback (most recent call last):
  File "/home/airflow/.local/lib/python3.12/site-packages/airflow/models/dagbag.py", line 383, in parse
    loader.exec_module(new_module)
  File "<frozen importlib._bootstrap_external>", line 999, in exec_module
  File "<frozen importlib._bootstrap>", line 488, in _call_with_frames_removed
  File "/opt/airflow/dags/music_generator.py", line 4, in <module>
    from artist_generator import first_names
  File "/opt/airflow/dags/artist_generator.py", line 8, in <module>
    from kafka_operator import KafkaProducerOperator
  File "/opt/airflow/plugins/kafka_operator.py", line 5, in <module>
    from kafka import KafkaProducer
ModuleNotFoundError: No module named 'kafka'
[2025-08-03T23:41:36.180+0000] {processor.py:927} WARNING - No viable dags retrieved from /opt/airflow/dags/music_generator.py
[2025-08-03T23:41:36.189+0000] {processor.py:208} INFO - Processing /opt/airflow/dags/music_generator.py took 0.154 seconds
[2025-08-03T23:42:06.666+0000] {processor.py:186} INFO - Started process (PID=4875) to work on /opt/airflow/dags/music_generator.py
[2025-08-03T23:42:06.668+0000] {processor.py:914} INFO - Processing file /opt/airflow/dags/music_generator.py for tasks to queue
[2025-08-03T23:42:06.669+0000] {logging_mixin.py:190} INFO - [2025-08-03T23:42:06.669+0000] {dagbag.py:588} INFO - Filling up the DagBag from /opt/airflow/dags/music_generator.py
[2025-08-03T23:42:06.827+0000] {logging_mixin.py:190} INFO - [2025-08-03T23:42:06.825+0000] {dagbag.py:387} ERROR - Failed to import: /opt/airflow/dags/music_generator.py
Traceback (most recent call last):
  File "/home/airflow/.local/lib/python3.12/site-packages/airflow/models/dagbag.py", line 383, in parse
    loader.exec_module(new_module)
  File "<frozen importlib._bootstrap_external>", line 999, in exec_module
  File "<frozen importlib._bootstrap>", line 488, in _call_with_frames_removed
  File "/opt/airflow/dags/music_generator.py", line 4, in <module>
    from artist_generator import first_names
  File "/opt/airflow/dags/artist_generator.py", line 8, in <module>
    from kafka_operator import KafkaProducerOperator
  File "/opt/airflow/plugins/kafka_operator.py", line 5, in <module>
    from kafka import KafkaProducer
ModuleNotFoundError: No module named 'kafka'
[2025-08-03T23:42:06.827+0000] {processor.py:927} WARNING - No viable dags retrieved from /opt/airflow/dags/music_generator.py
[2025-08-03T23:42:06.841+0000] {processor.py:208} INFO - Processing /opt/airflow/dags/music_generator.py took 0.191 seconds
