[2025-08-03T23:03:15.883+0000] {processor.py:186} INFO - Started process (PID=3049) to work on /opt/airflow/dags/music_streams_generator.py
[2025-08-03T23:03:15.884+0000] {processor.py:914} INFO - Processing file /opt/airflow/dags/music_streams_generator.py for tasks to queue
[2025-08-03T23:03:15.887+0000] {logging_mixin.py:190} INFO - [2025-08-03T23:03:15.887+0000] {dagbag.py:588} INFO - Filling up the DagBag from /opt/airflow/dags/music_streams_generator.py
[2025-08-03T23:03:16.077+0000] {processor.py:927} WARNING - No viable dags retrieved from /opt/airflow/dags/music_streams_generator.py
[2025-08-03T23:03:16.088+0000] {processor.py:208} INFO - Processing /opt/airflow/dags/music_streams_generator.py took 0.217 seconds
[2025-08-03T23:03:46.447+0000] {processor.py:186} INFO - Started process (PID=3070) to work on /opt/airflow/dags/music_streams_generator.py
[2025-08-03T23:03:46.449+0000] {processor.py:914} INFO - Processing file /opt/airflow/dags/music_streams_generator.py for tasks to queue
[2025-08-03T23:03:46.453+0000] {logging_mixin.py:190} INFO - [2025-08-03T23:03:46.452+0000] {dagbag.py:588} INFO - Filling up the DagBag from /opt/airflow/dags/music_streams_generator.py
[2025-08-03T23:03:46.696+0000] {processor.py:927} WARNING - No viable dags retrieved from /opt/airflow/dags/music_streams_generator.py
[2025-08-03T23:03:46.713+0000] {processor.py:208} INFO - Processing /opt/airflow/dags/music_streams_generator.py took 0.288 seconds
[2025-08-03T23:04:17.016+0000] {processor.py:186} INFO - Started process (PID=3091) to work on /opt/airflow/dags/music_streams_generator.py
[2025-08-03T23:04:17.016+0000] {processor.py:914} INFO - Processing file /opt/airflow/dags/music_streams_generator.py for tasks to queue
[2025-08-03T23:04:17.018+0000] {logging_mixin.py:190} INFO - [2025-08-03T23:04:17.018+0000] {dagbag.py:588} INFO - Filling up the DagBag from /opt/airflow/dags/music_streams_generator.py
[2025-08-03T23:04:17.132+0000] {processor.py:927} WARNING - No viable dags retrieved from /opt/airflow/dags/music_streams_generator.py
[2025-08-03T23:04:17.139+0000] {processor.py:208} INFO - Processing /opt/airflow/dags/music_streams_generator.py took 0.128 seconds
[2025-08-03T23:04:47.426+0000] {processor.py:186} INFO - Started process (PID=3112) to work on /opt/airflow/dags/music_streams_generator.py
[2025-08-03T23:04:47.428+0000] {processor.py:914} INFO - Processing file /opt/airflow/dags/music_streams_generator.py for tasks to queue
[2025-08-03T23:04:47.430+0000] {logging_mixin.py:190} INFO - [2025-08-03T23:04:47.430+0000] {dagbag.py:588} INFO - Filling up the DagBag from /opt/airflow/dags/music_streams_generator.py
[2025-08-03T23:04:47.691+0000] {processor.py:927} WARNING - No viable dags retrieved from /opt/airflow/dags/music_streams_generator.py
[2025-08-03T23:04:47.705+0000] {processor.py:208} INFO - Processing /opt/airflow/dags/music_streams_generator.py took 0.288 seconds
[2025-08-03T23:05:18.068+0000] {processor.py:186} INFO - Started process (PID=3133) to work on /opt/airflow/dags/music_streams_generator.py
[2025-08-03T23:05:18.071+0000] {processor.py:914} INFO - Processing file /opt/airflow/dags/music_streams_generator.py for tasks to queue
[2025-08-03T23:05:18.074+0000] {logging_mixin.py:190} INFO - [2025-08-03T23:05:18.074+0000] {dagbag.py:588} INFO - Filling up the DagBag from /opt/airflow/dags/music_streams_generator.py
[2025-08-03T23:05:18.268+0000] {processor.py:927} WARNING - No viable dags retrieved from /opt/airflow/dags/music_streams_generator.py
[2025-08-03T23:05:18.293+0000] {processor.py:208} INFO - Processing /opt/airflow/dags/music_streams_generator.py took 0.232 seconds
[2025-08-03T23:05:48.667+0000] {processor.py:186} INFO - Started process (PID=3154) to work on /opt/airflow/dags/music_streams_generator.py
[2025-08-03T23:05:48.669+0000] {processor.py:914} INFO - Processing file /opt/airflow/dags/music_streams_generator.py for tasks to queue
[2025-08-03T23:05:48.678+0000] {logging_mixin.py:190} INFO - [2025-08-03T23:05:48.676+0000] {dagbag.py:588} INFO - Filling up the DagBag from /opt/airflow/dags/music_streams_generator.py
[2025-08-03T23:05:48.904+0000] {processor.py:927} WARNING - No viable dags retrieved from /opt/airflow/dags/music_streams_generator.py
[2025-08-03T23:05:48.921+0000] {processor.py:208} INFO - Processing /opt/airflow/dags/music_streams_generator.py took 0.267 seconds
[2025-08-03T23:06:19.275+0000] {processor.py:186} INFO - Started process (PID=3175) to work on /opt/airflow/dags/music_streams_generator.py
[2025-08-03T23:06:19.276+0000] {processor.py:914} INFO - Processing file /opt/airflow/dags/music_streams_generator.py for tasks to queue
[2025-08-03T23:06:19.280+0000] {logging_mixin.py:190} INFO - [2025-08-03T23:06:19.280+0000] {dagbag.py:588} INFO - Filling up the DagBag from /opt/airflow/dags/music_streams_generator.py
[2025-08-03T23:06:19.556+0000] {processor.py:927} WARNING - No viable dags retrieved from /opt/airflow/dags/music_streams_generator.py
[2025-08-03T23:06:19.571+0000] {processor.py:208} INFO - Processing /opt/airflow/dags/music_streams_generator.py took 0.315 seconds
[2025-08-03T23:06:49.889+0000] {processor.py:186} INFO - Started process (PID=3196) to work on /opt/airflow/dags/music_streams_generator.py
[2025-08-03T23:06:49.890+0000] {processor.py:914} INFO - Processing file /opt/airflow/dags/music_streams_generator.py for tasks to queue
[2025-08-03T23:06:49.894+0000] {logging_mixin.py:190} INFO - [2025-08-03T23:06:49.894+0000] {dagbag.py:588} INFO - Filling up the DagBag from /opt/airflow/dags/music_streams_generator.py
[2025-08-03T23:06:50.037+0000] {processor.py:927} WARNING - No viable dags retrieved from /opt/airflow/dags/music_streams_generator.py
[2025-08-03T23:06:50.045+0000] {processor.py:208} INFO - Processing /opt/airflow/dags/music_streams_generator.py took 0.163 seconds
[2025-08-03T23:07:20.428+0000] {processor.py:186} INFO - Started process (PID=3217) to work on /opt/airflow/dags/music_streams_generator.py
[2025-08-03T23:07:20.430+0000] {processor.py:914} INFO - Processing file /opt/airflow/dags/music_streams_generator.py for tasks to queue
[2025-08-03T23:07:20.434+0000] {logging_mixin.py:190} INFO - [2025-08-03T23:07:20.434+0000] {dagbag.py:588} INFO - Filling up the DagBag from /opt/airflow/dags/music_streams_generator.py
[2025-08-03T23:07:20.680+0000] {processor.py:927} WARNING - No viable dags retrieved from /opt/airflow/dags/music_streams_generator.py
[2025-08-03T23:07:20.693+0000] {processor.py:208} INFO - Processing /opt/airflow/dags/music_streams_generator.py took 0.280 seconds
[2025-08-03T23:07:50.976+0000] {processor.py:186} INFO - Started process (PID=3238) to work on /opt/airflow/dags/music_streams_generator.py
[2025-08-03T23:07:50.977+0000] {processor.py:914} INFO - Processing file /opt/airflow/dags/music_streams_generator.py for tasks to queue
[2025-08-03T23:07:50.979+0000] {logging_mixin.py:190} INFO - [2025-08-03T23:07:50.979+0000] {dagbag.py:588} INFO - Filling up the DagBag from /opt/airflow/dags/music_streams_generator.py
[2025-08-03T23:07:51.198+0000] {processor.py:927} WARNING - No viable dags retrieved from /opt/airflow/dags/music_streams_generator.py
[2025-08-03T23:07:51.213+0000] {processor.py:208} INFO - Processing /opt/airflow/dags/music_streams_generator.py took 0.245 seconds
[2025-08-03T23:08:21.485+0000] {processor.py:186} INFO - Started process (PID=3259) to work on /opt/airflow/dags/music_streams_generator.py
[2025-08-03T23:08:21.486+0000] {processor.py:914} INFO - Processing file /opt/airflow/dags/music_streams_generator.py for tasks to queue
[2025-08-03T23:08:21.488+0000] {logging_mixin.py:190} INFO - [2025-08-03T23:08:21.488+0000] {dagbag.py:588} INFO - Filling up the DagBag from /opt/airflow/dags/music_streams_generator.py
[2025-08-03T23:08:21.611+0000] {processor.py:927} WARNING - No viable dags retrieved from /opt/airflow/dags/music_streams_generator.py
[2025-08-03T23:08:21.619+0000] {processor.py:208} INFO - Processing /opt/airflow/dags/music_streams_generator.py took 0.139 seconds
[2025-08-03T23:08:51.904+0000] {processor.py:186} INFO - Started process (PID=3280) to work on /opt/airflow/dags/music_streams_generator.py
[2025-08-03T23:08:51.904+0000] {processor.py:914} INFO - Processing file /opt/airflow/dags/music_streams_generator.py for tasks to queue
[2025-08-03T23:08:51.907+0000] {logging_mixin.py:190} INFO - [2025-08-03T23:08:51.906+0000] {dagbag.py:588} INFO - Filling up the DagBag from /opt/airflow/dags/music_streams_generator.py
[2025-08-03T23:08:52.033+0000] {processor.py:927} WARNING - No viable dags retrieved from /opt/airflow/dags/music_streams_generator.py
[2025-08-03T23:08:52.040+0000] {processor.py:208} INFO - Processing /opt/airflow/dags/music_streams_generator.py took 0.142 seconds
[2025-08-03T23:09:22.353+0000] {processor.py:186} INFO - Started process (PID=3301) to work on /opt/airflow/dags/music_streams_generator.py
[2025-08-03T23:09:22.355+0000] {processor.py:914} INFO - Processing file /opt/airflow/dags/music_streams_generator.py for tasks to queue
[2025-08-03T23:09:22.358+0000] {logging_mixin.py:190} INFO - [2025-08-03T23:09:22.357+0000] {dagbag.py:588} INFO - Filling up the DagBag from /opt/airflow/dags/music_streams_generator.py
[2025-08-03T23:09:22.517+0000] {processor.py:927} WARNING - No viable dags retrieved from /opt/airflow/dags/music_streams_generator.py
[2025-08-03T23:09:22.528+0000] {processor.py:208} INFO - Processing /opt/airflow/dags/music_streams_generator.py took 0.182 seconds
[2025-08-03T23:09:52.772+0000] {processor.py:186} INFO - Started process (PID=3322) to work on /opt/airflow/dags/music_streams_generator.py
[2025-08-03T23:09:52.773+0000] {processor.py:914} INFO - Processing file /opt/airflow/dags/music_streams_generator.py for tasks to queue
[2025-08-03T23:09:52.776+0000] {logging_mixin.py:190} INFO - [2025-08-03T23:09:52.775+0000] {dagbag.py:588} INFO - Filling up the DagBag from /opt/airflow/dags/music_streams_generator.py
[2025-08-03T23:09:52.969+0000] {processor.py:927} WARNING - No viable dags retrieved from /opt/airflow/dags/music_streams_generator.py
[2025-08-03T23:09:52.980+0000] {processor.py:208} INFO - Processing /opt/airflow/dags/music_streams_generator.py took 0.213 seconds
[2025-08-03T23:10:23.280+0000] {processor.py:186} INFO - Started process (PID=3343) to work on /opt/airflow/dags/music_streams_generator.py
[2025-08-03T23:10:23.281+0000] {processor.py:914} INFO - Processing file /opt/airflow/dags/music_streams_generator.py for tasks to queue
[2025-08-03T23:10:23.284+0000] {logging_mixin.py:190} INFO - [2025-08-03T23:10:23.283+0000] {dagbag.py:588} INFO - Filling up the DagBag from /opt/airflow/dags/music_streams_generator.py
[2025-08-03T23:10:23.410+0000] {processor.py:927} WARNING - No viable dags retrieved from /opt/airflow/dags/music_streams_generator.py
[2025-08-03T23:10:23.418+0000] {processor.py:208} INFO - Processing /opt/airflow/dags/music_streams_generator.py took 0.143 seconds
[2025-08-03T23:10:53.736+0000] {processor.py:186} INFO - Started process (PID=3364) to work on /opt/airflow/dags/music_streams_generator.py
[2025-08-03T23:10:53.737+0000] {processor.py:914} INFO - Processing file /opt/airflow/dags/music_streams_generator.py for tasks to queue
[2025-08-03T23:10:53.742+0000] {logging_mixin.py:190} INFO - [2025-08-03T23:10:53.742+0000] {dagbag.py:588} INFO - Filling up the DagBag from /opt/airflow/dags/music_streams_generator.py
[2025-08-03T23:10:53.973+0000] {processor.py:927} WARNING - No viable dags retrieved from /opt/airflow/dags/music_streams_generator.py
[2025-08-03T23:10:53.992+0000] {processor.py:208} INFO - Processing /opt/airflow/dags/music_streams_generator.py took 0.267 seconds
[2025-08-03T23:11:24.302+0000] {processor.py:186} INFO - Started process (PID=3385) to work on /opt/airflow/dags/music_streams_generator.py
[2025-08-03T23:11:24.303+0000] {processor.py:914} INFO - Processing file /opt/airflow/dags/music_streams_generator.py for tasks to queue
[2025-08-03T23:11:24.307+0000] {logging_mixin.py:190} INFO - [2025-08-03T23:11:24.307+0000] {dagbag.py:588} INFO - Filling up the DagBag from /opt/airflow/dags/music_streams_generator.py
[2025-08-03T23:11:24.470+0000] {processor.py:927} WARNING - No viable dags retrieved from /opt/airflow/dags/music_streams_generator.py
[2025-08-03T23:11:24.480+0000] {processor.py:208} INFO - Processing /opt/airflow/dags/music_streams_generator.py took 0.185 seconds
[2025-08-03T23:11:54.761+0000] {processor.py:186} INFO - Started process (PID=3406) to work on /opt/airflow/dags/music_streams_generator.py
[2025-08-03T23:11:54.762+0000] {processor.py:914} INFO - Processing file /opt/airflow/dags/music_streams_generator.py for tasks to queue
[2025-08-03T23:11:54.763+0000] {logging_mixin.py:190} INFO - [2025-08-03T23:11:54.763+0000] {dagbag.py:588} INFO - Filling up the DagBag from /opt/airflow/dags/music_streams_generator.py
[2025-08-03T23:11:54.886+0000] {processor.py:927} WARNING - No viable dags retrieved from /opt/airflow/dags/music_streams_generator.py
[2025-08-03T23:11:54.891+0000] {processor.py:208} INFO - Processing /opt/airflow/dags/music_streams_generator.py took 0.133 seconds
[2025-08-03T23:12:25.367+0000] {processor.py:186} INFO - Started process (PID=3437) to work on /opt/airflow/dags/music_streams_generator.py
[2025-08-03T23:12:25.368+0000] {processor.py:914} INFO - Processing file /opt/airflow/dags/music_streams_generator.py for tasks to queue
[2025-08-03T23:12:25.370+0000] {logging_mixin.py:190} INFO - [2025-08-03T23:12:25.369+0000] {dagbag.py:588} INFO - Filling up the DagBag from /opt/airflow/dags/music_streams_generator.py
[2025-08-03T23:12:25.509+0000] {processor.py:927} WARNING - No viable dags retrieved from /opt/airflow/dags/music_streams_generator.py
[2025-08-03T23:12:25.518+0000] {processor.py:208} INFO - Processing /opt/airflow/dags/music_streams_generator.py took 0.156 seconds
[2025-08-03T23:12:55.764+0000] {processor.py:186} INFO - Started process (PID=3458) to work on /opt/airflow/dags/music_streams_generator.py
[2025-08-03T23:12:55.764+0000] {processor.py:914} INFO - Processing file /opt/airflow/dags/music_streams_generator.py for tasks to queue
[2025-08-03T23:12:55.767+0000] {logging_mixin.py:190} INFO - [2025-08-03T23:12:55.767+0000] {dagbag.py:588} INFO - Filling up the DagBag from /opt/airflow/dags/music_streams_generator.py
[2025-08-03T23:12:55.883+0000] {processor.py:927} WARNING - No viable dags retrieved from /opt/airflow/dags/music_streams_generator.py
[2025-08-03T23:12:55.889+0000] {processor.py:208} INFO - Processing /opt/airflow/dags/music_streams_generator.py took 0.133 seconds
[2025-08-03T23:13:26.143+0000] {processor.py:186} INFO - Started process (PID=3479) to work on /opt/airflow/dags/music_streams_generator.py
[2025-08-03T23:13:26.144+0000] {processor.py:914} INFO - Processing file /opt/airflow/dags/music_streams_generator.py for tasks to queue
[2025-08-03T23:13:26.146+0000] {logging_mixin.py:190} INFO - [2025-08-03T23:13:26.146+0000] {dagbag.py:588} INFO - Filling up the DagBag from /opt/airflow/dags/music_streams_generator.py
[2025-08-03T23:13:26.258+0000] {processor.py:927} WARNING - No viable dags retrieved from /opt/airflow/dags/music_streams_generator.py
[2025-08-03T23:13:26.264+0000] {processor.py:208} INFO - Processing /opt/airflow/dags/music_streams_generator.py took 0.126 seconds
[2025-08-03T23:13:56.545+0000] {processor.py:186} INFO - Started process (PID=3500) to work on /opt/airflow/dags/music_streams_generator.py
[2025-08-03T23:13:56.545+0000] {processor.py:914} INFO - Processing file /opt/airflow/dags/music_streams_generator.py for tasks to queue
[2025-08-03T23:13:56.546+0000] {logging_mixin.py:190} INFO - [2025-08-03T23:13:56.546+0000] {dagbag.py:588} INFO - Filling up the DagBag from /opt/airflow/dags/music_streams_generator.py
[2025-08-03T23:13:56.656+0000] {processor.py:927} WARNING - No viable dags retrieved from /opt/airflow/dags/music_streams_generator.py
[2025-08-03T23:13:56.661+0000] {processor.py:208} INFO - Processing /opt/airflow/dags/music_streams_generator.py took 0.122 seconds
[2025-08-03T23:14:26.918+0000] {processor.py:186} INFO - Started process (PID=3521) to work on /opt/airflow/dags/music_streams_generator.py
[2025-08-03T23:14:26.918+0000] {processor.py:914} INFO - Processing file /opt/airflow/dags/music_streams_generator.py for tasks to queue
[2025-08-03T23:14:26.919+0000] {logging_mixin.py:190} INFO - [2025-08-03T23:14:26.919+0000] {dagbag.py:588} INFO - Filling up the DagBag from /opt/airflow/dags/music_streams_generator.py
[2025-08-03T23:14:27.037+0000] {processor.py:927} WARNING - No viable dags retrieved from /opt/airflow/dags/music_streams_generator.py
[2025-08-03T23:14:27.043+0000] {processor.py:208} INFO - Processing /opt/airflow/dags/music_streams_generator.py took 0.132 seconds
[2025-08-03T23:14:57.309+0000] {processor.py:186} INFO - Started process (PID=3542) to work on /opt/airflow/dags/music_streams_generator.py
[2025-08-03T23:14:57.310+0000] {processor.py:914} INFO - Processing file /opt/airflow/dags/music_streams_generator.py for tasks to queue
[2025-08-03T23:14:57.311+0000] {logging_mixin.py:190} INFO - [2025-08-03T23:14:57.310+0000] {dagbag.py:588} INFO - Filling up the DagBag from /opt/airflow/dags/music_streams_generator.py
[2025-08-03T23:14:57.450+0000] {processor.py:927} WARNING - No viable dags retrieved from /opt/airflow/dags/music_streams_generator.py
[2025-08-03T23:14:57.458+0000] {processor.py:208} INFO - Processing /opt/airflow/dags/music_streams_generator.py took 0.158 seconds
[2025-08-03T23:15:27.883+0000] {processor.py:186} INFO - Started process (PID=3563) to work on /opt/airflow/dags/music_streams_generator.py
[2025-08-03T23:15:27.883+0000] {processor.py:914} INFO - Processing file /opt/airflow/dags/music_streams_generator.py for tasks to queue
[2025-08-03T23:15:27.884+0000] {logging_mixin.py:190} INFO - [2025-08-03T23:15:27.884+0000] {dagbag.py:588} INFO - Filling up the DagBag from /opt/airflow/dags/music_streams_generator.py
[2025-08-03T23:15:27.994+0000] {processor.py:927} WARNING - No viable dags retrieved from /opt/airflow/dags/music_streams_generator.py
[2025-08-03T23:15:28.000+0000] {processor.py:208} INFO - Processing /opt/airflow/dags/music_streams_generator.py took 0.122 seconds
[2025-08-03T23:15:58.248+0000] {processor.py:186} INFO - Started process (PID=3584) to work on /opt/airflow/dags/music_streams_generator.py
[2025-08-03T23:15:58.249+0000] {processor.py:914} INFO - Processing file /opt/airflow/dags/music_streams_generator.py for tasks to queue
[2025-08-03T23:15:58.250+0000] {logging_mixin.py:190} INFO - [2025-08-03T23:15:58.249+0000] {dagbag.py:588} INFO - Filling up the DagBag from /opt/airflow/dags/music_streams_generator.py
[2025-08-03T23:15:58.361+0000] {processor.py:927} WARNING - No viable dags retrieved from /opt/airflow/dags/music_streams_generator.py
[2025-08-03T23:15:58.367+0000] {processor.py:208} INFO - Processing /opt/airflow/dags/music_streams_generator.py took 0.124 seconds
[2025-08-03T23:16:28.622+0000] {processor.py:186} INFO - Started process (PID=3605) to work on /opt/airflow/dags/music_streams_generator.py
[2025-08-03T23:16:28.623+0000] {processor.py:914} INFO - Processing file /opt/airflow/dags/music_streams_generator.py for tasks to queue
[2025-08-03T23:16:28.624+0000] {logging_mixin.py:190} INFO - [2025-08-03T23:16:28.624+0000] {dagbag.py:588} INFO - Filling up the DagBag from /opt/airflow/dags/music_streams_generator.py
[2025-08-03T23:16:28.785+0000] {processor.py:927} WARNING - No viable dags retrieved from /opt/airflow/dags/music_streams_generator.py
[2025-08-03T23:16:28.792+0000] {processor.py:208} INFO - Processing /opt/airflow/dags/music_streams_generator.py took 0.177 seconds
[2025-08-03T23:16:59.043+0000] {processor.py:186} INFO - Started process (PID=3626) to work on /opt/airflow/dags/music_streams_generator.py
[2025-08-03T23:16:59.044+0000] {processor.py:914} INFO - Processing file /opt/airflow/dags/music_streams_generator.py for tasks to queue
[2025-08-03T23:16:59.045+0000] {logging_mixin.py:190} INFO - [2025-08-03T23:16:59.045+0000] {dagbag.py:588} INFO - Filling up the DagBag from /opt/airflow/dags/music_streams_generator.py
[2025-08-03T23:16:59.178+0000] {processor.py:927} WARNING - No viable dags retrieved from /opt/airflow/dags/music_streams_generator.py
[2025-08-03T23:16:59.184+0000] {processor.py:208} INFO - Processing /opt/airflow/dags/music_streams_generator.py took 0.147 seconds
[2025-08-03T23:17:29.459+0000] {processor.py:186} INFO - Started process (PID=3647) to work on /opt/airflow/dags/music_streams_generator.py
[2025-08-03T23:17:29.459+0000] {processor.py:914} INFO - Processing file /opt/airflow/dags/music_streams_generator.py for tasks to queue
[2025-08-03T23:17:29.460+0000] {logging_mixin.py:190} INFO - [2025-08-03T23:17:29.460+0000] {dagbag.py:588} INFO - Filling up the DagBag from /opt/airflow/dags/music_streams_generator.py
[2025-08-03T23:17:29.576+0000] {processor.py:927} WARNING - No viable dags retrieved from /opt/airflow/dags/music_streams_generator.py
[2025-08-03T23:17:29.582+0000] {processor.py:208} INFO - Processing /opt/airflow/dags/music_streams_generator.py took 0.128 seconds
[2025-08-03T23:17:59.826+0000] {processor.py:186} INFO - Started process (PID=3668) to work on /opt/airflow/dags/music_streams_generator.py
[2025-08-03T23:17:59.827+0000] {processor.py:914} INFO - Processing file /opt/airflow/dags/music_streams_generator.py for tasks to queue
[2025-08-03T23:17:59.828+0000] {logging_mixin.py:190} INFO - [2025-08-03T23:17:59.828+0000] {dagbag.py:588} INFO - Filling up the DagBag from /opt/airflow/dags/music_streams_generator.py
[2025-08-03T23:17:59.946+0000] {processor.py:927} WARNING - No viable dags retrieved from /opt/airflow/dags/music_streams_generator.py
[2025-08-03T23:17:59.952+0000] {processor.py:208} INFO - Processing /opt/airflow/dags/music_streams_generator.py took 0.133 seconds
[2025-08-03T23:18:30.353+0000] {processor.py:186} INFO - Started process (PID=3689) to work on /opt/airflow/dags/music_streams_generator.py
[2025-08-03T23:18:30.354+0000] {processor.py:914} INFO - Processing file /opt/airflow/dags/music_streams_generator.py for tasks to queue
[2025-08-03T23:18:30.355+0000] {logging_mixin.py:190} INFO - [2025-08-03T23:18:30.355+0000] {dagbag.py:588} INFO - Filling up the DagBag from /opt/airflow/dags/music_streams_generator.py
[2025-08-03T23:18:30.479+0000] {processor.py:927} WARNING - No viable dags retrieved from /opt/airflow/dags/music_streams_generator.py
[2025-08-03T23:18:30.486+0000] {processor.py:208} INFO - Processing /opt/airflow/dags/music_streams_generator.py took 0.140 seconds
[2025-08-03T23:19:00.719+0000] {processor.py:186} INFO - Started process (PID=3710) to work on /opt/airflow/dags/music_streams_generator.py
[2025-08-03T23:19:00.720+0000] {processor.py:914} INFO - Processing file /opt/airflow/dags/music_streams_generator.py for tasks to queue
[2025-08-03T23:19:00.721+0000] {logging_mixin.py:190} INFO - [2025-08-03T23:19:00.720+0000] {dagbag.py:588} INFO - Filling up the DagBag from /opt/airflow/dags/music_streams_generator.py
[2025-08-03T23:19:00.849+0000] {processor.py:927} WARNING - No viable dags retrieved from /opt/airflow/dags/music_streams_generator.py
[2025-08-03T23:19:00.855+0000] {processor.py:208} INFO - Processing /opt/airflow/dags/music_streams_generator.py took 0.144 seconds
[2025-08-03T23:19:31.224+0000] {processor.py:186} INFO - Started process (PID=3731) to work on /opt/airflow/dags/music_streams_generator.py
[2025-08-03T23:19:31.224+0000] {processor.py:914} INFO - Processing file /opt/airflow/dags/music_streams_generator.py for tasks to queue
[2025-08-03T23:19:31.225+0000] {logging_mixin.py:190} INFO - [2025-08-03T23:19:31.225+0000] {dagbag.py:588} INFO - Filling up the DagBag from /opt/airflow/dags/music_streams_generator.py
[2025-08-03T23:19:31.334+0000] {processor.py:927} WARNING - No viable dags retrieved from /opt/airflow/dags/music_streams_generator.py
[2025-08-03T23:19:31.340+0000] {processor.py:208} INFO - Processing /opt/airflow/dags/music_streams_generator.py took 0.119 seconds
[2025-08-03T23:20:01.568+0000] {processor.py:186} INFO - Started process (PID=3752) to work on /opt/airflow/dags/music_streams_generator.py
[2025-08-03T23:20:01.568+0000] {processor.py:914} INFO - Processing file /opt/airflow/dags/music_streams_generator.py for tasks to queue
[2025-08-03T23:20:01.569+0000] {logging_mixin.py:190} INFO - [2025-08-03T23:20:01.569+0000] {dagbag.py:588} INFO - Filling up the DagBag from /opt/airflow/dags/music_streams_generator.py
[2025-08-03T23:20:01.703+0000] {processor.py:927} WARNING - No viable dags retrieved from /opt/airflow/dags/music_streams_generator.py
[2025-08-03T23:20:01.709+0000] {processor.py:208} INFO - Processing /opt/airflow/dags/music_streams_generator.py took 0.147 seconds
[2025-08-03T23:20:31.946+0000] {processor.py:186} INFO - Started process (PID=3773) to work on /opt/airflow/dags/music_streams_generator.py
[2025-08-03T23:20:31.947+0000] {processor.py:914} INFO - Processing file /opt/airflow/dags/music_streams_generator.py for tasks to queue
[2025-08-03T23:20:31.948+0000] {logging_mixin.py:190} INFO - [2025-08-03T23:20:31.948+0000] {dagbag.py:588} INFO - Filling up the DagBag from /opt/airflow/dags/music_streams_generator.py
[2025-08-03T23:20:32.138+0000] {processor.py:927} WARNING - No viable dags retrieved from /opt/airflow/dags/music_streams_generator.py
[2025-08-03T23:20:32.144+0000] {processor.py:208} INFO - Processing /opt/airflow/dags/music_streams_generator.py took 0.203 seconds
[2025-08-03T23:20:37.352+0000] {processor.py:186} INFO - Started process (PID=3788) to work on /opt/airflow/dags/music_streams_generator.py
[2025-08-03T23:20:37.353+0000] {processor.py:914} INFO - Processing file /opt/airflow/dags/music_streams_generator.py for tasks to queue
[2025-08-03T23:20:37.354+0000] {logging_mixin.py:190} INFO - [2025-08-03T23:20:37.353+0000] {dagbag.py:588} INFO - Filling up the DagBag from /opt/airflow/dags/music_streams_generator.py
[2025-08-03T23:20:37.357+0000] {logging_mixin.py:190} INFO - [2025-08-03T23:20:37.356+0000] {dagbag.py:387} ERROR - Failed to import: /opt/airflow/dags/music_streams_generator.py
Traceback (most recent call last):
  File "/home/airflow/.local/lib/python3.12/site-packages/airflow/models/dagbag.py", line 383, in parse
    loader.exec_module(new_module)
  File "<frozen importlib._bootstrap_external>", line 995, in exec_module
  File "<frozen importlib._bootstrap_external>", line 1133, in get_code
  File "<frozen importlib._bootstrap_external>", line 1063, in source_to_code
  File "<frozen importlib._bootstrap>", line 488, in _call_with_frames_removed
  File "/opt/airflow/dags/music_streams_generator.py", line 3
    from
        ^
SyntaxError: invalid syntax
[2025-08-03T23:20:37.358+0000] {processor.py:927} WARNING - No viable dags retrieved from /opt/airflow/dags/music_streams_generator.py
[2025-08-03T23:20:37.372+0000] {processor.py:208} INFO - Processing /opt/airflow/dags/music_streams_generator.py took 0.025 seconds
