[2025-08-05T20:37:56.138+0000] {local_task_job_runner.py:123} INFO - ::group::Pre task execution logs
[2025-08-05T20:37:56.144+0000] {taskinstance.py:2614} INFO - Dependencies all met for dep_context=non-requeueable deps ti=<TaskInstance: account_generator.generator_account_data manual__2025-08-05T20:37:54.671497+00:00 [queued]>
[2025-08-05T20:37:56.146+0000] {taskinstance.py:2614} INFO - Dependencies all met for dep_context=requeueable deps ti=<TaskInstance: account_generator.generator_account_data manual__2025-08-05T20:37:54.671497+00:00 [queued]>
[2025-08-05T20:37:56.147+0000] {taskinstance.py:2867} INFO - Starting attempt 1 of 1
[2025-08-05T20:37:56.150+0000] {taskinstance.py:2890} INFO - Executing <Task(AccountProduceOperator): generator_account_data> on 2025-08-05 20:37:54.671497+00:00
[2025-08-05T20:37:56.153+0000] {logging_mixin.py:190} WARNING - /home/***/.local/lib/python3.12/site-packages/***/task/task_runner/standard_task_runner.py:70 DeprecationWarning: This process (pid=775) is multi-threaded, use of fork() may lead to deadlocks in the child.
[2025-08-05T20:37:56.154+0000] {standard_task_runner.py:72} INFO - Started process 776 to run task
[2025-08-05T20:37:56.153+0000] {standard_task_runner.py:104} INFO - Running: ['***', 'tasks', 'run', 'account_generator', 'generator_account_data', 'manual__2025-08-05T20:37:54.671497+00:00', '--job-id', '649', '--raw', '--subdir', 'DAGS_FOLDER/account_generator.py', '--cfg-path', '/tmp/tmp6vyp65yd']
[2025-08-05T20:37:56.154+0000] {standard_task_runner.py:105} INFO - Job 649: Subtask generator_account_data
[2025-08-05T20:37:56.169+0000] {task_command.py:467} INFO - Running <TaskInstance: account_generator.generator_account_data manual__2025-08-05T20:37:54.671497+00:00 [running]> on host 57a05139e7f0
[2025-08-05T20:37:56.193+0000] {taskinstance.py:3134} INFO - Exporting env vars: AIRFLOW_CTX_DAG_OWNER='GGCODE' AIRFLOW_CTX_DAG_ID='account_generator' AIRFLOW_CTX_TASK_ID='generator_account_data' AIRFLOW_CTX_EXECUTION_DATE='2025-08-05T20:37:54.671497+00:00' AIRFLOW_CTX_TRY_NUMBER='1' AIRFLOW_CTX_DAG_RUN_ID='manual__2025-08-05T20:37:54.671497+00:00'
[2025-08-05T20:37:56.193+0000] {taskinstance.py:732} INFO - ::endgroup::
[2025-08-05T20:37:56.199+0000] {conn.py:396} INFO - <BrokerConnection client_id=kafka-python-producer-1, node_id=bootstrap-0 host=kafka-broker-3:19092 <connecting> [IPv4 ('172.18.0.13', 19092)]>: connecting to kafka-broker-3:19092 [('172.18.0.13', 19092) IPv4]
[2025-08-05T20:37:56.201+0000] {conn.py:618} INFO - <BrokerConnection client_id=kafka-python-producer-1, node_id=bootstrap-0 host=kafka-broker-3:19092 <checking_api_versions_recv> [IPv4 ('172.18.0.13', 19092)]>: Broker version identified as 2.6
[2025-08-05T20:37:56.202+0000] {conn.py:457} INFO - <BrokerConnection client_id=kafka-python-producer-1, node_id=bootstrap-0 host=kafka-broker-3:19092 <connected> [IPv4 ('172.18.0.13', 19092)]>: Connection complete.
[2025-08-05T20:37:56.306+0000] {conn.py:396} INFO - <BrokerConnection client_id=kafka-python-producer-1, node_id=4 host=kafka-broker-1:19092 <connecting> [IPv4 ('172.18.0.14', 19092)]>: connecting to kafka-broker-1:19092 [('172.18.0.14', 19092) IPv4]
[2025-08-05T20:37:56.307+0000] {conn.py:457} INFO - <BrokerConnection client_id=kafka-python-producer-1, node_id=4 host=kafka-broker-1:19092 <connected> [IPv4 ('172.18.0.14', 19092)]>: Connection complete.
[2025-08-05T20:37:56.307+0000] {conn.py:945} INFO - <BrokerConnection client_id=kafka-python-producer-1, node_id=bootstrap-0 host=kafka-broker-3:19092 <connected> [IPv4 ('172.18.0.13', 19092)]>: Closing connection. 
[2025-08-05T20:37:56.309+0000] {account_kafka_operator.py:56} INFO - Sent transaction {'account_id': 'A00000001', 'first_name': 'FirstName1', 'last_name': 'LastName1', 'email': 'user1@example.com', 'phone_number': '1-123-9', 'dob': 'dob1', 'city': 'Lyon', 'country': 'Brazil', 'registration_date': 1733517476204}
[2025-08-05T20:37:56.309+0000] {account_kafka_operator.py:56} INFO - Sent transaction {'account_id': 'A00000002', 'first_name': 'FirstName2', 'last_name': 'LastName2', 'email': 'user2@example.com', 'phone_number': '1-123-2', 'dob': 'dob2', 'city': 'Rio de Janeiro', 'country': 'Australia', 'registration_date': 1729197476309}
[2025-08-05T20:37:56.310+0000] {account_kafka_operator.py:56} INFO - Sent transaction {'account_id': 'A00000003', 'first_name': 'FirstName3', 'last_name': 'LastName3', 'email': 'user3@example.com', 'phone_number': '1-123-10', 'dob': 'dob3', 'city': 'New York', 'country': 'France', 'registration_date': 1749501476310}
[2025-08-05T20:37:56.310+0000] {account_kafka_operator.py:56} INFO - Sent transaction {'account_id': 'A00000004', 'first_name': 'FirstName4', 'last_name': 'LastName4', 'email': 'user4@example.com', 'phone_number': '1-123-7', 'dob': 'dob4', 'city': 'Brasília', 'country': 'France', 'registration_date': 1750538276310}
[2025-08-05T20:37:56.310+0000] {account_kafka_operator.py:56} INFO - Sent transaction {'account_id': 'A00000005', 'first_name': 'FirstName5', 'last_name': 'LastName5', 'email': 'user5@example.com', 'phone_number': '1-123-7', 'dob': 'dob5', 'city': 'Marseille', 'country': 'Brazil', 'registration_date': 1728333476310}
[2025-08-05T20:37:56.311+0000] {account_kafka_operator.py:56} INFO - Sent transaction {'account_id': 'A00000006', 'first_name': 'FirstName6', 'last_name': 'LastName6', 'email': 'user6@example.com', 'phone_number': '1-123-8', 'dob': 'dob6', 'city': 'Brasília', 'country': 'France', 'registration_date': 1738701476311}
[2025-08-05T20:37:56.311+0000] {account_kafka_operator.py:56} INFO - Sent transaction {'account_id': 'A00000007', 'first_name': 'FirstName7', 'last_name': 'LastName7', 'email': 'user7@example.com', 'phone_number': '1-123-12', 'dob': 'dob7', 'city': 'Kyoto', 'country': 'Brazil', 'registration_date': 1748032676311}
[2025-08-05T20:37:56.312+0000] {account_kafka_operator.py:56} INFO - Sent transaction {'account_id': 'A00000008', 'first_name': 'FirstName8', 'last_name': 'LastName8', 'email': 'user8@example.com', 'phone_number': '1-123-3', 'dob': 'dob8', 'city': 'Tokyo', 'country': 'Australia', 'registration_date': 1729111076312}
[2025-08-05T20:37:56.312+0000] {account_kafka_operator.py:56} INFO - Sent transaction {'account_id': 'A00000009', 'first_name': 'FirstName9', 'last_name': 'LastName9', 'email': 'user9@example.com', 'phone_number': '1-123-7', 'dob': 'dob9', 'city': 'New York', 'country': 'France', 'registration_date': 1729024676312}
[2025-08-05T20:37:56.312+0000] {account_kafka_operator.py:56} INFO - Sent transaction {'account_id': 'A00000010', 'first_name': 'FirstName10', 'last_name': 'LastName10', 'email': 'user10@example.com', 'phone_number': '1-123-11', 'dob': 'dob10', 'city': 'Los Angeles', 'country': 'Japan', 'registration_date': 1739479076312}
[2025-08-05T20:37:56.313+0000] {account_kafka_operator.py:56} INFO - Sent transaction {'account_id': 'A00000011', 'first_name': 'FirstName11', 'last_name': 'LastName11', 'email': 'user11@example.com', 'phone_number': '1-123-8', 'dob': 'dob11', 'city': 'Melbourne', 'country': 'Australia', 'registration_date': 1739479076313}
[2025-08-05T20:37:56.313+0000] {account_kafka_operator.py:56} INFO - Sent transaction {'account_id': 'A00000012', 'first_name': 'FirstName12', 'last_name': 'LastName12', 'email': 'user12@example.com', 'phone_number': '1-123-8', 'dob': 'dob12', 'city': 'Brasília', 'country': 'Brazil', 'registration_date': 1748032676313}
[2025-08-05T20:37:56.313+0000] {account_kafka_operator.py:56} INFO - Sent transaction {'account_id': 'A00000013', 'first_name': 'FirstName13', 'last_name': 'LastName13', 'email': 'user13@example.com', 'phone_number': '1-123-11', 'dob': 'dob13', 'city': 'Chicago', 'country': 'Australia', 'registration_date': 1754339876313}
[2025-08-05T20:37:56.314+0000] {account_kafka_operator.py:56} INFO - Sent transaction {'account_id': 'A00000014', 'first_name': 'FirstName14', 'last_name': 'LastName14', 'email': 'user14@example.com', 'phone_number': '1-123-2', 'dob': 'dob14', 'city': 'Rio de Janeiro', 'country': 'United States', 'registration_date': 1752611876314}
[2025-08-05T20:37:56.314+0000] {account_kafka_operator.py:56} INFO - Sent transaction {'account_id': 'A00000015', 'first_name': 'FirstName15', 'last_name': 'LastName15', 'email': 'user15@example.com', 'phone_number': '1-123-10', 'dob': 'dob15', 'city': 'São Paulo', 'country': 'Brazil', 'registration_date': 1740602276314}
[2025-08-05T20:37:56.314+0000] {account_kafka_operator.py:56} INFO - Sent transaction {'account_id': 'A00000016', 'first_name': 'FirstName16', 'last_name': 'LastName16', 'email': 'user16@example.com', 'phone_number': '1-123-12', 'dob': 'dob16', 'city': 'Lyon', 'country': 'Japan', 'registration_date': 1737923876314}
[2025-08-05T20:37:56.314+0000] {account_kafka_operator.py:56} INFO - Sent transaction {'account_id': 'A00000017', 'first_name': 'FirstName17', 'last_name': 'LastName17', 'email': 'user17@example.com', 'phone_number': '1-123-5', 'dob': 'dob17', 'city': 'Lyon', 'country': 'United States', 'registration_date': 1735591076314}
[2025-08-05T20:37:56.315+0000] {account_kafka_operator.py:56} INFO - Sent transaction {'account_id': 'A00000018', 'first_name': 'FirstName18', 'last_name': 'LastName18', 'email': 'user18@example.com', 'phone_number': '1-123-7', 'dob': 'dob18', 'city': 'Tokyo', 'country': 'Australia', 'registration_date': 1725741476315}
[2025-08-05T20:37:56.315+0000] {account_kafka_operator.py:56} INFO - Sent transaction {'account_id': 'A00000019', 'first_name': 'FirstName19', 'last_name': 'LastName19', 'email': 'user19@example.com', 'phone_number': '1-123-7', 'dob': 'dob19', 'city': 'Rio de Janeiro', 'country': 'France', 'registration_date': 1743021476315}
[2025-08-05T20:37:56.315+0000] {account_kafka_operator.py:56} INFO - Sent transaction {'account_id': 'A00000020', 'first_name': 'FirstName20', 'last_name': 'LastName20', 'email': 'user20@example.com', 'phone_number': '1-123-3', 'dob': 'dob20', 'city': 'Sydney', 'country': 'Australia', 'registration_date': 1735850276315}
[2025-08-05T20:37:56.316+0000] {account_kafka_operator.py:56} INFO - Sent transaction {'account_id': 'A00000021', 'first_name': 'FirstName21', 'last_name': 'LastName21', 'email': 'user21@example.com', 'phone_number': '1-123-5', 'dob': 'dob21', 'city': 'Tokyo', 'country': 'Japan', 'registration_date': 1751315876316}
[2025-08-05T20:37:56.316+0000] {account_kafka_operator.py:56} INFO - Sent transaction {'account_id': 'A00000022', 'first_name': 'FirstName22', 'last_name': 'LastName22', 'email': 'user22@example.com', 'phone_number': '1-123-4', 'dob': 'dob22', 'city': 'Osaka', 'country': 'Japan', 'registration_date': 1727901476316}
[2025-08-05T20:37:56.316+0000] {account_kafka_operator.py:56} INFO - Sent transaction {'account_id': 'A00000023', 'first_name': 'FirstName23', 'last_name': 'LastName23', 'email': 'user23@example.com', 'phone_number': '1-123-6', 'dob': 'dob23', 'city': 'Melbourne', 'country': 'Japan', 'registration_date': 1745008676316}
[2025-08-05T20:37:56.316+0000] {account_kafka_operator.py:56} INFO - Sent transaction {'account_id': 'A00000024', 'first_name': 'FirstName24', 'last_name': 'LastName24', 'email': 'user24@example.com', 'phone_number': '1-123-3', 'dob': 'dob24', 'city': 'São Paulo', 'country': 'Japan', 'registration_date': 1727815076316}
[2025-08-05T20:37:56.316+0000] {account_kafka_operator.py:56} INFO - Sent transaction {'account_id': 'A00000025', 'first_name': 'FirstName25', 'last_name': 'LastName25', 'email': 'user25@example.com', 'phone_number': '1-123-6', 'dob': 'dob25', 'city': 'Osaka', 'country': 'Japan', 'registration_date': 1746995876316}
[2025-08-05T20:37:56.317+0000] {account_kafka_operator.py:56} INFO - Sent transaction {'account_id': 'A00000026', 'first_name': 'FirstName26', 'last_name': 'LastName26', 'email': 'user26@example.com', 'phone_number': '1-123-1', 'dob': 'dob26', 'city': 'Los Angeles', 'country': 'Japan', 'registration_date': 1725309476317}
[2025-08-05T20:37:56.317+0000] {account_kafka_operator.py:56} INFO - Sent transaction {'account_id': 'A00000027', 'first_name': 'FirstName27', 'last_name': 'LastName27', 'email': 'user27@example.com', 'phone_number': '1-123-5', 'dob': 'dob27', 'city': 'Brisbane', 'country': 'Japan', 'registration_date': 1739392676317}
[2025-08-05T20:37:56.317+0000] {account_kafka_operator.py:56} INFO - Sent transaction {'account_id': 'A00000028', 'first_name': 'FirstName28', 'last_name': 'LastName28', 'email': 'user28@example.com', 'phone_number': '1-123-8', 'dob': 'dob28', 'city': 'Paris', 'country': 'United States', 'registration_date': 1738269476317}
[2025-08-05T20:37:56.318+0000] {account_kafka_operator.py:56} INFO - Sent transaction {'account_id': 'A00000029', 'first_name': 'FirstName29', 'last_name': 'LastName29', 'email': 'user29@example.com', 'phone_number': '1-123-8', 'dob': 'dob29', 'city': 'Chicago', 'country': 'Australia', 'registration_date': 1741379876318}
[2025-08-05T20:37:56.318+0000] {account_kafka_operator.py:56} INFO - Sent transaction {'account_id': 'A00000030', 'first_name': 'FirstName30', 'last_name': 'LastName30', 'email': 'user30@example.com', 'phone_number': '1-123-7', 'dob': 'dob30', 'city': 'Lyon', 'country': 'Japan', 'registration_date': 1727210276318}
[2025-08-05T20:37:56.318+0000] {account_kafka_operator.py:56} INFO - Sent transaction {'account_id': 'A00000031', 'first_name': 'FirstName31', 'last_name': 'LastName31', 'email': 'user31@example.com', 'phone_number': '1-123-3', 'dob': 'dob31', 'city': 'Osaka', 'country': 'United States', 'registration_date': 1748723876318}
[2025-08-05T20:37:56.318+0000] {account_kafka_operator.py:56} INFO - Sent transaction {'account_id': 'A00000032', 'first_name': 'FirstName32', 'last_name': 'LastName32', 'email': 'user32@example.com', 'phone_number': '1-123-7', 'dob': 'dob32', 'city': 'Kyoto', 'country': 'France', 'registration_date': 1750711076318}
[2025-08-05T20:37:56.319+0000] {account_kafka_operator.py:56} INFO - Sent transaction {'account_id': 'A00000033', 'first_name': 'FirstName33', 'last_name': 'LastName33', 'email': 'user33@example.com', 'phone_number': '1-123-11', 'dob': 'dob33', 'city': 'Brasília', 'country': 'Japan', 'registration_date': 1728506276319}
[2025-08-05T20:37:56.319+0000] {account_kafka_operator.py:56} INFO - Sent transaction {'account_id': 'A00000034', 'first_name': 'FirstName34', 'last_name': 'LastName34', 'email': 'user34@example.com', 'phone_number': '1-123-2', 'dob': 'dob34', 'city': 'Kyoto', 'country': 'Brazil', 'registration_date': 1750279076319}
[2025-08-05T20:37:56.319+0000] {account_kafka_operator.py:56} INFO - Sent transaction {'account_id': 'A00000035', 'first_name': 'FirstName35', 'last_name': 'LastName35', 'email': 'user35@example.com', 'phone_number': '1-123-2', 'dob': 'dob35', 'city': 'Kyoto', 'country': 'Australia', 'registration_date': 1752698276319}
[2025-08-05T20:37:56.319+0000] {account_kafka_operator.py:56} INFO - Sent transaction {'account_id': 'A00000036', 'first_name': 'FirstName36', 'last_name': 'LastName36', 'email': 'user36@example.com', 'phone_number': '1-123-4', 'dob': 'dob36', 'city': 'Los Angeles', 'country': 'France', 'registration_date': 1726605476319}
[2025-08-05T20:37:56.320+0000] {account_kafka_operator.py:56} INFO - Sent transaction {'account_id': 'A00000037', 'first_name': 'FirstName37', 'last_name': 'LastName37', 'email': 'user37@example.com', 'phone_number': '1-123-11', 'dob': 'dob37', 'city': 'Osaka', 'country': 'France', 'registration_date': 1745959076320}
[2025-08-05T20:37:56.320+0000] {account_kafka_operator.py:56} INFO - Sent transaction {'account_id': 'A00000038', 'first_name': 'FirstName38', 'last_name': 'LastName38', 'email': 'user38@example.com', 'phone_number': '1-123-6', 'dob': 'dob38', 'city': 'Tokyo', 'country': 'United States', 'registration_date': 1750365476320}
[2025-08-05T20:37:56.320+0000] {account_kafka_operator.py:56} INFO - Sent transaction {'account_id': 'A00000039', 'first_name': 'FirstName39', 'last_name': 'LastName39', 'email': 'user39@example.com', 'phone_number': '1-123-4', 'dob': 'dob39', 'city': 'Los Angeles', 'country': 'Brazil', 'registration_date': 1739219876320}
[2025-08-05T20:37:56.321+0000] {account_kafka_operator.py:56} INFO - Sent transaction {'account_id': 'A00000040', 'first_name': 'FirstName40', 'last_name': 'LastName40', 'email': 'user40@example.com', 'phone_number': '1-123-6', 'dob': 'dob40', 'city': 'Los Angeles', 'country': 'Brazil', 'registration_date': 1746650276321}
[2025-08-05T20:37:56.321+0000] {account_kafka_operator.py:56} INFO - Sent transaction {'account_id': 'A00000041', 'first_name': 'FirstName41', 'last_name': 'LastName41', 'email': 'user41@example.com', 'phone_number': '1-123-9', 'dob': 'dob41', 'city': 'New York', 'country': 'Brazil', 'registration_date': 1738269476321}
[2025-08-05T20:37:56.321+0000] {account_kafka_operator.py:56} INFO - Sent transaction {'account_id': 'A00000042', 'first_name': 'FirstName42', 'last_name': 'LastName42', 'email': 'user42@example.com', 'phone_number': '1-123-10', 'dob': 'dob42', 'city': 'São Paulo', 'country': 'Brazil', 'registration_date': 1738528676321}
[2025-08-05T20:37:56.322+0000] {account_kafka_operator.py:56} INFO - Sent transaction {'account_id': 'A00000043', 'first_name': 'FirstName43', 'last_name': 'LastName43', 'email': 'user43@example.com', 'phone_number': '1-123-5', 'dob': 'dob43', 'city': 'Lyon', 'country': 'Brazil', 'registration_date': 1732653476322}
[2025-08-05T20:37:56.322+0000] {account_kafka_operator.py:56} INFO - Sent transaction {'account_id': 'A00000044', 'first_name': 'FirstName44', 'last_name': 'LastName44', 'email': 'user44@example.com', 'phone_number': '1-123-2', 'dob': 'dob44', 'city': 'Lyon', 'country': 'France', 'registration_date': 1750451876322}
[2025-08-05T20:37:56.322+0000] {account_kafka_operator.py:56} INFO - Sent transaction {'account_id': 'A00000045', 'first_name': 'FirstName45', 'last_name': 'LastName45', 'email': 'user45@example.com', 'phone_number': '1-123-3', 'dob': 'dob45', 'city': 'Paris', 'country': 'Japan', 'registration_date': 1736714276322}
[2025-08-05T20:37:56.322+0000] {account_kafka_operator.py:56} INFO - Sent transaction {'account_id': 'A00000046', 'first_name': 'FirstName46', 'last_name': 'LastName46', 'email': 'user46@example.com', 'phone_number': '1-123-8', 'dob': 'dob46', 'city': 'Paris', 'country': 'France', 'registration_date': 1728074276322}
[2025-08-05T20:37:56.323+0000] {account_kafka_operator.py:56} INFO - Sent transaction {'account_id': 'A00000047', 'first_name': 'FirstName47', 'last_name': 'LastName47', 'email': 'user47@example.com', 'phone_number': '1-123-12', 'dob': 'dob47', 'city': 'Kyoto', 'country': 'France', 'registration_date': 1731098276322}
[2025-08-05T20:37:56.323+0000] {account_kafka_operator.py:56} INFO - Sent transaction {'account_id': 'A00000048', 'first_name': 'FirstName48', 'last_name': 'LastName48', 'email': 'user48@example.com', 'phone_number': '1-123-1', 'dob': 'dob48', 'city': 'Osaka', 'country': 'Australia', 'registration_date': 1724013476323}
[2025-08-05T20:37:56.323+0000] {account_kafka_operator.py:56} INFO - Sent transaction {'account_id': 'A00000049', 'first_name': 'FirstName49', 'last_name': 'LastName49', 'email': 'user49@example.com', 'phone_number': '1-123-10', 'dob': 'dob49', 'city': 'Osaka', 'country': 'United States', 'registration_date': 1748810276323}
[2025-08-05T20:37:56.323+0000] {account_kafka_operator.py:56} INFO - Sent transaction {'account_id': 'A00000050', 'first_name': 'FirstName50', 'last_name': 'LastName50', 'email': 'user50@example.com', 'phone_number': '1-123-3', 'dob': 'dob50', 'city': 'Brasília', 'country': 'United States', 'registration_date': 1728160676323}
[2025-08-05T20:37:56.324+0000] {account_kafka_operator.py:59} INFO - 50 transactions sent has been sent to kafka account_data!
[2025-08-05T20:37:56.324+0000] {conn.py:945} INFO - <BrokerConnection client_id=kafka-python-producer-1, node_id=4 host=kafka-broker-1:19092 <connected> [IPv4 ('172.18.0.14', 19092)]>: Closing connection. 
[2025-08-05T20:37:56.328+0000] {taskinstance.py:341} INFO - ::group::Post task execution logs
[2025-08-05T20:37:56.328+0000] {taskinstance.py:353} INFO - Marking task as SUCCESS. dag_id=account_generator, task_id=generator_account_data, run_id=manual__2025-08-05T20:37:54.671497+00:00, execution_date=20250805T203754, start_date=20250805T203756, end_date=20250805T203756
[2025-08-05T20:37:56.376+0000] {local_task_job_runner.py:266} INFO - Task exited with return code 0
[2025-08-05T20:37:56.384+0000] {taskinstance.py:3901} INFO - 0 downstream tasks scheduled from follow-on schedule check
[2025-08-05T20:37:56.384+0000] {local_task_job_runner.py:245} INFO - ::endgroup::
