[2025-08-05T21:29:53.526+0000] {local_task_job_runner.py:123} INFO - ::group::Pre task execution logs
[2025-08-05T21:29:53.558+0000] {taskinstance.py:2614} INFO - Dependencies all met for dep_context=non-requeueable deps ti=<TaskInstance: stream_generator.generator_stream_data manual__2025-08-05T21:29:52.326448+00:00 [queued]>
[2025-08-05T21:29:53.574+0000] {taskinstance.py:2614} INFO - Dependencies all met for dep_context=requeueable deps ti=<TaskInstance: stream_generator.generator_stream_data manual__2025-08-05T21:29:52.326448+00:00 [queued]>
[2025-08-05T21:29:53.574+0000] {taskinstance.py:2867} INFO - Starting attempt 1 of 1
[2025-08-05T21:29:53.604+0000] {taskinstance.py:2890} INFO - Executing <Task(StreamProduceOperator): generator_stream_data> on 2025-08-05 21:29:52.326448+00:00
[2025-08-05T21:29:53.621+0000] {logging_mixin.py:190} WARNING - /home/***/.local/lib/python3.12/site-packages/***/task/task_runner/standard_task_runner.py:70 DeprecationWarning: This process (pid=524) is multi-threaded, use of fork() may lead to deadlocks in the child.
[2025-08-05T21:29:53.624+0000] {standard_task_runner.py:72} INFO - Started process 533 to run task
[2025-08-05T21:29:53.621+0000] {standard_task_runner.py:104} INFO - Running: ['***', 'tasks', 'run', 'stream_generator', 'generator_stream_data', 'manual__2025-08-05T21:29:52.326448+00:00', '--job-id', '717', '--raw', '--subdir', 'DAGS_FOLDER/streams_generator.py', '--cfg-path', '/tmp/tmp16gi9r8v']
[2025-08-05T21:29:53.626+0000] {standard_task_runner.py:105} INFO - Job 717: Subtask generator_stream_data
[2025-08-05T21:29:53.685+0000] {task_command.py:467} INFO - Running <TaskInstance: stream_generator.generator_stream_data manual__2025-08-05T21:29:52.326448+00:00 [running]> on host ef2c5d727bcb
[2025-08-05T21:29:53.771+0000] {taskinstance.py:3134} INFO - Exporting env vars: AIRFLOW_CTX_DAG_OWNER='GGCODE' AIRFLOW_CTX_DAG_ID='stream_generator' AIRFLOW_CTX_TASK_ID='generator_stream_data' AIRFLOW_CTX_EXECUTION_DATE='2025-08-05T21:29:52.326448+00:00' AIRFLOW_CTX_TRY_NUMBER='1' AIRFLOW_CTX_DAG_RUN_ID='manual__2025-08-05T21:29:52.326448+00:00'
[2025-08-05T21:29:53.774+0000] {taskinstance.py:732} INFO - ::endgroup::
[2025-08-05T21:29:53.806+0000] {conn.py:396} INFO - <BrokerConnection client_id=kafka-python-producer-1, node_id=bootstrap-0 host=kafka-broker-3:19092 <connecting> [IPv4 ('172.18.0.9', 19092)]>: connecting to kafka-broker-3:19092 [('172.18.0.9', 19092) IPv4]
[2025-08-05T21:29:53.815+0000] {conn.py:618} INFO - <BrokerConnection client_id=kafka-python-producer-1, node_id=bootstrap-0 host=kafka-broker-3:19092 <checking_api_versions_recv> [IPv4 ('172.18.0.9', 19092)]>: Broker version identified as 2.6
[2025-08-05T21:29:53.816+0000] {conn.py:457} INFO - <BrokerConnection client_id=kafka-python-producer-1, node_id=bootstrap-0 host=kafka-broker-3:19092 <connected> [IPv4 ('172.18.0.9', 19092)]>: Connection complete.
[2025-08-05T21:29:53.927+0000] {conn.py:396} INFO - <BrokerConnection client_id=kafka-python-producer-1, node_id=6 host=kafka-broker-3:19092 <connecting> [IPv4 ('172.18.0.9', 19092)]>: connecting to kafka-broker-3:19092 [('172.18.0.9', 19092) IPv4]
[2025-08-05T21:29:53.929+0000] {conn.py:457} INFO - <BrokerConnection client_id=kafka-python-producer-1, node_id=6 host=kafka-broker-3:19092 <connected> [IPv4 ('172.18.0.9', 19092)]>: Connection complete.
[2025-08-05T21:29:53.930+0000] {conn.py:945} INFO - <BrokerConnection client_id=kafka-python-producer-1, node_id=bootstrap-0 host=kafka-broker-3:19092 <connected> [IPv4 ('172.18.0.9', 19092)]>: Closing connection. 
[2025-08-05T21:29:53.937+0000] {cluster.py:316} ERROR - Topic stream_data not found in cluster metadata
[2025-08-05T21:29:54.041+0000] {cluster.py:316} ERROR - Topic stream_data not found in cluster metadata
[2025-08-05T21:29:54.149+0000] {cluster.py:316} ERROR - Topic stream_data not found in cluster metadata
[2025-08-05T21:29:54.255+0000] {cluster.py:316} ERROR - Topic stream_data not found in cluster metadata
[2025-08-05T21:29:54.364+0000] {streams_kafka_operator.py:54} INFO - Sent transaction {'listener': 'Jessica Griffin', 'song': 'Aurora?', 'album': 'Daybreak', 'genre': 'Pop', 'artist': 'David Gilbert', 'stream_date': '2012-11-07'}
[2025-08-05T21:29:54.366+0000] {streams_kafka_operator.py:54} INFO - Sent transaction {'listener': 'Ryan Lewis', 'song': 'Pulse!', 'album': 'Visions', 'genre': 'Metal', 'artist': 'Kelly Wilson', 'stream_date': '1983-12-23'}
[2025-08-05T21:29:54.365+0000] {conn.py:396} INFO - <BrokerConnection client_id=kafka-python-producer-1, node_id=4 host=kafka-broker-1:19092 <connecting> [IPv4 ('172.18.0.8', 19092)]>: connecting to kafka-broker-1:19092 [('172.18.0.8', 19092) IPv4]
[2025-08-05T21:29:54.369+0000] {conn.py:457} INFO - <BrokerConnection client_id=kafka-python-producer-1, node_id=4 host=kafka-broker-1:19092 <connected> [IPv4 ('172.18.0.8', 19092)]>: Connection complete.
[2025-08-05T21:29:54.368+0000] {streams_kafka_operator.py:54} INFO - Sent transaction {'listener': 'Gregory Powell', 'song': 'Aurora', 'album': 'Static', 'genre': 'Country', 'artist': 'Mikayla Tapia', 'stream_date': '2017-10-20'}
[2025-08-05T21:29:54.374+0000] {streams_kafka_operator.py:54} INFO - Sent transaction {'listener': 'Melissa Beck', 'song': 'Velocity', 'album': 'Elysium', 'genre': 'Reggae', 'artist': 'Daniel Stewart', 'stream_date': '1970-12-02'}
[2025-08-05T21:29:54.377+0000] {streams_kafka_operator.py:54} INFO - Sent transaction {'listener': 'Paul Lara', 'song': 'Mirage', 'album': 'Rebellion', 'genre': 'Classical', 'artist': 'Richard Baker', 'stream_date': '1975-11-06'}
[2025-08-05T21:29:54.378+0000] {streams_kafka_operator.py:54} INFO - Sent transaction {'listener': 'Jason Banks', 'song': 'Crescendo', 'album': 'Sanctuary', 'genre': 'Classical', 'artist': 'Austin Mitchell', 'stream_date': '1990-06-15'}
[2025-08-05T21:29:54.379+0000] {streams_kafka_operator.py:54} INFO - Sent transaction {'listener': 'Christine Wood', 'song': 'Fragment', 'album': 'Threshold', 'genre': 'R&B', 'artist': 'Robert Barajas', 'stream_date': '2019-09-15'}
[2025-08-05T21:29:54.380+0000] {streams_kafka_operator.py:54} INFO - Sent transaction {'listener': 'Martin Martinez', 'song': 'Silhouette', 'album': 'Visions', 'genre': 'Country', 'artist': 'Emily Kennedy', 'stream_date': '1990-08-15'}
[2025-08-05T21:29:54.381+0000] {streams_kafka_operator.py:54} INFO - Sent transaction {'listener': 'Jamie Hebert', 'song': 'Reverie', 'album': 'Utopia', 'genre': 'Country', 'artist': 'Taylor Snyder', 'stream_date': '1985-07-08'}
[2025-08-05T21:29:54.382+0000] {streams_kafka_operator.py:54} INFO - Sent transaction {'listener': 'Anthony Gutierrez', 'song': 'Spectrum?', 'album': 'Static', 'genre': 'Country', 'artist': 'Nancy Salazar', 'stream_date': '2005-01-11'}
[2025-08-05T21:29:54.385+0000] {streams_kafka_operator.py:54} INFO - Sent transaction {'listener': 'Theresa Cruz', 'song': 'Aurora?', 'album': 'Static', 'genre': 'Classical', 'artist': 'Richard Allen', 'stream_date': '2016-11-14'}
[2025-08-05T21:29:54.386+0000] {streams_kafka_operator.py:54} INFO - Sent transaction {'listener': 'Jennifer Buckley', 'song': 'Ember', 'album': 'Islands', 'genre': 'Classical', 'artist': 'Jesus Hawkins', 'stream_date': '1973-11-15'}
[2025-08-05T21:29:54.387+0000] {streams_kafka_operator.py:54} INFO - Sent transaction {'listener': 'Elizabeth Ellis', 'song': 'Serenity', 'album': 'Limelight', 'genre': 'Jazz', 'artist': 'Brandon Gutierrez', 'stream_date': '1971-03-15'}
[2025-08-05T21:29:54.388+0000] {streams_kafka_operator.py:54} INFO - Sent transaction {'listener': 'Mark Herrera', 'song': 'Horizon', 'album': 'Sanctuary', 'genre': 'Pop', 'artist': 'Blake Johnson', 'stream_date': '2010-04-24'}
[2025-08-05T21:29:54.389+0000] {streams_kafka_operator.py:54} INFO - Sent transaction {'listener': 'Mary Dixon', 'song': 'Ember!', 'album': 'Rebellion', 'genre': 'Jazz', 'artist': 'Crystal Collins', 'stream_date': '1995-07-19'}
[2025-08-05T21:29:54.391+0000] {streams_kafka_operator.py:54} INFO - Sent transaction {'listener': 'Ashley Shepherd', 'song': 'Mirage', 'album': 'Paragon', 'genre': 'Electronic', 'artist': 'Lisa Blankenship', 'stream_date': '1984-11-05'}
[2025-08-05T21:29:54.392+0000] {streams_kafka_operator.py:54} INFO - Sent transaction {'listener': 'William Wise', 'song': 'Velvet', 'album': 'Afterglow', 'genre': 'Jazz', 'artist': 'Donna Bolton', 'stream_date': '1978-02-07'}
[2025-08-05T21:29:54.394+0000] {streams_kafka_operator.py:54} INFO - Sent transaction {'listener': 'Jo Ponce', 'song': 'Silhouette', 'album': 'Nightfall', 'genre': 'Hip-Hop', 'artist': 'Shawn Frazier', 'stream_date': '1981-03-08'}
[2025-08-05T21:29:54.397+0000] {streams_kafka_operator.py:54} INFO - Sent transaction {'listener': 'Brittany Gonzales DVM', 'song': 'Paradox', 'album': 'Daybreak', 'genre': 'Electronic', 'artist': 'Cynthia Estrada', 'stream_date': '1988-12-17'}
[2025-08-05T21:29:54.398+0000] {streams_kafka_operator.py:54} INFO - Sent transaction {'listener': 'Emily Norman', 'song': 'Radiance', 'album': 'Afterglow', 'genre': 'Pop', 'artist': 'Jeffrey Conrad', 'stream_date': '1984-07-08'}
[2025-08-05T21:29:54.399+0000] {streams_kafka_operator.py:54} INFO - Sent transaction {'listener': 'David Hansen', 'song': 'Infinity', 'album': 'Elysium', 'genre': 'R&B', 'artist': 'Matthew Spencer', 'stream_date': '2010-12-22'}
[2025-08-05T21:29:54.400+0000] {streams_kafka_operator.py:54} INFO - Sent transaction {'listener': 'Ashley Villa', 'song': 'Infinity', 'album': 'Afterglow', 'genre': 'Classical', 'artist': 'Tina Meyer', 'stream_date': '1995-11-26'}
[2025-08-05T21:29:54.401+0000] {streams_kafka_operator.py:54} INFO - Sent transaction {'listener': 'Scott Ryan', 'song': 'Odyssey', 'album': 'Limelight', 'genre': 'Pop', 'artist': 'Douglas Perkins MD', 'stream_date': '1973-08-11'}
[2025-08-05T21:29:54.402+0000] {streams_kafka_operator.py:54} INFO - Sent transaction {'listener': 'Dillon Roberson', 'song': 'Echo?', 'album': 'Daybreak', 'genre': 'Rock', 'artist': 'Justin Escobar', 'stream_date': '1999-10-06'}
[2025-08-05T21:29:54.406+0000] {streams_kafka_operator.py:54} INFO - Sent transaction {'listener': 'Robert Douglas', 'song': 'Paradox', 'album': 'Exodus', 'genre': 'Pop', 'artist': 'Stacy Weber', 'stream_date': '1980-04-16'}
[2025-08-05T21:29:54.408+0000] {streams_kafka_operator.py:54} INFO - Sent transaction {'listener': 'Nicholas Wilkerson', 'song': 'Prism!', 'album': 'Static', 'genre': 'Rock', 'artist': 'Vicki Richardson', 'stream_date': '1998-10-10'}
[2025-08-05T21:29:54.411+0000] {streams_kafka_operator.py:54} INFO - Sent transaction {'listener': 'Jonathan Allen', 'song': 'Velvet', 'album': 'Paragon', 'genre': 'Hip-Hop', 'artist': 'Kimberly Martinez', 'stream_date': '2003-04-12'}
[2025-08-05T21:29:54.415+0000] {streams_kafka_operator.py:54} INFO - Sent transaction {'listener': 'Melanie Rose', 'song': 'Serenity', 'album': 'Rebellion', 'genre': 'Classical', 'artist': 'James Hamilton', 'stream_date': '1998-04-01'}
[2025-08-05T21:29:54.417+0000] {streams_kafka_operator.py:54} INFO - Sent transaction {'listener': 'David Eaton', 'song': 'Vortex', 'album': 'Paragon', 'genre': 'Pop', 'artist': 'Stephanie Smith', 'stream_date': '2019-04-17'}
[2025-08-05T21:29:54.419+0000] {streams_kafka_operator.py:54} INFO - Sent transaction {'listener': 'George Butler', 'song': 'Infinity', 'album': 'Islands', 'genre': 'Hip-Hop', 'artist': 'Sandra Porter', 'stream_date': '1992-05-20'}
[2025-08-05T21:29:54.425+0000] {streams_kafka_operator.py:54} INFO - Sent transaction {'listener': 'Charles Wagner', 'song': 'Solace', 'album': 'Afterglow', 'genre': 'Rock', 'artist': 'Michael Reid', 'stream_date': '1970-06-12'}
[2025-08-05T21:29:54.427+0000] {streams_kafka_operator.py:54} INFO - Sent transaction {'listener': 'Megan Fisher', 'song': 'Serenity', 'album': 'Elysium', 'genre': 'Hip-Hop', 'artist': 'Angelica Smith', 'stream_date': '1973-04-04'}
[2025-08-05T21:29:54.428+0000] {streams_kafka_operator.py:54} INFO - Sent transaction {'listener': 'Gabriela David', 'song': 'Spectrum', 'album': 'Sanctuary', 'genre': 'Rock', 'artist': 'Jesus Stephens', 'stream_date': '2022-08-19'}
[2025-08-05T21:29:54.430+0000] {streams_kafka_operator.py:54} INFO - Sent transaction {'listener': 'Robin Kennedy', 'song': 'Anthem', 'album': 'Elysium', 'genre': 'Rock', 'artist': 'Dr. Elizabeth Black', 'stream_date': '1996-08-24'}
[2025-08-05T21:29:54.432+0000] {streams_kafka_operator.py:54} INFO - Sent transaction {'listener': 'Jennifer Scott', 'song': 'Horizon', 'album': 'Limelight', 'genre': 'Country', 'artist': 'Erika Barrett', 'stream_date': '2017-11-10'}
[2025-08-05T21:29:54.436+0000] {streams_kafka_operator.py:54} INFO - Sent transaction {'listener': 'Michael Lindsey', 'song': 'Solace', 'album': 'Ascension', 'genre': 'Metal', 'artist': 'Kim Kelly', 'stream_date': '1982-03-04'}
[2025-08-05T21:29:54.438+0000] {streams_kafka_operator.py:54} INFO - Sent transaction {'listener': 'Amanda Hudson', 'song': 'Horizon', 'album': 'Exodus', 'genre': 'Country', 'artist': 'Katelyn Parker', 'stream_date': '2011-07-17'}
[2025-08-05T21:29:54.440+0000] {streams_kafka_operator.py:54} INFO - Sent transaction {'listener': 'Christopher Livingston', 'song': 'Aurora', 'album': 'Sanctuary', 'genre': 'Pop', 'artist': 'Eugene Calderon', 'stream_date': '2013-04-19'}
[2025-08-05T21:29:54.443+0000] {streams_kafka_operator.py:54} INFO - Sent transaction {'listener': 'James Peterson', 'song': 'Radiant', 'album': 'Static', 'genre': 'Reggae', 'artist': 'Connie Gordon', 'stream_date': '2016-03-13'}
[2025-08-05T21:29:54.445+0000] {streams_kafka_operator.py:54} INFO - Sent transaction {'listener': 'Frank Rush', 'song': 'Mosaic', 'album': 'Nightfall', 'genre': 'Metal', 'artist': 'Nicole Smith', 'stream_date': '1978-04-30'}
[2025-08-05T21:29:54.460+0000] {streams_kafka_operator.py:54} INFO - Sent transaction {'listener': 'Brandon Flores', 'song': 'Radiance', 'album': 'Paragon', 'genre': 'Electronic', 'artist': 'Denise Gill', 'stream_date': '1993-06-12'}
[2025-08-05T21:29:54.463+0000] {streams_kafka_operator.py:54} INFO - Sent transaction {'listener': 'Stacy Sutton', 'song': 'Crescendo', 'album': 'Afterglow', 'genre': 'Reggae', 'artist': 'Lindsay Caldwell', 'stream_date': '2022-10-02'}
[2025-08-05T21:29:54.466+0000] {streams_kafka_operator.py:54} INFO - Sent transaction {'listener': 'Joshua Moore', 'song': 'Velocity', 'album': 'Paragon', 'genre': 'Hip-Hop', 'artist': 'David Reid', 'stream_date': '2002-01-10'}
[2025-08-05T21:29:54.468+0000] {streams_kafka_operator.py:54} INFO - Sent transaction {'listener': 'Brenda Owens', 'song': 'Tempest', 'album': 'Daybreak', 'genre': 'Rock', 'artist': 'Courtney Brown', 'stream_date': '2006-08-15'}
[2025-08-05T21:29:54.469+0000] {streams_kafka_operator.py:54} INFO - Sent transaction {'listener': 'April Meza', 'song': 'Radiant', 'album': 'Limelight', 'genre': 'Rock', 'artist': 'Stephanie Wilson', 'stream_date': '2018-01-27'}
[2025-08-05T21:29:54.470+0000] {streams_kafka_operator.py:54} INFO - Sent transaction {'listener': 'Vanessa Gaines', 'song': 'Labyrinth', 'album': 'Daybreak', 'genre': 'Hip-Hop', 'artist': 'Mark Boyd', 'stream_date': '1981-04-11'}
[2025-08-05T21:29:54.471+0000] {streams_kafka_operator.py:54} INFO - Sent transaction {'listener': 'Betty Reid', 'song': 'Cascade', 'album': 'Nightfall', 'genre': 'Jazz', 'artist': 'Amber Fuller', 'stream_date': '2003-05-24'}
[2025-08-05T21:29:54.475+0000] {streams_kafka_operator.py:54} INFO - Sent transaction {'listener': 'Tracy Salas', 'song': 'Vortex', 'album': 'Paragon', 'genre': 'Rock', 'artist': 'Mitchell Cook', 'stream_date': '1989-10-19'}
[2025-08-05T21:29:54.478+0000] {streams_kafka_operator.py:54} INFO - Sent transaction {'listener': 'Colleen Moore', 'song': 'Horizon!', 'album': 'Limelight', 'genre': 'Rock', 'artist': 'Robert Jones', 'stream_date': '2010-11-17'}
[2025-08-05T21:29:54.484+0000] {streams_kafka_operator.py:54} INFO - Sent transaction {'listener': 'Joshua Gomez', 'song': 'Aurora?', 'album': 'Exodus', 'genre': 'Hip-Hop', 'artist': 'Angela Soto', 'stream_date': '2021-07-30'}
[2025-08-05T21:29:54.484+0000] {streams_kafka_operator.py:54} INFO - Sent transaction {'listener': 'Diane Garcia', 'song': 'Luminous', 'album': 'Ascension', 'genre': 'Rock', 'artist': 'Teresa Weaver', 'stream_date': '2000-09-11'}
[2025-08-05T21:29:54.498+0000] {streams_kafka_operator.py:54} INFO - Sent transaction {'listener': 'Ashley Solis', 'song': 'Aurora', 'album': 'Threshold', 'genre': 'Country', 'artist': 'Spencer Vang', 'stream_date': '1973-09-08'}
[2025-08-05T21:29:54.500+0000] {streams_kafka_operator.py:54} INFO - Sent transaction {'listener': 'Christina Williams', 'song': 'Velvet', 'album': 'Islands', 'genre': 'Classical', 'artist': 'Zachary Manning', 'stream_date': '1992-11-05'}
[2025-08-05T21:29:54.501+0000] {streams_kafka_operator.py:54} INFO - Sent transaction {'listener': 'Kimberly Harrington', 'song': 'Constellation', 'album': 'Paragon', 'genre': 'Rock', 'artist': 'Deborah Curtis', 'stream_date': '2001-11-22'}
[2025-08-05T21:29:54.502+0000] {streams_kafka_operator.py:54} INFO - Sent transaction {'listener': 'John Tucker', 'song': 'Fragment', 'album': 'Islands', 'genre': 'Jazz', 'artist': 'Meagan Hernandez', 'stream_date': '2022-03-11'}
[2025-08-05T21:29:54.508+0000] {streams_kafka_operator.py:54} INFO - Sent transaction {'listener': 'Michael Garcia', 'song': 'Fragment', 'album': 'Static', 'genre': 'Classical', 'artist': 'John Gray', 'stream_date': '1992-08-08'}
[2025-08-05T21:29:54.512+0000] {streams_kafka_operator.py:54} INFO - Sent transaction {'listener': 'Micheal Good', 'song': 'Gravity', 'album': 'Static', 'genre': 'Reggae', 'artist': 'Robert Stevens', 'stream_date': '2012-07-30'}
[2025-08-05T21:29:54.515+0000] {streams_kafka_operator.py:54} INFO - Sent transaction {'listener': 'Stephanie Phillips', 'song': 'Vapor', 'album': 'Utopia', 'genre': 'Metal', 'artist': 'Robert Hester', 'stream_date': '1988-01-24'}
[2025-08-05T21:29:54.518+0000] {streams_kafka_operator.py:54} INFO - Sent transaction {'listener': 'Miss Michelle Yang', 'song': 'Phoenix', 'album': 'Rebellion', 'genre': 'R&B', 'artist': 'Ashley Ellis', 'stream_date': '2006-12-11'}
[2025-08-05T21:29:54.521+0000] {streams_kafka_operator.py:54} INFO - Sent transaction {'listener': 'Scott Turner', 'song': 'Infinity', 'album': 'Paragon', 'genre': 'Reggae', 'artist': 'Kayla Andrews', 'stream_date': '1985-01-05'}
[2025-08-05T21:29:54.529+0000] {streams_kafka_operator.py:54} INFO - Sent transaction {'listener': 'Matthew Barber', 'song': 'Quantum', 'album': 'Nightfall', 'genre': 'Hip-Hop', 'artist': 'Jillian Martinez', 'stream_date': '2000-10-13'}
[2025-08-05T21:29:54.531+0000] {streams_kafka_operator.py:54} INFO - Sent transaction {'listener': 'Tracy Velasquez', 'song': 'Celestial', 'album': 'Elysium', 'genre': 'Hip-Hop', 'artist': 'Jennifer Wade', 'stream_date': '1988-06-27'}
[2025-08-05T21:29:54.538+0000] {streams_kafka_operator.py:54} INFO - Sent transaction {'listener': 'Larry Cooper', 'song': 'Equinox', 'album': 'Afterglow', 'genre': 'Electronic', 'artist': 'Chad Kelley', 'stream_date': '2019-10-13'}
[2025-08-05T21:29:54.540+0000] {streams_kafka_operator.py:54} INFO - Sent transaction {'listener': 'Pamela Haynes', 'song': 'Radiance', 'album': 'Daybreak', 'genre': 'Jazz', 'artist': 'Angela Sharp PhD', 'stream_date': '1989-06-27'}
[2025-08-05T21:29:54.548+0000] {streams_kafka_operator.py:54} INFO - Sent transaction {'listener': 'Kayla Richardson', 'song': 'Ember', 'album': 'Nightfall', 'genre': 'R&B', 'artist': 'Michael Watson', 'stream_date': '1972-09-03'}
[2025-08-05T21:29:54.554+0000] {streams_kafka_operator.py:54} INFO - Sent transaction {'listener': 'Wesley Hubbard', 'song': 'Paradox', 'album': 'Afterglow', 'genre': 'Metal', 'artist': 'Brandon Garza', 'stream_date': '1978-08-25'}
[2025-08-05T21:29:54.566+0000] {streams_kafka_operator.py:54} INFO - Sent transaction {'listener': 'Nathan Johnson', 'song': 'Odyssey', 'album': 'Rebellion', 'genre': 'Reggae', 'artist': 'Stephen Smith', 'stream_date': '2013-04-13'}
[2025-08-05T21:29:54.570+0000] {streams_kafka_operator.py:54} INFO - Sent transaction {'listener': 'Shawn Thompson', 'song': 'Echo?', 'album': 'Daybreak', 'genre': 'Classical', 'artist': 'Christine Woodward', 'stream_date': '1973-07-20'}
[2025-08-05T21:29:54.572+0000] {streams_kafka_operator.py:54} INFO - Sent transaction {'listener': 'Janet Fuentes', 'song': 'Aurora?', 'album': 'Afterglow', 'genre': 'Country', 'artist': 'Lisa Velazquez', 'stream_date': '2022-08-08'}
[2025-08-05T21:29:54.574+0000] {streams_kafka_operator.py:54} INFO - Sent transaction {'listener': 'Dana Gibson', 'song': 'Zenith', 'album': 'Paragon', 'genre': 'Reggae', 'artist': 'Patricia Estrada', 'stream_date': '2020-11-10'}
[2025-08-05T21:29:54.583+0000] {streams_kafka_operator.py:54} INFO - Sent transaction {'listener': 'Larry Richardson', 'song': 'Momentum', 'album': 'Nightfall', 'genre': 'Pop', 'artist': 'Seth Martin', 'stream_date': '2019-06-27'}
[2025-08-05T21:29:54.587+0000] {streams_kafka_operator.py:54} INFO - Sent transaction {'listener': 'Ashley Johns', 'song': 'Echo?', 'album': 'Daybreak', 'genre': 'Country', 'artist': 'Madison Fitzpatrick', 'stream_date': '1993-03-18'}
[2025-08-05T21:29:54.589+0000] {streams_kafka_operator.py:54} INFO - Sent transaction {'listener': 'Samuel Trujillo', 'song': 'Odyssey', 'album': 'Exodus', 'genre': 'Country', 'artist': 'Jeremy Cook', 'stream_date': '1977-04-10'}
[2025-08-05T21:29:54.594+0000] {streams_kafka_operator.py:54} INFO - Sent transaction {'listener': 'Philip Ballard', 'song': 'Euphoria', 'album': 'Rebellion', 'genre': 'Reggae', 'artist': 'Omar Bailey', 'stream_date': '1988-12-23'}
[2025-08-05T21:29:54.596+0000] {streams_kafka_operator.py:54} INFO - Sent transaction {'listener': 'Crystal Williams', 'song': 'Luminous', 'album': 'Sanctuary', 'genre': 'Jazz', 'artist': 'Mrs. Amy Moore', 'stream_date': '1993-04-27'}
[2025-08-05T21:29:54.606+0000] {streams_kafka_operator.py:54} INFO - Sent transaction {'listener': 'Rachel Harper', 'song': 'Solstice', 'album': 'Exodus', 'genre': 'Country', 'artist': 'Gabriel Carney', 'stream_date': '2019-10-12'}
[2025-08-05T21:29:54.608+0000] {streams_kafka_operator.py:54} INFO - Sent transaction {'listener': 'Allison Harrell', 'song': 'Nocturne', 'album': 'Sanctuary', 'genre': 'Reggae', 'artist': 'Gregory Phillips', 'stream_date': '2015-12-13'}
[2025-08-05T21:29:54.609+0000] {streams_kafka_operator.py:54} INFO - Sent transaction {'listener': 'Andrew Wilson', 'song': 'Drift', 'album': 'Exodus', 'genre': 'Classical', 'artist': 'Andrew Rose', 'stream_date': '2013-02-03'}
[2025-08-05T21:29:54.612+0000] {streams_kafka_operator.py:54} INFO - Sent transaction {'listener': 'David Nguyen', 'song': 'Quantum', 'album': 'Rebellion', 'genre': 'Jazz', 'artist': 'Catherine Robinson', 'stream_date': '1973-08-27'}
[2025-08-05T21:29:54.614+0000] {streams_kafka_operator.py:54} INFO - Sent transaction {'listener': 'Natasha Cunningham', 'song': 'Velocity', 'album': 'Paragon', 'genre': 'Metal', 'artist': 'Erin Mitchell', 'stream_date': '1973-02-02'}
[2025-08-05T21:29:54.615+0000] {streams_kafka_operator.py:54} INFO - Sent transaction {'listener': 'Jessica Smith', 'song': 'Quantum', 'album': 'Rebellion', 'genre': 'Classical', 'artist': 'Brenda Wright', 'stream_date': '1989-01-01'}
[2025-08-05T21:29:54.617+0000] {streams_kafka_operator.py:54} INFO - Sent transaction {'listener': 'Dustin Shields', 'song': 'Aurora', 'album': 'Afterglow', 'genre': 'R&B', 'artist': 'Jason Lang', 'stream_date': '1985-02-07'}
[2025-08-05T21:29:54.618+0000] {streams_kafka_operator.py:54} INFO - Sent transaction {'listener': 'Mark Williams', 'song': 'Nomad', 'album': 'Islands', 'genre': 'Reggae', 'artist': 'Ian Burns', 'stream_date': '1981-12-29'}
[2025-08-05T21:29:54.621+0000] {streams_kafka_operator.py:54} INFO - Sent transaction {'listener': 'Robert Rodriguez', 'song': 'Paradox', 'album': 'Sanctuary', 'genre': 'Pop', 'artist': 'Richard Banks', 'stream_date': '1998-07-08'}
[2025-08-05T21:29:54.623+0000] {streams_kafka_operator.py:54} INFO - Sent transaction {'listener': 'Justin Johnson', 'song': 'Odyssey', 'album': 'Daybreak', 'genre': 'R&B', 'artist': 'Rachel Zavala', 'stream_date': '1990-05-07'}
[2025-08-05T21:29:54.624+0000] {streams_kafka_operator.py:54} INFO - Sent transaction {'listener': 'Angelica West', 'song': 'Prism!', 'album': 'Islands', 'genre': 'R&B', 'artist': 'Melissa Moss', 'stream_date': '2019-09-21'}
[2025-08-05T21:29:54.624+0000] {streams_kafka_operator.py:54} INFO - Sent transaction {'listener': 'Blake Stuart', 'song': 'Phoenix', 'album': 'Paragon', 'genre': 'Classical', 'artist': 'Cheryl Guerrero', 'stream_date': '2009-04-02'}
[2025-08-05T21:29:54.626+0000] {streams_kafka_operator.py:54} INFO - Sent transaction {'listener': 'Christopher Johnson', 'song': 'Aurora?', 'album': 'Paragon', 'genre': 'Pop', 'artist': 'Dr. Christopher Mcdaniel', 'stream_date': '1991-11-26'}
[2025-08-05T21:29:54.630+0000] {streams_kafka_operator.py:54} INFO - Sent transaction {'listener': 'Ann Fleming', 'song': 'Horizon', 'album': 'Static', 'genre': 'Metal', 'artist': 'Dean Cortez', 'stream_date': '2008-06-07'}
[2025-08-05T21:29:54.633+0000] {streams_kafka_operator.py:54} INFO - Sent transaction {'listener': 'Bailey Cox', 'song': 'Gravity', 'album': 'Exodus', 'genre': 'Jazz', 'artist': 'Timothy Cunningham', 'stream_date': '2007-09-17'}
[2025-08-05T21:29:54.636+0000] {streams_kafka_operator.py:54} INFO - Sent transaction {'listener': 'John Cooper', 'song': 'Pulse!', 'album': 'Threshold', 'genre': 'Classical', 'artist': 'Amanda Andrews', 'stream_date': '1986-01-20'}
[2025-08-05T21:29:54.643+0000] {streams_kafka_operator.py:54} INFO - Sent transaction {'listener': 'John Owens', 'song': 'Quantum', 'album': 'Static', 'genre': 'Pop', 'artist': 'Patricia Rodriguez', 'stream_date': '1981-06-16'}
[2025-08-05T21:29:54.652+0000] {streams_kafka_operator.py:54} INFO - Sent transaction {'listener': 'Jorge Olsen', 'song': 'Velvet', 'album': 'Threshold', 'genre': 'Metal', 'artist': 'Patrick Evans', 'stream_date': '2024-01-24'}
[2025-08-05T21:29:54.654+0000] {streams_kafka_operator.py:54} INFO - Sent transaction {'listener': 'Nicole Barber', 'song': 'Solace', 'album': 'Limelight', 'genre': 'Metal', 'artist': 'Jose Davis', 'stream_date': '2004-04-15'}
[2025-08-05T21:29:54.659+0000] {streams_kafka_operator.py:54} INFO - Sent transaction {'listener': 'Elizabeth Bailey', 'song': 'Momentum', 'album': 'Paragon', 'genre': 'Pop', 'artist': 'Tina Gonzales', 'stream_date': '1993-10-28'}
[2025-08-05T21:29:54.661+0000] {streams_kafka_operator.py:54} INFO - Sent transaction {'listener': 'Jennifer Anderson', 'song': 'Mirage?', 'album': 'Sanctuary', 'genre': 'Rock', 'artist': 'Brittany West', 'stream_date': '2022-01-09'}
[2025-08-05T21:29:54.667+0000] {streams_kafka_operator.py:54} INFO - Sent transaction {'listener': 'Jessica Greene', 'song': 'Aurora?', 'album': 'Sanctuary', 'genre': 'Pop', 'artist': 'Jennifer Johnson', 'stream_date': '1984-12-03'}
[2025-08-05T21:29:54.669+0000] {streams_kafka_operator.py:54} INFO - Sent transaction {'listener': 'Devin Williamson', 'song': 'Nomad', 'album': 'Limelight', 'genre': 'Electronic', 'artist': 'Tara Foley', 'stream_date': '1978-11-02'}
[2025-08-05T21:29:54.672+0000] {streams_kafka_operator.py:54} INFO - Sent transaction {'listener': 'Tiffany Schmidt', 'song': 'Fragment', 'album': 'Daybreak', 'genre': 'Electronic', 'artist': 'Katherine Contreras', 'stream_date': '2011-09-20'}
[2025-08-05T21:29:54.676+0000] {streams_kafka_operator.py:54} INFO - Sent transaction {'listener': 'Christopher Gonzalez', 'song': 'Luminous', 'album': 'Utopia', 'genre': 'Reggae', 'artist': 'Ronald Henderson', 'stream_date': '1972-10-20'}
[2025-08-05T21:29:54.677+0000] {streams_kafka_operator.py:57} INFO - 100 transactions sent has been sent to kafka stream_data!
[2025-08-05T21:29:54.680+0000] {conn.py:945} INFO - <BrokerConnection client_id=kafka-python-producer-1, node_id=6 host=kafka-broker-3:19092 <connected> [IPv4 ('172.18.0.9', 19092)]>: Closing connection. 
[2025-08-05T21:29:54.683+0000] {conn.py:945} INFO - <BrokerConnection client_id=kafka-python-producer-1, node_id=4 host=kafka-broker-1:19092 <connected> [IPv4 ('172.18.0.8', 19092)]>: Closing connection. 
[2025-08-05T21:29:54.705+0000] {taskinstance.py:341} INFO - ::group::Post task execution logs
[2025-08-05T21:29:54.706+0000] {taskinstance.py:353} INFO - Marking task as SUCCESS. dag_id=stream_generator, task_id=generator_stream_data, run_id=manual__2025-08-05T21:29:52.326448+00:00, execution_date=20250805T212952, start_date=20250805T212953, end_date=20250805T212954
[2025-08-05T21:29:54.800+0000] {local_task_job_runner.py:266} INFO - Task exited with return code 0
[2025-08-05T21:29:54.833+0000] {taskinstance.py:3901} INFO - 0 downstream tasks scheduled from follow-on schedule check
[2025-08-05T21:29:54.834+0000] {local_task_job_runner.py:245} INFO - ::endgroup::
