[2025-08-07T22:44:52.670+0000] {local_task_job_runner.py:123} INFO - ::group::Pre task execution logs
[2025-08-07T22:44:52.700+0000] {taskinstance.py:2614} INFO - Dependencies all met for dep_context=non-requeueable deps ti=<TaskInstance: stream_generator.generator_stream_data manual__2025-08-07T22:44:51.340797+00:00 [queued]>
[2025-08-07T22:44:52.716+0000] {taskinstance.py:2614} INFO - Dependencies all met for dep_context=requeueable deps ti=<TaskInstance: stream_generator.generator_stream_data manual__2025-08-07T22:44:51.340797+00:00 [queued]>
[2025-08-07T22:44:52.717+0000] {taskinstance.py:2867} INFO - Starting attempt 1 of 1
[2025-08-07T22:44:52.728+0000] {taskinstance.py:2890} INFO - Executing <Task(StreamProduceOperator): generator_stream_data> on 2025-08-07 22:44:51.340797+00:00
[2025-08-07T22:44:52.735+0000] {logging_mixin.py:190} WARNING - /home/***/.local/lib/python3.12/site-packages/***/task/task_runner/standard_task_runner.py:70 DeprecationWarning: This process (pid=8972) is multi-threaded, use of fork() may lead to deadlocks in the child.
[2025-08-07T22:44:52.737+0000] {standard_task_runner.py:72} INFO - Started process 8979 to run task
[2025-08-07T22:44:52.736+0000] {standard_task_runner.py:104} INFO - Running: ['***', 'tasks', 'run', 'stream_generator', 'generator_stream_data', 'manual__2025-08-07T22:44:51.340797+00:00', '--job-id', '843', '--raw', '--subdir', 'DAGS_FOLDER/streams_generator.py', '--cfg-path', '/tmp/tmpzwtic650']
[2025-08-07T22:44:52.738+0000] {standard_task_runner.py:105} INFO - Job 843: Subtask generator_stream_data
[2025-08-07T22:44:52.788+0000] {task_command.py:467} INFO - Running <TaskInstance: stream_generator.generator_stream_data manual__2025-08-07T22:44:51.340797+00:00 [running]> on host e139a9424c76
[2025-08-07T22:44:52.914+0000] {taskinstance.py:3134} INFO - Exporting env vars: AIRFLOW_CTX_DAG_OWNER='GGCODE' AIRFLOW_CTX_DAG_ID='stream_generator' AIRFLOW_CTX_TASK_ID='generator_stream_data' AIRFLOW_CTX_EXECUTION_DATE='2025-08-07T22:44:51.340797+00:00' AIRFLOW_CTX_TRY_NUMBER='1' AIRFLOW_CTX_DAG_RUN_ID='manual__2025-08-07T22:44:51.340797+00:00'
[2025-08-07T22:44:52.916+0000] {taskinstance.py:732} INFO - ::endgroup::
[2025-08-07T22:44:53.180+0000] {conn.py:396} INFO - <BrokerConnection client_id=kafka-python-producer-1, node_id=bootstrap-0 host=kafka-broker-2:19092 <connecting> [IPv4 ('172.18.0.7', 19092)]>: connecting to kafka-broker-2:19092 [('172.18.0.7', 19092) IPv4]
[2025-08-07T22:44:53.189+0000] {conn.py:618} INFO - <BrokerConnection client_id=kafka-python-producer-1, node_id=bootstrap-0 host=kafka-broker-2:19092 <checking_api_versions_recv> [IPv4 ('172.18.0.7', 19092)]>: Broker version identified as 2.6
[2025-08-07T22:44:53.191+0000] {conn.py:457} INFO - <BrokerConnection client_id=kafka-python-producer-1, node_id=bootstrap-0 host=kafka-broker-2:19092 <connected> [IPv4 ('172.18.0.7', 19092)]>: Connection complete.
[2025-08-07T22:44:53.300+0000] {conn.py:396} INFO - <BrokerConnection client_id=kafka-python-producer-1, node_id=4 host=kafka-broker-1:19092 <connecting> [IPv4 ('172.18.0.8', 19092)]>: connecting to kafka-broker-1:19092 [('172.18.0.8', 19092) IPv4]
[2025-08-07T22:44:53.300+0000] {conn.py:457} INFO - <BrokerConnection client_id=kafka-python-producer-1, node_id=4 host=kafka-broker-1:19092 <connected> [IPv4 ('172.18.0.8', 19092)]>: Connection complete.
[2025-08-07T22:44:53.301+0000] {conn.py:945} INFO - <BrokerConnection client_id=kafka-python-producer-1, node_id=bootstrap-0 host=kafka-broker-2:19092 <connected> [IPv4 ('172.18.0.7', 19092)]>: Closing connection. 
[2025-08-07T22:44:53.306+0000] {streams_kafka_operator.py:54} INFO - Sent transaction {'listener': 'Elizabeth Hughes', 'song': 'Anthem', 'album': 'Limelight', 'genre': 'Jazz', 'artist': 'Jonathan Jones', 'stream_date': '2025-04-02'}
[2025-08-07T22:44:53.307+0000] {streams_kafka_operator.py:54} INFO - Sent transaction {'listener': 'Tracy Carlson', 'song': 'Reverie', 'album': 'Paragon', 'genre': 'Jazz', 'artist': 'Joshua Blackwell', 'stream_date': '2025-03-12'}
[2025-08-07T22:44:53.313+0000] {streams_kafka_operator.py:54} INFO - Sent transaction {'listener': 'Donna Williams', 'song': 'Gravity', 'album': 'Rebellion', 'genre': 'Classical', 'artist': 'Savannah Orr', 'stream_date': '2025-04-19'}
[2025-08-07T22:44:53.312+0000] {conn.py:396} INFO - <BrokerConnection client_id=kafka-python-producer-1, node_id=5 host=kafka-broker-2:19092 <connecting> [IPv4 ('172.18.0.7', 19092)]>: connecting to kafka-broker-2:19092 [('172.18.0.7', 19092) IPv4]
[2025-08-07T22:44:53.314+0000] {streams_kafka_operator.py:54} INFO - Sent transaction {'listener': 'Isaac Mccall', 'song': 'Pulse', 'album': 'Limelight', 'genre': 'R&B', 'artist': 'Harold Kirk', 'stream_date': '2025-08-21'}
[2025-08-07T22:44:53.315+0000] {conn.py:457} INFO - <BrokerConnection client_id=kafka-python-producer-1, node_id=5 host=kafka-broker-2:19092 <connected> [IPv4 ('172.18.0.7', 19092)]>: Connection complete.
[2025-08-07T22:44:53.316+0000] {streams_kafka_operator.py:54} INFO - Sent transaction {'listener': 'Allison Baxter', 'song': 'Radiance', 'album': 'Rebellion', 'genre': 'Reggae', 'artist': 'Jordan Holmes', 'stream_date': '2024-11-23'}
[2025-08-07T22:44:53.321+0000] {streams_kafka_operator.py:54} INFO - Sent transaction {'listener': 'Allison Small', 'song': 'Pulse!', 'album': 'Rebellion', 'genre': 'Classical', 'artist': 'Dillon Brown', 'stream_date': '2025-07-01'}
[2025-08-07T22:44:53.323+0000] {streams_kafka_operator.py:54} INFO - Sent transaction {'listener': 'Jamie Perry', 'song': 'Nomad', 'album': 'Limelight', 'genre': 'Electronic', 'artist': 'James Elliott', 'stream_date': '2024-12-16'}
[2025-08-07T22:44:53.324+0000] {streams_kafka_operator.py:54} INFO - Sent transaction {'listener': 'Sandra Anderson', 'song': 'Velocity', 'album': 'Exodus', 'genre': 'R&B', 'artist': 'Jennifer Thomas', 'stream_date': '2025-02-09'}
[2025-08-07T22:44:53.325+0000] {streams_kafka_operator.py:54} INFO - Sent transaction {'listener': 'David Armstrong', 'song': 'Anthem', 'album': 'Nightfall', 'genre': 'Metal', 'artist': 'Mary Baker', 'stream_date': '2025-02-16'}
[2025-08-07T22:44:53.326+0000] {streams_kafka_operator.py:54} INFO - Sent transaction {'listener': 'Jason Richard', 'song': 'Horizon!', 'album': 'Islands', 'genre': 'Electronic', 'artist': 'Amanda Castro', 'stream_date': '2025-03-23'}
[2025-08-07T22:44:53.328+0000] {streams_kafka_operator.py:54} INFO - Sent transaction {'listener': 'Kerri Morrow', 'song': 'Nomad', 'album': 'Elysium', 'genre': 'Hip-Hop', 'artist': 'Morgan Scott', 'stream_date': '2024-10-02'}
[2025-08-07T22:44:53.330+0000] {streams_kafka_operator.py:54} INFO - Sent transaction {'listener': 'Joan Freeman', 'song': 'Vortex', 'album': 'Exodus', 'genre': 'Classical', 'artist': 'Lori Hughes', 'stream_date': '2025-04-14'}
[2025-08-07T22:44:53.331+0000] {streams_kafka_operator.py:54} INFO - Sent transaction {'listener': 'David Caldwell', 'song': 'Aurora?', 'album': 'Sanctuary', 'genre': 'Hip-Hop', 'artist': 'James Griffith', 'stream_date': '2025-03-27'}
[2025-08-07T22:44:53.332+0000] {streams_kafka_operator.py:54} INFO - Sent transaction {'listener': 'Austin Atkinson', 'song': 'Cascade', 'album': 'Static', 'genre': 'Electronic', 'artist': 'Megan Reed', 'stream_date': '2024-10-01'}
[2025-08-07T22:44:53.333+0000] {streams_kafka_operator.py:54} INFO - Sent transaction {'listener': 'Sean Morgan', 'song': 'Mirage?', 'album': 'Nightfall', 'genre': 'Country', 'artist': 'Kelli Black', 'stream_date': '2025-06-29'}
[2025-08-07T22:44:53.334+0000] {streams_kafka_operator.py:54} INFO - Sent transaction {'listener': 'Shannon Thomas', 'song': 'Horizon', 'album': 'Limelight', 'genre': 'Jazz', 'artist': 'Suzanne Munoz', 'stream_date': '2024-08-21'}
[2025-08-07T22:44:53.336+0000] {streams_kafka_operator.py:54} INFO - Sent transaction {'listener': 'Vanessa Stone', 'song': 'Cascade', 'album': 'Static', 'genre': 'Classical', 'artist': 'Michael Sanchez', 'stream_date': '2024-11-15'}
[2025-08-07T22:44:53.337+0000] {streams_kafka_operator.py:54} INFO - Sent transaction {'listener': 'Jennifer Chandler', 'song': 'Spectrum?', 'album': 'Visions', 'genre': 'Jazz', 'artist': 'Justin Anderson', 'stream_date': '2025-02-28'}
[2025-08-07T22:44:53.339+0000] {streams_kafka_operator.py:54} INFO - Sent transaction {'listener': 'Betty Jones', 'song': 'Equinox', 'album': 'Elysium', 'genre': 'Pop', 'artist': 'Michael Wilson', 'stream_date': '2024-09-30'}
[2025-08-07T22:44:53.340+0000] {streams_kafka_operator.py:54} INFO - Sent transaction {'listener': 'Kelly Greene', 'song': 'Eclipse', 'album': 'Utopia', 'genre': 'Electronic', 'artist': 'Teresa Francis', 'stream_date': '2024-09-18'}
[2025-08-07T22:44:53.343+0000] {streams_kafka_operator.py:54} INFO - Sent transaction {'listener': 'Zachary Baker', 'song': 'Radiance', 'album': 'Threshold', 'genre': 'Classical', 'artist': 'Ryan Olsen', 'stream_date': '2024-08-24'}
[2025-08-07T22:44:53.347+0000] {streams_kafka_operator.py:54} INFO - Sent transaction {'listener': 'Ashley Joseph', 'song': 'Solstice', 'album': 'Afterglow', 'genre': 'Classical', 'artist': 'Ashley Salas', 'stream_date': '2024-12-05'}
[2025-08-07T22:44:53.348+0000] {streams_kafka_operator.py:54} INFO - Sent transaction {'listener': 'Sara Thompson', 'song': 'Tempest', 'album': 'Visions', 'genre': 'R&B', 'artist': 'Victoria Wise', 'stream_date': '2025-05-13'}
[2025-08-07T22:44:53.350+0000] {streams_kafka_operator.py:54} INFO - Sent transaction {'listener': 'Douglas Willis', 'song': 'Drift', 'album': 'Rebellion', 'genre': 'Jazz', 'artist': 'Gregory Arroyo', 'stream_date': '2024-10-06'}
[2025-08-07T22:44:53.356+0000] {streams_kafka_operator.py:54} INFO - Sent transaction {'listener': 'Gabriel Andrade', 'song': 'Fragment', 'album': 'Afterglow', 'genre': 'Electronic', 'artist': 'Jennifer Hart', 'stream_date': '2025-05-07'}
[2025-08-07T22:44:53.358+0000] {streams_kafka_operator.py:54} INFO - Sent transaction {'listener': 'Tyler Martin', 'song': 'Equinox', 'album': 'Static', 'genre': 'Metal', 'artist': 'Ethan Hogan', 'stream_date': '2025-05-17'}
[2025-08-07T22:44:53.359+0000] {streams_kafka_operator.py:54} INFO - Sent transaction {'listener': 'Christine Jackson', 'song': 'Pulse!', 'album': 'Threshold', 'genre': 'Rock', 'artist': 'Nichole Burke', 'stream_date': '2025-02-14'}
[2025-08-07T22:44:53.362+0000] {streams_kafka_operator.py:54} INFO - Sent transaction {'listener': 'Mr. Cameron Byrd', 'song': 'Ember', 'album': 'Rebellion', 'genre': 'R&B', 'artist': 'Angela Ward', 'stream_date': '2025-07-14'}
[2025-08-07T22:44:53.364+0000] {streams_kafka_operator.py:54} INFO - Sent transaction {'listener': 'Jennifer Landry', 'song': 'Ember', 'album': 'Exodus', 'genre': 'Metal', 'artist': 'Nicholas Ferguson', 'stream_date': '2024-09-11'}
[2025-08-07T22:44:53.367+0000] {streams_kafka_operator.py:54} INFO - Sent transaction {'listener': 'Karen Brock', 'song': 'Constellation', 'album': 'Threshold', 'genre': 'Reggae', 'artist': 'Megan Rodriguez', 'stream_date': '2025-07-16'}
[2025-08-07T22:44:53.369+0000] {streams_kafka_operator.py:54} INFO - Sent transaction {'listener': 'Kevin Combs', 'song': 'Prism!', 'album': 'Static', 'genre': 'Rock', 'artist': 'Christopher Miles', 'stream_date': '2025-02-16'}
[2025-08-07T22:44:53.372+0000] {streams_kafka_operator.py:54} INFO - Sent transaction {'listener': 'Daniel Morton', 'song': 'Drift', 'album': 'Daybreak', 'genre': 'Country', 'artist': 'Kayla Welch', 'stream_date': '2025-07-04'}
[2025-08-07T22:44:53.374+0000] {streams_kafka_operator.py:54} INFO - Sent transaction {'listener': 'Bryan Cherry', 'song': 'Horizon!', 'album': 'Islands', 'genre': 'Classical', 'artist': 'Ashley Martinez', 'stream_date': '2024-10-23'}
[2025-08-07T22:44:53.377+0000] {streams_kafka_operator.py:54} INFO - Sent transaction {'listener': 'Stephanie Wilson', 'song': 'Infinity', 'album': 'Islands', 'genre': 'Pop', 'artist': 'Oscar Thomas', 'stream_date': '2025-08-11'}
[2025-08-07T22:44:53.382+0000] {streams_kafka_operator.py:54} INFO - Sent transaction {'listener': 'Lucas Koch', 'song': 'Aurora', 'album': 'Utopia', 'genre': 'Metal', 'artist': 'Nicole Bishop', 'stream_date': '2024-08-16'}
[2025-08-07T22:44:53.384+0000] {streams_kafka_operator.py:54} INFO - Sent transaction {'listener': 'Eric Lowe', 'song': 'Solace', 'album': 'Threshold', 'genre': 'Country', 'artist': 'Aaron Blackburn', 'stream_date': '2024-08-10'}
[2025-08-07T22:44:53.385+0000] {streams_kafka_operator.py:54} INFO - Sent transaction {'listener': 'Elizabeth Sosa', 'song': 'Horizon', 'album': 'Utopia', 'genre': 'Hip-Hop', 'artist': 'Renee Beck', 'stream_date': '2024-12-18'}
[2025-08-07T22:44:53.387+0000] {streams_kafka_operator.py:54} INFO - Sent transaction {'listener': 'Andrea Simmons', 'song': 'Radiance', 'album': 'Rebellion', 'genre': 'Pop', 'artist': 'Kelly Fowler MD', 'stream_date': '2025-06-05'}
[2025-08-07T22:44:53.388+0000] {streams_kafka_operator.py:54} INFO - Sent transaction {'listener': 'Edgar Banks', 'song': 'Quantum', 'album': 'Daybreak', 'genre': 'Pop', 'artist': 'Jose Torres', 'stream_date': '2024-11-29'}
[2025-08-07T22:44:53.389+0000] {streams_kafka_operator.py:54} INFO - Sent transaction {'listener': 'Zachary Bailey', 'song': 'Equinox', 'album': 'Daybreak', 'genre': 'Jazz', 'artist': 'James Mccall', 'stream_date': '2025-02-09'}
[2025-08-07T22:44:53.390+0000] {streams_kafka_operator.py:54} INFO - Sent transaction {'listener': 'Zachary Gordon', 'song': 'Crescendo', 'album': 'Threshold', 'genre': 'Classical', 'artist': 'Katelyn Cole', 'stream_date': '2025-03-03'}
[2025-08-07T22:44:53.391+0000] {streams_kafka_operator.py:54} INFO - Sent transaction {'listener': 'Kristina Brooks', 'song': 'Ember', 'album': 'Visions', 'genre': 'Rock', 'artist': 'Julia Hogan', 'stream_date': '2025-01-06'}
[2025-08-07T22:44:53.392+0000] {streams_kafka_operator.py:54} INFO - Sent transaction {'listener': 'Nancy Perez', 'song': 'Crescendo', 'album': 'Islands', 'genre': 'Classical', 'artist': 'Logan Burns', 'stream_date': '2024-09-25'}
[2025-08-07T22:44:53.393+0000] {streams_kafka_operator.py:54} INFO - Sent transaction {'listener': 'Alex Kent', 'song': 'Aurora?', 'album': 'Nightfall', 'genre': 'Jazz', 'artist': 'Sara Jones', 'stream_date': '2025-07-30'}
[2025-08-07T22:44:53.394+0000] {streams_kafka_operator.py:54} INFO - Sent transaction {'listener': 'Carolyn Hampton', 'song': 'Tempest', 'album': 'Paragon', 'genre': 'Reggae', 'artist': 'Mrs. Monique Green MD', 'stream_date': '2024-08-29'}
[2025-08-07T22:44:53.395+0000] {streams_kafka_operator.py:54} INFO - Sent transaction {'listener': 'Jennifer Barber', 'song': 'Labyrinth', 'album': 'Static', 'genre': 'Classical', 'artist': 'Mark Ramirez', 'stream_date': '2025-01-13'}
[2025-08-07T22:44:53.396+0000] {streams_kafka_operator.py:54} INFO - Sent transaction {'listener': 'Shawn Rogers', 'song': 'Pulse', 'album': 'Visions', 'genre': 'Country', 'artist': 'Diana Cook', 'stream_date': '2024-08-22'}
[2025-08-07T22:44:53.397+0000] {streams_kafka_operator.py:54} INFO - Sent transaction {'listener': 'David Davenport', 'song': 'Eclipse', 'album': 'Paragon', 'genre': 'Jazz', 'artist': 'Gabriella Mcdowell', 'stream_date': '2025-05-18'}
[2025-08-07T22:44:53.400+0000] {streams_kafka_operator.py:54} INFO - Sent transaction {'listener': 'Arthur Myers', 'song': 'Prism!', 'album': 'Threshold', 'genre': 'Jazz', 'artist': 'John Phillips', 'stream_date': '2024-09-21'}
[2025-08-07T22:44:53.401+0000] {streams_kafka_operator.py:54} INFO - Sent transaction {'listener': 'Nicholas Morrow', 'song': 'Nocturne', 'album': 'Static', 'genre': 'Hip-Hop', 'artist': 'Brian Bush', 'stream_date': '2024-11-01'}
[2025-08-07T22:44:53.402+0000] {streams_kafka_operator.py:54} INFO - Sent transaction {'listener': 'Kimberly Simmons', 'song': 'Eclipse', 'album': 'Nightfall', 'genre': 'R&B', 'artist': 'Alan Kaiser', 'stream_date': '2025-04-20'}
[2025-08-07T22:44:53.403+0000] {streams_kafka_operator.py:54} INFO - Sent transaction {'listener': 'Christopher Munoz', 'song': 'Constellation', 'album': 'Limelight', 'genre': 'Classical', 'artist': 'Hannah Greene', 'stream_date': '2025-04-23'}
[2025-08-07T22:44:53.403+0000] {streams_kafka_operator.py:54} INFO - Sent transaction {'listener': 'Kevin Fox', 'song': 'Horizon', 'album': 'Visions', 'genre': 'Reggae', 'artist': 'Deborah Jensen', 'stream_date': '2025-07-14'}
[2025-08-07T22:44:53.406+0000] {streams_kafka_operator.py:54} INFO - Sent transaction {'listener': 'James Browning', 'song': 'Silhouette', 'album': 'Paragon', 'genre': 'Country', 'artist': 'Kathryn Avila', 'stream_date': '2025-03-07'}
[2025-08-07T22:44:53.407+0000] {streams_kafka_operator.py:54} INFO - Sent transaction {'listener': 'Angela Wilkins', 'song': 'Nocturne', 'album': 'Sanctuary', 'genre': 'Hip-Hop', 'artist': 'Natasha Wolf', 'stream_date': '2024-10-06'}
[2025-08-07T22:44:53.408+0000] {streams_kafka_operator.py:54} INFO - Sent transaction {'listener': 'Manuel Tucker II', 'song': 'Horizon', 'album': 'Nightfall', 'genre': 'Country', 'artist': 'Joseph Cook', 'stream_date': '2024-11-21'}
[2025-08-07T22:44:53.409+0000] {streams_kafka_operator.py:54} INFO - Sent transaction {'listener': 'Christina Love', 'song': 'Aurora', 'album': 'Exodus', 'genre': 'Reggae', 'artist': 'Rachel Horn', 'stream_date': '2024-10-25'}
[2025-08-07T22:44:53.410+0000] {streams_kafka_operator.py:54} INFO - Sent transaction {'listener': 'Christopher Zuniga', 'song': 'Infinity', 'album': 'Utopia', 'genre': 'Pop', 'artist': 'Thomas Gordon', 'stream_date': '2025-09-03'}
[2025-08-07T22:44:53.410+0000] {streams_kafka_operator.py:54} INFO - Sent transaction {'listener': 'Kelsey Brown', 'song': 'Spectrum?', 'album': 'Rebellion', 'genre': 'Classical', 'artist': 'Jennifer Jones', 'stream_date': '2025-01-01'}
[2025-08-07T22:44:53.411+0000] {streams_kafka_operator.py:54} INFO - Sent transaction {'listener': 'George Nichols', 'song': 'Prism!', 'album': 'Daybreak', 'genre': 'Pop', 'artist': 'Hailey Palmer', 'stream_date': '2025-07-08'}
[2025-08-07T22:44:53.412+0000] {streams_kafka_operator.py:54} INFO - Sent transaction {'listener': 'William Smith', 'song': 'Nocturne', 'album': 'Utopia', 'genre': 'Reggae', 'artist': 'Charles Roberts DDS', 'stream_date': '2025-01-12'}
[2025-08-07T22:44:53.412+0000] {streams_kafka_operator.py:54} INFO - Sent transaction {'listener': 'Maria Lawrence', 'song': 'Ember!', 'album': 'Ascension', 'genre': 'Rock', 'artist': 'Larry Lee', 'stream_date': '2024-11-25'}
[2025-08-07T22:44:53.413+0000] {streams_kafka_operator.py:54} INFO - Sent transaction {'listener': 'Mary Barber', 'song': 'Drift', 'album': 'Exodus', 'genre': 'Classical', 'artist': 'Heather Montgomery', 'stream_date': '2025-07-18'}
[2025-08-07T22:44:53.413+0000] {streams_kafka_operator.py:54} INFO - Sent transaction {'listener': 'Laura Gregory', 'song': 'Vortex', 'album': 'Visions', 'genre': 'Reggae', 'artist': 'Denise Alexander', 'stream_date': '2025-08-01'}
[2025-08-07T22:44:53.414+0000] {streams_kafka_operator.py:54} INFO - Sent transaction {'listener': 'David Wright', 'song': 'Phoenix', 'album': 'Afterglow', 'genre': 'Reggae', 'artist': 'Terry Nguyen', 'stream_date': '2025-01-20'}
[2025-08-07T22:44:53.415+0000] {streams_kafka_operator.py:54} INFO - Sent transaction {'listener': 'Miss Wendy Hernandez', 'song': 'Radiant', 'album': 'Daybreak', 'genre': 'R&B', 'artist': 'Neil Murray', 'stream_date': '2025-01-02'}
[2025-08-07T22:44:53.416+0000] {streams_kafka_operator.py:54} INFO - Sent transaction {'listener': 'Eric Carrillo', 'song': 'Aurora', 'album': 'Sanctuary', 'genre': 'Rock', 'artist': 'Thomas Jones', 'stream_date': '2025-01-12'}
[2025-08-07T22:44:53.418+0000] {streams_kafka_operator.py:54} INFO - Sent transaction {'listener': 'Tony Anderson', 'song': 'Reverie', 'album': 'Static', 'genre': 'Classical', 'artist': 'Samuel Smith', 'stream_date': '2024-12-26'}
[2025-08-07T22:44:53.419+0000] {streams_kafka_operator.py:54} INFO - Sent transaction {'listener': 'Bethany Jensen', 'song': 'Tempest', 'album': 'Afterglow', 'genre': 'Rock', 'artist': 'Scott Jackson', 'stream_date': '2025-06-07'}
[2025-08-07T22:44:53.420+0000] {streams_kafka_operator.py:54} INFO - Sent transaction {'listener': 'Richard Jones', 'song': 'Mirage?', 'album': 'Nightfall', 'genre': 'Rock', 'artist': 'Chelsea West', 'stream_date': '2025-07-26'}
[2025-08-07T22:44:53.421+0000] {streams_kafka_operator.py:54} INFO - Sent transaction {'listener': 'Erik Moore', 'song': 'Celestial', 'album': 'Afterglow', 'genre': 'Metal', 'artist': 'Katrina Perez', 'stream_date': '2024-10-30'}
[2025-08-07T22:44:53.422+0000] {streams_kafka_operator.py:54} INFO - Sent transaction {'listener': 'Christopher Anderson', 'song': 'Equinox', 'album': 'Static', 'genre': 'R&B', 'artist': 'Roger Hull', 'stream_date': '2025-01-08'}
[2025-08-07T22:44:53.423+0000] {streams_kafka_operator.py:54} INFO - Sent transaction {'listener': 'Jeremy Jones', 'song': 'Constellation', 'album': 'Islands', 'genre': 'Metal', 'artist': 'Todd Baker', 'stream_date': '2024-12-16'}
[2025-08-07T22:44:53.424+0000] {streams_kafka_operator.py:54} INFO - Sent transaction {'listener': 'Jessica Phillips', 'song': 'Mirage', 'album': 'Paragon', 'genre': 'Country', 'artist': 'Samantha Elliott', 'stream_date': '2025-06-09'}
[2025-08-07T22:44:53.425+0000] {streams_kafka_operator.py:54} INFO - Sent transaction {'listener': 'Mary Lee', 'song': 'Mosaic', 'album': 'Threshold', 'genre': 'Reggae', 'artist': 'Sarah Williams', 'stream_date': '2025-03-17'}
[2025-08-07T22:44:53.425+0000] {streams_kafka_operator.py:54} INFO - Sent transaction {'listener': 'Todd Reynolds MD', 'song': 'Mosaic', 'album': 'Nightfall', 'genre': 'Metal', 'artist': 'Joe Leonard', 'stream_date': '2024-11-15'}
[2025-08-07T22:44:53.426+0000] {streams_kafka_operator.py:54} INFO - Sent transaction {'listener': 'Carmen Jenkins', 'song': 'Serenity', 'album': 'Elysium', 'genre': 'Hip-Hop', 'artist': 'Andrew Melendez', 'stream_date': '2024-10-15'}
[2025-08-07T22:44:53.428+0000] {streams_kafka_operator.py:54} INFO - Sent transaction {'listener': 'Antonio Evans', 'song': 'Solstice', 'album': 'Afterglow', 'genre': 'Metal', 'artist': 'Lisa Moody', 'stream_date': '2024-10-08'}
[2025-08-07T22:44:53.429+0000] {streams_kafka_operator.py:54} INFO - Sent transaction {'listener': 'Richard Parker', 'song': 'Fragment', 'album': 'Utopia', 'genre': 'Pop', 'artist': 'Alan Hawkins', 'stream_date': '2024-09-25'}
[2025-08-07T22:44:53.429+0000] {streams_kafka_operator.py:54} INFO - Sent transaction {'listener': 'Allen Castillo', 'song': 'Aurora', 'album': 'Static', 'genre': 'Hip-Hop', 'artist': 'Randy Wise', 'stream_date': '2024-11-11'}
[2025-08-07T22:44:53.430+0000] {streams_kafka_operator.py:54} INFO - Sent transaction {'listener': 'Bruce Brown', 'song': 'Nocturne', 'album': 'Afterglow', 'genre': 'R&B', 'artist': 'Marvin Freeman', 'stream_date': '2025-06-24'}
[2025-08-07T22:44:53.431+0000] {streams_kafka_operator.py:54} INFO - Sent transaction {'listener': 'Peter Ochoa', 'song': 'Aurora', 'album': 'Ascension', 'genre': 'Electronic', 'artist': 'Steven Padilla', 'stream_date': '2025-01-11'}
[2025-08-07T22:44:53.433+0000] {streams_kafka_operator.py:54} INFO - Sent transaction {'listener': 'Donald Hurst', 'song': 'Crescendo', 'album': 'Visions', 'genre': 'Electronic', 'artist': 'Stephanie Baker', 'stream_date': '2025-03-12'}
[2025-08-07T22:44:53.434+0000] {streams_kafka_operator.py:54} INFO - Sent transaction {'listener': 'Rhonda Bennett', 'song': 'Vapor', 'album': 'Exodus', 'genre': 'Pop', 'artist': 'Jon Miller', 'stream_date': '2025-01-29'}
[2025-08-07T22:44:53.434+0000] {streams_kafka_operator.py:54} INFO - Sent transaction {'listener': 'Debra Davis', 'song': 'Solstice', 'album': 'Visions', 'genre': 'Pop', 'artist': 'William Rivas', 'stream_date': '2025-06-21'}
[2025-08-07T22:44:53.436+0000] {streams_kafka_operator.py:54} INFO - Sent transaction {'listener': 'Henry Hardin', 'song': 'Momentum', 'album': 'Nightfall', 'genre': 'Jazz', 'artist': 'Judith Lee', 'stream_date': '2025-01-21'}
[2025-08-07T22:44:53.437+0000] {streams_kafka_operator.py:54} INFO - Sent transaction {'listener': 'Dustin Rodriguez', 'song': 'Equinox', 'album': 'Nightfall', 'genre': 'Metal', 'artist': 'Luis Chapman', 'stream_date': '2025-09-01'}
[2025-08-07T22:44:53.438+0000] {streams_kafka_operator.py:54} INFO - Sent transaction {'listener': 'Mary Collins', 'song': 'Paradox', 'album': 'Limelight', 'genre': 'Jazz', 'artist': 'Kristina Snyder', 'stream_date': '2025-03-17'}
[2025-08-07T22:44:53.439+0000] {streams_kafka_operator.py:54} INFO - Sent transaction {'listener': 'John Coleman', 'song': 'Vortex', 'album': 'Islands', 'genre': 'Hip-Hop', 'artist': 'Ryan Cole', 'stream_date': '2024-12-08'}
[2025-08-07T22:44:53.439+0000] {streams_kafka_operator.py:54} INFO - Sent transaction {'listener': 'Thomas Underwood', 'song': 'Radiant', 'album': 'Paragon', 'genre': 'Jazz', 'artist': 'Monique Anderson', 'stream_date': '2025-06-30'}
[2025-08-07T22:44:53.441+0000] {streams_kafka_operator.py:54} INFO - Sent transaction {'listener': 'Harold Garza', 'song': 'Vortex', 'album': 'Rebellion', 'genre': 'Country', 'artist': 'William Acosta', 'stream_date': '2025-02-16'}
[2025-08-07T22:44:53.441+0000] {streams_kafka_operator.py:54} INFO - Sent transaction {'listener': 'Daniel Lee', 'song': 'Pulse!', 'album': 'Paragon', 'genre': 'Electronic', 'artist': 'Jesse Edwards', 'stream_date': '2024-10-12'}
[2025-08-07T22:44:53.442+0000] {streams_kafka_operator.py:54} INFO - Sent transaction {'listener': 'Michael Young', 'song': 'Echo?', 'album': 'Threshold', 'genre': 'Metal', 'artist': 'Barbara Mcintosh', 'stream_date': '2025-06-27'}
[2025-08-07T22:44:53.443+0000] {streams_kafka_operator.py:54} INFO - Sent transaction {'listener': 'Joseph Holland', 'song': 'Prism!', 'album': 'Islands', 'genre': 'Classical', 'artist': 'David Levy', 'stream_date': '2025-07-28'}
[2025-08-07T22:44:53.444+0000] {streams_kafka_operator.py:54} INFO - Sent transaction {'listener': 'Sheri Smith', 'song': 'Echo?', 'album': 'Threshold', 'genre': 'Metal', 'artist': 'Brandon Thomas', 'stream_date': '2024-11-30'}
[2025-08-07T22:44:53.445+0000] {streams_kafka_operator.py:54} INFO - Sent transaction {'listener': 'Lindsay Long', 'song': 'Fragment', 'album': 'Visions', 'genre': 'R&B', 'artist': 'Christine Perez', 'stream_date': '2024-10-18'}
[2025-08-07T22:44:53.449+0000] {streams_kafka_operator.py:54} INFO - Sent transaction {'listener': 'Marcus Clark', 'song': 'Gravity', 'album': 'Limelight', 'genre': 'Reggae', 'artist': 'Brandon Smith', 'stream_date': '2025-06-05'}
[2025-08-07T22:44:53.450+0000] {streams_kafka_operator.py:54} INFO - Sent transaction {'listener': 'Sarah Mitchell', 'song': 'Paradox', 'album': 'Elysium', 'genre': 'R&B', 'artist': 'Jacqueline Howell', 'stream_date': '2025-08-07'}
[2025-08-07T22:44:53.452+0000] {streams_kafka_operator.py:54} INFO - Sent transaction {'listener': 'Joshua May', 'song': 'Anthem', 'album': 'Limelight', 'genre': 'R&B', 'artist': 'Antonio Parks', 'stream_date': '2025-01-05'}
[2025-08-07T22:44:53.454+0000] {streams_kafka_operator.py:54} INFO - Sent transaction {'listener': 'Michael Johnson', 'song': 'Vapor', 'album': 'Visions', 'genre': 'Hip-Hop', 'artist': 'Nathan Lee', 'stream_date': '2024-12-08'}
[2025-08-07T22:44:53.456+0000] {streams_kafka_operator.py:57} INFO - 100 transactions sent has been sent to kafka stream_data!
[2025-08-07T22:44:53.456+0000] {conn.py:945} INFO - <BrokerConnection client_id=kafka-python-producer-1, node_id=4 host=kafka-broker-1:19092 <connected> [IPv4 ('172.18.0.8', 19092)]>: Closing connection. 
[2025-08-07T22:44:53.457+0000] {conn.py:945} INFO - <BrokerConnection client_id=kafka-python-producer-1, node_id=5 host=kafka-broker-2:19092 <connected> [IPv4 ('172.18.0.7', 19092)]>: Closing connection. 
[2025-08-07T22:44:53.467+0000] {taskinstance.py:341} INFO - ::group::Post task execution logs
[2025-08-07T22:44:53.468+0000] {taskinstance.py:353} INFO - Marking task as SUCCESS. dag_id=stream_generator, task_id=generator_stream_data, run_id=manual__2025-08-07T22:44:51.340797+00:00, execution_date=20250807T224451, start_date=20250807T224452, end_date=20250807T224453
[2025-08-07T22:44:53.502+0000] {local_task_job_runner.py:266} INFO - Task exited with return code 0
[2025-08-07T22:44:53.514+0000] {taskinstance.py:3901} INFO - 0 downstream tasks scheduled from follow-on schedule check
[2025-08-07T22:44:53.515+0000] {local_task_job_runner.py:245} INFO - ::endgroup::
