[2025-08-10T00:00:18.907+0000] {processor.py:186} INFO - Started process (PID=1788) to work on /opt/airflow/dags/account_generator.py
[2025-08-10T00:00:18.908+0000] {processor.py:914} INFO - Processing file /opt/airflow/dags/account_generator.py for tasks to queue
[2025-08-10T00:00:18.911+0000] {logging_mixin.py:190} INFO - [2025-08-10T00:00:18.910+0000] {dagbag.py:588} INFO - Filling up the DagBag from /opt/airflow/dags/account_generator.py
[2025-08-10T00:00:18.919+0000] {processor.py:925} INFO - DAG(s) 'account_generator' retrieved from /opt/airflow/dags/account_generator.py
[2025-08-10T00:00:18.936+0000] {logging_mixin.py:190} INFO - [2025-08-10T00:00:18.936+0000] {dag.py:3239} INFO - Sync 1 DAGs
[2025-08-10T00:00:18.947+0000] {logging_mixin.py:190} INFO - [2025-08-10T00:00:18.947+0000] {dag.py:4180} INFO - Setting next_dagrun for account_generator to 2025-08-10 00:00:00+00:00, run_after=2025-08-11 00:00:00+00:00
[2025-08-10T00:00:18.955+0000] {processor.py:208} INFO - Processing /opt/airflow/dags/account_generator.py took 0.054 seconds
[2025-08-10T00:00:49.274+0000] {processor.py:186} INFO - Started process (PID=1814) to work on /opt/airflow/dags/account_generator.py
[2025-08-10T00:00:49.275+0000] {processor.py:914} INFO - Processing file /opt/airflow/dags/account_generator.py for tasks to queue
[2025-08-10T00:00:49.278+0000] {logging_mixin.py:190} INFO - [2025-08-10T00:00:49.277+0000] {dagbag.py:588} INFO - Filling up the DagBag from /opt/airflow/dags/account_generator.py
[2025-08-10T00:00:49.292+0000] {processor.py:925} INFO - DAG(s) 'account_generator' retrieved from /opt/airflow/dags/account_generator.py
[2025-08-10T00:00:49.315+0000] {logging_mixin.py:190} INFO - [2025-08-10T00:00:49.315+0000] {dag.py:3239} INFO - Sync 1 DAGs
[2025-08-10T00:00:49.340+0000] {logging_mixin.py:190} INFO - [2025-08-10T00:00:49.340+0000] {dag.py:4180} INFO - Setting next_dagrun for account_generator to 2025-08-10 00:00:00+00:00, run_after=2025-08-11 00:00:00+00:00
[2025-08-10T00:00:49.350+0000] {processor.py:208} INFO - Processing /opt/airflow/dags/account_generator.py took 0.084 seconds
[2025-08-10T00:01:19.707+0000] {processor.py:186} INFO - Started process (PID=1840) to work on /opt/airflow/dags/account_generator.py
[2025-08-10T00:01:19.708+0000] {processor.py:914} INFO - Processing file /opt/airflow/dags/account_generator.py for tasks to queue
[2025-08-10T00:01:19.711+0000] {logging_mixin.py:190} INFO - [2025-08-10T00:01:19.711+0000] {dagbag.py:588} INFO - Filling up the DagBag from /opt/airflow/dags/account_generator.py
[2025-08-10T00:01:19.720+0000] {processor.py:925} INFO - DAG(s) 'account_generator' retrieved from /opt/airflow/dags/account_generator.py
[2025-08-10T00:01:19.736+0000] {logging_mixin.py:190} INFO - [2025-08-10T00:01:19.736+0000] {dag.py:3239} INFO - Sync 1 DAGs
[2025-08-10T00:01:19.746+0000] {logging_mixin.py:190} INFO - [2025-08-10T00:01:19.746+0000] {dag.py:4180} INFO - Setting next_dagrun for account_generator to 2025-08-10 00:00:00+00:00, run_after=2025-08-11 00:00:00+00:00
[2025-08-10T00:01:19.756+0000] {processor.py:208} INFO - Processing /opt/airflow/dags/account_generator.py took 0.057 seconds
[2025-08-10T00:01:50.120+0000] {processor.py:186} INFO - Started process (PID=1866) to work on /opt/airflow/dags/account_generator.py
[2025-08-10T00:01:50.120+0000] {processor.py:914} INFO - Processing file /opt/airflow/dags/account_generator.py for tasks to queue
[2025-08-10T00:01:50.123+0000] {logging_mixin.py:190} INFO - [2025-08-10T00:01:50.123+0000] {dagbag.py:588} INFO - Filling up the DagBag from /opt/airflow/dags/account_generator.py
[2025-08-10T00:01:50.130+0000] {processor.py:925} INFO - DAG(s) 'account_generator' retrieved from /opt/airflow/dags/account_generator.py
[2025-08-10T00:01:50.148+0000] {logging_mixin.py:190} INFO - [2025-08-10T00:01:50.148+0000] {dag.py:3239} INFO - Sync 1 DAGs
[2025-08-10T00:01:50.160+0000] {logging_mixin.py:190} INFO - [2025-08-10T00:01:50.159+0000] {dag.py:4180} INFO - Setting next_dagrun for account_generator to 2025-08-10 00:00:00+00:00, run_after=2025-08-11 00:00:00+00:00
[2025-08-10T00:01:50.167+0000] {processor.py:208} INFO - Processing /opt/airflow/dags/account_generator.py took 0.052 seconds
[2025-08-10T00:02:20.503+0000] {processor.py:186} INFO - Started process (PID=1892) to work on /opt/airflow/dags/account_generator.py
[2025-08-10T00:02:20.504+0000] {processor.py:914} INFO - Processing file /opt/airflow/dags/account_generator.py for tasks to queue
[2025-08-10T00:02:20.508+0000] {logging_mixin.py:190} INFO - [2025-08-10T00:02:20.507+0000] {dagbag.py:588} INFO - Filling up the DagBag from /opt/airflow/dags/account_generator.py
[2025-08-10T00:02:20.530+0000] {processor.py:925} INFO - DAG(s) 'account_generator' retrieved from /opt/airflow/dags/account_generator.py
[2025-08-10T00:02:20.554+0000] {logging_mixin.py:190} INFO - [2025-08-10T00:02:20.554+0000] {dag.py:3239} INFO - Sync 1 DAGs
[2025-08-10T00:02:20.567+0000] {logging_mixin.py:190} INFO - [2025-08-10T00:02:20.567+0000] {dag.py:4180} INFO - Setting next_dagrun for account_generator to 2025-08-10 00:00:00+00:00, run_after=2025-08-11 00:00:00+00:00
[2025-08-10T00:02:20.578+0000] {processor.py:208} INFO - Processing /opt/airflow/dags/account_generator.py took 0.090 seconds
[2025-08-10T00:02:50.883+0000] {processor.py:186} INFO - Started process (PID=1918) to work on /opt/airflow/dags/account_generator.py
[2025-08-10T00:02:50.883+0000] {processor.py:914} INFO - Processing file /opt/airflow/dags/account_generator.py for tasks to queue
[2025-08-10T00:02:50.887+0000] {logging_mixin.py:190} INFO - [2025-08-10T00:02:50.887+0000] {dagbag.py:588} INFO - Filling up the DagBag from /opt/airflow/dags/account_generator.py
[2025-08-10T00:02:50.894+0000] {processor.py:925} INFO - DAG(s) 'account_generator' retrieved from /opt/airflow/dags/account_generator.py
[2025-08-10T00:02:50.914+0000] {logging_mixin.py:190} INFO - [2025-08-10T00:02:50.914+0000] {dag.py:3239} INFO - Sync 1 DAGs
[2025-08-10T00:02:50.927+0000] {logging_mixin.py:190} INFO - [2025-08-10T00:02:50.927+0000] {dag.py:4180} INFO - Setting next_dagrun for account_generator to 2025-08-10 00:00:00+00:00, run_after=2025-08-11 00:00:00+00:00
[2025-08-10T00:02:50.935+0000] {processor.py:208} INFO - Processing /opt/airflow/dags/account_generator.py took 0.056 seconds
[2025-08-10T00:03:21.224+0000] {processor.py:186} INFO - Started process (PID=1944) to work on /opt/airflow/dags/account_generator.py
[2025-08-10T00:03:21.225+0000] {processor.py:914} INFO - Processing file /opt/airflow/dags/account_generator.py for tasks to queue
[2025-08-10T00:03:21.227+0000] {logging_mixin.py:190} INFO - [2025-08-10T00:03:21.227+0000] {dagbag.py:588} INFO - Filling up the DagBag from /opt/airflow/dags/account_generator.py
[2025-08-10T00:03:21.241+0000] {processor.py:925} INFO - DAG(s) 'account_generator' retrieved from /opt/airflow/dags/account_generator.py
[2025-08-10T00:03:21.258+0000] {logging_mixin.py:190} INFO - [2025-08-10T00:03:21.258+0000] {dag.py:3239} INFO - Sync 1 DAGs
[2025-08-10T00:03:21.273+0000] {logging_mixin.py:190} INFO - [2025-08-10T00:03:21.273+0000] {dag.py:4180} INFO - Setting next_dagrun for account_generator to 2025-08-10 00:00:00+00:00, run_after=2025-08-11 00:00:00+00:00
[2025-08-10T00:03:21.284+0000] {processor.py:208} INFO - Processing /opt/airflow/dags/account_generator.py took 0.066 seconds
[2025-08-10T00:03:51.702+0000] {processor.py:186} INFO - Started process (PID=1970) to work on /opt/airflow/dags/account_generator.py
[2025-08-10T00:03:51.703+0000] {processor.py:914} INFO - Processing file /opt/airflow/dags/account_generator.py for tasks to queue
[2025-08-10T00:03:51.706+0000] {logging_mixin.py:190} INFO - [2025-08-10T00:03:51.706+0000] {dagbag.py:588} INFO - Filling up the DagBag from /opt/airflow/dags/account_generator.py
[2025-08-10T00:03:51.717+0000] {processor.py:925} INFO - DAG(s) 'account_generator' retrieved from /opt/airflow/dags/account_generator.py
[2025-08-10T00:03:51.740+0000] {logging_mixin.py:190} INFO - [2025-08-10T00:03:51.740+0000] {dag.py:3239} INFO - Sync 1 DAGs
[2025-08-10T00:03:51.758+0000] {logging_mixin.py:190} INFO - [2025-08-10T00:03:51.758+0000] {dag.py:4180} INFO - Setting next_dagrun for account_generator to 2025-08-10 00:00:00+00:00, run_after=2025-08-11 00:00:00+00:00
[2025-08-10T00:03:51.770+0000] {processor.py:208} INFO - Processing /opt/airflow/dags/account_generator.py took 0.084 seconds
[2025-08-10T00:04:22.110+0000] {processor.py:186} INFO - Started process (PID=1996) to work on /opt/airflow/dags/account_generator.py
[2025-08-10T00:04:22.110+0000] {processor.py:914} INFO - Processing file /opt/airflow/dags/account_generator.py for tasks to queue
[2025-08-10T00:04:22.114+0000] {logging_mixin.py:190} INFO - [2025-08-10T00:04:22.113+0000] {dagbag.py:588} INFO - Filling up the DagBag from /opt/airflow/dags/account_generator.py
[2025-08-10T00:04:22.128+0000] {processor.py:925} INFO - DAG(s) 'account_generator' retrieved from /opt/airflow/dags/account_generator.py
[2025-08-10T00:04:22.156+0000] {logging_mixin.py:190} INFO - [2025-08-10T00:04:22.156+0000] {dag.py:3239} INFO - Sync 1 DAGs
[2025-08-10T00:04:22.174+0000] {logging_mixin.py:190} INFO - [2025-08-10T00:04:22.173+0000] {dag.py:4180} INFO - Setting next_dagrun for account_generator to 2025-08-10 00:00:00+00:00, run_after=2025-08-11 00:00:00+00:00
[2025-08-10T00:04:22.194+0000] {processor.py:208} INFO - Processing /opt/airflow/dags/account_generator.py took 0.099 seconds
[2025-08-10T00:04:52.587+0000] {processor.py:186} INFO - Started process (PID=2022) to work on /opt/airflow/dags/account_generator.py
[2025-08-10T00:04:52.588+0000] {processor.py:914} INFO - Processing file /opt/airflow/dags/account_generator.py for tasks to queue
[2025-08-10T00:04:52.592+0000] {logging_mixin.py:190} INFO - [2025-08-10T00:04:52.592+0000] {dagbag.py:588} INFO - Filling up the DagBag from /opt/airflow/dags/account_generator.py
[2025-08-10T00:04:52.605+0000] {processor.py:925} INFO - DAG(s) 'account_generator' retrieved from /opt/airflow/dags/account_generator.py
[2025-08-10T00:04:52.642+0000] {logging_mixin.py:190} INFO - [2025-08-10T00:04:52.641+0000] {dag.py:3239} INFO - Sync 1 DAGs
[2025-08-10T00:04:52.660+0000] {logging_mixin.py:190} INFO - [2025-08-10T00:04:52.659+0000] {dag.py:4180} INFO - Setting next_dagrun for account_generator to 2025-08-10 00:00:00+00:00, run_after=2025-08-11 00:00:00+00:00
[2025-08-10T00:04:52.673+0000] {processor.py:208} INFO - Processing /opt/airflow/dags/account_generator.py took 0.098 seconds
[2025-08-10T00:05:23.028+0000] {processor.py:186} INFO - Started process (PID=2048) to work on /opt/airflow/dags/account_generator.py
[2025-08-10T00:05:23.029+0000] {processor.py:914} INFO - Processing file /opt/airflow/dags/account_generator.py for tasks to queue
[2025-08-10T00:05:23.033+0000] {logging_mixin.py:190} INFO - [2025-08-10T00:05:23.033+0000] {dagbag.py:588} INFO - Filling up the DagBag from /opt/airflow/dags/account_generator.py
[2025-08-10T00:05:23.047+0000] {processor.py:925} INFO - DAG(s) 'account_generator' retrieved from /opt/airflow/dags/account_generator.py
[2025-08-10T00:05:23.079+0000] {logging_mixin.py:190} INFO - [2025-08-10T00:05:23.079+0000] {dag.py:3239} INFO - Sync 1 DAGs
[2025-08-10T00:05:23.094+0000] {logging_mixin.py:190} INFO - [2025-08-10T00:05:23.094+0000] {dag.py:4180} INFO - Setting next_dagrun for account_generator to 2025-08-10 00:00:00+00:00, run_after=2025-08-11 00:00:00+00:00
[2025-08-10T00:05:23.103+0000] {processor.py:208} INFO - Processing /opt/airflow/dags/account_generator.py took 0.085 seconds
[2025-08-10T00:05:53.458+0000] {processor.py:186} INFO - Started process (PID=2074) to work on /opt/airflow/dags/account_generator.py
[2025-08-10T00:05:53.460+0000] {processor.py:914} INFO - Processing file /opt/airflow/dags/account_generator.py for tasks to queue
[2025-08-10T00:05:53.480+0000] {logging_mixin.py:190} INFO - [2025-08-10T00:05:53.477+0000] {dagbag.py:588} INFO - Filling up the DagBag from /opt/airflow/dags/account_generator.py
[2025-08-10T00:05:53.523+0000] {processor.py:925} INFO - DAG(s) 'account_generator' retrieved from /opt/airflow/dags/account_generator.py
[2025-08-10T00:05:53.600+0000] {logging_mixin.py:190} INFO - [2025-08-10T00:05:53.600+0000] {dag.py:3239} INFO - Sync 1 DAGs
[2025-08-10T00:05:53.620+0000] {logging_mixin.py:190} INFO - [2025-08-10T00:05:53.620+0000] {dag.py:4180} INFO - Setting next_dagrun for account_generator to 2025-08-10 00:00:00+00:00, run_after=2025-08-11 00:00:00+00:00
[2025-08-10T00:05:53.632+0000] {processor.py:208} INFO - Processing /opt/airflow/dags/account_generator.py took 0.194 seconds
[2025-08-10T00:06:23.994+0000] {processor.py:186} INFO - Started process (PID=2100) to work on /opt/airflow/dags/account_generator.py
[2025-08-10T00:06:23.995+0000] {processor.py:914} INFO - Processing file /opt/airflow/dags/account_generator.py for tasks to queue
[2025-08-10T00:06:23.998+0000] {logging_mixin.py:190} INFO - [2025-08-10T00:06:23.997+0000] {dagbag.py:588} INFO - Filling up the DagBag from /opt/airflow/dags/account_generator.py
[2025-08-10T00:06:24.006+0000] {processor.py:925} INFO - DAG(s) 'account_generator' retrieved from /opt/airflow/dags/account_generator.py
[2025-08-10T00:06:24.024+0000] {logging_mixin.py:190} INFO - [2025-08-10T00:06:24.024+0000] {dag.py:3239} INFO - Sync 1 DAGs
[2025-08-10T00:06:24.039+0000] {logging_mixin.py:190} INFO - [2025-08-10T00:06:24.039+0000] {dag.py:4180} INFO - Setting next_dagrun for account_generator to 2025-08-10 00:00:00+00:00, run_after=2025-08-11 00:00:00+00:00
[2025-08-10T00:06:24.055+0000] {processor.py:208} INFO - Processing /opt/airflow/dags/account_generator.py took 0.067 seconds
[2025-08-10T00:06:54.408+0000] {processor.py:186} INFO - Started process (PID=2126) to work on /opt/airflow/dags/account_generator.py
[2025-08-10T00:06:54.408+0000] {processor.py:914} INFO - Processing file /opt/airflow/dags/account_generator.py for tasks to queue
[2025-08-10T00:06:54.411+0000] {logging_mixin.py:190} INFO - [2025-08-10T00:06:54.411+0000] {dagbag.py:588} INFO - Filling up the DagBag from /opt/airflow/dags/account_generator.py
[2025-08-10T00:06:54.428+0000] {processor.py:925} INFO - DAG(s) 'account_generator' retrieved from /opt/airflow/dags/account_generator.py
[2025-08-10T00:06:54.457+0000] {logging_mixin.py:190} INFO - [2025-08-10T00:06:54.457+0000] {dag.py:3239} INFO - Sync 1 DAGs
[2025-08-10T00:06:54.476+0000] {logging_mixin.py:190} INFO - [2025-08-10T00:06:54.476+0000] {dag.py:4180} INFO - Setting next_dagrun for account_generator to 2025-08-10 00:00:00+00:00, run_after=2025-08-11 00:00:00+00:00
[2025-08-10T00:06:54.485+0000] {processor.py:208} INFO - Processing /opt/airflow/dags/account_generator.py took 0.086 seconds
[2025-08-10T00:07:24.860+0000] {processor.py:186} INFO - Started process (PID=2152) to work on /opt/airflow/dags/account_generator.py
[2025-08-10T00:07:24.861+0000] {processor.py:914} INFO - Processing file /opt/airflow/dags/account_generator.py for tasks to queue
[2025-08-10T00:07:24.864+0000] {logging_mixin.py:190} INFO - [2025-08-10T00:07:24.864+0000] {dagbag.py:588} INFO - Filling up the DagBag from /opt/airflow/dags/account_generator.py
[2025-08-10T00:07:24.875+0000] {processor.py:925} INFO - DAG(s) 'account_generator' retrieved from /opt/airflow/dags/account_generator.py
[2025-08-10T00:07:24.908+0000] {logging_mixin.py:190} INFO - [2025-08-10T00:07:24.908+0000] {dag.py:3239} INFO - Sync 1 DAGs
[2025-08-10T00:07:24.923+0000] {logging_mixin.py:190} INFO - [2025-08-10T00:07:24.923+0000] {dag.py:4180} INFO - Setting next_dagrun for account_generator to 2025-08-10 00:00:00+00:00, run_after=2025-08-11 00:00:00+00:00
[2025-08-10T00:07:24.934+0000] {processor.py:208} INFO - Processing /opt/airflow/dags/account_generator.py took 0.086 seconds
[2025-08-10T00:07:55.339+0000] {processor.py:186} INFO - Started process (PID=2178) to work on /opt/airflow/dags/account_generator.py
[2025-08-10T00:07:55.340+0000] {processor.py:914} INFO - Processing file /opt/airflow/dags/account_generator.py for tasks to queue
[2025-08-10T00:07:55.345+0000] {logging_mixin.py:190} INFO - [2025-08-10T00:07:55.345+0000] {dagbag.py:588} INFO - Filling up the DagBag from /opt/airflow/dags/account_generator.py
[2025-08-10T00:07:55.361+0000] {processor.py:925} INFO - DAG(s) 'account_generator' retrieved from /opt/airflow/dags/account_generator.py
[2025-08-10T00:07:55.397+0000] {logging_mixin.py:190} INFO - [2025-08-10T00:07:55.397+0000] {dag.py:3239} INFO - Sync 1 DAGs
[2025-08-10T00:07:55.421+0000] {logging_mixin.py:190} INFO - [2025-08-10T00:07:55.421+0000] {dag.py:4180} INFO - Setting next_dagrun for account_generator to 2025-08-10 00:00:00+00:00, run_after=2025-08-11 00:00:00+00:00
[2025-08-10T00:07:55.435+0000] {processor.py:208} INFO - Processing /opt/airflow/dags/account_generator.py took 0.107 seconds
[2025-08-10T00:08:25.854+0000] {processor.py:186} INFO - Started process (PID=2204) to work on /opt/airflow/dags/account_generator.py
[2025-08-10T00:08:25.854+0000] {processor.py:914} INFO - Processing file /opt/airflow/dags/account_generator.py for tasks to queue
[2025-08-10T00:08:25.860+0000] {logging_mixin.py:190} INFO - [2025-08-10T00:08:25.859+0000] {dagbag.py:588} INFO - Filling up the DagBag from /opt/airflow/dags/account_generator.py
[2025-08-10T00:08:25.872+0000] {processor.py:925} INFO - DAG(s) 'account_generator' retrieved from /opt/airflow/dags/account_generator.py
[2025-08-10T00:08:25.899+0000] {logging_mixin.py:190} INFO - [2025-08-10T00:08:25.898+0000] {dag.py:3239} INFO - Sync 1 DAGs
[2025-08-10T00:08:25.916+0000] {logging_mixin.py:190} INFO - [2025-08-10T00:08:25.916+0000] {dag.py:4180} INFO - Setting next_dagrun for account_generator to 2025-08-10 00:00:00+00:00, run_after=2025-08-11 00:00:00+00:00
[2025-08-10T00:08:25.925+0000] {processor.py:208} INFO - Processing /opt/airflow/dags/account_generator.py took 0.084 seconds
[2025-08-10T00:08:56.248+0000] {processor.py:186} INFO - Started process (PID=2230) to work on /opt/airflow/dags/account_generator.py
[2025-08-10T00:08:56.249+0000] {processor.py:914} INFO - Processing file /opt/airflow/dags/account_generator.py for tasks to queue
[2025-08-10T00:08:56.254+0000] {logging_mixin.py:190} INFO - [2025-08-10T00:08:56.253+0000] {dagbag.py:588} INFO - Filling up the DagBag from /opt/airflow/dags/account_generator.py
[2025-08-10T00:08:56.269+0000] {processor.py:925} INFO - DAG(s) 'account_generator' retrieved from /opt/airflow/dags/account_generator.py
[2025-08-10T00:08:56.300+0000] {logging_mixin.py:190} INFO - [2025-08-10T00:08:56.300+0000] {dag.py:3239} INFO - Sync 1 DAGs
[2025-08-10T00:08:56.317+0000] {logging_mixin.py:190} INFO - [2025-08-10T00:08:56.317+0000] {dag.py:4180} INFO - Setting next_dagrun for account_generator to 2025-08-10 00:00:00+00:00, run_after=2025-08-11 00:00:00+00:00
[2025-08-10T00:08:56.329+0000] {processor.py:208} INFO - Processing /opt/airflow/dags/account_generator.py took 0.093 seconds
[2025-08-10T00:09:26.687+0000] {processor.py:186} INFO - Started process (PID=2256) to work on /opt/airflow/dags/account_generator.py
[2025-08-10T00:09:26.687+0000] {processor.py:914} INFO - Processing file /opt/airflow/dags/account_generator.py for tasks to queue
[2025-08-10T00:09:26.691+0000] {logging_mixin.py:190} INFO - [2025-08-10T00:09:26.690+0000] {dagbag.py:588} INFO - Filling up the DagBag from /opt/airflow/dags/account_generator.py
[2025-08-10T00:09:26.704+0000] {processor.py:925} INFO - DAG(s) 'account_generator' retrieved from /opt/airflow/dags/account_generator.py
[2025-08-10T00:09:26.722+0000] {logging_mixin.py:190} INFO - [2025-08-10T00:09:26.722+0000] {dag.py:3239} INFO - Sync 1 DAGs
[2025-08-10T00:09:26.735+0000] {logging_mixin.py:190} INFO - [2025-08-10T00:09:26.735+0000] {dag.py:4180} INFO - Setting next_dagrun for account_generator to 2025-08-10 00:00:00+00:00, run_after=2025-08-11 00:00:00+00:00
[2025-08-10T00:09:26.744+0000] {processor.py:208} INFO - Processing /opt/airflow/dags/account_generator.py took 0.066 seconds
[2025-08-10T00:09:57.103+0000] {processor.py:186} INFO - Started process (PID=2282) to work on /opt/airflow/dags/account_generator.py
[2025-08-10T00:09:57.103+0000] {processor.py:914} INFO - Processing file /opt/airflow/dags/account_generator.py for tasks to queue
[2025-08-10T00:09:57.109+0000] {logging_mixin.py:190} INFO - [2025-08-10T00:09:57.108+0000] {dagbag.py:588} INFO - Filling up the DagBag from /opt/airflow/dags/account_generator.py
[2025-08-10T00:09:57.129+0000] {processor.py:925} INFO - DAG(s) 'account_generator' retrieved from /opt/airflow/dags/account_generator.py
[2025-08-10T00:09:57.159+0000] {logging_mixin.py:190} INFO - [2025-08-10T00:09:57.158+0000] {dag.py:3239} INFO - Sync 1 DAGs
[2025-08-10T00:09:57.174+0000] {logging_mixin.py:190} INFO - [2025-08-10T00:09:57.174+0000] {dag.py:4180} INFO - Setting next_dagrun for account_generator to 2025-08-10 00:00:00+00:00, run_after=2025-08-11 00:00:00+00:00
[2025-08-10T00:09:57.187+0000] {processor.py:208} INFO - Processing /opt/airflow/dags/account_generator.py took 0.093 seconds
[2025-08-10T00:10:27.526+0000] {processor.py:186} INFO - Started process (PID=2308) to work on /opt/airflow/dags/account_generator.py
[2025-08-10T00:10:27.527+0000] {processor.py:914} INFO - Processing file /opt/airflow/dags/account_generator.py for tasks to queue
[2025-08-10T00:10:27.530+0000] {logging_mixin.py:190} INFO - [2025-08-10T00:10:27.530+0000] {dagbag.py:588} INFO - Filling up the DagBag from /opt/airflow/dags/account_generator.py
[2025-08-10T00:10:27.538+0000] {processor.py:925} INFO - DAG(s) 'account_generator' retrieved from /opt/airflow/dags/account_generator.py
[2025-08-10T00:10:27.563+0000] {logging_mixin.py:190} INFO - [2025-08-10T00:10:27.562+0000] {dag.py:3239} INFO - Sync 1 DAGs
[2025-08-10T00:10:27.577+0000] {logging_mixin.py:190} INFO - [2025-08-10T00:10:27.577+0000] {dag.py:4180} INFO - Setting next_dagrun for account_generator to 2025-08-10 00:00:00+00:00, run_after=2025-08-11 00:00:00+00:00
[2025-08-10T00:10:27.587+0000] {processor.py:208} INFO - Processing /opt/airflow/dags/account_generator.py took 0.067 seconds
[2025-08-10T00:10:57.943+0000] {processor.py:186} INFO - Started process (PID=2334) to work on /opt/airflow/dags/account_generator.py
[2025-08-10T00:10:57.943+0000] {processor.py:914} INFO - Processing file /opt/airflow/dags/account_generator.py for tasks to queue
[2025-08-10T00:10:57.946+0000] {logging_mixin.py:190} INFO - [2025-08-10T00:10:57.945+0000] {dagbag.py:588} INFO - Filling up the DagBag from /opt/airflow/dags/account_generator.py
[2025-08-10T00:10:57.956+0000] {processor.py:925} INFO - DAG(s) 'account_generator' retrieved from /opt/airflow/dags/account_generator.py
[2025-08-10T00:10:57.973+0000] {logging_mixin.py:190} INFO - [2025-08-10T00:10:57.972+0000] {dag.py:3239} INFO - Sync 1 DAGs
[2025-08-10T00:10:57.985+0000] {logging_mixin.py:190} INFO - [2025-08-10T00:10:57.985+0000] {dag.py:4180} INFO - Setting next_dagrun for account_generator to 2025-08-10 00:00:00+00:00, run_after=2025-08-11 00:00:00+00:00
[2025-08-10T00:10:57.993+0000] {processor.py:208} INFO - Processing /opt/airflow/dags/account_generator.py took 0.057 seconds
[2025-08-10T00:11:28.332+0000] {processor.py:186} INFO - Started process (PID=2360) to work on /opt/airflow/dags/account_generator.py
[2025-08-10T00:11:28.333+0000] {processor.py:914} INFO - Processing file /opt/airflow/dags/account_generator.py for tasks to queue
[2025-08-10T00:11:28.342+0000] {logging_mixin.py:190} INFO - [2025-08-10T00:11:28.342+0000] {dagbag.py:588} INFO - Filling up the DagBag from /opt/airflow/dags/account_generator.py
[2025-08-10T00:11:28.357+0000] {processor.py:925} INFO - DAG(s) 'account_generator' retrieved from /opt/airflow/dags/account_generator.py
[2025-08-10T00:11:28.392+0000] {logging_mixin.py:190} INFO - [2025-08-10T00:11:28.392+0000] {dag.py:3239} INFO - Sync 1 DAGs
[2025-08-10T00:11:28.407+0000] {logging_mixin.py:190} INFO - [2025-08-10T00:11:28.407+0000] {dag.py:4180} INFO - Setting next_dagrun for account_generator to 2025-08-10 00:00:00+00:00, run_after=2025-08-11 00:00:00+00:00
[2025-08-10T00:11:28.424+0000] {processor.py:208} INFO - Processing /opt/airflow/dags/account_generator.py took 0.106 seconds
[2025-08-10T00:11:58.804+0000] {processor.py:186} INFO - Started process (PID=2386) to work on /opt/airflow/dags/account_generator.py
[2025-08-10T00:11:58.804+0000] {processor.py:914} INFO - Processing file /opt/airflow/dags/account_generator.py for tasks to queue
[2025-08-10T00:11:58.808+0000] {logging_mixin.py:190} INFO - [2025-08-10T00:11:58.807+0000] {dagbag.py:588} INFO - Filling up the DagBag from /opt/airflow/dags/account_generator.py
[2025-08-10T00:11:58.818+0000] {processor.py:925} INFO - DAG(s) 'account_generator' retrieved from /opt/airflow/dags/account_generator.py
[2025-08-10T00:11:58.834+0000] {logging_mixin.py:190} INFO - [2025-08-10T00:11:58.834+0000] {dag.py:3239} INFO - Sync 1 DAGs
[2025-08-10T00:11:58.845+0000] {logging_mixin.py:190} INFO - [2025-08-10T00:11:58.845+0000] {dag.py:4180} INFO - Setting next_dagrun for account_generator to 2025-08-10 00:00:00+00:00, run_after=2025-08-11 00:00:00+00:00
[2025-08-10T00:11:58.855+0000] {processor.py:208} INFO - Processing /opt/airflow/dags/account_generator.py took 0.058 seconds
[2025-08-10T00:12:29.177+0000] {processor.py:186} INFO - Started process (PID=2412) to work on /opt/airflow/dags/account_generator.py
[2025-08-10T00:12:29.178+0000] {processor.py:914} INFO - Processing file /opt/airflow/dags/account_generator.py for tasks to queue
[2025-08-10T00:12:29.180+0000] {logging_mixin.py:190} INFO - [2025-08-10T00:12:29.180+0000] {dagbag.py:588} INFO - Filling up the DagBag from /opt/airflow/dags/account_generator.py
[2025-08-10T00:12:29.187+0000] {processor.py:925} INFO - DAG(s) 'account_generator' retrieved from /opt/airflow/dags/account_generator.py
[2025-08-10T00:12:29.206+0000] {logging_mixin.py:190} INFO - [2025-08-10T00:12:29.206+0000] {dag.py:3239} INFO - Sync 1 DAGs
[2025-08-10T00:12:29.220+0000] {logging_mixin.py:190} INFO - [2025-08-10T00:12:29.220+0000] {dag.py:4180} INFO - Setting next_dagrun for account_generator to 2025-08-10 00:00:00+00:00, run_after=2025-08-11 00:00:00+00:00
[2025-08-10T00:12:29.228+0000] {processor.py:208} INFO - Processing /opt/airflow/dags/account_generator.py took 0.064 seconds
[2025-08-10T00:12:59.552+0000] {processor.py:186} INFO - Started process (PID=2438) to work on /opt/airflow/dags/account_generator.py
[2025-08-10T00:12:59.553+0000] {processor.py:914} INFO - Processing file /opt/airflow/dags/account_generator.py for tasks to queue
[2025-08-10T00:12:59.556+0000] {logging_mixin.py:190} INFO - [2025-08-10T00:12:59.556+0000] {dagbag.py:588} INFO - Filling up the DagBag from /opt/airflow/dags/account_generator.py
[2025-08-10T00:12:59.571+0000] {processor.py:925} INFO - DAG(s) 'account_generator' retrieved from /opt/airflow/dags/account_generator.py
[2025-08-10T00:12:59.591+0000] {logging_mixin.py:190} INFO - [2025-08-10T00:12:59.591+0000] {dag.py:3239} INFO - Sync 1 DAGs
[2025-08-10T00:12:59.605+0000] {logging_mixin.py:190} INFO - [2025-08-10T00:12:59.605+0000] {dag.py:4180} INFO - Setting next_dagrun for account_generator to 2025-08-10 00:00:00+00:00, run_after=2025-08-11 00:00:00+00:00
[2025-08-10T00:12:59.617+0000] {processor.py:208} INFO - Processing /opt/airflow/dags/account_generator.py took 0.073 seconds
[2025-08-10T00:13:29.966+0000] {processor.py:186} INFO - Started process (PID=2464) to work on /opt/airflow/dags/account_generator.py
[2025-08-10T00:13:29.966+0000] {processor.py:914} INFO - Processing file /opt/airflow/dags/account_generator.py for tasks to queue
[2025-08-10T00:13:29.972+0000] {logging_mixin.py:190} INFO - [2025-08-10T00:13:29.971+0000] {dagbag.py:588} INFO - Filling up the DagBag from /opt/airflow/dags/account_generator.py
[2025-08-10T00:13:29.988+0000] {processor.py:925} INFO - DAG(s) 'account_generator' retrieved from /opt/airflow/dags/account_generator.py
[2025-08-10T00:13:30.017+0000] {logging_mixin.py:190} INFO - [2025-08-10T00:13:30.017+0000] {dag.py:3239} INFO - Sync 1 DAGs
[2025-08-10T00:13:30.037+0000] {logging_mixin.py:190} INFO - [2025-08-10T00:13:30.037+0000] {dag.py:4180} INFO - Setting next_dagrun for account_generator to 2025-08-10 00:00:00+00:00, run_after=2025-08-11 00:00:00+00:00
[2025-08-10T00:13:30.049+0000] {processor.py:208} INFO - Processing /opt/airflow/dags/account_generator.py took 0.094 seconds
[2025-08-10T00:14:00.367+0000] {processor.py:186} INFO - Started process (PID=2490) to work on /opt/airflow/dags/account_generator.py
[2025-08-10T00:14:00.368+0000] {processor.py:914} INFO - Processing file /opt/airflow/dags/account_generator.py for tasks to queue
[2025-08-10T00:14:00.370+0000] {logging_mixin.py:190} INFO - [2025-08-10T00:14:00.370+0000] {dagbag.py:588} INFO - Filling up the DagBag from /opt/airflow/dags/account_generator.py
[2025-08-10T00:14:00.380+0000] {processor.py:925} INFO - DAG(s) 'account_generator' retrieved from /opt/airflow/dags/account_generator.py
[2025-08-10T00:14:00.402+0000] {logging_mixin.py:190} INFO - [2025-08-10T00:14:00.402+0000] {dag.py:3239} INFO - Sync 1 DAGs
[2025-08-10T00:14:00.414+0000] {logging_mixin.py:190} INFO - [2025-08-10T00:14:00.414+0000] {dag.py:4180} INFO - Setting next_dagrun for account_generator to 2025-08-10 00:00:00+00:00, run_after=2025-08-11 00:00:00+00:00
[2025-08-10T00:14:00.424+0000] {processor.py:208} INFO - Processing /opt/airflow/dags/account_generator.py took 0.067 seconds
[2025-08-10T00:14:30.789+0000] {processor.py:186} INFO - Started process (PID=2516) to work on /opt/airflow/dags/account_generator.py
[2025-08-10T00:14:30.792+0000] {processor.py:914} INFO - Processing file /opt/airflow/dags/account_generator.py for tasks to queue
[2025-08-10T00:14:30.797+0000] {logging_mixin.py:190} INFO - [2025-08-10T00:14:30.797+0000] {dagbag.py:588} INFO - Filling up the DagBag from /opt/airflow/dags/account_generator.py
[2025-08-10T00:14:30.811+0000] {processor.py:925} INFO - DAG(s) 'account_generator' retrieved from /opt/airflow/dags/account_generator.py
[2025-08-10T00:14:30.835+0000] {logging_mixin.py:190} INFO - [2025-08-10T00:14:30.835+0000] {dag.py:3239} INFO - Sync 1 DAGs
[2025-08-10T00:14:30.848+0000] {logging_mixin.py:190} INFO - [2025-08-10T00:14:30.848+0000] {dag.py:4180} INFO - Setting next_dagrun for account_generator to 2025-08-10 00:00:00+00:00, run_after=2025-08-11 00:00:00+00:00
[2025-08-10T00:14:30.860+0000] {processor.py:208} INFO - Processing /opt/airflow/dags/account_generator.py took 0.085 seconds
[2025-08-10T00:15:01.203+0000] {processor.py:186} INFO - Started process (PID=2542) to work on /opt/airflow/dags/account_generator.py
[2025-08-10T00:15:01.203+0000] {processor.py:914} INFO - Processing file /opt/airflow/dags/account_generator.py for tasks to queue
[2025-08-10T00:15:01.208+0000] {logging_mixin.py:190} INFO - [2025-08-10T00:15:01.207+0000] {dagbag.py:588} INFO - Filling up the DagBag from /opt/airflow/dags/account_generator.py
[2025-08-10T00:15:01.219+0000] {processor.py:925} INFO - DAG(s) 'account_generator' retrieved from /opt/airflow/dags/account_generator.py
[2025-08-10T00:15:01.246+0000] {logging_mixin.py:190} INFO - [2025-08-10T00:15:01.246+0000] {dag.py:3239} INFO - Sync 1 DAGs
[2025-08-10T00:15:01.267+0000] {logging_mixin.py:190} INFO - [2025-08-10T00:15:01.267+0000] {dag.py:4180} INFO - Setting next_dagrun for account_generator to 2025-08-10 00:00:00+00:00, run_after=2025-08-11 00:00:00+00:00
[2025-08-10T00:15:01.280+0000] {processor.py:208} INFO - Processing /opt/airflow/dags/account_generator.py took 0.085 seconds
[2025-08-10T00:15:31.600+0000] {processor.py:186} INFO - Started process (PID=2568) to work on /opt/airflow/dags/account_generator.py
[2025-08-10T00:15:31.601+0000] {processor.py:914} INFO - Processing file /opt/airflow/dags/account_generator.py for tasks to queue
[2025-08-10T00:15:31.603+0000] {logging_mixin.py:190} INFO - [2025-08-10T00:15:31.603+0000] {dagbag.py:588} INFO - Filling up the DagBag from /opt/airflow/dags/account_generator.py
[2025-08-10T00:15:31.611+0000] {processor.py:925} INFO - DAG(s) 'account_generator' retrieved from /opt/airflow/dags/account_generator.py
[2025-08-10T00:15:31.629+0000] {logging_mixin.py:190} INFO - [2025-08-10T00:15:31.629+0000] {dag.py:3239} INFO - Sync 1 DAGs
[2025-08-10T00:15:31.639+0000] {logging_mixin.py:190} INFO - [2025-08-10T00:15:31.639+0000] {dag.py:4180} INFO - Setting next_dagrun for account_generator to 2025-08-10 00:00:00+00:00, run_after=2025-08-11 00:00:00+00:00
[2025-08-10T00:15:31.649+0000] {processor.py:208} INFO - Processing /opt/airflow/dags/account_generator.py took 0.054 seconds
[2025-08-10T00:16:01.986+0000] {processor.py:186} INFO - Started process (PID=2594) to work on /opt/airflow/dags/account_generator.py
[2025-08-10T00:16:01.987+0000] {processor.py:914} INFO - Processing file /opt/airflow/dags/account_generator.py for tasks to queue
[2025-08-10T00:16:01.989+0000] {logging_mixin.py:190} INFO - [2025-08-10T00:16:01.989+0000] {dagbag.py:588} INFO - Filling up the DagBag from /opt/airflow/dags/account_generator.py
[2025-08-10T00:16:02.004+0000] {processor.py:925} INFO - DAG(s) 'account_generator' retrieved from /opt/airflow/dags/account_generator.py
[2025-08-10T00:16:02.025+0000] {logging_mixin.py:190} INFO - [2025-08-10T00:16:02.025+0000] {dag.py:3239} INFO - Sync 1 DAGs
[2025-08-10T00:16:02.040+0000] {logging_mixin.py:190} INFO - [2025-08-10T00:16:02.040+0000] {dag.py:4180} INFO - Setting next_dagrun for account_generator to 2025-08-10 00:00:00+00:00, run_after=2025-08-11 00:00:00+00:00
[2025-08-10T00:16:02.048+0000] {processor.py:208} INFO - Processing /opt/airflow/dags/account_generator.py took 0.069 seconds
[2025-08-10T00:16:32.381+0000] {processor.py:186} INFO - Started process (PID=2620) to work on /opt/airflow/dags/account_generator.py
[2025-08-10T00:16:32.382+0000] {processor.py:914} INFO - Processing file /opt/airflow/dags/account_generator.py for tasks to queue
[2025-08-10T00:16:32.385+0000] {logging_mixin.py:190} INFO - [2025-08-10T00:16:32.384+0000] {dagbag.py:588} INFO - Filling up the DagBag from /opt/airflow/dags/account_generator.py
[2025-08-10T00:16:32.393+0000] {processor.py:925} INFO - DAG(s) 'account_generator' retrieved from /opt/airflow/dags/account_generator.py
[2025-08-10T00:16:32.410+0000] {logging_mixin.py:190} INFO - [2025-08-10T00:16:32.410+0000] {dag.py:3239} INFO - Sync 1 DAGs
[2025-08-10T00:16:32.421+0000] {logging_mixin.py:190} INFO - [2025-08-10T00:16:32.421+0000] {dag.py:4180} INFO - Setting next_dagrun for account_generator to 2025-08-10 00:00:00+00:00, run_after=2025-08-11 00:00:00+00:00
[2025-08-10T00:16:32.430+0000] {processor.py:208} INFO - Processing /opt/airflow/dags/account_generator.py took 0.054 seconds
[2025-08-10T00:17:02.755+0000] {processor.py:186} INFO - Started process (PID=2646) to work on /opt/airflow/dags/account_generator.py
[2025-08-10T00:17:02.757+0000] {processor.py:914} INFO - Processing file /opt/airflow/dags/account_generator.py for tasks to queue
[2025-08-10T00:17:02.760+0000] {logging_mixin.py:190} INFO - [2025-08-10T00:17:02.760+0000] {dagbag.py:588} INFO - Filling up the DagBag from /opt/airflow/dags/account_generator.py
[2025-08-10T00:17:02.769+0000] {processor.py:925} INFO - DAG(s) 'account_generator' retrieved from /opt/airflow/dags/account_generator.py
[2025-08-10T00:17:02.788+0000] {logging_mixin.py:190} INFO - [2025-08-10T00:17:02.788+0000] {dag.py:3239} INFO - Sync 1 DAGs
[2025-08-10T00:17:02.801+0000] {logging_mixin.py:190} INFO - [2025-08-10T00:17:02.801+0000] {dag.py:4180} INFO - Setting next_dagrun for account_generator to 2025-08-10 00:00:00+00:00, run_after=2025-08-11 00:00:00+00:00
[2025-08-10T00:17:02.810+0000] {processor.py:208} INFO - Processing /opt/airflow/dags/account_generator.py took 0.064 seconds
[2025-08-10T00:17:33.166+0000] {processor.py:186} INFO - Started process (PID=2672) to work on /opt/airflow/dags/account_generator.py
[2025-08-10T00:17:33.166+0000] {processor.py:914} INFO - Processing file /opt/airflow/dags/account_generator.py for tasks to queue
[2025-08-10T00:17:33.171+0000] {logging_mixin.py:190} INFO - [2025-08-10T00:17:33.169+0000] {dagbag.py:588} INFO - Filling up the DagBag from /opt/airflow/dags/account_generator.py
[2025-08-10T00:17:33.180+0000] {processor.py:925} INFO - DAG(s) 'account_generator' retrieved from /opt/airflow/dags/account_generator.py
[2025-08-10T00:17:33.210+0000] {logging_mixin.py:190} INFO - [2025-08-10T00:17:33.210+0000] {dag.py:3239} INFO - Sync 1 DAGs
[2025-08-10T00:17:33.225+0000] {logging_mixin.py:190} INFO - [2025-08-10T00:17:33.225+0000] {dag.py:4180} INFO - Setting next_dagrun for account_generator to 2025-08-10 00:00:00+00:00, run_after=2025-08-11 00:00:00+00:00
[2025-08-10T00:17:33.236+0000] {processor.py:208} INFO - Processing /opt/airflow/dags/account_generator.py took 0.080 seconds
[2025-08-10T00:18:03.555+0000] {processor.py:186} INFO - Started process (PID=2698) to work on /opt/airflow/dags/account_generator.py
[2025-08-10T00:18:03.556+0000] {processor.py:914} INFO - Processing file /opt/airflow/dags/account_generator.py for tasks to queue
[2025-08-10T00:18:03.559+0000] {logging_mixin.py:190} INFO - [2025-08-10T00:18:03.558+0000] {dagbag.py:588} INFO - Filling up the DagBag from /opt/airflow/dags/account_generator.py
[2025-08-10T00:18:03.569+0000] {processor.py:925} INFO - DAG(s) 'account_generator' retrieved from /opt/airflow/dags/account_generator.py
[2025-08-10T00:18:03.585+0000] {logging_mixin.py:190} INFO - [2025-08-10T00:18:03.585+0000] {dag.py:3239} INFO - Sync 1 DAGs
[2025-08-10T00:18:03.598+0000] {logging_mixin.py:190} INFO - [2025-08-10T00:18:03.598+0000] {dag.py:4180} INFO - Setting next_dagrun for account_generator to 2025-08-10 00:00:00+00:00, run_after=2025-08-11 00:00:00+00:00
[2025-08-10T00:18:03.607+0000] {processor.py:208} INFO - Processing /opt/airflow/dags/account_generator.py took 0.056 seconds
[2025-08-10T00:18:33.928+0000] {processor.py:186} INFO - Started process (PID=2730) to work on /opt/airflow/dags/account_generator.py
[2025-08-10T00:18:33.929+0000] {processor.py:914} INFO - Processing file /opt/airflow/dags/account_generator.py for tasks to queue
[2025-08-10T00:18:33.932+0000] {logging_mixin.py:190} INFO - [2025-08-10T00:18:33.931+0000] {dagbag.py:588} INFO - Filling up the DagBag from /opt/airflow/dags/account_generator.py
[2025-08-10T00:18:33.940+0000] {processor.py:925} INFO - DAG(s) 'account_generator' retrieved from /opt/airflow/dags/account_generator.py
[2025-08-10T00:18:33.963+0000] {logging_mixin.py:190} INFO - [2025-08-10T00:18:33.963+0000] {dag.py:3239} INFO - Sync 1 DAGs
[2025-08-10T00:18:33.976+0000] {logging_mixin.py:190} INFO - [2025-08-10T00:18:33.976+0000] {dag.py:4180} INFO - Setting next_dagrun for account_generator to 2025-08-10 00:00:00+00:00, run_after=2025-08-11 00:00:00+00:00
[2025-08-10T00:18:33.987+0000] {processor.py:208} INFO - Processing /opt/airflow/dags/account_generator.py took 0.064 seconds
[2025-08-10T00:19:04.370+0000] {processor.py:186} INFO - Started process (PID=2756) to work on /opt/airflow/dags/account_generator.py
[2025-08-10T00:19:04.371+0000] {processor.py:914} INFO - Processing file /opt/airflow/dags/account_generator.py for tasks to queue
[2025-08-10T00:19:04.373+0000] {logging_mixin.py:190} INFO - [2025-08-10T00:19:04.373+0000] {dagbag.py:588} INFO - Filling up the DagBag from /opt/airflow/dags/account_generator.py
[2025-08-10T00:19:04.383+0000] {processor.py:925} INFO - DAG(s) 'account_generator' retrieved from /opt/airflow/dags/account_generator.py
[2025-08-10T00:19:04.409+0000] {logging_mixin.py:190} INFO - [2025-08-10T00:19:04.409+0000] {dag.py:3239} INFO - Sync 1 DAGs
[2025-08-10T00:19:04.426+0000] {logging_mixin.py:190} INFO - [2025-08-10T00:19:04.426+0000] {dag.py:4180} INFO - Setting next_dagrun for account_generator to 2025-08-10 00:00:00+00:00, run_after=2025-08-11 00:00:00+00:00
[2025-08-10T00:19:04.436+0000] {processor.py:208} INFO - Processing /opt/airflow/dags/account_generator.py took 0.077 seconds
[2025-08-10T00:19:34.771+0000] {processor.py:186} INFO - Started process (PID=2782) to work on /opt/airflow/dags/account_generator.py
[2025-08-10T00:19:34.772+0000] {processor.py:914} INFO - Processing file /opt/airflow/dags/account_generator.py for tasks to queue
[2025-08-10T00:19:34.776+0000] {logging_mixin.py:190} INFO - [2025-08-10T00:19:34.775+0000] {dagbag.py:588} INFO - Filling up the DagBag from /opt/airflow/dags/account_generator.py
[2025-08-10T00:19:34.798+0000] {processor.py:925} INFO - DAG(s) 'account_generator' retrieved from /opt/airflow/dags/account_generator.py
[2025-08-10T00:19:34.836+0000] {logging_mixin.py:190} INFO - [2025-08-10T00:19:34.836+0000] {dag.py:3239} INFO - Sync 1 DAGs
[2025-08-10T00:19:34.854+0000] {logging_mixin.py:190} INFO - [2025-08-10T00:19:34.854+0000] {dag.py:4180} INFO - Setting next_dagrun for account_generator to 2025-08-10 00:00:00+00:00, run_after=2025-08-11 00:00:00+00:00
[2025-08-10T00:19:34.874+0000] {processor.py:208} INFO - Processing /opt/airflow/dags/account_generator.py took 0.111 seconds
[2025-08-10T00:20:05.270+0000] {processor.py:186} INFO - Started process (PID=2808) to work on /opt/airflow/dags/account_generator.py
[2025-08-10T00:20:05.271+0000] {processor.py:914} INFO - Processing file /opt/airflow/dags/account_generator.py for tasks to queue
[2025-08-10T00:20:05.275+0000] {logging_mixin.py:190} INFO - [2025-08-10T00:20:05.275+0000] {dagbag.py:588} INFO - Filling up the DagBag from /opt/airflow/dags/account_generator.py
[2025-08-10T00:20:05.288+0000] {processor.py:925} INFO - DAG(s) 'account_generator' retrieved from /opt/airflow/dags/account_generator.py
[2025-08-10T00:20:05.310+0000] {logging_mixin.py:190} INFO - [2025-08-10T00:20:05.310+0000] {dag.py:3239} INFO - Sync 1 DAGs
[2025-08-10T00:20:05.330+0000] {logging_mixin.py:190} INFO - [2025-08-10T00:20:05.330+0000] {dag.py:4180} INFO - Setting next_dagrun for account_generator to 2025-08-10 00:00:00+00:00, run_after=2025-08-11 00:00:00+00:00
[2025-08-10T00:20:05.344+0000] {processor.py:208} INFO - Processing /opt/airflow/dags/account_generator.py took 0.080 seconds
[2025-08-10T00:20:35.722+0000] {processor.py:186} INFO - Started process (PID=2834) to work on /opt/airflow/dags/account_generator.py
[2025-08-10T00:20:35.723+0000] {processor.py:914} INFO - Processing file /opt/airflow/dags/account_generator.py for tasks to queue
[2025-08-10T00:20:35.730+0000] {logging_mixin.py:190} INFO - [2025-08-10T00:20:35.730+0000] {dagbag.py:588} INFO - Filling up the DagBag from /opt/airflow/dags/account_generator.py
[2025-08-10T00:20:35.747+0000] {processor.py:925} INFO - DAG(s) 'account_generator' retrieved from /opt/airflow/dags/account_generator.py
[2025-08-10T00:20:35.784+0000] {logging_mixin.py:190} INFO - [2025-08-10T00:20:35.783+0000] {dag.py:3239} INFO - Sync 1 DAGs
[2025-08-10T00:20:35.808+0000] {logging_mixin.py:190} INFO - [2025-08-10T00:20:35.807+0000] {dag.py:4180} INFO - Setting next_dagrun for account_generator to 2025-08-10 00:00:00+00:00, run_after=2025-08-11 00:00:00+00:00
[2025-08-10T00:20:35.818+0000] {processor.py:208} INFO - Processing /opt/airflow/dags/account_generator.py took 0.104 seconds
[2025-08-10T00:21:06.158+0000] {processor.py:186} INFO - Started process (PID=2860) to work on /opt/airflow/dags/account_generator.py
[2025-08-10T00:21:06.159+0000] {processor.py:914} INFO - Processing file /opt/airflow/dags/account_generator.py for tasks to queue
[2025-08-10T00:21:06.161+0000] {logging_mixin.py:190} INFO - [2025-08-10T00:21:06.161+0000] {dagbag.py:588} INFO - Filling up the DagBag from /opt/airflow/dags/account_generator.py
[2025-08-10T00:21:06.170+0000] {processor.py:925} INFO - DAG(s) 'account_generator' retrieved from /opt/airflow/dags/account_generator.py
[2025-08-10T00:21:06.193+0000] {logging_mixin.py:190} INFO - [2025-08-10T00:21:06.193+0000] {dag.py:3239} INFO - Sync 1 DAGs
[2025-08-10T00:21:06.211+0000] {logging_mixin.py:190} INFO - [2025-08-10T00:21:06.211+0000] {dag.py:4180} INFO - Setting next_dagrun for account_generator to 2025-08-10 00:00:00+00:00, run_after=2025-08-11 00:00:00+00:00
[2025-08-10T00:21:06.225+0000] {processor.py:208} INFO - Processing /opt/airflow/dags/account_generator.py took 0.075 seconds
[2025-08-10T00:21:36.553+0000] {processor.py:186} INFO - Started process (PID=2886) to work on /opt/airflow/dags/account_generator.py
[2025-08-10T00:21:36.553+0000] {processor.py:914} INFO - Processing file /opt/airflow/dags/account_generator.py for tasks to queue
[2025-08-10T00:21:36.556+0000] {logging_mixin.py:190} INFO - [2025-08-10T00:21:36.556+0000] {dagbag.py:588} INFO - Filling up the DagBag from /opt/airflow/dags/account_generator.py
[2025-08-10T00:21:36.565+0000] {processor.py:925} INFO - DAG(s) 'account_generator' retrieved from /opt/airflow/dags/account_generator.py
[2025-08-10T00:21:36.589+0000] {logging_mixin.py:190} INFO - [2025-08-10T00:21:36.589+0000] {dag.py:3239} INFO - Sync 1 DAGs
[2025-08-10T00:21:36.603+0000] {logging_mixin.py:190} INFO - [2025-08-10T00:21:36.602+0000] {dag.py:4180} INFO - Setting next_dagrun for account_generator to 2025-08-10 00:00:00+00:00, run_after=2025-08-11 00:00:00+00:00
[2025-08-10T00:21:36.614+0000] {processor.py:208} INFO - Processing /opt/airflow/dags/account_generator.py took 0.068 seconds
[2025-08-10T00:22:07.038+0000] {processor.py:186} INFO - Started process (PID=2912) to work on /opt/airflow/dags/account_generator.py
[2025-08-10T00:22:07.042+0000] {processor.py:914} INFO - Processing file /opt/airflow/dags/account_generator.py for tasks to queue
[2025-08-10T00:22:07.047+0000] {logging_mixin.py:190} INFO - [2025-08-10T00:22:07.047+0000] {dagbag.py:588} INFO - Filling up the DagBag from /opt/airflow/dags/account_generator.py
[2025-08-10T00:22:07.063+0000] {processor.py:925} INFO - DAG(s) 'account_generator' retrieved from /opt/airflow/dags/account_generator.py
[2025-08-10T00:22:07.108+0000] {logging_mixin.py:190} INFO - [2025-08-10T00:22:07.108+0000] {dag.py:3239} INFO - Sync 1 DAGs
[2025-08-10T00:22:07.143+0000] {logging_mixin.py:190} INFO - [2025-08-10T00:22:07.143+0000] {dag.py:4180} INFO - Setting next_dagrun for account_generator to 2025-08-10 00:00:00+00:00, run_after=2025-08-11 00:00:00+00:00
[2025-08-10T00:22:07.182+0000] {processor.py:208} INFO - Processing /opt/airflow/dags/account_generator.py took 0.166 seconds
[2025-08-10T00:22:37.582+0000] {processor.py:186} INFO - Started process (PID=2938) to work on /opt/airflow/dags/account_generator.py
[2025-08-10T00:22:37.583+0000] {processor.py:914} INFO - Processing file /opt/airflow/dags/account_generator.py for tasks to queue
[2025-08-10T00:22:37.591+0000] {logging_mixin.py:190} INFO - [2025-08-10T00:22:37.591+0000] {dagbag.py:588} INFO - Filling up the DagBag from /opt/airflow/dags/account_generator.py
[2025-08-10T00:22:37.629+0000] {processor.py:925} INFO - DAG(s) 'account_generator' retrieved from /opt/airflow/dags/account_generator.py
[2025-08-10T00:22:37.764+0000] {logging_mixin.py:190} INFO - [2025-08-10T00:22:37.763+0000] {dag.py:3239} INFO - Sync 1 DAGs
[2025-08-10T00:22:37.783+0000] {logging_mixin.py:190} INFO - [2025-08-10T00:22:37.783+0000] {dag.py:4180} INFO - Setting next_dagrun for account_generator to 2025-08-10 00:00:00+00:00, run_after=2025-08-11 00:00:00+00:00
[2025-08-10T00:22:37.795+0000] {processor.py:208} INFO - Processing /opt/airflow/dags/account_generator.py took 0.230 seconds
[2025-08-10T00:23:08.167+0000] {processor.py:186} INFO - Started process (PID=2964) to work on /opt/airflow/dags/account_generator.py
[2025-08-10T00:23:08.168+0000] {processor.py:914} INFO - Processing file /opt/airflow/dags/account_generator.py for tasks to queue
[2025-08-10T00:23:08.172+0000] {logging_mixin.py:190} INFO - [2025-08-10T00:23:08.172+0000] {dagbag.py:588} INFO - Filling up the DagBag from /opt/airflow/dags/account_generator.py
[2025-08-10T00:23:08.184+0000] {processor.py:925} INFO - DAG(s) 'account_generator' retrieved from /opt/airflow/dags/account_generator.py
[2025-08-10T00:23:08.207+0000] {logging_mixin.py:190} INFO - [2025-08-10T00:23:08.206+0000] {dag.py:3239} INFO - Sync 1 DAGs
[2025-08-10T00:23:08.222+0000] {logging_mixin.py:190} INFO - [2025-08-10T00:23:08.222+0000] {dag.py:4180} INFO - Setting next_dagrun for account_generator to 2025-08-10 00:00:00+00:00, run_after=2025-08-11 00:00:00+00:00
[2025-08-10T00:23:08.233+0000] {processor.py:208} INFO - Processing /opt/airflow/dags/account_generator.py took 0.074 seconds
[2025-08-10T00:23:38.585+0000] {processor.py:186} INFO - Started process (PID=2990) to work on /opt/airflow/dags/account_generator.py
[2025-08-10T00:23:38.586+0000] {processor.py:914} INFO - Processing file /opt/airflow/dags/account_generator.py for tasks to queue
[2025-08-10T00:23:38.595+0000] {logging_mixin.py:190} INFO - [2025-08-10T00:23:38.595+0000] {dagbag.py:588} INFO - Filling up the DagBag from /opt/airflow/dags/account_generator.py
[2025-08-10T00:23:38.613+0000] {processor.py:925} INFO - DAG(s) 'account_generator' retrieved from /opt/airflow/dags/account_generator.py
[2025-08-10T00:23:38.657+0000] {logging_mixin.py:190} INFO - [2025-08-10T00:23:38.656+0000] {dag.py:3239} INFO - Sync 1 DAGs
[2025-08-10T00:23:38.678+0000] {logging_mixin.py:190} INFO - [2025-08-10T00:23:38.678+0000] {dag.py:4180} INFO - Setting next_dagrun for account_generator to 2025-08-10 00:00:00+00:00, run_after=2025-08-11 00:00:00+00:00
[2025-08-10T00:23:38.689+0000] {processor.py:208} INFO - Processing /opt/airflow/dags/account_generator.py took 0.118 seconds
[2025-08-10T00:24:09.049+0000] {processor.py:186} INFO - Started process (PID=3016) to work on /opt/airflow/dags/account_generator.py
[2025-08-10T00:24:09.050+0000] {processor.py:914} INFO - Processing file /opt/airflow/dags/account_generator.py for tasks to queue
[2025-08-10T00:24:09.055+0000] {logging_mixin.py:190} INFO - [2025-08-10T00:24:09.054+0000] {dagbag.py:588} INFO - Filling up the DagBag from /opt/airflow/dags/account_generator.py
[2025-08-10T00:24:09.074+0000] {processor.py:925} INFO - DAG(s) 'account_generator' retrieved from /opt/airflow/dags/account_generator.py
[2025-08-10T00:24:09.102+0000] {logging_mixin.py:190} INFO - [2025-08-10T00:24:09.102+0000] {dag.py:3239} INFO - Sync 1 DAGs
[2025-08-10T00:24:09.122+0000] {logging_mixin.py:190} INFO - [2025-08-10T00:24:09.122+0000] {dag.py:4180} INFO - Setting next_dagrun for account_generator to 2025-08-10 00:00:00+00:00, run_after=2025-08-11 00:00:00+00:00
[2025-08-10T00:24:09.133+0000] {processor.py:208} INFO - Processing /opt/airflow/dags/account_generator.py took 0.091 seconds
[2025-08-10T00:24:39.487+0000] {processor.py:186} INFO - Started process (PID=3041) to work on /opt/airflow/dags/account_generator.py
[2025-08-10T00:24:39.488+0000] {processor.py:914} INFO - Processing file /opt/airflow/dags/account_generator.py for tasks to queue
[2025-08-10T00:24:39.492+0000] {logging_mixin.py:190} INFO - [2025-08-10T00:24:39.492+0000] {dagbag.py:588} INFO - Filling up the DagBag from /opt/airflow/dags/account_generator.py
[2025-08-10T00:24:39.505+0000] {processor.py:925} INFO - DAG(s) 'account_generator' retrieved from /opt/airflow/dags/account_generator.py
[2025-08-10T00:24:39.525+0000] {logging_mixin.py:190} INFO - [2025-08-10T00:24:39.525+0000] {dag.py:3239} INFO - Sync 1 DAGs
[2025-08-10T00:24:39.540+0000] {logging_mixin.py:190} INFO - [2025-08-10T00:24:39.540+0000] {dag.py:4180} INFO - Setting next_dagrun for account_generator to 2025-08-10 00:00:00+00:00, run_after=2025-08-11 00:00:00+00:00
[2025-08-10T00:24:39.551+0000] {processor.py:208} INFO - Processing /opt/airflow/dags/account_generator.py took 0.072 seconds
[2025-08-10T00:25:09.922+0000] {processor.py:186} INFO - Started process (PID=3067) to work on /opt/airflow/dags/account_generator.py
[2025-08-10T00:25:09.923+0000] {processor.py:914} INFO - Processing file /opt/airflow/dags/account_generator.py for tasks to queue
[2025-08-10T00:25:09.926+0000] {logging_mixin.py:190} INFO - [2025-08-10T00:25:09.926+0000] {dagbag.py:588} INFO - Filling up the DagBag from /opt/airflow/dags/account_generator.py
[2025-08-10T00:25:09.938+0000] {processor.py:925} INFO - DAG(s) 'account_generator' retrieved from /opt/airflow/dags/account_generator.py
[2025-08-10T00:25:09.956+0000] {logging_mixin.py:190} INFO - [2025-08-10T00:25:09.956+0000] {dag.py:3239} INFO - Sync 1 DAGs
[2025-08-10T00:25:09.968+0000] {logging_mixin.py:190} INFO - [2025-08-10T00:25:09.968+0000] {dag.py:4180} INFO - Setting next_dagrun for account_generator to 2025-08-10 00:00:00+00:00, run_after=2025-08-11 00:00:00+00:00
[2025-08-10T00:25:09.977+0000] {processor.py:208} INFO - Processing /opt/airflow/dags/account_generator.py took 0.060 seconds
[2025-08-10T00:25:40.338+0000] {processor.py:186} INFO - Started process (PID=3093) to work on /opt/airflow/dags/account_generator.py
[2025-08-10T00:25:40.339+0000] {processor.py:914} INFO - Processing file /opt/airflow/dags/account_generator.py for tasks to queue
[2025-08-10T00:25:40.346+0000] {logging_mixin.py:190} INFO - [2025-08-10T00:25:40.346+0000] {dagbag.py:588} INFO - Filling up the DagBag from /opt/airflow/dags/account_generator.py
[2025-08-10T00:25:40.360+0000] {processor.py:925} INFO - DAG(s) 'account_generator' retrieved from /opt/airflow/dags/account_generator.py
[2025-08-10T00:25:40.394+0000] {logging_mixin.py:190} INFO - [2025-08-10T00:25:40.394+0000] {dag.py:3239} INFO - Sync 1 DAGs
[2025-08-10T00:25:40.411+0000] {logging_mixin.py:190} INFO - [2025-08-10T00:25:40.411+0000] {dag.py:4180} INFO - Setting next_dagrun for account_generator to 2025-08-10 00:00:00+00:00, run_after=2025-08-11 00:00:00+00:00
[2025-08-10T00:25:40.421+0000] {processor.py:208} INFO - Processing /opt/airflow/dags/account_generator.py took 0.097 seconds
[2025-08-10T00:26:10.756+0000] {processor.py:186} INFO - Started process (PID=3119) to work on /opt/airflow/dags/account_generator.py
[2025-08-10T00:26:10.757+0000] {processor.py:914} INFO - Processing file /opt/airflow/dags/account_generator.py for tasks to queue
[2025-08-10T00:26:10.761+0000] {logging_mixin.py:190} INFO - [2025-08-10T00:26:10.760+0000] {dagbag.py:588} INFO - Filling up the DagBag from /opt/airflow/dags/account_generator.py
[2025-08-10T00:26:10.780+0000] {processor.py:925} INFO - DAG(s) 'account_generator' retrieved from /opt/airflow/dags/account_generator.py
[2025-08-10T00:26:10.818+0000] {logging_mixin.py:190} INFO - [2025-08-10T00:26:10.818+0000] {dag.py:3239} INFO - Sync 1 DAGs
[2025-08-10T00:26:10.832+0000] {logging_mixin.py:190} INFO - [2025-08-10T00:26:10.832+0000] {dag.py:4180} INFO - Setting next_dagrun for account_generator to 2025-08-10 00:00:00+00:00, run_after=2025-08-11 00:00:00+00:00
[2025-08-10T00:26:10.845+0000] {processor.py:208} INFO - Processing /opt/airflow/dags/account_generator.py took 0.112 seconds
[2025-08-10T00:26:41.180+0000] {processor.py:186} INFO - Started process (PID=3145) to work on /opt/airflow/dags/account_generator.py
[2025-08-10T00:26:41.181+0000] {processor.py:914} INFO - Processing file /opt/airflow/dags/account_generator.py for tasks to queue
[2025-08-10T00:26:41.186+0000] {logging_mixin.py:190} INFO - [2025-08-10T00:26:41.185+0000] {dagbag.py:588} INFO - Filling up the DagBag from /opt/airflow/dags/account_generator.py
[2025-08-10T00:26:41.199+0000] {processor.py:925} INFO - DAG(s) 'account_generator' retrieved from /opt/airflow/dags/account_generator.py
[2025-08-10T00:26:41.229+0000] {logging_mixin.py:190} INFO - [2025-08-10T00:26:41.229+0000] {dag.py:3239} INFO - Sync 1 DAGs
[2025-08-10T00:26:41.245+0000] {logging_mixin.py:190} INFO - [2025-08-10T00:26:41.245+0000] {dag.py:4180} INFO - Setting next_dagrun for account_generator to 2025-08-10 00:00:00+00:00, run_after=2025-08-11 00:00:00+00:00
[2025-08-10T00:26:41.257+0000] {processor.py:208} INFO - Processing /opt/airflow/dags/account_generator.py took 0.087 seconds
[2025-08-10T00:27:11.638+0000] {processor.py:186} INFO - Started process (PID=3171) to work on /opt/airflow/dags/account_generator.py
[2025-08-10T00:27:11.639+0000] {processor.py:914} INFO - Processing file /opt/airflow/dags/account_generator.py for tasks to queue
[2025-08-10T00:27:11.647+0000] {logging_mixin.py:190} INFO - [2025-08-10T00:27:11.646+0000] {dagbag.py:588} INFO - Filling up the DagBag from /opt/airflow/dags/account_generator.py
[2025-08-10T00:27:11.666+0000] {processor.py:925} INFO - DAG(s) 'account_generator' retrieved from /opt/airflow/dags/account_generator.py
[2025-08-10T00:27:11.700+0000] {logging_mixin.py:190} INFO - [2025-08-10T00:27:11.700+0000] {dag.py:3239} INFO - Sync 1 DAGs
[2025-08-10T00:27:11.723+0000] {logging_mixin.py:190} INFO - [2025-08-10T00:27:11.723+0000] {dag.py:4180} INFO - Setting next_dagrun for account_generator to 2025-08-10 00:00:00+00:00, run_after=2025-08-11 00:00:00+00:00
[2025-08-10T00:27:11.736+0000] {processor.py:208} INFO - Processing /opt/airflow/dags/account_generator.py took 0.112 seconds
[2025-08-10T00:27:42.090+0000] {processor.py:186} INFO - Started process (PID=3197) to work on /opt/airflow/dags/account_generator.py
[2025-08-10T00:27:42.091+0000] {processor.py:914} INFO - Processing file /opt/airflow/dags/account_generator.py for tasks to queue
[2025-08-10T00:27:42.094+0000] {logging_mixin.py:190} INFO - [2025-08-10T00:27:42.094+0000] {dagbag.py:588} INFO - Filling up the DagBag from /opt/airflow/dags/account_generator.py
[2025-08-10T00:27:42.104+0000] {processor.py:925} INFO - DAG(s) 'account_generator' retrieved from /opt/airflow/dags/account_generator.py
[2025-08-10T00:27:42.133+0000] {logging_mixin.py:190} INFO - [2025-08-10T00:27:42.133+0000] {dag.py:3239} INFO - Sync 1 DAGs
[2025-08-10T00:27:42.145+0000] {logging_mixin.py:190} INFO - [2025-08-10T00:27:42.145+0000] {dag.py:4180} INFO - Setting next_dagrun for account_generator to 2025-08-10 00:00:00+00:00, run_after=2025-08-11 00:00:00+00:00
[2025-08-10T00:27:42.157+0000] {processor.py:208} INFO - Processing /opt/airflow/dags/account_generator.py took 0.075 seconds
[2025-08-10T00:28:12.501+0000] {processor.py:186} INFO - Started process (PID=3223) to work on /opt/airflow/dags/account_generator.py
[2025-08-10T00:28:12.503+0000] {processor.py:914} INFO - Processing file /opt/airflow/dags/account_generator.py for tasks to queue
[2025-08-10T00:28:12.506+0000] {logging_mixin.py:190} INFO - [2025-08-10T00:28:12.506+0000] {dagbag.py:588} INFO - Filling up the DagBag from /opt/airflow/dags/account_generator.py
[2025-08-10T00:28:12.518+0000] {processor.py:925} INFO - DAG(s) 'account_generator' retrieved from /opt/airflow/dags/account_generator.py
[2025-08-10T00:28:12.550+0000] {logging_mixin.py:190} INFO - [2025-08-10T00:28:12.550+0000] {dag.py:3239} INFO - Sync 1 DAGs
[2025-08-10T00:28:12.567+0000] {logging_mixin.py:190} INFO - [2025-08-10T00:28:12.567+0000] {dag.py:4180} INFO - Setting next_dagrun for account_generator to 2025-08-10 00:00:00+00:00, run_after=2025-08-11 00:00:00+00:00
[2025-08-10T00:28:12.577+0000] {processor.py:208} INFO - Processing /opt/airflow/dags/account_generator.py took 0.088 seconds
[2025-08-10T00:28:42.955+0000] {processor.py:186} INFO - Started process (PID=3249) to work on /opt/airflow/dags/account_generator.py
[2025-08-10T00:28:42.956+0000] {processor.py:914} INFO - Processing file /opt/airflow/dags/account_generator.py for tasks to queue
[2025-08-10T00:28:42.958+0000] {logging_mixin.py:190} INFO - [2025-08-10T00:28:42.958+0000] {dagbag.py:588} INFO - Filling up the DagBag from /opt/airflow/dags/account_generator.py
[2025-08-10T00:28:42.967+0000] {processor.py:925} INFO - DAG(s) 'account_generator' retrieved from /opt/airflow/dags/account_generator.py
[2025-08-10T00:28:42.989+0000] {logging_mixin.py:190} INFO - [2025-08-10T00:28:42.989+0000] {dag.py:3239} INFO - Sync 1 DAGs
[2025-08-10T00:28:43.002+0000] {logging_mixin.py:190} INFO - [2025-08-10T00:28:43.002+0000] {dag.py:4180} INFO - Setting next_dagrun for account_generator to 2025-08-10 00:00:00+00:00, run_after=2025-08-11 00:00:00+00:00
[2025-08-10T00:28:43.011+0000] {processor.py:208} INFO - Processing /opt/airflow/dags/account_generator.py took 0.062 seconds
[2025-08-10T00:29:13.336+0000] {processor.py:186} INFO - Started process (PID=3275) to work on /opt/airflow/dags/account_generator.py
[2025-08-10T00:29:13.337+0000] {processor.py:914} INFO - Processing file /opt/airflow/dags/account_generator.py for tasks to queue
[2025-08-10T00:29:13.339+0000] {logging_mixin.py:190} INFO - [2025-08-10T00:29:13.339+0000] {dagbag.py:588} INFO - Filling up the DagBag from /opt/airflow/dags/account_generator.py
[2025-08-10T00:29:13.349+0000] {processor.py:925} INFO - DAG(s) 'account_generator' retrieved from /opt/airflow/dags/account_generator.py
[2025-08-10T00:29:13.369+0000] {logging_mixin.py:190} INFO - [2025-08-10T00:29:13.369+0000] {dag.py:3239} INFO - Sync 1 DAGs
[2025-08-10T00:29:13.381+0000] {logging_mixin.py:190} INFO - [2025-08-10T00:29:13.381+0000] {dag.py:4180} INFO - Setting next_dagrun for account_generator to 2025-08-10 00:00:00+00:00, run_after=2025-08-11 00:00:00+00:00
[2025-08-10T00:29:13.390+0000] {processor.py:208} INFO - Processing /opt/airflow/dags/account_generator.py took 0.061 seconds
[2025-08-10T00:29:43.739+0000] {processor.py:186} INFO - Started process (PID=3301) to work on /opt/airflow/dags/account_generator.py
[2025-08-10T00:29:43.739+0000] {processor.py:914} INFO - Processing file /opt/airflow/dags/account_generator.py for tasks to queue
[2025-08-10T00:29:43.742+0000] {logging_mixin.py:190} INFO - [2025-08-10T00:29:43.742+0000] {dagbag.py:588} INFO - Filling up the DagBag from /opt/airflow/dags/account_generator.py
[2025-08-10T00:29:43.751+0000] {processor.py:925} INFO - DAG(s) 'account_generator' retrieved from /opt/airflow/dags/account_generator.py
[2025-08-10T00:29:43.771+0000] {logging_mixin.py:190} INFO - [2025-08-10T00:29:43.771+0000] {dag.py:3239} INFO - Sync 1 DAGs
[2025-08-10T00:29:43.781+0000] {logging_mixin.py:190} INFO - [2025-08-10T00:29:43.781+0000] {dag.py:4180} INFO - Setting next_dagrun for account_generator to 2025-08-10 00:00:00+00:00, run_after=2025-08-11 00:00:00+00:00
[2025-08-10T00:29:43.791+0000] {processor.py:208} INFO - Processing /opt/airflow/dags/account_generator.py took 0.064 seconds
[2025-08-10T00:30:14.162+0000] {processor.py:186} INFO - Started process (PID=3327) to work on /opt/airflow/dags/account_generator.py
[2025-08-10T00:30:14.163+0000] {processor.py:914} INFO - Processing file /opt/airflow/dags/account_generator.py for tasks to queue
[2025-08-10T00:30:14.166+0000] {logging_mixin.py:190} INFO - [2025-08-10T00:30:14.165+0000] {dagbag.py:588} INFO - Filling up the DagBag from /opt/airflow/dags/account_generator.py
[2025-08-10T00:30:14.176+0000] {processor.py:925} INFO - DAG(s) 'account_generator' retrieved from /opt/airflow/dags/account_generator.py
[2025-08-10T00:30:14.194+0000] {logging_mixin.py:190} INFO - [2025-08-10T00:30:14.194+0000] {dag.py:3239} INFO - Sync 1 DAGs
[2025-08-10T00:30:14.209+0000] {logging_mixin.py:190} INFO - [2025-08-10T00:30:14.209+0000] {dag.py:4180} INFO - Setting next_dagrun for account_generator to 2025-08-10 00:00:00+00:00, run_after=2025-08-11 00:00:00+00:00
[2025-08-10T00:30:14.220+0000] {processor.py:208} INFO - Processing /opt/airflow/dags/account_generator.py took 0.067 seconds
[2025-08-10T00:30:44.545+0000] {processor.py:186} INFO - Started process (PID=3353) to work on /opt/airflow/dags/account_generator.py
[2025-08-10T00:30:44.546+0000] {processor.py:914} INFO - Processing file /opt/airflow/dags/account_generator.py for tasks to queue
[2025-08-10T00:30:44.558+0000] {logging_mixin.py:190} INFO - [2025-08-10T00:30:44.558+0000] {dagbag.py:588} INFO - Filling up the DagBag from /opt/airflow/dags/account_generator.py
[2025-08-10T00:30:44.572+0000] {processor.py:925} INFO - DAG(s) 'account_generator' retrieved from /opt/airflow/dags/account_generator.py
[2025-08-10T00:30:44.603+0000] {logging_mixin.py:190} INFO - [2025-08-10T00:30:44.603+0000] {dag.py:3239} INFO - Sync 1 DAGs
[2025-08-10T00:30:44.624+0000] {logging_mixin.py:190} INFO - [2025-08-10T00:30:44.624+0000] {dag.py:4180} INFO - Setting next_dagrun for account_generator to 2025-08-10 00:00:00+00:00, run_after=2025-08-11 00:00:00+00:00
[2025-08-10T00:30:44.645+0000] {processor.py:208} INFO - Processing /opt/airflow/dags/account_generator.py took 0.111 seconds
[2025-08-10T00:31:14.949+0000] {processor.py:186} INFO - Started process (PID=3379) to work on /opt/airflow/dags/account_generator.py
[2025-08-10T00:31:14.949+0000] {processor.py:914} INFO - Processing file /opt/airflow/dags/account_generator.py for tasks to queue
[2025-08-10T00:31:14.952+0000] {logging_mixin.py:190} INFO - [2025-08-10T00:31:14.952+0000] {dagbag.py:588} INFO - Filling up the DagBag from /opt/airflow/dags/account_generator.py
[2025-08-10T00:31:14.969+0000] {processor.py:925} INFO - DAG(s) 'account_generator' retrieved from /opt/airflow/dags/account_generator.py
[2025-08-10T00:31:14.990+0000] {logging_mixin.py:190} INFO - [2025-08-10T00:31:14.989+0000] {dag.py:3239} INFO - Sync 1 DAGs
[2025-08-10T00:31:15.003+0000] {logging_mixin.py:190} INFO - [2025-08-10T00:31:15.003+0000] {dag.py:4180} INFO - Setting next_dagrun for account_generator to 2025-08-10 00:00:00+00:00, run_after=2025-08-11 00:00:00+00:00
[2025-08-10T00:31:15.012+0000] {processor.py:208} INFO - Processing /opt/airflow/dags/account_generator.py took 0.070 seconds
[2025-08-10T00:31:45.364+0000] {processor.py:186} INFO - Started process (PID=3405) to work on /opt/airflow/dags/account_generator.py
[2025-08-10T00:31:45.365+0000] {processor.py:914} INFO - Processing file /opt/airflow/dags/account_generator.py for tasks to queue
[2025-08-10T00:31:45.368+0000] {logging_mixin.py:190} INFO - [2025-08-10T00:31:45.368+0000] {dagbag.py:588} INFO - Filling up the DagBag from /opt/airflow/dags/account_generator.py
[2025-08-10T00:31:45.376+0000] {processor.py:925} INFO - DAG(s) 'account_generator' retrieved from /opt/airflow/dags/account_generator.py
[2025-08-10T00:31:45.396+0000] {logging_mixin.py:190} INFO - [2025-08-10T00:31:45.396+0000] {dag.py:3239} INFO - Sync 1 DAGs
[2025-08-10T00:31:45.411+0000] {logging_mixin.py:190} INFO - [2025-08-10T00:31:45.411+0000] {dag.py:4180} INFO - Setting next_dagrun for account_generator to 2025-08-10 00:00:00+00:00, run_after=2025-08-11 00:00:00+00:00
[2025-08-10T00:31:45.420+0000] {processor.py:208} INFO - Processing /opt/airflow/dags/account_generator.py took 0.061 seconds
[2025-08-10T00:32:15.667+0000] {processor.py:186} INFO - Started process (PID=3431) to work on /opt/airflow/dags/account_generator.py
[2025-08-10T00:32:15.668+0000] {processor.py:914} INFO - Processing file /opt/airflow/dags/account_generator.py for tasks to queue
[2025-08-10T00:32:15.670+0000] {logging_mixin.py:190} INFO - [2025-08-10T00:32:15.670+0000] {dagbag.py:588} INFO - Filling up the DagBag from /opt/airflow/dags/account_generator.py
[2025-08-10T00:32:15.675+0000] {processor.py:925} INFO - DAG(s) 'account_generator' retrieved from /opt/airflow/dags/account_generator.py
[2025-08-10T00:32:15.697+0000] {logging_mixin.py:190} INFO - [2025-08-10T00:32:15.697+0000] {dag.py:3239} INFO - Sync 1 DAGs
[2025-08-10T00:32:15.709+0000] {logging_mixin.py:190} INFO - [2025-08-10T00:32:15.709+0000] {dag.py:4180} INFO - Setting next_dagrun for account_generator to 2025-08-10 00:00:00+00:00, run_after=2025-08-11 00:00:00+00:00
[2025-08-10T00:32:15.720+0000] {processor.py:208} INFO - Processing /opt/airflow/dags/account_generator.py took 0.057 seconds
