[2025-08-10T00:00:18.968+0000] {processor.py:186} INFO - Started process (PID=1798) to work on /opt/airflow/dags/artist_generator.py
[2025-08-10T00:00:18.968+0000] {processor.py:914} INFO - Processing file /opt/airflow/dags/artist_generator.py for tasks to queue
[2025-08-10T00:00:18.969+0000] {logging_mixin.py:190} INFO - [2025-08-10T00:00:18.969+0000] {dagbag.py:588} INFO - Filling up the DagBag from /opt/airflow/dags/artist_generator.py
[2025-08-10T00:00:18.972+0000] {processor.py:925} INFO - DAG(s) 'artist_generator' retrieved from /opt/airflow/dags/artist_generator.py
[2025-08-10T00:00:18.983+0000] {logging_mixin.py:190} INFO - [2025-08-10T00:00:18.983+0000] {dag.py:3239} INFO - Sync 1 DAGs
[2025-08-10T00:00:18.991+0000] {logging_mixin.py:190} INFO - [2025-08-10T00:00:18.991+0000] {dag.py:4180} INFO - Setting next_dagrun for artist_generator to 2025-08-10 00:00:00+00:00, run_after=2025-08-11 00:00:00+00:00
[2025-08-10T00:00:18.995+0000] {processor.py:208} INFO - Processing /opt/airflow/dags/artist_generator.py took 0.030 seconds
[2025-08-10T00:00:49.365+0000] {processor.py:186} INFO - Started process (PID=1824) to work on /opt/airflow/dags/artist_generator.py
[2025-08-10T00:00:49.365+0000] {processor.py:914} INFO - Processing file /opt/airflow/dags/artist_generator.py for tasks to queue
[2025-08-10T00:00:49.367+0000] {logging_mixin.py:190} INFO - [2025-08-10T00:00:49.367+0000] {dagbag.py:588} INFO - Filling up the DagBag from /opt/airflow/dags/artist_generator.py
[2025-08-10T00:00:49.371+0000] {processor.py:925} INFO - DAG(s) 'artist_generator' retrieved from /opt/airflow/dags/artist_generator.py
[2025-08-10T00:00:49.383+0000] {logging_mixin.py:190} INFO - [2025-08-10T00:00:49.383+0000] {dag.py:3239} INFO - Sync 1 DAGs
[2025-08-10T00:00:49.392+0000] {logging_mixin.py:190} INFO - [2025-08-10T00:00:49.392+0000] {dag.py:4180} INFO - Setting next_dagrun for artist_generator to 2025-08-10 00:00:00+00:00, run_after=2025-08-11 00:00:00+00:00
[2025-08-10T00:00:49.398+0000] {processor.py:208} INFO - Processing /opt/airflow/dags/artist_generator.py took 0.037 seconds
[2025-08-10T00:01:19.768+0000] {processor.py:186} INFO - Started process (PID=1850) to work on /opt/airflow/dags/artist_generator.py
[2025-08-10T00:01:19.769+0000] {processor.py:914} INFO - Processing file /opt/airflow/dags/artist_generator.py for tasks to queue
[2025-08-10T00:01:19.770+0000] {logging_mixin.py:190} INFO - [2025-08-10T00:01:19.770+0000] {dagbag.py:588} INFO - Filling up the DagBag from /opt/airflow/dags/artist_generator.py
[2025-08-10T00:01:19.773+0000] {processor.py:925} INFO - DAG(s) 'artist_generator' retrieved from /opt/airflow/dags/artist_generator.py
[2025-08-10T00:01:19.783+0000] {logging_mixin.py:190} INFO - [2025-08-10T00:01:19.783+0000] {dag.py:3239} INFO - Sync 1 DAGs
[2025-08-10T00:01:19.790+0000] {logging_mixin.py:190} INFO - [2025-08-10T00:01:19.790+0000] {dag.py:4180} INFO - Setting next_dagrun for artist_generator to 2025-08-10 00:00:00+00:00, run_after=2025-08-11 00:00:00+00:00
[2025-08-10T00:01:19.795+0000] {processor.py:208} INFO - Processing /opt/airflow/dags/artist_generator.py took 0.030 seconds
[2025-08-10T00:01:50.179+0000] {processor.py:186} INFO - Started process (PID=1876) to work on /opt/airflow/dags/artist_generator.py
[2025-08-10T00:01:50.179+0000] {processor.py:914} INFO - Processing file /opt/airflow/dags/artist_generator.py for tasks to queue
[2025-08-10T00:01:50.180+0000] {logging_mixin.py:190} INFO - [2025-08-10T00:01:50.180+0000] {dagbag.py:588} INFO - Filling up the DagBag from /opt/airflow/dags/artist_generator.py
[2025-08-10T00:01:50.183+0000] {processor.py:925} INFO - DAG(s) 'artist_generator' retrieved from /opt/airflow/dags/artist_generator.py
[2025-08-10T00:01:50.192+0000] {logging_mixin.py:190} INFO - [2025-08-10T00:01:50.192+0000] {dag.py:3239} INFO - Sync 1 DAGs
[2025-08-10T00:01:50.199+0000] {logging_mixin.py:190} INFO - [2025-08-10T00:01:50.199+0000] {dag.py:4180} INFO - Setting next_dagrun for artist_generator to 2025-08-10 00:00:00+00:00, run_after=2025-08-11 00:00:00+00:00
[2025-08-10T00:01:50.205+0000] {processor.py:208} INFO - Processing /opt/airflow/dags/artist_generator.py took 0.029 seconds
[2025-08-10T00:02:20.597+0000] {processor.py:186} INFO - Started process (PID=1902) to work on /opt/airflow/dags/artist_generator.py
[2025-08-10T00:02:20.598+0000] {processor.py:914} INFO - Processing file /opt/airflow/dags/artist_generator.py for tasks to queue
[2025-08-10T00:02:20.599+0000] {logging_mixin.py:190} INFO - [2025-08-10T00:02:20.599+0000] {dagbag.py:588} INFO - Filling up the DagBag from /opt/airflow/dags/artist_generator.py
[2025-08-10T00:02:20.604+0000] {processor.py:925} INFO - DAG(s) 'artist_generator' retrieved from /opt/airflow/dags/artist_generator.py
[2025-08-10T00:02:20.617+0000] {logging_mixin.py:190} INFO - [2025-08-10T00:02:20.617+0000] {dag.py:3239} INFO - Sync 1 DAGs
[2025-08-10T00:02:20.626+0000] {logging_mixin.py:190} INFO - [2025-08-10T00:02:20.626+0000] {dag.py:4180} INFO - Setting next_dagrun for artist_generator to 2025-08-10 00:00:00+00:00, run_after=2025-08-11 00:00:00+00:00
[2025-08-10T00:02:20.633+0000] {processor.py:208} INFO - Processing /opt/airflow/dags/artist_generator.py took 0.040 seconds
[2025-08-10T00:02:50.947+0000] {processor.py:186} INFO - Started process (PID=1928) to work on /opt/airflow/dags/artist_generator.py
[2025-08-10T00:02:50.947+0000] {processor.py:914} INFO - Processing file /opt/airflow/dags/artist_generator.py for tasks to queue
[2025-08-10T00:02:50.948+0000] {logging_mixin.py:190} INFO - [2025-08-10T00:02:50.948+0000] {dagbag.py:588} INFO - Filling up the DagBag from /opt/airflow/dags/artist_generator.py
[2025-08-10T00:02:50.952+0000] {processor.py:925} INFO - DAG(s) 'artist_generator' retrieved from /opt/airflow/dags/artist_generator.py
[2025-08-10T00:02:50.963+0000] {logging_mixin.py:190} INFO - [2025-08-10T00:02:50.963+0000] {dag.py:3239} INFO - Sync 1 DAGs
[2025-08-10T00:02:50.975+0000] {logging_mixin.py:190} INFO - [2025-08-10T00:02:50.975+0000] {dag.py:4180} INFO - Setting next_dagrun for artist_generator to 2025-08-10 00:00:00+00:00, run_after=2025-08-11 00:00:00+00:00
[2025-08-10T00:02:50.980+0000] {processor.py:208} INFO - Processing /opt/airflow/dags/artist_generator.py took 0.036 seconds
[2025-08-10T00:03:21.297+0000] {processor.py:186} INFO - Started process (PID=1954) to work on /opt/airflow/dags/artist_generator.py
[2025-08-10T00:03:21.298+0000] {processor.py:914} INFO - Processing file /opt/airflow/dags/artist_generator.py for tasks to queue
[2025-08-10T00:03:21.298+0000] {logging_mixin.py:190} INFO - [2025-08-10T00:03:21.298+0000] {dagbag.py:588} INFO - Filling up the DagBag from /opt/airflow/dags/artist_generator.py
[2025-08-10T00:03:21.302+0000] {processor.py:925} INFO - DAG(s) 'artist_generator' retrieved from /opt/airflow/dags/artist_generator.py
[2025-08-10T00:03:21.312+0000] {logging_mixin.py:190} INFO - [2025-08-10T00:03:21.312+0000] {dag.py:3239} INFO - Sync 1 DAGs
[2025-08-10T00:03:21.321+0000] {logging_mixin.py:190} INFO - [2025-08-10T00:03:21.321+0000] {dag.py:4180} INFO - Setting next_dagrun for artist_generator to 2025-08-10 00:00:00+00:00, run_after=2025-08-11 00:00:00+00:00
[2025-08-10T00:03:21.327+0000] {processor.py:208} INFO - Processing /opt/airflow/dags/artist_generator.py took 0.033 seconds
[2025-08-10T00:03:51.783+0000] {processor.py:186} INFO - Started process (PID=1980) to work on /opt/airflow/dags/artist_generator.py
[2025-08-10T00:03:51.783+0000] {processor.py:914} INFO - Processing file /opt/airflow/dags/artist_generator.py for tasks to queue
[2025-08-10T00:03:51.784+0000] {logging_mixin.py:190} INFO - [2025-08-10T00:03:51.784+0000] {dagbag.py:588} INFO - Filling up the DagBag from /opt/airflow/dags/artist_generator.py
[2025-08-10T00:03:51.788+0000] {processor.py:925} INFO - DAG(s) 'artist_generator' retrieved from /opt/airflow/dags/artist_generator.py
[2025-08-10T00:03:51.798+0000] {logging_mixin.py:190} INFO - [2025-08-10T00:03:51.798+0000] {dag.py:3239} INFO - Sync 1 DAGs
[2025-08-10T00:03:51.806+0000] {logging_mixin.py:190} INFO - [2025-08-10T00:03:51.806+0000] {dag.py:4180} INFO - Setting next_dagrun for artist_generator to 2025-08-10 00:00:00+00:00, run_after=2025-08-11 00:00:00+00:00
[2025-08-10T00:03:51.812+0000] {processor.py:208} INFO - Processing /opt/airflow/dags/artist_generator.py took 0.031 seconds
[2025-08-10T00:04:22.213+0000] {processor.py:186} INFO - Started process (PID=2006) to work on /opt/airflow/dags/artist_generator.py
[2025-08-10T00:04:22.213+0000] {processor.py:914} INFO - Processing file /opt/airflow/dags/artist_generator.py for tasks to queue
[2025-08-10T00:04:22.214+0000] {logging_mixin.py:190} INFO - [2025-08-10T00:04:22.214+0000] {dagbag.py:588} INFO - Filling up the DagBag from /opt/airflow/dags/artist_generator.py
[2025-08-10T00:04:22.218+0000] {processor.py:925} INFO - DAG(s) 'artist_generator' retrieved from /opt/airflow/dags/artist_generator.py
[2025-08-10T00:04:22.232+0000] {logging_mixin.py:190} INFO - [2025-08-10T00:04:22.232+0000] {dag.py:3239} INFO - Sync 1 DAGs
[2025-08-10T00:04:22.240+0000] {logging_mixin.py:190} INFO - [2025-08-10T00:04:22.240+0000] {dag.py:4180} INFO - Setting next_dagrun for artist_generator to 2025-08-10 00:00:00+00:00, run_after=2025-08-11 00:00:00+00:00
[2025-08-10T00:04:22.245+0000] {processor.py:208} INFO - Processing /opt/airflow/dags/artist_generator.py took 0.036 seconds
[2025-08-10T00:04:52.690+0000] {processor.py:186} INFO - Started process (PID=2032) to work on /opt/airflow/dags/artist_generator.py
[2025-08-10T00:04:52.690+0000] {processor.py:914} INFO - Processing file /opt/airflow/dags/artist_generator.py for tasks to queue
[2025-08-10T00:04:52.692+0000] {logging_mixin.py:190} INFO - [2025-08-10T00:04:52.692+0000] {dagbag.py:588} INFO - Filling up the DagBag from /opt/airflow/dags/artist_generator.py
[2025-08-10T00:04:52.696+0000] {processor.py:925} INFO - DAG(s) 'artist_generator' retrieved from /opt/airflow/dags/artist_generator.py
[2025-08-10T00:04:52.710+0000] {logging_mixin.py:190} INFO - [2025-08-10T00:04:52.710+0000] {dag.py:3239} INFO - Sync 1 DAGs
[2025-08-10T00:04:52.718+0000] {logging_mixin.py:190} INFO - [2025-08-10T00:04:52.718+0000] {dag.py:4180} INFO - Setting next_dagrun for artist_generator to 2025-08-10 00:00:00+00:00, run_after=2025-08-11 00:00:00+00:00
[2025-08-10T00:04:52.725+0000] {processor.py:208} INFO - Processing /opt/airflow/dags/artist_generator.py took 0.039 seconds
[2025-08-10T00:05:23.119+0000] {processor.py:186} INFO - Started process (PID=2058) to work on /opt/airflow/dags/artist_generator.py
[2025-08-10T00:05:23.120+0000] {processor.py:914} INFO - Processing file /opt/airflow/dags/artist_generator.py for tasks to queue
[2025-08-10T00:05:23.121+0000] {logging_mixin.py:190} INFO - [2025-08-10T00:05:23.121+0000] {dagbag.py:588} INFO - Filling up the DagBag from /opt/airflow/dags/artist_generator.py
[2025-08-10T00:05:23.125+0000] {processor.py:925} INFO - DAG(s) 'artist_generator' retrieved from /opt/airflow/dags/artist_generator.py
[2025-08-10T00:05:23.137+0000] {logging_mixin.py:190} INFO - [2025-08-10T00:05:23.137+0000] {dag.py:3239} INFO - Sync 1 DAGs
[2025-08-10T00:05:23.145+0000] {logging_mixin.py:190} INFO - [2025-08-10T00:05:23.145+0000] {dag.py:4180} INFO - Setting next_dagrun for artist_generator to 2025-08-10 00:00:00+00:00, run_after=2025-08-11 00:00:00+00:00
[2025-08-10T00:05:23.152+0000] {processor.py:208} INFO - Processing /opt/airflow/dags/artist_generator.py took 0.035 seconds
[2025-08-10T00:05:53.646+0000] {processor.py:186} INFO - Started process (PID=2084) to work on /opt/airflow/dags/artist_generator.py
[2025-08-10T00:05:53.646+0000] {processor.py:914} INFO - Processing file /opt/airflow/dags/artist_generator.py for tasks to queue
[2025-08-10T00:05:53.647+0000] {logging_mixin.py:190} INFO - [2025-08-10T00:05:53.647+0000] {dagbag.py:588} INFO - Filling up the DagBag from /opt/airflow/dags/artist_generator.py
[2025-08-10T00:05:53.651+0000] {processor.py:925} INFO - DAG(s) 'artist_generator' retrieved from /opt/airflow/dags/artist_generator.py
[2025-08-10T00:05:53.661+0000] {logging_mixin.py:190} INFO - [2025-08-10T00:05:53.660+0000] {dag.py:3239} INFO - Sync 1 DAGs
[2025-08-10T00:05:53.668+0000] {logging_mixin.py:190} INFO - [2025-08-10T00:05:53.668+0000] {dag.py:4180} INFO - Setting next_dagrun for artist_generator to 2025-08-10 00:00:00+00:00, run_after=2025-08-11 00:00:00+00:00
[2025-08-10T00:05:53.674+0000] {processor.py:208} INFO - Processing /opt/airflow/dags/artist_generator.py took 0.031 seconds
[2025-08-10T00:06:24.071+0000] {processor.py:186} INFO - Started process (PID=2110) to work on /opt/airflow/dags/artist_generator.py
[2025-08-10T00:06:24.072+0000] {processor.py:914} INFO - Processing file /opt/airflow/dags/artist_generator.py for tasks to queue
[2025-08-10T00:06:24.073+0000] {logging_mixin.py:190} INFO - [2025-08-10T00:06:24.073+0000] {dagbag.py:588} INFO - Filling up the DagBag from /opt/airflow/dags/artist_generator.py
[2025-08-10T00:06:24.078+0000] {processor.py:925} INFO - DAG(s) 'artist_generator' retrieved from /opt/airflow/dags/artist_generator.py
[2025-08-10T00:06:24.092+0000] {logging_mixin.py:190} INFO - [2025-08-10T00:06:24.091+0000] {dag.py:3239} INFO - Sync 1 DAGs
[2025-08-10T00:06:24.101+0000] {logging_mixin.py:190} INFO - [2025-08-10T00:06:24.101+0000] {dag.py:4180} INFO - Setting next_dagrun for artist_generator to 2025-08-10 00:00:00+00:00, run_after=2025-08-11 00:00:00+00:00
[2025-08-10T00:06:24.110+0000] {processor.py:208} INFO - Processing /opt/airflow/dags/artist_generator.py took 0.043 seconds
[2025-08-10T00:06:54.498+0000] {processor.py:186} INFO - Started process (PID=2136) to work on /opt/airflow/dags/artist_generator.py
[2025-08-10T00:06:54.499+0000] {processor.py:914} INFO - Processing file /opt/airflow/dags/artist_generator.py for tasks to queue
[2025-08-10T00:06:54.500+0000] {logging_mixin.py:190} INFO - [2025-08-10T00:06:54.499+0000] {dagbag.py:588} INFO - Filling up the DagBag from /opt/airflow/dags/artist_generator.py
[2025-08-10T00:06:54.503+0000] {processor.py:925} INFO - DAG(s) 'artist_generator' retrieved from /opt/airflow/dags/artist_generator.py
[2025-08-10T00:06:54.513+0000] {logging_mixin.py:190} INFO - [2025-08-10T00:06:54.513+0000] {dag.py:3239} INFO - Sync 1 DAGs
[2025-08-10T00:06:54.520+0000] {logging_mixin.py:190} INFO - [2025-08-10T00:06:54.520+0000] {dag.py:4180} INFO - Setting next_dagrun for artist_generator to 2025-08-10 00:00:00+00:00, run_after=2025-08-11 00:00:00+00:00
[2025-08-10T00:06:54.525+0000] {processor.py:208} INFO - Processing /opt/airflow/dags/artist_generator.py took 0.030 seconds
[2025-08-10T00:07:24.954+0000] {processor.py:186} INFO - Started process (PID=2162) to work on /opt/airflow/dags/artist_generator.py
[2025-08-10T00:07:24.954+0000] {processor.py:914} INFO - Processing file /opt/airflow/dags/artist_generator.py for tasks to queue
[2025-08-10T00:07:24.955+0000] {logging_mixin.py:190} INFO - [2025-08-10T00:07:24.955+0000] {dagbag.py:588} INFO - Filling up the DagBag from /opt/airflow/dags/artist_generator.py
[2025-08-10T00:07:24.960+0000] {processor.py:925} INFO - DAG(s) 'artist_generator' retrieved from /opt/airflow/dags/artist_generator.py
[2025-08-10T00:07:24.971+0000] {logging_mixin.py:190} INFO - [2025-08-10T00:07:24.971+0000] {dag.py:3239} INFO - Sync 1 DAGs
[2025-08-10T00:07:24.978+0000] {logging_mixin.py:190} INFO - [2025-08-10T00:07:24.978+0000] {dag.py:4180} INFO - Setting next_dagrun for artist_generator to 2025-08-10 00:00:00+00:00, run_after=2025-08-11 00:00:00+00:00
[2025-08-10T00:07:24.983+0000] {processor.py:208} INFO - Processing /opt/airflow/dags/artist_generator.py took 0.034 seconds
[2025-08-10T00:07:55.460+0000] {processor.py:186} INFO - Started process (PID=2188) to work on /opt/airflow/dags/artist_generator.py
[2025-08-10T00:07:55.461+0000] {processor.py:914} INFO - Processing file /opt/airflow/dags/artist_generator.py for tasks to queue
[2025-08-10T00:07:55.463+0000] {logging_mixin.py:190} INFO - [2025-08-10T00:07:55.462+0000] {dagbag.py:588} INFO - Filling up the DagBag from /opt/airflow/dags/artist_generator.py
[2025-08-10T00:07:55.470+0000] {processor.py:925} INFO - DAG(s) 'artist_generator' retrieved from /opt/airflow/dags/artist_generator.py
[2025-08-10T00:07:55.487+0000] {logging_mixin.py:190} INFO - [2025-08-10T00:07:55.486+0000] {dag.py:3239} INFO - Sync 1 DAGs
[2025-08-10T00:07:55.498+0000] {logging_mixin.py:190} INFO - [2025-08-10T00:07:55.498+0000] {dag.py:4180} INFO - Setting next_dagrun for artist_generator to 2025-08-10 00:00:00+00:00, run_after=2025-08-11 00:00:00+00:00
[2025-08-10T00:07:55.507+0000] {processor.py:208} INFO - Processing /opt/airflow/dags/artist_generator.py took 0.051 seconds
[2025-08-10T00:08:25.939+0000] {processor.py:186} INFO - Started process (PID=2214) to work on /opt/airflow/dags/artist_generator.py
[2025-08-10T00:08:25.940+0000] {processor.py:914} INFO - Processing file /opt/airflow/dags/artist_generator.py for tasks to queue
[2025-08-10T00:08:25.941+0000] {logging_mixin.py:190} INFO - [2025-08-10T00:08:25.941+0000] {dagbag.py:588} INFO - Filling up the DagBag from /opt/airflow/dags/artist_generator.py
[2025-08-10T00:08:25.944+0000] {processor.py:925} INFO - DAG(s) 'artist_generator' retrieved from /opt/airflow/dags/artist_generator.py
[2025-08-10T00:08:25.953+0000] {logging_mixin.py:190} INFO - [2025-08-10T00:08:25.953+0000] {dag.py:3239} INFO - Sync 1 DAGs
[2025-08-10T00:08:25.961+0000] {logging_mixin.py:190} INFO - [2025-08-10T00:08:25.961+0000] {dag.py:4180} INFO - Setting next_dagrun for artist_generator to 2025-08-10 00:00:00+00:00, run_after=2025-08-11 00:00:00+00:00
[2025-08-10T00:08:25.965+0000] {processor.py:208} INFO - Processing /opt/airflow/dags/artist_generator.py took 0.030 seconds
[2025-08-10T00:08:56.346+0000] {processor.py:186} INFO - Started process (PID=2240) to work on /opt/airflow/dags/artist_generator.py
[2025-08-10T00:08:56.346+0000] {processor.py:914} INFO - Processing file /opt/airflow/dags/artist_generator.py for tasks to queue
[2025-08-10T00:08:56.347+0000] {logging_mixin.py:190} INFO - [2025-08-10T00:08:56.347+0000] {dagbag.py:588} INFO - Filling up the DagBag from /opt/airflow/dags/artist_generator.py
[2025-08-10T00:08:56.351+0000] {processor.py:925} INFO - DAG(s) 'artist_generator' retrieved from /opt/airflow/dags/artist_generator.py
[2025-08-10T00:08:56.363+0000] {logging_mixin.py:190} INFO - [2025-08-10T00:08:56.363+0000] {dag.py:3239} INFO - Sync 1 DAGs
[2025-08-10T00:08:56.372+0000] {logging_mixin.py:190} INFO - [2025-08-10T00:08:56.371+0000] {dag.py:4180} INFO - Setting next_dagrun for artist_generator to 2025-08-10 00:00:00+00:00, run_after=2025-08-11 00:00:00+00:00
[2025-08-10T00:08:56.378+0000] {processor.py:208} INFO - Processing /opt/airflow/dags/artist_generator.py took 0.035 seconds
[2025-08-10T00:09:26.756+0000] {processor.py:186} INFO - Started process (PID=2266) to work on /opt/airflow/dags/artist_generator.py
[2025-08-10T00:09:26.757+0000] {processor.py:914} INFO - Processing file /opt/airflow/dags/artist_generator.py for tasks to queue
[2025-08-10T00:09:26.758+0000] {logging_mixin.py:190} INFO - [2025-08-10T00:09:26.757+0000] {dagbag.py:588} INFO - Filling up the DagBag from /opt/airflow/dags/artist_generator.py
[2025-08-10T00:09:26.761+0000] {processor.py:925} INFO - DAG(s) 'artist_generator' retrieved from /opt/airflow/dags/artist_generator.py
[2025-08-10T00:09:26.771+0000] {logging_mixin.py:190} INFO - [2025-08-10T00:09:26.771+0000] {dag.py:3239} INFO - Sync 1 DAGs
[2025-08-10T00:09:26.780+0000] {logging_mixin.py:190} INFO - [2025-08-10T00:09:26.780+0000] {dag.py:4180} INFO - Setting next_dagrun for artist_generator to 2025-08-10 00:00:00+00:00, run_after=2025-08-11 00:00:00+00:00
[2025-08-10T00:09:26.786+0000] {processor.py:208} INFO - Processing /opt/airflow/dags/artist_generator.py took 0.032 seconds
[2025-08-10T00:09:57.198+0000] {processor.py:186} INFO - Started process (PID=2292) to work on /opt/airflow/dags/artist_generator.py
[2025-08-10T00:09:57.198+0000] {processor.py:914} INFO - Processing file /opt/airflow/dags/artist_generator.py for tasks to queue
[2025-08-10T00:09:57.199+0000] {logging_mixin.py:190} INFO - [2025-08-10T00:09:57.199+0000] {dagbag.py:588} INFO - Filling up the DagBag from /opt/airflow/dags/artist_generator.py
[2025-08-10T00:09:57.203+0000] {processor.py:925} INFO - DAG(s) 'artist_generator' retrieved from /opt/airflow/dags/artist_generator.py
[2025-08-10T00:09:57.212+0000] {logging_mixin.py:190} INFO - [2025-08-10T00:09:57.212+0000] {dag.py:3239} INFO - Sync 1 DAGs
[2025-08-10T00:09:57.224+0000] {logging_mixin.py:190} INFO - [2025-08-10T00:09:57.224+0000] {dag.py:4180} INFO - Setting next_dagrun for artist_generator to 2025-08-10 00:00:00+00:00, run_after=2025-08-11 00:00:00+00:00
[2025-08-10T00:09:57.232+0000] {processor.py:208} INFO - Processing /opt/airflow/dags/artist_generator.py took 0.036 seconds
[2025-08-10T00:10:27.600+0000] {processor.py:186} INFO - Started process (PID=2318) to work on /opt/airflow/dags/artist_generator.py
[2025-08-10T00:10:27.600+0000] {processor.py:914} INFO - Processing file /opt/airflow/dags/artist_generator.py for tasks to queue
[2025-08-10T00:10:27.601+0000] {logging_mixin.py:190} INFO - [2025-08-10T00:10:27.601+0000] {dagbag.py:588} INFO - Filling up the DagBag from /opt/airflow/dags/artist_generator.py
[2025-08-10T00:10:27.604+0000] {processor.py:925} INFO - DAG(s) 'artist_generator' retrieved from /opt/airflow/dags/artist_generator.py
[2025-08-10T00:10:27.614+0000] {logging_mixin.py:190} INFO - [2025-08-10T00:10:27.614+0000] {dag.py:3239} INFO - Sync 1 DAGs
[2025-08-10T00:10:27.621+0000] {logging_mixin.py:190} INFO - [2025-08-10T00:10:27.621+0000] {dag.py:4180} INFO - Setting next_dagrun for artist_generator to 2025-08-10 00:00:00+00:00, run_after=2025-08-11 00:00:00+00:00
[2025-08-10T00:10:27.627+0000] {processor.py:208} INFO - Processing /opt/airflow/dags/artist_generator.py took 0.030 seconds
[2025-08-10T00:10:58.005+0000] {processor.py:186} INFO - Started process (PID=2344) to work on /opt/airflow/dags/artist_generator.py
[2025-08-10T00:10:58.006+0000] {processor.py:914} INFO - Processing file /opt/airflow/dags/artist_generator.py for tasks to queue
[2025-08-10T00:10:58.006+0000] {logging_mixin.py:190} INFO - [2025-08-10T00:10:58.006+0000] {dagbag.py:588} INFO - Filling up the DagBag from /opt/airflow/dags/artist_generator.py
[2025-08-10T00:10:58.010+0000] {processor.py:925} INFO - DAG(s) 'artist_generator' retrieved from /opt/airflow/dags/artist_generator.py
[2025-08-10T00:10:58.020+0000] {logging_mixin.py:190} INFO - [2025-08-10T00:10:58.019+0000] {dag.py:3239} INFO - Sync 1 DAGs
[2025-08-10T00:10:58.027+0000] {logging_mixin.py:190} INFO - [2025-08-10T00:10:58.027+0000] {dag.py:4180} INFO - Setting next_dagrun for artist_generator to 2025-08-10 00:00:00+00:00, run_after=2025-08-11 00:00:00+00:00
[2025-08-10T00:10:58.032+0000] {processor.py:208} INFO - Processing /opt/airflow/dags/artist_generator.py took 0.029 seconds
[2025-08-10T00:11:28.451+0000] {processor.py:186} INFO - Started process (PID=2370) to work on /opt/airflow/dags/artist_generator.py
[2025-08-10T00:11:28.452+0000] {processor.py:914} INFO - Processing file /opt/airflow/dags/artist_generator.py for tasks to queue
[2025-08-10T00:11:28.453+0000] {logging_mixin.py:190} INFO - [2025-08-10T00:11:28.453+0000] {dagbag.py:588} INFO - Filling up the DagBag from /opt/airflow/dags/artist_generator.py
[2025-08-10T00:11:28.459+0000] {processor.py:925} INFO - DAG(s) 'artist_generator' retrieved from /opt/airflow/dags/artist_generator.py
[2025-08-10T00:11:28.486+0000] {logging_mixin.py:190} INFO - [2025-08-10T00:11:28.486+0000] {dag.py:3239} INFO - Sync 1 DAGs
[2025-08-10T00:11:28.496+0000] {logging_mixin.py:190} INFO - [2025-08-10T00:11:28.496+0000] {dag.py:4180} INFO - Setting next_dagrun for artist_generator to 2025-08-10 00:00:00+00:00, run_after=2025-08-11 00:00:00+00:00
[2025-08-10T00:11:28.503+0000] {processor.py:208} INFO - Processing /opt/airflow/dags/artist_generator.py took 0.056 seconds
[2025-08-10T00:11:58.867+0000] {processor.py:186} INFO - Started process (PID=2396) to work on /opt/airflow/dags/artist_generator.py
[2025-08-10T00:11:58.867+0000] {processor.py:914} INFO - Processing file /opt/airflow/dags/artist_generator.py for tasks to queue
[2025-08-10T00:11:58.868+0000] {logging_mixin.py:190} INFO - [2025-08-10T00:11:58.868+0000] {dagbag.py:588} INFO - Filling up the DagBag from /opt/airflow/dags/artist_generator.py
[2025-08-10T00:11:58.871+0000] {processor.py:925} INFO - DAG(s) 'artist_generator' retrieved from /opt/airflow/dags/artist_generator.py
[2025-08-10T00:11:58.880+0000] {logging_mixin.py:190} INFO - [2025-08-10T00:11:58.880+0000] {dag.py:3239} INFO - Sync 1 DAGs
[2025-08-10T00:11:58.887+0000] {logging_mixin.py:190} INFO - [2025-08-10T00:11:58.887+0000] {dag.py:4180} INFO - Setting next_dagrun for artist_generator to 2025-08-10 00:00:00+00:00, run_after=2025-08-11 00:00:00+00:00
[2025-08-10T00:11:58.892+0000] {processor.py:208} INFO - Processing /opt/airflow/dags/artist_generator.py took 0.028 seconds
[2025-08-10T00:12:29.240+0000] {processor.py:186} INFO - Started process (PID=2422) to work on /opt/airflow/dags/artist_generator.py
[2025-08-10T00:12:29.240+0000] {processor.py:914} INFO - Processing file /opt/airflow/dags/artist_generator.py for tasks to queue
[2025-08-10T00:12:29.241+0000] {logging_mixin.py:190} INFO - [2025-08-10T00:12:29.241+0000] {dagbag.py:588} INFO - Filling up the DagBag from /opt/airflow/dags/artist_generator.py
[2025-08-10T00:12:29.244+0000] {processor.py:925} INFO - DAG(s) 'artist_generator' retrieved from /opt/airflow/dags/artist_generator.py
[2025-08-10T00:12:29.254+0000] {logging_mixin.py:190} INFO - [2025-08-10T00:12:29.254+0000] {dag.py:3239} INFO - Sync 1 DAGs
[2025-08-10T00:12:29.261+0000] {logging_mixin.py:190} INFO - [2025-08-10T00:12:29.261+0000] {dag.py:4180} INFO - Setting next_dagrun for artist_generator to 2025-08-10 00:00:00+00:00, run_after=2025-08-11 00:00:00+00:00
[2025-08-10T00:12:29.267+0000] {processor.py:208} INFO - Processing /opt/airflow/dags/artist_generator.py took 0.030 seconds
[2025-08-10T00:12:59.630+0000] {processor.py:186} INFO - Started process (PID=2448) to work on /opt/airflow/dags/artist_generator.py
[2025-08-10T00:12:59.630+0000] {processor.py:914} INFO - Processing file /opt/airflow/dags/artist_generator.py for tasks to queue
[2025-08-10T00:12:59.632+0000] {logging_mixin.py:190} INFO - [2025-08-10T00:12:59.632+0000] {dagbag.py:588} INFO - Filling up the DagBag from /opt/airflow/dags/artist_generator.py
[2025-08-10T00:12:59.635+0000] {processor.py:925} INFO - DAG(s) 'artist_generator' retrieved from /opt/airflow/dags/artist_generator.py
[2025-08-10T00:12:59.644+0000] {logging_mixin.py:190} INFO - [2025-08-10T00:12:59.644+0000] {dag.py:3239} INFO - Sync 1 DAGs
[2025-08-10T00:12:59.652+0000] {logging_mixin.py:190} INFO - [2025-08-10T00:12:59.652+0000] {dag.py:4180} INFO - Setting next_dagrun for artist_generator to 2025-08-10 00:00:00+00:00, run_after=2025-08-11 00:00:00+00:00
[2025-08-10T00:12:59.657+0000] {processor.py:208} INFO - Processing /opt/airflow/dags/artist_generator.py took 0.029 seconds
[2025-08-10T00:13:30.064+0000] {processor.py:186} INFO - Started process (PID=2474) to work on /opt/airflow/dags/artist_generator.py
[2025-08-10T00:13:30.064+0000] {processor.py:914} INFO - Processing file /opt/airflow/dags/artist_generator.py for tasks to queue
[2025-08-10T00:13:30.065+0000] {logging_mixin.py:190} INFO - [2025-08-10T00:13:30.065+0000] {dagbag.py:588} INFO - Filling up the DagBag from /opt/airflow/dags/artist_generator.py
[2025-08-10T00:13:30.068+0000] {processor.py:925} INFO - DAG(s) 'artist_generator' retrieved from /opt/airflow/dags/artist_generator.py
[2025-08-10T00:13:30.078+0000] {logging_mixin.py:190} INFO - [2025-08-10T00:13:30.078+0000] {dag.py:3239} INFO - Sync 1 DAGs
[2025-08-10T00:13:30.085+0000] {logging_mixin.py:190} INFO - [2025-08-10T00:13:30.085+0000] {dag.py:4180} INFO - Setting next_dagrun for artist_generator to 2025-08-10 00:00:00+00:00, run_after=2025-08-11 00:00:00+00:00
[2025-08-10T00:13:30.090+0000] {processor.py:208} INFO - Processing /opt/airflow/dags/artist_generator.py took 0.030 seconds
[2025-08-10T00:14:00.437+0000] {processor.py:186} INFO - Started process (PID=2500) to work on /opt/airflow/dags/artist_generator.py
[2025-08-10T00:14:00.438+0000] {processor.py:914} INFO - Processing file /opt/airflow/dags/artist_generator.py for tasks to queue
[2025-08-10T00:14:00.439+0000] {logging_mixin.py:190} INFO - [2025-08-10T00:14:00.438+0000] {dagbag.py:588} INFO - Filling up the DagBag from /opt/airflow/dags/artist_generator.py
[2025-08-10T00:14:00.442+0000] {processor.py:925} INFO - DAG(s) 'artist_generator' retrieved from /opt/airflow/dags/artist_generator.py
[2025-08-10T00:14:00.452+0000] {logging_mixin.py:190} INFO - [2025-08-10T00:14:00.452+0000] {dag.py:3239} INFO - Sync 1 DAGs
[2025-08-10T00:14:00.459+0000] {logging_mixin.py:190} INFO - [2025-08-10T00:14:00.459+0000] {dag.py:4180} INFO - Setting next_dagrun for artist_generator to 2025-08-10 00:00:00+00:00, run_after=2025-08-11 00:00:00+00:00
[2025-08-10T00:14:00.464+0000] {processor.py:208} INFO - Processing /opt/airflow/dags/artist_generator.py took 0.029 seconds
[2025-08-10T00:14:30.876+0000] {processor.py:186} INFO - Started process (PID=2526) to work on /opt/airflow/dags/artist_generator.py
[2025-08-10T00:14:30.876+0000] {processor.py:914} INFO - Processing file /opt/airflow/dags/artist_generator.py for tasks to queue
[2025-08-10T00:14:30.877+0000] {logging_mixin.py:190} INFO - [2025-08-10T00:14:30.877+0000] {dagbag.py:588} INFO - Filling up the DagBag from /opt/airflow/dags/artist_generator.py
[2025-08-10T00:14:30.880+0000] {processor.py:925} INFO - DAG(s) 'artist_generator' retrieved from /opt/airflow/dags/artist_generator.py
[2025-08-10T00:14:30.890+0000] {logging_mixin.py:190} INFO - [2025-08-10T00:14:30.890+0000] {dag.py:3239} INFO - Sync 1 DAGs
[2025-08-10T00:14:30.898+0000] {logging_mixin.py:190} INFO - [2025-08-10T00:14:30.898+0000] {dag.py:4180} INFO - Setting next_dagrun for artist_generator to 2025-08-10 00:00:00+00:00, run_after=2025-08-11 00:00:00+00:00
[2025-08-10T00:14:30.903+0000] {processor.py:208} INFO - Processing /opt/airflow/dags/artist_generator.py took 0.031 seconds
[2025-08-10T00:15:01.292+0000] {processor.py:186} INFO - Started process (PID=2552) to work on /opt/airflow/dags/artist_generator.py
[2025-08-10T00:15:01.293+0000] {processor.py:914} INFO - Processing file /opt/airflow/dags/artist_generator.py for tasks to queue
[2025-08-10T00:15:01.293+0000] {logging_mixin.py:190} INFO - [2025-08-10T00:15:01.293+0000] {dagbag.py:588} INFO - Filling up the DagBag from /opt/airflow/dags/artist_generator.py
[2025-08-10T00:15:01.297+0000] {processor.py:925} INFO - DAG(s) 'artist_generator' retrieved from /opt/airflow/dags/artist_generator.py
[2025-08-10T00:15:01.308+0000] {logging_mixin.py:190} INFO - [2025-08-10T00:15:01.308+0000] {dag.py:3239} INFO - Sync 1 DAGs
[2025-08-10T00:15:01.317+0000] {logging_mixin.py:190} INFO - [2025-08-10T00:15:01.317+0000] {dag.py:4180} INFO - Setting next_dagrun for artist_generator to 2025-08-10 00:00:00+00:00, run_after=2025-08-11 00:00:00+00:00
[2025-08-10T00:15:01.324+0000] {processor.py:208} INFO - Processing /opt/airflow/dags/artist_generator.py took 0.035 seconds
[2025-08-10T00:15:31.661+0000] {processor.py:186} INFO - Started process (PID=2578) to work on /opt/airflow/dags/artist_generator.py
[2025-08-10T00:15:31.661+0000] {processor.py:914} INFO - Processing file /opt/airflow/dags/artist_generator.py for tasks to queue
[2025-08-10T00:15:31.662+0000] {logging_mixin.py:190} INFO - [2025-08-10T00:15:31.662+0000] {dagbag.py:588} INFO - Filling up the DagBag from /opt/airflow/dags/artist_generator.py
[2025-08-10T00:15:31.665+0000] {processor.py:925} INFO - DAG(s) 'artist_generator' retrieved from /opt/airflow/dags/artist_generator.py
[2025-08-10T00:15:31.674+0000] {logging_mixin.py:190} INFO - [2025-08-10T00:15:31.674+0000] {dag.py:3239} INFO - Sync 1 DAGs
[2025-08-10T00:15:31.681+0000] {logging_mixin.py:190} INFO - [2025-08-10T00:15:31.681+0000] {dag.py:4180} INFO - Setting next_dagrun for artist_generator to 2025-08-10 00:00:00+00:00, run_after=2025-08-11 00:00:00+00:00
[2025-08-10T00:15:31.686+0000] {processor.py:208} INFO - Processing /opt/airflow/dags/artist_generator.py took 0.028 seconds
[2025-08-10T00:16:02.061+0000] {processor.py:186} INFO - Started process (PID=2604) to work on /opt/airflow/dags/artist_generator.py
[2025-08-10T00:16:02.061+0000] {processor.py:914} INFO - Processing file /opt/airflow/dags/artist_generator.py for tasks to queue
[2025-08-10T00:16:02.062+0000] {logging_mixin.py:190} INFO - [2025-08-10T00:16:02.062+0000] {dagbag.py:588} INFO - Filling up the DagBag from /opt/airflow/dags/artist_generator.py
[2025-08-10T00:16:02.066+0000] {processor.py:925} INFO - DAG(s) 'artist_generator' retrieved from /opt/airflow/dags/artist_generator.py
[2025-08-10T00:16:02.075+0000] {logging_mixin.py:190} INFO - [2025-08-10T00:16:02.075+0000] {dag.py:3239} INFO - Sync 1 DAGs
[2025-08-10T00:16:02.082+0000] {logging_mixin.py:190} INFO - [2025-08-10T00:16:02.082+0000] {dag.py:4180} INFO - Setting next_dagrun for artist_generator to 2025-08-10 00:00:00+00:00, run_after=2025-08-11 00:00:00+00:00
[2025-08-10T00:16:02.087+0000] {processor.py:208} INFO - Processing /opt/airflow/dags/artist_generator.py took 0.030 seconds
[2025-08-10T00:16:32.441+0000] {processor.py:186} INFO - Started process (PID=2630) to work on /opt/airflow/dags/artist_generator.py
[2025-08-10T00:16:32.442+0000] {processor.py:914} INFO - Processing file /opt/airflow/dags/artist_generator.py for tasks to queue
[2025-08-10T00:16:32.443+0000] {logging_mixin.py:190} INFO - [2025-08-10T00:16:32.443+0000] {dagbag.py:588} INFO - Filling up the DagBag from /opt/airflow/dags/artist_generator.py
[2025-08-10T00:16:32.446+0000] {processor.py:925} INFO - DAG(s) 'artist_generator' retrieved from /opt/airflow/dags/artist_generator.py
[2025-08-10T00:16:32.455+0000] {logging_mixin.py:190} INFO - [2025-08-10T00:16:32.455+0000] {dag.py:3239} INFO - Sync 1 DAGs
[2025-08-10T00:16:32.463+0000] {logging_mixin.py:190} INFO - [2025-08-10T00:16:32.462+0000] {dag.py:4180} INFO - Setting next_dagrun for artist_generator to 2025-08-10 00:00:00+00:00, run_after=2025-08-11 00:00:00+00:00
[2025-08-10T00:16:32.468+0000] {processor.py:208} INFO - Processing /opt/airflow/dags/artist_generator.py took 0.029 seconds
[2025-08-10T00:17:02.823+0000] {processor.py:186} INFO - Started process (PID=2656) to work on /opt/airflow/dags/artist_generator.py
[2025-08-10T00:17:02.824+0000] {processor.py:914} INFO - Processing file /opt/airflow/dags/artist_generator.py for tasks to queue
[2025-08-10T00:17:02.825+0000] {logging_mixin.py:190} INFO - [2025-08-10T00:17:02.825+0000] {dagbag.py:588} INFO - Filling up the DagBag from /opt/airflow/dags/artist_generator.py
[2025-08-10T00:17:02.828+0000] {processor.py:925} INFO - DAG(s) 'artist_generator' retrieved from /opt/airflow/dags/artist_generator.py
[2025-08-10T00:17:02.839+0000] {logging_mixin.py:190} INFO - [2025-08-10T00:17:02.839+0000] {dag.py:3239} INFO - Sync 1 DAGs
[2025-08-10T00:17:02.847+0000] {logging_mixin.py:190} INFO - [2025-08-10T00:17:02.847+0000] {dag.py:4180} INFO - Setting next_dagrun for artist_generator to 2025-08-10 00:00:00+00:00, run_after=2025-08-11 00:00:00+00:00
[2025-08-10T00:17:02.852+0000] {processor.py:208} INFO - Processing /opt/airflow/dags/artist_generator.py took 0.032 seconds
[2025-08-10T00:17:33.249+0000] {processor.py:186} INFO - Started process (PID=2682) to work on /opt/airflow/dags/artist_generator.py
[2025-08-10T00:17:33.250+0000] {processor.py:914} INFO - Processing file /opt/airflow/dags/artist_generator.py for tasks to queue
[2025-08-10T00:17:33.251+0000] {logging_mixin.py:190} INFO - [2025-08-10T00:17:33.251+0000] {dagbag.py:588} INFO - Filling up the DagBag from /opt/airflow/dags/artist_generator.py
[2025-08-10T00:17:33.255+0000] {processor.py:925} INFO - DAG(s) 'artist_generator' retrieved from /opt/airflow/dags/artist_generator.py
[2025-08-10T00:17:33.266+0000] {logging_mixin.py:190} INFO - [2025-08-10T00:17:33.266+0000] {dag.py:3239} INFO - Sync 1 DAGs
[2025-08-10T00:17:33.273+0000] {logging_mixin.py:190} INFO - [2025-08-10T00:17:33.273+0000] {dag.py:4180} INFO - Setting next_dagrun for artist_generator to 2025-08-10 00:00:00+00:00, run_after=2025-08-11 00:00:00+00:00
[2025-08-10T00:17:33.279+0000] {processor.py:208} INFO - Processing /opt/airflow/dags/artist_generator.py took 0.033 seconds
[2025-08-10T00:18:03.617+0000] {processor.py:186} INFO - Started process (PID=2708) to work on /opt/airflow/dags/artist_generator.py
[2025-08-10T00:18:03.618+0000] {processor.py:914} INFO - Processing file /opt/airflow/dags/artist_generator.py for tasks to queue
[2025-08-10T00:18:03.619+0000] {logging_mixin.py:190} INFO - [2025-08-10T00:18:03.619+0000] {dagbag.py:588} INFO - Filling up the DagBag from /opt/airflow/dags/artist_generator.py
[2025-08-10T00:18:03.622+0000] {processor.py:925} INFO - DAG(s) 'artist_generator' retrieved from /opt/airflow/dags/artist_generator.py
[2025-08-10T00:18:03.632+0000] {logging_mixin.py:190} INFO - [2025-08-10T00:18:03.631+0000] {dag.py:3239} INFO - Sync 1 DAGs
[2025-08-10T00:18:03.639+0000] {logging_mixin.py:190} INFO - [2025-08-10T00:18:03.639+0000] {dag.py:4180} INFO - Setting next_dagrun for artist_generator to 2025-08-10 00:00:00+00:00, run_after=2025-08-11 00:00:00+00:00
[2025-08-10T00:18:03.645+0000] {processor.py:208} INFO - Processing /opt/airflow/dags/artist_generator.py took 0.030 seconds
[2025-08-10T00:18:34.001+0000] {processor.py:186} INFO - Started process (PID=2740) to work on /opt/airflow/dags/artist_generator.py
[2025-08-10T00:18:34.001+0000] {processor.py:914} INFO - Processing file /opt/airflow/dags/artist_generator.py for tasks to queue
[2025-08-10T00:18:34.002+0000] {logging_mixin.py:190} INFO - [2025-08-10T00:18:34.002+0000] {dagbag.py:588} INFO - Filling up the DagBag from /opt/airflow/dags/artist_generator.py
[2025-08-10T00:18:34.006+0000] {processor.py:925} INFO - DAG(s) 'artist_generator' retrieved from /opt/airflow/dags/artist_generator.py
[2025-08-10T00:18:34.016+0000] {logging_mixin.py:190} INFO - [2025-08-10T00:18:34.016+0000] {dag.py:3239} INFO - Sync 1 DAGs
[2025-08-10T00:18:34.023+0000] {logging_mixin.py:190} INFO - [2025-08-10T00:18:34.023+0000] {dag.py:4180} INFO - Setting next_dagrun for artist_generator to 2025-08-10 00:00:00+00:00, run_after=2025-08-11 00:00:00+00:00
[2025-08-10T00:18:34.029+0000] {processor.py:208} INFO - Processing /opt/airflow/dags/artist_generator.py took 0.031 seconds
[2025-08-10T00:19:04.449+0000] {processor.py:186} INFO - Started process (PID=2766) to work on /opt/airflow/dags/artist_generator.py
[2025-08-10T00:19:04.449+0000] {processor.py:914} INFO - Processing file /opt/airflow/dags/artist_generator.py for tasks to queue
[2025-08-10T00:19:04.450+0000] {logging_mixin.py:190} INFO - [2025-08-10T00:19:04.450+0000] {dagbag.py:588} INFO - Filling up the DagBag from /opt/airflow/dags/artist_generator.py
[2025-08-10T00:19:04.454+0000] {processor.py:925} INFO - DAG(s) 'artist_generator' retrieved from /opt/airflow/dags/artist_generator.py
[2025-08-10T00:19:04.464+0000] {logging_mixin.py:190} INFO - [2025-08-10T00:19:04.464+0000] {dag.py:3239} INFO - Sync 1 DAGs
[2025-08-10T00:19:04.472+0000] {logging_mixin.py:190} INFO - [2025-08-10T00:19:04.472+0000] {dag.py:4180} INFO - Setting next_dagrun for artist_generator to 2025-08-10 00:00:00+00:00, run_after=2025-08-11 00:00:00+00:00
[2025-08-10T00:19:04.477+0000] {processor.py:208} INFO - Processing /opt/airflow/dags/artist_generator.py took 0.031 seconds
[2025-08-10T00:19:34.897+0000] {processor.py:186} INFO - Started process (PID=2792) to work on /opt/airflow/dags/artist_generator.py
[2025-08-10T00:19:34.898+0000] {processor.py:914} INFO - Processing file /opt/airflow/dags/artist_generator.py for tasks to queue
[2025-08-10T00:19:34.899+0000] {logging_mixin.py:190} INFO - [2025-08-10T00:19:34.899+0000] {dagbag.py:588} INFO - Filling up the DagBag from /opt/airflow/dags/artist_generator.py
[2025-08-10T00:19:34.903+0000] {processor.py:925} INFO - DAG(s) 'artist_generator' retrieved from /opt/airflow/dags/artist_generator.py
[2025-08-10T00:19:34.916+0000] {logging_mixin.py:190} INFO - [2025-08-10T00:19:34.916+0000] {dag.py:3239} INFO - Sync 1 DAGs
[2025-08-10T00:19:34.925+0000] {logging_mixin.py:190} INFO - [2025-08-10T00:19:34.924+0000] {dag.py:4180} INFO - Setting next_dagrun for artist_generator to 2025-08-10 00:00:00+00:00, run_after=2025-08-11 00:00:00+00:00
[2025-08-10T00:19:34.931+0000] {processor.py:208} INFO - Processing /opt/airflow/dags/artist_generator.py took 0.037 seconds
[2025-08-10T00:20:05.363+0000] {processor.py:186} INFO - Started process (PID=2818) to work on /opt/airflow/dags/artist_generator.py
[2025-08-10T00:20:05.363+0000] {processor.py:914} INFO - Processing file /opt/airflow/dags/artist_generator.py for tasks to queue
[2025-08-10T00:20:05.364+0000] {logging_mixin.py:190} INFO - [2025-08-10T00:20:05.364+0000] {dagbag.py:588} INFO - Filling up the DagBag from /opt/airflow/dags/artist_generator.py
[2025-08-10T00:20:05.370+0000] {processor.py:925} INFO - DAG(s) 'artist_generator' retrieved from /opt/airflow/dags/artist_generator.py
[2025-08-10T00:20:05.385+0000] {logging_mixin.py:190} INFO - [2025-08-10T00:20:05.385+0000] {dag.py:3239} INFO - Sync 1 DAGs
[2025-08-10T00:20:05.395+0000] {logging_mixin.py:190} INFO - [2025-08-10T00:20:05.395+0000] {dag.py:4180} INFO - Setting next_dagrun for artist_generator to 2025-08-10 00:00:00+00:00, run_after=2025-08-11 00:00:00+00:00
[2025-08-10T00:20:05.401+0000] {processor.py:208} INFO - Processing /opt/airflow/dags/artist_generator.py took 0.042 seconds
[2025-08-10T00:20:35.835+0000] {processor.py:186} INFO - Started process (PID=2844) to work on /opt/airflow/dags/artist_generator.py
[2025-08-10T00:20:35.836+0000] {processor.py:914} INFO - Processing file /opt/airflow/dags/artist_generator.py for tasks to queue
[2025-08-10T00:20:35.838+0000] {logging_mixin.py:190} INFO - [2025-08-10T00:20:35.837+0000] {dagbag.py:588} INFO - Filling up the DagBag from /opt/airflow/dags/artist_generator.py
[2025-08-10T00:20:35.841+0000] {processor.py:925} INFO - DAG(s) 'artist_generator' retrieved from /opt/airflow/dags/artist_generator.py
[2025-08-10T00:20:35.854+0000] {logging_mixin.py:190} INFO - [2025-08-10T00:20:35.853+0000] {dag.py:3239} INFO - Sync 1 DAGs
[2025-08-10T00:20:35.863+0000] {logging_mixin.py:190} INFO - [2025-08-10T00:20:35.863+0000] {dag.py:4180} INFO - Setting next_dagrun for artist_generator to 2025-08-10 00:00:00+00:00, run_after=2025-08-11 00:00:00+00:00
[2025-08-10T00:20:35.869+0000] {processor.py:208} INFO - Processing /opt/airflow/dags/artist_generator.py took 0.039 seconds
[2025-08-10T00:21:06.240+0000] {processor.py:186} INFO - Started process (PID=2870) to work on /opt/airflow/dags/artist_generator.py
[2025-08-10T00:21:06.240+0000] {processor.py:914} INFO - Processing file /opt/airflow/dags/artist_generator.py for tasks to queue
[2025-08-10T00:21:06.241+0000] {logging_mixin.py:190} INFO - [2025-08-10T00:21:06.241+0000] {dagbag.py:588} INFO - Filling up the DagBag from /opt/airflow/dags/artist_generator.py
[2025-08-10T00:21:06.246+0000] {processor.py:925} INFO - DAG(s) 'artist_generator' retrieved from /opt/airflow/dags/artist_generator.py
[2025-08-10T00:21:06.257+0000] {logging_mixin.py:190} INFO - [2025-08-10T00:21:06.257+0000] {dag.py:3239} INFO - Sync 1 DAGs
[2025-08-10T00:21:06.264+0000] {logging_mixin.py:190} INFO - [2025-08-10T00:21:06.264+0000] {dag.py:4180} INFO - Setting next_dagrun for artist_generator to 2025-08-10 00:00:00+00:00, run_after=2025-08-11 00:00:00+00:00
[2025-08-10T00:21:06.269+0000] {processor.py:208} INFO - Processing /opt/airflow/dags/artist_generator.py took 0.033 seconds
[2025-08-10T00:21:36.627+0000] {processor.py:186} INFO - Started process (PID=2896) to work on /opt/airflow/dags/artist_generator.py
[2025-08-10T00:21:36.627+0000] {processor.py:914} INFO - Processing file /opt/airflow/dags/artist_generator.py for tasks to queue
[2025-08-10T00:21:36.628+0000] {logging_mixin.py:190} INFO - [2025-08-10T00:21:36.628+0000] {dagbag.py:588} INFO - Filling up the DagBag from /opt/airflow/dags/artist_generator.py
[2025-08-10T00:21:36.632+0000] {processor.py:925} INFO - DAG(s) 'artist_generator' retrieved from /opt/airflow/dags/artist_generator.py
[2025-08-10T00:21:36.642+0000] {logging_mixin.py:190} INFO - [2025-08-10T00:21:36.641+0000] {dag.py:3239} INFO - Sync 1 DAGs
[2025-08-10T00:21:36.649+0000] {logging_mixin.py:190} INFO - [2025-08-10T00:21:36.649+0000] {dag.py:4180} INFO - Setting next_dagrun for artist_generator to 2025-08-10 00:00:00+00:00, run_after=2025-08-11 00:00:00+00:00
[2025-08-10T00:21:36.655+0000] {processor.py:208} INFO - Processing /opt/airflow/dags/artist_generator.py took 0.030 seconds
[2025-08-10T00:22:07.204+0000] {processor.py:186} INFO - Started process (PID=2922) to work on /opt/airflow/dags/artist_generator.py
[2025-08-10T00:22:07.205+0000] {processor.py:914} INFO - Processing file /opt/airflow/dags/artist_generator.py for tasks to queue
[2025-08-10T00:22:07.206+0000] {logging_mixin.py:190} INFO - [2025-08-10T00:22:07.206+0000] {dagbag.py:588} INFO - Filling up the DagBag from /opt/airflow/dags/artist_generator.py
[2025-08-10T00:22:07.210+0000] {processor.py:925} INFO - DAG(s) 'artist_generator' retrieved from /opt/airflow/dags/artist_generator.py
[2025-08-10T00:22:07.224+0000] {logging_mixin.py:190} INFO - [2025-08-10T00:22:07.224+0000] {dag.py:3239} INFO - Sync 1 DAGs
[2025-08-10T00:22:07.233+0000] {logging_mixin.py:190} INFO - [2025-08-10T00:22:07.233+0000] {dag.py:4180} INFO - Setting next_dagrun for artist_generator to 2025-08-10 00:00:00+00:00, run_after=2025-08-11 00:00:00+00:00
[2025-08-10T00:22:07.239+0000] {processor.py:208} INFO - Processing /opt/airflow/dags/artist_generator.py took 0.039 seconds
[2025-08-10T00:22:37.810+0000] {processor.py:186} INFO - Started process (PID=2948) to work on /opt/airflow/dags/artist_generator.py
[2025-08-10T00:22:37.811+0000] {processor.py:914} INFO - Processing file /opt/airflow/dags/artist_generator.py for tasks to queue
[2025-08-10T00:22:37.813+0000] {logging_mixin.py:190} INFO - [2025-08-10T00:22:37.812+0000] {dagbag.py:588} INFO - Filling up the DagBag from /opt/airflow/dags/artist_generator.py
[2025-08-10T00:22:37.820+0000] {processor.py:925} INFO - DAG(s) 'artist_generator' retrieved from /opt/airflow/dags/artist_generator.py
[2025-08-10T00:22:37.834+0000] {logging_mixin.py:190} INFO - [2025-08-10T00:22:37.834+0000] {dag.py:3239} INFO - Sync 1 DAGs
[2025-08-10T00:22:37.842+0000] {logging_mixin.py:190} INFO - [2025-08-10T00:22:37.842+0000] {dag.py:4180} INFO - Setting next_dagrun for artist_generator to 2025-08-10 00:00:00+00:00, run_after=2025-08-11 00:00:00+00:00
[2025-08-10T00:22:37.848+0000] {processor.py:208} INFO - Processing /opt/airflow/dags/artist_generator.py took 0.041 seconds
[2025-08-10T00:23:08.246+0000] {processor.py:186} INFO - Started process (PID=2974) to work on /opt/airflow/dags/artist_generator.py
[2025-08-10T00:23:08.247+0000] {processor.py:914} INFO - Processing file /opt/airflow/dags/artist_generator.py for tasks to queue
[2025-08-10T00:23:08.249+0000] {logging_mixin.py:190} INFO - [2025-08-10T00:23:08.249+0000] {dagbag.py:588} INFO - Filling up the DagBag from /opt/airflow/dags/artist_generator.py
[2025-08-10T00:23:08.253+0000] {processor.py:925} INFO - DAG(s) 'artist_generator' retrieved from /opt/airflow/dags/artist_generator.py
[2025-08-10T00:23:08.264+0000] {logging_mixin.py:190} INFO - [2025-08-10T00:23:08.264+0000] {dag.py:3239} INFO - Sync 1 DAGs
[2025-08-10T00:23:08.273+0000] {logging_mixin.py:190} INFO - [2025-08-10T00:23:08.273+0000] {dag.py:4180} INFO - Setting next_dagrun for artist_generator to 2025-08-10 00:00:00+00:00, run_after=2025-08-11 00:00:00+00:00
[2025-08-10T00:23:08.278+0000] {processor.py:208} INFO - Processing /opt/airflow/dags/artist_generator.py took 0.035 seconds
[2025-08-10T00:23:38.714+0000] {processor.py:186} INFO - Started process (PID=3000) to work on /opt/airflow/dags/artist_generator.py
[2025-08-10T00:23:38.714+0000] {processor.py:914} INFO - Processing file /opt/airflow/dags/artist_generator.py for tasks to queue
[2025-08-10T00:23:38.716+0000] {logging_mixin.py:190} INFO - [2025-08-10T00:23:38.716+0000] {dagbag.py:588} INFO - Filling up the DagBag from /opt/airflow/dags/artist_generator.py
[2025-08-10T00:23:38.720+0000] {processor.py:925} INFO - DAG(s) 'artist_generator' retrieved from /opt/airflow/dags/artist_generator.py
[2025-08-10T00:23:38.735+0000] {logging_mixin.py:190} INFO - [2025-08-10T00:23:38.735+0000] {dag.py:3239} INFO - Sync 1 DAGs
[2025-08-10T00:23:38.743+0000] {logging_mixin.py:190} INFO - [2025-08-10T00:23:38.743+0000] {dag.py:4180} INFO - Setting next_dagrun for artist_generator to 2025-08-10 00:00:00+00:00, run_after=2025-08-11 00:00:00+00:00
[2025-08-10T00:23:38.748+0000] {processor.py:208} INFO - Processing /opt/airflow/dags/artist_generator.py took 0.039 seconds
[2025-08-10T00:24:09.145+0000] {processor.py:186} INFO - Started process (PID=3026) to work on /opt/airflow/dags/artist_generator.py
[2025-08-10T00:24:09.145+0000] {processor.py:914} INFO - Processing file /opt/airflow/dags/artist_generator.py for tasks to queue
[2025-08-10T00:24:09.146+0000] {logging_mixin.py:190} INFO - [2025-08-10T00:24:09.146+0000] {dagbag.py:588} INFO - Filling up the DagBag from /opt/airflow/dags/artist_generator.py
[2025-08-10T00:24:09.150+0000] {processor.py:925} INFO - DAG(s) 'artist_generator' retrieved from /opt/airflow/dags/artist_generator.py
[2025-08-10T00:24:09.160+0000] {logging_mixin.py:190} INFO - [2025-08-10T00:24:09.160+0000] {dag.py:3239} INFO - Sync 1 DAGs
[2025-08-10T00:24:09.167+0000] {logging_mixin.py:190} INFO - [2025-08-10T00:24:09.167+0000] {dag.py:4180} INFO - Setting next_dagrun for artist_generator to 2025-08-10 00:00:00+00:00, run_after=2025-08-11 00:00:00+00:00
[2025-08-10T00:24:09.172+0000] {processor.py:208} INFO - Processing /opt/airflow/dags/artist_generator.py took 0.030 seconds
[2025-08-10T00:24:39.565+0000] {processor.py:186} INFO - Started process (PID=3051) to work on /opt/airflow/dags/artist_generator.py
[2025-08-10T00:24:39.566+0000] {processor.py:914} INFO - Processing file /opt/airflow/dags/artist_generator.py for tasks to queue
[2025-08-10T00:24:39.567+0000] {logging_mixin.py:190} INFO - [2025-08-10T00:24:39.567+0000] {dagbag.py:588} INFO - Filling up the DagBag from /opt/airflow/dags/artist_generator.py
[2025-08-10T00:24:39.571+0000] {processor.py:925} INFO - DAG(s) 'artist_generator' retrieved from /opt/airflow/dags/artist_generator.py
[2025-08-10T00:24:39.584+0000] {logging_mixin.py:190} INFO - [2025-08-10T00:24:39.584+0000] {dag.py:3239} INFO - Sync 1 DAGs
[2025-08-10T00:24:39.592+0000] {logging_mixin.py:190} INFO - [2025-08-10T00:24:39.592+0000] {dag.py:4180} INFO - Setting next_dagrun for artist_generator to 2025-08-10 00:00:00+00:00, run_after=2025-08-11 00:00:00+00:00
[2025-08-10T00:24:39.598+0000] {processor.py:208} INFO - Processing /opt/airflow/dags/artist_generator.py took 0.035 seconds
[2025-08-10T00:25:09.990+0000] {processor.py:186} INFO - Started process (PID=3077) to work on /opt/airflow/dags/artist_generator.py
[2025-08-10T00:25:09.990+0000] {processor.py:914} INFO - Processing file /opt/airflow/dags/artist_generator.py for tasks to queue
[2025-08-10T00:25:09.991+0000] {logging_mixin.py:190} INFO - [2025-08-10T00:25:09.991+0000] {dagbag.py:588} INFO - Filling up the DagBag from /opt/airflow/dags/artist_generator.py
[2025-08-10T00:25:09.994+0000] {processor.py:925} INFO - DAG(s) 'artist_generator' retrieved from /opt/airflow/dags/artist_generator.py
[2025-08-10T00:25:10.004+0000] {logging_mixin.py:190} INFO - [2025-08-10T00:25:10.004+0000] {dag.py:3239} INFO - Sync 1 DAGs
[2025-08-10T00:25:10.012+0000] {logging_mixin.py:190} INFO - [2025-08-10T00:25:10.012+0000] {dag.py:4180} INFO - Setting next_dagrun for artist_generator to 2025-08-10 00:00:00+00:00, run_after=2025-08-11 00:00:00+00:00
[2025-08-10T00:25:10.017+0000] {processor.py:208} INFO - Processing /opt/airflow/dags/artist_generator.py took 0.030 seconds
[2025-08-10T00:25:40.435+0000] {processor.py:186} INFO - Started process (PID=3103) to work on /opt/airflow/dags/artist_generator.py
[2025-08-10T00:25:40.435+0000] {processor.py:914} INFO - Processing file /opt/airflow/dags/artist_generator.py for tasks to queue
[2025-08-10T00:25:40.437+0000] {logging_mixin.py:190} INFO - [2025-08-10T00:25:40.437+0000] {dagbag.py:588} INFO - Filling up the DagBag from /opt/airflow/dags/artist_generator.py
[2025-08-10T00:25:40.440+0000] {processor.py:925} INFO - DAG(s) 'artist_generator' retrieved from /opt/airflow/dags/artist_generator.py
[2025-08-10T00:25:40.452+0000] {logging_mixin.py:190} INFO - [2025-08-10T00:25:40.451+0000] {dag.py:3239} INFO - Sync 1 DAGs
[2025-08-10T00:25:40.460+0000] {logging_mixin.py:190} INFO - [2025-08-10T00:25:40.460+0000] {dag.py:4180} INFO - Setting next_dagrun for artist_generator to 2025-08-10 00:00:00+00:00, run_after=2025-08-11 00:00:00+00:00
[2025-08-10T00:25:40.467+0000] {processor.py:208} INFO - Processing /opt/airflow/dags/artist_generator.py took 0.035 seconds
[2025-08-10T00:26:10.859+0000] {processor.py:186} INFO - Started process (PID=3129) to work on /opt/airflow/dags/artist_generator.py
[2025-08-10T00:26:10.860+0000] {processor.py:914} INFO - Processing file /opt/airflow/dags/artist_generator.py for tasks to queue
[2025-08-10T00:26:10.861+0000] {logging_mixin.py:190} INFO - [2025-08-10T00:26:10.861+0000] {dagbag.py:588} INFO - Filling up the DagBag from /opt/airflow/dags/artist_generator.py
[2025-08-10T00:26:10.864+0000] {processor.py:925} INFO - DAG(s) 'artist_generator' retrieved from /opt/airflow/dags/artist_generator.py
[2025-08-10T00:26:10.875+0000] {logging_mixin.py:190} INFO - [2025-08-10T00:26:10.875+0000] {dag.py:3239} INFO - Sync 1 DAGs
[2025-08-10T00:26:10.883+0000] {logging_mixin.py:190} INFO - [2025-08-10T00:26:10.883+0000] {dag.py:4180} INFO - Setting next_dagrun for artist_generator to 2025-08-10 00:00:00+00:00, run_after=2025-08-11 00:00:00+00:00
[2025-08-10T00:26:10.889+0000] {processor.py:208} INFO - Processing /opt/airflow/dags/artist_generator.py took 0.033 seconds
[2025-08-10T00:26:41.271+0000] {processor.py:186} INFO - Started process (PID=3155) to work on /opt/airflow/dags/artist_generator.py
[2025-08-10T00:26:41.271+0000] {processor.py:914} INFO - Processing file /opt/airflow/dags/artist_generator.py for tasks to queue
[2025-08-10T00:26:41.272+0000] {logging_mixin.py:190} INFO - [2025-08-10T00:26:41.272+0000] {dagbag.py:588} INFO - Filling up the DagBag from /opt/airflow/dags/artist_generator.py
[2025-08-10T00:26:41.276+0000] {processor.py:925} INFO - DAG(s) 'artist_generator' retrieved from /opt/airflow/dags/artist_generator.py
[2025-08-10T00:26:41.286+0000] {logging_mixin.py:190} INFO - [2025-08-10T00:26:41.286+0000] {dag.py:3239} INFO - Sync 1 DAGs
[2025-08-10T00:26:41.294+0000] {logging_mixin.py:190} INFO - [2025-08-10T00:26:41.294+0000] {dag.py:4180} INFO - Setting next_dagrun for artist_generator to 2025-08-10 00:00:00+00:00, run_after=2025-08-11 00:00:00+00:00
[2025-08-10T00:26:41.298+0000] {processor.py:208} INFO - Processing /opt/airflow/dags/artist_generator.py took 0.030 seconds
[2025-08-10T00:27:11.752+0000] {processor.py:186} INFO - Started process (PID=3181) to work on /opt/airflow/dags/artist_generator.py
[2025-08-10T00:27:11.752+0000] {processor.py:914} INFO - Processing file /opt/airflow/dags/artist_generator.py for tasks to queue
[2025-08-10T00:27:11.753+0000] {logging_mixin.py:190} INFO - [2025-08-10T00:27:11.753+0000] {dagbag.py:588} INFO - Filling up the DagBag from /opt/airflow/dags/artist_generator.py
[2025-08-10T00:27:11.757+0000] {processor.py:925} INFO - DAG(s) 'artist_generator' retrieved from /opt/airflow/dags/artist_generator.py
[2025-08-10T00:27:11.767+0000] {logging_mixin.py:190} INFO - [2025-08-10T00:27:11.767+0000] {dag.py:3239} INFO - Sync 1 DAGs
[2025-08-10T00:27:11.775+0000] {logging_mixin.py:190} INFO - [2025-08-10T00:27:11.775+0000] {dag.py:4180} INFO - Setting next_dagrun for artist_generator to 2025-08-10 00:00:00+00:00, run_after=2025-08-11 00:00:00+00:00
[2025-08-10T00:27:11.783+0000] {processor.py:208} INFO - Processing /opt/airflow/dags/artist_generator.py took 0.035 seconds
[2025-08-10T00:27:42.169+0000] {processor.py:186} INFO - Started process (PID=3207) to work on /opt/airflow/dags/artist_generator.py
[2025-08-10T00:27:42.170+0000] {processor.py:914} INFO - Processing file /opt/airflow/dags/artist_generator.py for tasks to queue
[2025-08-10T00:27:42.171+0000] {logging_mixin.py:190} INFO - [2025-08-10T00:27:42.170+0000] {dagbag.py:588} INFO - Filling up the DagBag from /opt/airflow/dags/artist_generator.py
[2025-08-10T00:27:42.174+0000] {processor.py:925} INFO - DAG(s) 'artist_generator' retrieved from /opt/airflow/dags/artist_generator.py
[2025-08-10T00:27:42.183+0000] {logging_mixin.py:190} INFO - [2025-08-10T00:27:42.183+0000] {dag.py:3239} INFO - Sync 1 DAGs
[2025-08-10T00:27:42.190+0000] {logging_mixin.py:190} INFO - [2025-08-10T00:27:42.190+0000] {dag.py:4180} INFO - Setting next_dagrun for artist_generator to 2025-08-10 00:00:00+00:00, run_after=2025-08-11 00:00:00+00:00
[2025-08-10T00:27:42.196+0000] {processor.py:208} INFO - Processing /opt/airflow/dags/artist_generator.py took 0.029 seconds
[2025-08-10T00:28:12.591+0000] {processor.py:186} INFO - Started process (PID=3233) to work on /opt/airflow/dags/artist_generator.py
[2025-08-10T00:28:12.592+0000] {processor.py:914} INFO - Processing file /opt/airflow/dags/artist_generator.py for tasks to queue
[2025-08-10T00:28:12.593+0000] {logging_mixin.py:190} INFO - [2025-08-10T00:28:12.593+0000] {dagbag.py:588} INFO - Filling up the DagBag from /opt/airflow/dags/artist_generator.py
[2025-08-10T00:28:12.597+0000] {processor.py:925} INFO - DAG(s) 'artist_generator' retrieved from /opt/airflow/dags/artist_generator.py
[2025-08-10T00:28:12.607+0000] {logging_mixin.py:190} INFO - [2025-08-10T00:28:12.607+0000] {dag.py:3239} INFO - Sync 1 DAGs
[2025-08-10T00:28:12.616+0000] {logging_mixin.py:190} INFO - [2025-08-10T00:28:12.616+0000] {dag.py:4180} INFO - Setting next_dagrun for artist_generator to 2025-08-10 00:00:00+00:00, run_after=2025-08-11 00:00:00+00:00
[2025-08-10T00:28:12.621+0000] {processor.py:208} INFO - Processing /opt/airflow/dags/artist_generator.py took 0.033 seconds
[2025-08-10T00:28:43.025+0000] {processor.py:186} INFO - Started process (PID=3259) to work on /opt/airflow/dags/artist_generator.py
[2025-08-10T00:28:43.025+0000] {processor.py:914} INFO - Processing file /opt/airflow/dags/artist_generator.py for tasks to queue
[2025-08-10T00:28:43.026+0000] {logging_mixin.py:190} INFO - [2025-08-10T00:28:43.026+0000] {dagbag.py:588} INFO - Filling up the DagBag from /opt/airflow/dags/artist_generator.py
[2025-08-10T00:28:43.029+0000] {processor.py:925} INFO - DAG(s) 'artist_generator' retrieved from /opt/airflow/dags/artist_generator.py
[2025-08-10T00:28:43.039+0000] {logging_mixin.py:190} INFO - [2025-08-10T00:28:43.039+0000] {dag.py:3239} INFO - Sync 1 DAGs
[2025-08-10T00:28:43.046+0000] {logging_mixin.py:190} INFO - [2025-08-10T00:28:43.046+0000] {dag.py:4180} INFO - Setting next_dagrun for artist_generator to 2025-08-10 00:00:00+00:00, run_after=2025-08-11 00:00:00+00:00
[2025-08-10T00:28:43.051+0000] {processor.py:208} INFO - Processing /opt/airflow/dags/artist_generator.py took 0.030 seconds
[2025-08-10T00:29:13.406+0000] {processor.py:186} INFO - Started process (PID=3285) to work on /opt/airflow/dags/artist_generator.py
[2025-08-10T00:29:13.407+0000] {processor.py:914} INFO - Processing file /opt/airflow/dags/artist_generator.py for tasks to queue
[2025-08-10T00:29:13.408+0000] {logging_mixin.py:190} INFO - [2025-08-10T00:29:13.408+0000] {dagbag.py:588} INFO - Filling up the DagBag from /opt/airflow/dags/artist_generator.py
[2025-08-10T00:29:13.411+0000] {processor.py:925} INFO - DAG(s) 'artist_generator' retrieved from /opt/airflow/dags/artist_generator.py
[2025-08-10T00:29:13.422+0000] {logging_mixin.py:190} INFO - [2025-08-10T00:29:13.422+0000] {dag.py:3239} INFO - Sync 1 DAGs
[2025-08-10T00:29:13.429+0000] {logging_mixin.py:190} INFO - [2025-08-10T00:29:13.429+0000] {dag.py:4180} INFO - Setting next_dagrun for artist_generator to 2025-08-10 00:00:00+00:00, run_after=2025-08-11 00:00:00+00:00
[2025-08-10T00:29:13.436+0000] {processor.py:208} INFO - Processing /opt/airflow/dags/artist_generator.py took 0.033 seconds
[2025-08-10T00:29:43.803+0000] {processor.py:186} INFO - Started process (PID=3311) to work on /opt/airflow/dags/artist_generator.py
[2025-08-10T00:29:43.803+0000] {processor.py:914} INFO - Processing file /opt/airflow/dags/artist_generator.py for tasks to queue
[2025-08-10T00:29:43.804+0000] {logging_mixin.py:190} INFO - [2025-08-10T00:29:43.804+0000] {dagbag.py:588} INFO - Filling up the DagBag from /opt/airflow/dags/artist_generator.py
[2025-08-10T00:29:43.807+0000] {processor.py:925} INFO - DAG(s) 'artist_generator' retrieved from /opt/airflow/dags/artist_generator.py
[2025-08-10T00:29:43.817+0000] {logging_mixin.py:190} INFO - [2025-08-10T00:29:43.817+0000] {dag.py:3239} INFO - Sync 1 DAGs
[2025-08-10T00:29:43.824+0000] {logging_mixin.py:190} INFO - [2025-08-10T00:29:43.823+0000] {dag.py:4180} INFO - Setting next_dagrun for artist_generator to 2025-08-10 00:00:00+00:00, run_after=2025-08-11 00:00:00+00:00
[2025-08-10T00:29:43.838+0000] {processor.py:208} INFO - Processing /opt/airflow/dags/artist_generator.py took 0.038 seconds
[2025-08-10T00:30:14.232+0000] {processor.py:186} INFO - Started process (PID=3337) to work on /opt/airflow/dags/artist_generator.py
[2025-08-10T00:30:14.232+0000] {processor.py:914} INFO - Processing file /opt/airflow/dags/artist_generator.py for tasks to queue
[2025-08-10T00:30:14.233+0000] {logging_mixin.py:190} INFO - [2025-08-10T00:30:14.233+0000] {dagbag.py:588} INFO - Filling up the DagBag from /opt/airflow/dags/artist_generator.py
[2025-08-10T00:30:14.236+0000] {processor.py:925} INFO - DAG(s) 'artist_generator' retrieved from /opt/airflow/dags/artist_generator.py
[2025-08-10T00:30:14.246+0000] {logging_mixin.py:190} INFO - [2025-08-10T00:30:14.246+0000] {dag.py:3239} INFO - Sync 1 DAGs
[2025-08-10T00:30:14.253+0000] {logging_mixin.py:190} INFO - [2025-08-10T00:30:14.253+0000] {dag.py:4180} INFO - Setting next_dagrun for artist_generator to 2025-08-10 00:00:00+00:00, run_after=2025-08-11 00:00:00+00:00
[2025-08-10T00:30:14.258+0000] {processor.py:208} INFO - Processing /opt/airflow/dags/artist_generator.py took 0.029 seconds
[2025-08-10T00:30:44.659+0000] {processor.py:186} INFO - Started process (PID=3363) to work on /opt/airflow/dags/artist_generator.py
[2025-08-10T00:30:44.659+0000] {processor.py:914} INFO - Processing file /opt/airflow/dags/artist_generator.py for tasks to queue
[2025-08-10T00:30:44.660+0000] {logging_mixin.py:190} INFO - [2025-08-10T00:30:44.660+0000] {dagbag.py:588} INFO - Filling up the DagBag from /opt/airflow/dags/artist_generator.py
[2025-08-10T00:30:44.663+0000] {processor.py:925} INFO - DAG(s) 'artist_generator' retrieved from /opt/airflow/dags/artist_generator.py
[2025-08-10T00:30:44.673+0000] {logging_mixin.py:190} INFO - [2025-08-10T00:30:44.673+0000] {dag.py:3239} INFO - Sync 1 DAGs
[2025-08-10T00:30:44.681+0000] {logging_mixin.py:190} INFO - [2025-08-10T00:30:44.681+0000] {dag.py:4180} INFO - Setting next_dagrun for artist_generator to 2025-08-10 00:00:00+00:00, run_after=2025-08-11 00:00:00+00:00
[2025-08-10T00:30:44.686+0000] {processor.py:208} INFO - Processing /opt/airflow/dags/artist_generator.py took 0.030 seconds
[2025-08-10T00:31:15.024+0000] {processor.py:186} INFO - Started process (PID=3389) to work on /opt/airflow/dags/artist_generator.py
[2025-08-10T00:31:15.025+0000] {processor.py:914} INFO - Processing file /opt/airflow/dags/artist_generator.py for tasks to queue
[2025-08-10T00:31:15.026+0000] {logging_mixin.py:190} INFO - [2025-08-10T00:31:15.026+0000] {dagbag.py:588} INFO - Filling up the DagBag from /opt/airflow/dags/artist_generator.py
[2025-08-10T00:31:15.029+0000] {processor.py:925} INFO - DAG(s) 'artist_generator' retrieved from /opt/airflow/dags/artist_generator.py
[2025-08-10T00:31:15.038+0000] {logging_mixin.py:190} INFO - [2025-08-10T00:31:15.038+0000] {dag.py:3239} INFO - Sync 1 DAGs
[2025-08-10T00:31:15.046+0000] {logging_mixin.py:190} INFO - [2025-08-10T00:31:15.046+0000] {dag.py:4180} INFO - Setting next_dagrun for artist_generator to 2025-08-10 00:00:00+00:00, run_after=2025-08-11 00:00:00+00:00
[2025-08-10T00:31:15.051+0000] {processor.py:208} INFO - Processing /opt/airflow/dags/artist_generator.py took 0.029 seconds
[2025-08-10T00:31:45.433+0000] {processor.py:186} INFO - Started process (PID=3415) to work on /opt/airflow/dags/artist_generator.py
[2025-08-10T00:31:45.433+0000] {processor.py:914} INFO - Processing file /opt/airflow/dags/artist_generator.py for tasks to queue
[2025-08-10T00:31:45.434+0000] {logging_mixin.py:190} INFO - [2025-08-10T00:31:45.434+0000] {dagbag.py:588} INFO - Filling up the DagBag from /opt/airflow/dags/artist_generator.py
[2025-08-10T00:31:45.437+0000] {processor.py:925} INFO - DAG(s) 'artist_generator' retrieved from /opt/airflow/dags/artist_generator.py
[2025-08-10T00:31:45.447+0000] {logging_mixin.py:190} INFO - [2025-08-10T00:31:45.446+0000] {dag.py:3239} INFO - Sync 1 DAGs
[2025-08-10T00:31:45.453+0000] {logging_mixin.py:190} INFO - [2025-08-10T00:31:45.453+0000] {dag.py:4180} INFO - Setting next_dagrun for artist_generator to 2025-08-10 00:00:00+00:00, run_after=2025-08-11 00:00:00+00:00
[2025-08-10T00:31:45.459+0000] {processor.py:208} INFO - Processing /opt/airflow/dags/artist_generator.py took 0.029 seconds
[2025-08-10T00:32:15.735+0000] {processor.py:186} INFO - Started process (PID=3439) to work on /opt/airflow/dags/artist_generator.py
[2025-08-10T00:32:15.737+0000] {processor.py:914} INFO - Processing file /opt/airflow/dags/artist_generator.py for tasks to queue
[2025-08-10T00:32:15.738+0000] {logging_mixin.py:190} INFO - [2025-08-10T00:32:15.738+0000] {dagbag.py:588} INFO - Filling up the DagBag from /opt/airflow/dags/artist_generator.py
[2025-08-10T00:32:15.742+0000] {processor.py:925} INFO - DAG(s) 'artist_generator' retrieved from /opt/airflow/dags/artist_generator.py
[2025-08-10T00:32:15.754+0000] {logging_mixin.py:190} INFO - [2025-08-10T00:32:15.754+0000] {dag.py:3239} INFO - Sync 1 DAGs
[2025-08-10T00:32:15.763+0000] {logging_mixin.py:190} INFO - [2025-08-10T00:32:15.763+0000] {dag.py:4180} INFO - Setting next_dagrun for artist_generator to 2025-08-10 00:00:00+00:00, run_after=2025-08-11 00:00:00+00:00
[2025-08-10T00:32:15.773+0000] {processor.py:208} INFO - Processing /opt/airflow/dags/artist_generator.py took 0.041 seconds
