[2025-08-10T00:00:19.007+0000] {processor.py:186} INFO - Started process (PID=1803) to work on /opt/airflow/dags/music_generator.py
[2025-08-10T00:00:19.007+0000] {processor.py:914} INFO - Processing file /opt/airflow/dags/music_generator.py for tasks to queue
[2025-08-10T00:00:19.008+0000] {logging_mixin.py:190} INFO - [2025-08-10T00:00:19.008+0000] {dagbag.py:588} INFO - Filling up the DagBag from /opt/airflow/dags/music_generator.py
[2025-08-10T00:00:19.011+0000] {processor.py:925} INFO - DAG(s) 'music_generator' retrieved from /opt/airflow/dags/music_generator.py
[2025-08-10T00:00:19.020+0000] {logging_mixin.py:190} INFO - [2025-08-10T00:00:19.020+0000] {dag.py:3239} INFO - Sync 1 DAGs
[2025-08-10T00:00:19.028+0000] {logging_mixin.py:190} INFO - [2025-08-10T00:00:19.028+0000] {dag.py:4180} INFO - Setting next_dagrun for music_generator to 2025-08-10 00:00:00+00:00, run_after=2025-08-11 00:00:00+00:00
[2025-08-10T00:00:19.033+0000] {processor.py:208} INFO - Processing /opt/airflow/dags/music_generator.py took 0.029 seconds
[2025-08-10T00:00:49.416+0000] {processor.py:186} INFO - Started process (PID=1829) to work on /opt/airflow/dags/music_generator.py
[2025-08-10T00:00:49.417+0000] {processor.py:914} INFO - Processing file /opt/airflow/dags/music_generator.py for tasks to queue
[2025-08-10T00:00:49.418+0000] {logging_mixin.py:190} INFO - [2025-08-10T00:00:49.418+0000] {dagbag.py:588} INFO - Filling up the DagBag from /opt/airflow/dags/music_generator.py
[2025-08-10T00:00:49.422+0000] {processor.py:925} INFO - DAG(s) 'music_generator' retrieved from /opt/airflow/dags/music_generator.py
[2025-08-10T00:00:49.433+0000] {logging_mixin.py:190} INFO - [2025-08-10T00:00:49.433+0000] {dag.py:3239} INFO - Sync 1 DAGs
[2025-08-10T00:00:49.443+0000] {logging_mixin.py:190} INFO - [2025-08-10T00:00:49.443+0000] {dag.py:4180} INFO - Setting next_dagrun for music_generator to 2025-08-10 00:00:00+00:00, run_after=2025-08-11 00:00:00+00:00
[2025-08-10T00:00:49.448+0000] {processor.py:208} INFO - Processing /opt/airflow/dags/music_generator.py took 0.036 seconds
[2025-08-10T00:01:19.808+0000] {processor.py:186} INFO - Started process (PID=1855) to work on /opt/airflow/dags/music_generator.py
[2025-08-10T00:01:19.808+0000] {processor.py:914} INFO - Processing file /opt/airflow/dags/music_generator.py for tasks to queue
[2025-08-10T00:01:19.809+0000] {logging_mixin.py:190} INFO - [2025-08-10T00:01:19.809+0000] {dagbag.py:588} INFO - Filling up the DagBag from /opt/airflow/dags/music_generator.py
[2025-08-10T00:01:19.813+0000] {processor.py:925} INFO - DAG(s) 'music_generator' retrieved from /opt/airflow/dags/music_generator.py
[2025-08-10T00:01:19.823+0000] {logging_mixin.py:190} INFO - [2025-08-10T00:01:19.823+0000] {dag.py:3239} INFO - Sync 1 DAGs
[2025-08-10T00:01:19.830+0000] {logging_mixin.py:190} INFO - [2025-08-10T00:01:19.830+0000] {dag.py:4180} INFO - Setting next_dagrun for music_generator to 2025-08-10 00:00:00+00:00, run_after=2025-08-11 00:00:00+00:00
[2025-08-10T00:01:19.835+0000] {processor.py:208} INFO - Processing /opt/airflow/dags/music_generator.py took 0.031 seconds
[2025-08-10T00:01:50.216+0000] {processor.py:186} INFO - Started process (PID=1881) to work on /opt/airflow/dags/music_generator.py
[2025-08-10T00:01:50.217+0000] {processor.py:914} INFO - Processing file /opt/airflow/dags/music_generator.py for tasks to queue
[2025-08-10T00:01:50.217+0000] {logging_mixin.py:190} INFO - [2025-08-10T00:01:50.217+0000] {dagbag.py:588} INFO - Filling up the DagBag from /opt/airflow/dags/music_generator.py
[2025-08-10T00:01:50.221+0000] {processor.py:925} INFO - DAG(s) 'music_generator' retrieved from /opt/airflow/dags/music_generator.py
[2025-08-10T00:01:50.230+0000] {logging_mixin.py:190} INFO - [2025-08-10T00:01:50.230+0000] {dag.py:3239} INFO - Sync 1 DAGs
[2025-08-10T00:01:50.237+0000] {logging_mixin.py:190} INFO - [2025-08-10T00:01:50.237+0000] {dag.py:4180} INFO - Setting next_dagrun for music_generator to 2025-08-10 00:00:00+00:00, run_after=2025-08-11 00:00:00+00:00
[2025-08-10T00:01:50.242+0000] {processor.py:208} INFO - Processing /opt/airflow/dags/music_generator.py took 0.028 seconds
[2025-08-10T00:02:20.649+0000] {processor.py:186} INFO - Started process (PID=1907) to work on /opt/airflow/dags/music_generator.py
[2025-08-10T00:02:20.650+0000] {processor.py:914} INFO - Processing file /opt/airflow/dags/music_generator.py for tasks to queue
[2025-08-10T00:02:20.652+0000] {logging_mixin.py:190} INFO - [2025-08-10T00:02:20.651+0000] {dagbag.py:588} INFO - Filling up the DagBag from /opt/airflow/dags/music_generator.py
[2025-08-10T00:02:20.655+0000] {processor.py:925} INFO - DAG(s) 'music_generator' retrieved from /opt/airflow/dags/music_generator.py
[2025-08-10T00:02:20.666+0000] {logging_mixin.py:190} INFO - [2025-08-10T00:02:20.666+0000] {dag.py:3239} INFO - Sync 1 DAGs
[2025-08-10T00:02:20.674+0000] {logging_mixin.py:190} INFO - [2025-08-10T00:02:20.674+0000] {dag.py:4180} INFO - Setting next_dagrun for music_generator to 2025-08-10 00:00:00+00:00, run_after=2025-08-11 00:00:00+00:00
[2025-08-10T00:02:20.680+0000] {processor.py:208} INFO - Processing /opt/airflow/dags/music_generator.py took 0.034 seconds
[2025-08-10T00:02:50.992+0000] {processor.py:186} INFO - Started process (PID=1933) to work on /opt/airflow/dags/music_generator.py
[2025-08-10T00:02:50.993+0000] {processor.py:914} INFO - Processing file /opt/airflow/dags/music_generator.py for tasks to queue
[2025-08-10T00:02:50.994+0000] {logging_mixin.py:190} INFO - [2025-08-10T00:02:50.994+0000] {dagbag.py:588} INFO - Filling up the DagBag from /opt/airflow/dags/music_generator.py
[2025-08-10T00:02:50.998+0000] {processor.py:925} INFO - DAG(s) 'music_generator' retrieved from /opt/airflow/dags/music_generator.py
[2025-08-10T00:02:51.009+0000] {logging_mixin.py:190} INFO - [2025-08-10T00:02:51.009+0000] {dag.py:3239} INFO - Sync 1 DAGs
[2025-08-10T00:02:51.017+0000] {logging_mixin.py:190} INFO - [2025-08-10T00:02:51.017+0000] {dag.py:4180} INFO - Setting next_dagrun for music_generator to 2025-08-10 00:00:00+00:00, run_after=2025-08-11 00:00:00+00:00
[2025-08-10T00:02:51.032+0000] {processor.py:208} INFO - Processing /opt/airflow/dags/music_generator.py took 0.042 seconds
[2025-08-10T00:03:21.339+0000] {processor.py:186} INFO - Started process (PID=1959) to work on /opt/airflow/dags/music_generator.py
[2025-08-10T00:03:21.339+0000] {processor.py:914} INFO - Processing file /opt/airflow/dags/music_generator.py for tasks to queue
[2025-08-10T00:03:21.340+0000] {logging_mixin.py:190} INFO - [2025-08-10T00:03:21.340+0000] {dagbag.py:588} INFO - Filling up the DagBag from /opt/airflow/dags/music_generator.py
[2025-08-10T00:03:21.344+0000] {processor.py:925} INFO - DAG(s) 'music_generator' retrieved from /opt/airflow/dags/music_generator.py
[2025-08-10T00:03:21.355+0000] {logging_mixin.py:190} INFO - [2025-08-10T00:03:21.354+0000] {dag.py:3239} INFO - Sync 1 DAGs
[2025-08-10T00:03:21.362+0000] {logging_mixin.py:190} INFO - [2025-08-10T00:03:21.362+0000] {dag.py:4180} INFO - Setting next_dagrun for music_generator to 2025-08-10 00:00:00+00:00, run_after=2025-08-11 00:00:00+00:00
[2025-08-10T00:03:21.368+0000] {processor.py:208} INFO - Processing /opt/airflow/dags/music_generator.py took 0.032 seconds
[2025-08-10T00:03:51.824+0000] {processor.py:186} INFO - Started process (PID=1985) to work on /opt/airflow/dags/music_generator.py
[2025-08-10T00:03:51.824+0000] {processor.py:914} INFO - Processing file /opt/airflow/dags/music_generator.py for tasks to queue
[2025-08-10T00:03:51.826+0000] {logging_mixin.py:190} INFO - [2025-08-10T00:03:51.825+0000] {dagbag.py:588} INFO - Filling up the DagBag from /opt/airflow/dags/music_generator.py
[2025-08-10T00:03:51.830+0000] {processor.py:925} INFO - DAG(s) 'music_generator' retrieved from /opt/airflow/dags/music_generator.py
[2025-08-10T00:03:51.846+0000] {logging_mixin.py:190} INFO - [2025-08-10T00:03:51.846+0000] {dag.py:3239} INFO - Sync 1 DAGs
[2025-08-10T00:03:51.855+0000] {logging_mixin.py:190} INFO - [2025-08-10T00:03:51.855+0000] {dag.py:4180} INFO - Setting next_dagrun for music_generator to 2025-08-10 00:00:00+00:00, run_after=2025-08-11 00:00:00+00:00
[2025-08-10T00:03:51.861+0000] {processor.py:208} INFO - Processing /opt/airflow/dags/music_generator.py took 0.039 seconds
[2025-08-10T00:04:22.257+0000] {processor.py:186} INFO - Started process (PID=2011) to work on /opt/airflow/dags/music_generator.py
[2025-08-10T00:04:22.257+0000] {processor.py:914} INFO - Processing file /opt/airflow/dags/music_generator.py for tasks to queue
[2025-08-10T00:04:22.258+0000] {logging_mixin.py:190} INFO - [2025-08-10T00:04:22.258+0000] {dagbag.py:588} INFO - Filling up the DagBag from /opt/airflow/dags/music_generator.py
[2025-08-10T00:04:22.262+0000] {processor.py:925} INFO - DAG(s) 'music_generator' retrieved from /opt/airflow/dags/music_generator.py
[2025-08-10T00:04:22.272+0000] {logging_mixin.py:190} INFO - [2025-08-10T00:04:22.272+0000] {dag.py:3239} INFO - Sync 1 DAGs
[2025-08-10T00:04:22.280+0000] {logging_mixin.py:190} INFO - [2025-08-10T00:04:22.280+0000] {dag.py:4180} INFO - Setting next_dagrun for music_generator to 2025-08-10 00:00:00+00:00, run_after=2025-08-11 00:00:00+00:00
[2025-08-10T00:04:22.285+0000] {processor.py:208} INFO - Processing /opt/airflow/dags/music_generator.py took 0.031 seconds
[2025-08-10T00:04:52.739+0000] {processor.py:186} INFO - Started process (PID=2037) to work on /opt/airflow/dags/music_generator.py
[2025-08-10T00:04:52.739+0000] {processor.py:914} INFO - Processing file /opt/airflow/dags/music_generator.py for tasks to queue
[2025-08-10T00:04:52.740+0000] {logging_mixin.py:190} INFO - [2025-08-10T00:04:52.740+0000] {dagbag.py:588} INFO - Filling up the DagBag from /opt/airflow/dags/music_generator.py
[2025-08-10T00:04:52.744+0000] {processor.py:925} INFO - DAG(s) 'music_generator' retrieved from /opt/airflow/dags/music_generator.py
[2025-08-10T00:04:52.756+0000] {logging_mixin.py:190} INFO - [2025-08-10T00:04:52.756+0000] {dag.py:3239} INFO - Sync 1 DAGs
[2025-08-10T00:04:52.764+0000] {logging_mixin.py:190} INFO - [2025-08-10T00:04:52.764+0000] {dag.py:4180} INFO - Setting next_dagrun for music_generator to 2025-08-10 00:00:00+00:00, run_after=2025-08-11 00:00:00+00:00
[2025-08-10T00:04:52.770+0000] {processor.py:208} INFO - Processing /opt/airflow/dags/music_generator.py took 0.035 seconds
[2025-08-10T00:05:23.167+0000] {processor.py:186} INFO - Started process (PID=2063) to work on /opt/airflow/dags/music_generator.py
[2025-08-10T00:05:23.168+0000] {processor.py:914} INFO - Processing file /opt/airflow/dags/music_generator.py for tasks to queue
[2025-08-10T00:05:23.169+0000] {logging_mixin.py:190} INFO - [2025-08-10T00:05:23.169+0000] {dagbag.py:588} INFO - Filling up the DagBag from /opt/airflow/dags/music_generator.py
[2025-08-10T00:05:23.173+0000] {processor.py:925} INFO - DAG(s) 'music_generator' retrieved from /opt/airflow/dags/music_generator.py
[2025-08-10T00:05:23.183+0000] {logging_mixin.py:190} INFO - [2025-08-10T00:05:23.183+0000] {dag.py:3239} INFO - Sync 1 DAGs
[2025-08-10T00:05:23.191+0000] {logging_mixin.py:190} INFO - [2025-08-10T00:05:23.191+0000] {dag.py:4180} INFO - Setting next_dagrun for music_generator to 2025-08-10 00:00:00+00:00, run_after=2025-08-11 00:00:00+00:00
[2025-08-10T00:05:23.196+0000] {processor.py:208} INFO - Processing /opt/airflow/dags/music_generator.py took 0.034 seconds
[2025-08-10T00:05:53.686+0000] {processor.py:186} INFO - Started process (PID=2089) to work on /opt/airflow/dags/music_generator.py
[2025-08-10T00:05:53.686+0000] {processor.py:914} INFO - Processing file /opt/airflow/dags/music_generator.py for tasks to queue
[2025-08-10T00:05:53.687+0000] {logging_mixin.py:190} INFO - [2025-08-10T00:05:53.687+0000] {dagbag.py:588} INFO - Filling up the DagBag from /opt/airflow/dags/music_generator.py
[2025-08-10T00:05:53.690+0000] {processor.py:925} INFO - DAG(s) 'music_generator' retrieved from /opt/airflow/dags/music_generator.py
[2025-08-10T00:05:53.701+0000] {logging_mixin.py:190} INFO - [2025-08-10T00:05:53.701+0000] {dag.py:3239} INFO - Sync 1 DAGs
[2025-08-10T00:05:53.709+0000] {logging_mixin.py:190} INFO - [2025-08-10T00:05:53.709+0000] {dag.py:4180} INFO - Setting next_dagrun for music_generator to 2025-08-10 00:00:00+00:00, run_after=2025-08-11 00:00:00+00:00
[2025-08-10T00:05:53.714+0000] {processor.py:208} INFO - Processing /opt/airflow/dags/music_generator.py took 0.031 seconds
[2025-08-10T00:06:24.130+0000] {processor.py:186} INFO - Started process (PID=2115) to work on /opt/airflow/dags/music_generator.py
[2025-08-10T00:06:24.131+0000] {processor.py:914} INFO - Processing file /opt/airflow/dags/music_generator.py for tasks to queue
[2025-08-10T00:06:24.132+0000] {logging_mixin.py:190} INFO - [2025-08-10T00:06:24.132+0000] {dagbag.py:588} INFO - Filling up the DagBag from /opt/airflow/dags/music_generator.py
[2025-08-10T00:06:24.136+0000] {processor.py:925} INFO - DAG(s) 'music_generator' retrieved from /opt/airflow/dags/music_generator.py
[2025-08-10T00:06:24.146+0000] {logging_mixin.py:190} INFO - [2025-08-10T00:06:24.146+0000] {dag.py:3239} INFO - Sync 1 DAGs
[2025-08-10T00:06:24.154+0000] {logging_mixin.py:190} INFO - [2025-08-10T00:06:24.154+0000] {dag.py:4180} INFO - Setting next_dagrun for music_generator to 2025-08-10 00:00:00+00:00, run_after=2025-08-11 00:00:00+00:00
[2025-08-10T00:06:24.159+0000] {processor.py:208} INFO - Processing /opt/airflow/dags/music_generator.py took 0.032 seconds
[2025-08-10T00:06:54.538+0000] {processor.py:186} INFO - Started process (PID=2141) to work on /opt/airflow/dags/music_generator.py
[2025-08-10T00:06:54.538+0000] {processor.py:914} INFO - Processing file /opt/airflow/dags/music_generator.py for tasks to queue
[2025-08-10T00:06:54.539+0000] {logging_mixin.py:190} INFO - [2025-08-10T00:06:54.539+0000] {dagbag.py:588} INFO - Filling up the DagBag from /opt/airflow/dags/music_generator.py
[2025-08-10T00:06:54.543+0000] {processor.py:925} INFO - DAG(s) 'music_generator' retrieved from /opt/airflow/dags/music_generator.py
[2025-08-10T00:06:54.554+0000] {logging_mixin.py:190} INFO - [2025-08-10T00:06:54.554+0000] {dag.py:3239} INFO - Sync 1 DAGs
[2025-08-10T00:06:54.561+0000] {logging_mixin.py:190} INFO - [2025-08-10T00:06:54.561+0000] {dag.py:4180} INFO - Setting next_dagrun for music_generator to 2025-08-10 00:00:00+00:00, run_after=2025-08-11 00:00:00+00:00
[2025-08-10T00:06:54.566+0000] {processor.py:208} INFO - Processing /opt/airflow/dags/music_generator.py took 0.031 seconds
[2025-08-10T00:07:24.995+0000] {processor.py:186} INFO - Started process (PID=2167) to work on /opt/airflow/dags/music_generator.py
[2025-08-10T00:07:24.995+0000] {processor.py:914} INFO - Processing file /opt/airflow/dags/music_generator.py for tasks to queue
[2025-08-10T00:07:24.996+0000] {logging_mixin.py:190} INFO - [2025-08-10T00:07:24.996+0000] {dagbag.py:588} INFO - Filling up the DagBag from /opt/airflow/dags/music_generator.py
[2025-08-10T00:07:24.999+0000] {processor.py:925} INFO - DAG(s) 'music_generator' retrieved from /opt/airflow/dags/music_generator.py
[2025-08-10T00:07:25.009+0000] {logging_mixin.py:190} INFO - [2025-08-10T00:07:25.009+0000] {dag.py:3239} INFO - Sync 1 DAGs
[2025-08-10T00:07:25.016+0000] {logging_mixin.py:190} INFO - [2025-08-10T00:07:25.016+0000] {dag.py:4180} INFO - Setting next_dagrun for music_generator to 2025-08-10 00:00:00+00:00, run_after=2025-08-11 00:00:00+00:00
[2025-08-10T00:07:25.022+0000] {processor.py:208} INFO - Processing /opt/airflow/dags/music_generator.py took 0.030 seconds
[2025-08-10T00:07:55.462+0000] {processor.py:186} INFO - Started process (PID=2190) to work on /opt/airflow/dags/music_generator.py
[2025-08-10T00:07:55.463+0000] {processor.py:914} INFO - Processing file /opt/airflow/dags/music_generator.py for tasks to queue
[2025-08-10T00:07:55.464+0000] {logging_mixin.py:190} INFO - [2025-08-10T00:07:55.464+0000] {dagbag.py:588} INFO - Filling up the DagBag from /opt/airflow/dags/music_generator.py
[2025-08-10T00:07:55.470+0000] {processor.py:925} INFO - DAG(s) 'music_generator' retrieved from /opt/airflow/dags/music_generator.py
[2025-08-10T00:07:55.487+0000] {logging_mixin.py:190} INFO - [2025-08-10T00:07:55.486+0000] {dag.py:3239} INFO - Sync 1 DAGs
[2025-08-10T00:07:55.495+0000] {logging_mixin.py:190} INFO - [2025-08-10T00:07:55.495+0000] {dag.py:4180} INFO - Setting next_dagrun for music_generator to 2025-08-10 00:00:00+00:00, run_after=2025-08-11 00:00:00+00:00
[2025-08-10T00:07:55.503+0000] {processor.py:208} INFO - Processing /opt/airflow/dags/music_generator.py took 0.045 seconds
[2025-08-10T00:08:25.978+0000] {processor.py:186} INFO - Started process (PID=2219) to work on /opt/airflow/dags/music_generator.py
[2025-08-10T00:08:25.979+0000] {processor.py:914} INFO - Processing file /opt/airflow/dags/music_generator.py for tasks to queue
[2025-08-10T00:08:25.980+0000] {logging_mixin.py:190} INFO - [2025-08-10T00:08:25.980+0000] {dagbag.py:588} INFO - Filling up the DagBag from /opt/airflow/dags/music_generator.py
[2025-08-10T00:08:25.983+0000] {processor.py:925} INFO - DAG(s) 'music_generator' retrieved from /opt/airflow/dags/music_generator.py
[2025-08-10T00:08:25.992+0000] {logging_mixin.py:190} INFO - [2025-08-10T00:08:25.992+0000] {dag.py:3239} INFO - Sync 1 DAGs
[2025-08-10T00:08:25.999+0000] {logging_mixin.py:190} INFO - [2025-08-10T00:08:25.999+0000] {dag.py:4180} INFO - Setting next_dagrun for music_generator to 2025-08-10 00:00:00+00:00, run_after=2025-08-11 00:00:00+00:00
[2025-08-10T00:08:26.004+0000] {processor.py:208} INFO - Processing /opt/airflow/dags/music_generator.py took 0.030 seconds
[2025-08-10T00:08:56.347+0000] {processor.py:186} INFO - Started process (PID=2243) to work on /opt/airflow/dags/music_generator.py
[2025-08-10T00:08:56.347+0000] {processor.py:914} INFO - Processing file /opt/airflow/dags/music_generator.py for tasks to queue
[2025-08-10T00:08:56.348+0000] {logging_mixin.py:190} INFO - [2025-08-10T00:08:56.348+0000] {dagbag.py:588} INFO - Filling up the DagBag from /opt/airflow/dags/music_generator.py
[2025-08-10T00:08:56.355+0000] {processor.py:925} INFO - DAG(s) 'music_generator' retrieved from /opt/airflow/dags/music_generator.py
[2025-08-10T00:08:56.373+0000] {logging_mixin.py:190} INFO - [2025-08-10T00:08:56.373+0000] {dag.py:3239} INFO - Sync 1 DAGs
[2025-08-10T00:08:56.382+0000] {logging_mixin.py:190} INFO - [2025-08-10T00:08:56.382+0000] {dag.py:4180} INFO - Setting next_dagrun for music_generator to 2025-08-10 00:00:00+00:00, run_after=2025-08-11 00:00:00+00:00
[2025-08-10T00:08:56.387+0000] {processor.py:208} INFO - Processing /opt/airflow/dags/music_generator.py took 0.042 seconds
[2025-08-10T00:09:26.799+0000] {processor.py:186} INFO - Started process (PID=2271) to work on /opt/airflow/dags/music_generator.py
[2025-08-10T00:09:26.799+0000] {processor.py:914} INFO - Processing file /opt/airflow/dags/music_generator.py for tasks to queue
[2025-08-10T00:09:26.801+0000] {logging_mixin.py:190} INFO - [2025-08-10T00:09:26.800+0000] {dagbag.py:588} INFO - Filling up the DagBag from /opt/airflow/dags/music_generator.py
[2025-08-10T00:09:26.804+0000] {processor.py:925} INFO - DAG(s) 'music_generator' retrieved from /opt/airflow/dags/music_generator.py
[2025-08-10T00:09:26.815+0000] {logging_mixin.py:190} INFO - [2025-08-10T00:09:26.815+0000] {dag.py:3239} INFO - Sync 1 DAGs
[2025-08-10T00:09:26.823+0000] {logging_mixin.py:190} INFO - [2025-08-10T00:09:26.823+0000] {dag.py:4180} INFO - Setting next_dagrun for music_generator to 2025-08-10 00:00:00+00:00, run_after=2025-08-11 00:00:00+00:00
[2025-08-10T00:09:26.829+0000] {processor.py:208} INFO - Processing /opt/airflow/dags/music_generator.py took 0.034 seconds
[2025-08-10T00:09:57.243+0000] {processor.py:186} INFO - Started process (PID=2297) to work on /opt/airflow/dags/music_generator.py
[2025-08-10T00:09:57.243+0000] {processor.py:914} INFO - Processing file /opt/airflow/dags/music_generator.py for tasks to queue
[2025-08-10T00:09:57.244+0000] {logging_mixin.py:190} INFO - [2025-08-10T00:09:57.244+0000] {dagbag.py:588} INFO - Filling up the DagBag from /opt/airflow/dags/music_generator.py
[2025-08-10T00:09:57.248+0000] {processor.py:925} INFO - DAG(s) 'music_generator' retrieved from /opt/airflow/dags/music_generator.py
[2025-08-10T00:09:57.258+0000] {logging_mixin.py:190} INFO - [2025-08-10T00:09:57.257+0000] {dag.py:3239} INFO - Sync 1 DAGs
[2025-08-10T00:09:57.265+0000] {logging_mixin.py:190} INFO - [2025-08-10T00:09:57.265+0000] {dag.py:4180} INFO - Setting next_dagrun for music_generator to 2025-08-10 00:00:00+00:00, run_after=2025-08-11 00:00:00+00:00
[2025-08-10T00:09:57.270+0000] {processor.py:208} INFO - Processing /opt/airflow/dags/music_generator.py took 0.030 seconds
[2025-08-10T00:10:27.638+0000] {processor.py:186} INFO - Started process (PID=2323) to work on /opt/airflow/dags/music_generator.py
[2025-08-10T00:10:27.638+0000] {processor.py:914} INFO - Processing file /opt/airflow/dags/music_generator.py for tasks to queue
[2025-08-10T00:10:27.639+0000] {logging_mixin.py:190} INFO - [2025-08-10T00:10:27.639+0000] {dagbag.py:588} INFO - Filling up the DagBag from /opt/airflow/dags/music_generator.py
[2025-08-10T00:10:27.643+0000] {processor.py:925} INFO - DAG(s) 'music_generator' retrieved from /opt/airflow/dags/music_generator.py
[2025-08-10T00:10:27.652+0000] {logging_mixin.py:190} INFO - [2025-08-10T00:10:27.652+0000] {dag.py:3239} INFO - Sync 1 DAGs
[2025-08-10T00:10:27.659+0000] {logging_mixin.py:190} INFO - [2025-08-10T00:10:27.659+0000] {dag.py:4180} INFO - Setting next_dagrun for music_generator to 2025-08-10 00:00:00+00:00, run_after=2025-08-11 00:00:00+00:00
[2025-08-10T00:10:27.664+0000] {processor.py:208} INFO - Processing /opt/airflow/dags/music_generator.py took 0.029 seconds
[2025-08-10T00:10:58.043+0000] {processor.py:186} INFO - Started process (PID=2349) to work on /opt/airflow/dags/music_generator.py
[2025-08-10T00:10:58.043+0000] {processor.py:914} INFO - Processing file /opt/airflow/dags/music_generator.py for tasks to queue
[2025-08-10T00:10:58.044+0000] {logging_mixin.py:190} INFO - [2025-08-10T00:10:58.044+0000] {dagbag.py:588} INFO - Filling up the DagBag from /opt/airflow/dags/music_generator.py
[2025-08-10T00:10:58.047+0000] {processor.py:925} INFO - DAG(s) 'music_generator' retrieved from /opt/airflow/dags/music_generator.py
[2025-08-10T00:10:58.057+0000] {logging_mixin.py:190} INFO - [2025-08-10T00:10:58.057+0000] {dag.py:3239} INFO - Sync 1 DAGs
[2025-08-10T00:10:58.065+0000] {logging_mixin.py:190} INFO - [2025-08-10T00:10:58.065+0000] {dag.py:4180} INFO - Setting next_dagrun for music_generator to 2025-08-10 00:00:00+00:00, run_after=2025-08-11 00:00:00+00:00
[2025-08-10T00:10:58.072+0000] {processor.py:208} INFO - Processing /opt/airflow/dags/music_generator.py took 0.032 seconds
[2025-08-10T00:11:28.519+0000] {processor.py:186} INFO - Started process (PID=2375) to work on /opt/airflow/dags/music_generator.py
[2025-08-10T00:11:28.519+0000] {processor.py:914} INFO - Processing file /opt/airflow/dags/music_generator.py for tasks to queue
[2025-08-10T00:11:28.521+0000] {logging_mixin.py:190} INFO - [2025-08-10T00:11:28.521+0000] {dagbag.py:588} INFO - Filling up the DagBag from /opt/airflow/dags/music_generator.py
[2025-08-10T00:11:28.529+0000] {processor.py:925} INFO - DAG(s) 'music_generator' retrieved from /opt/airflow/dags/music_generator.py
[2025-08-10T00:11:28.541+0000] {logging_mixin.py:190} INFO - [2025-08-10T00:11:28.540+0000] {dag.py:3239} INFO - Sync 1 DAGs
[2025-08-10T00:11:28.548+0000] {logging_mixin.py:190} INFO - [2025-08-10T00:11:28.548+0000] {dag.py:4180} INFO - Setting next_dagrun for music_generator to 2025-08-10 00:00:00+00:00, run_after=2025-08-11 00:00:00+00:00
[2025-08-10T00:11:28.554+0000] {processor.py:208} INFO - Processing /opt/airflow/dags/music_generator.py took 0.037 seconds
[2025-08-10T00:11:58.903+0000] {processor.py:186} INFO - Started process (PID=2401) to work on /opt/airflow/dags/music_generator.py
[2025-08-10T00:11:58.903+0000] {processor.py:914} INFO - Processing file /opt/airflow/dags/music_generator.py for tasks to queue
[2025-08-10T00:11:58.904+0000] {logging_mixin.py:190} INFO - [2025-08-10T00:11:58.904+0000] {dagbag.py:588} INFO - Filling up the DagBag from /opt/airflow/dags/music_generator.py
[2025-08-10T00:11:58.907+0000] {processor.py:925} INFO - DAG(s) 'music_generator' retrieved from /opt/airflow/dags/music_generator.py
[2025-08-10T00:11:58.919+0000] {logging_mixin.py:190} INFO - [2025-08-10T00:11:58.918+0000] {dag.py:3239} INFO - Sync 1 DAGs
[2025-08-10T00:11:58.926+0000] {logging_mixin.py:190} INFO - [2025-08-10T00:11:58.925+0000] {dag.py:4180} INFO - Setting next_dagrun for music_generator to 2025-08-10 00:00:00+00:00, run_after=2025-08-11 00:00:00+00:00
[2025-08-10T00:11:58.930+0000] {processor.py:208} INFO - Processing /opt/airflow/dags/music_generator.py took 0.030 seconds
[2025-08-10T00:12:29.277+0000] {processor.py:186} INFO - Started process (PID=2427) to work on /opt/airflow/dags/music_generator.py
[2025-08-10T00:12:29.278+0000] {processor.py:914} INFO - Processing file /opt/airflow/dags/music_generator.py for tasks to queue
[2025-08-10T00:12:29.278+0000] {logging_mixin.py:190} INFO - [2025-08-10T00:12:29.278+0000] {dagbag.py:588} INFO - Filling up the DagBag from /opt/airflow/dags/music_generator.py
[2025-08-10T00:12:29.282+0000] {processor.py:925} INFO - DAG(s) 'music_generator' retrieved from /opt/airflow/dags/music_generator.py
[2025-08-10T00:12:29.292+0000] {logging_mixin.py:190} INFO - [2025-08-10T00:12:29.292+0000] {dag.py:3239} INFO - Sync 1 DAGs
[2025-08-10T00:12:29.299+0000] {logging_mixin.py:190} INFO - [2025-08-10T00:12:29.299+0000] {dag.py:4180} INFO - Setting next_dagrun for music_generator to 2025-08-10 00:00:00+00:00, run_after=2025-08-11 00:00:00+00:00
[2025-08-10T00:12:29.304+0000] {processor.py:208} INFO - Processing /opt/airflow/dags/music_generator.py took 0.029 seconds
[2025-08-10T00:12:59.668+0000] {processor.py:186} INFO - Started process (PID=2453) to work on /opt/airflow/dags/music_generator.py
[2025-08-10T00:12:59.668+0000] {processor.py:914} INFO - Processing file /opt/airflow/dags/music_generator.py for tasks to queue
[2025-08-10T00:12:59.670+0000] {logging_mixin.py:190} INFO - [2025-08-10T00:12:59.669+0000] {dagbag.py:588} INFO - Filling up the DagBag from /opt/airflow/dags/music_generator.py
[2025-08-10T00:12:59.673+0000] {processor.py:925} INFO - DAG(s) 'music_generator' retrieved from /opt/airflow/dags/music_generator.py
[2025-08-10T00:12:59.682+0000] {logging_mixin.py:190} INFO - [2025-08-10T00:12:59.682+0000] {dag.py:3239} INFO - Sync 1 DAGs
[2025-08-10T00:12:59.690+0000] {logging_mixin.py:190} INFO - [2025-08-10T00:12:59.689+0000] {dag.py:4180} INFO - Setting next_dagrun for music_generator to 2025-08-10 00:00:00+00:00, run_after=2025-08-11 00:00:00+00:00
[2025-08-10T00:12:59.695+0000] {processor.py:208} INFO - Processing /opt/airflow/dags/music_generator.py took 0.030 seconds
[2025-08-10T00:13:30.101+0000] {processor.py:186} INFO - Started process (PID=2479) to work on /opt/airflow/dags/music_generator.py
[2025-08-10T00:13:30.102+0000] {processor.py:914} INFO - Processing file /opt/airflow/dags/music_generator.py for tasks to queue
[2025-08-10T00:13:30.102+0000] {logging_mixin.py:190} INFO - [2025-08-10T00:13:30.102+0000] {dagbag.py:588} INFO - Filling up the DagBag from /opt/airflow/dags/music_generator.py
[2025-08-10T00:13:30.106+0000] {processor.py:925} INFO - DAG(s) 'music_generator' retrieved from /opt/airflow/dags/music_generator.py
[2025-08-10T00:13:30.115+0000] {logging_mixin.py:190} INFO - [2025-08-10T00:13:30.115+0000] {dag.py:3239} INFO - Sync 1 DAGs
[2025-08-10T00:13:30.122+0000] {logging_mixin.py:190} INFO - [2025-08-10T00:13:30.122+0000] {dag.py:4180} INFO - Setting next_dagrun for music_generator to 2025-08-10 00:00:00+00:00, run_after=2025-08-11 00:00:00+00:00
[2025-08-10T00:13:30.127+0000] {processor.py:208} INFO - Processing /opt/airflow/dags/music_generator.py took 0.029 seconds
[2025-08-10T00:14:00.475+0000] {processor.py:186} INFO - Started process (PID=2505) to work on /opt/airflow/dags/music_generator.py
[2025-08-10T00:14:00.475+0000] {processor.py:914} INFO - Processing file /opt/airflow/dags/music_generator.py for tasks to queue
[2025-08-10T00:14:00.476+0000] {logging_mixin.py:190} INFO - [2025-08-10T00:14:00.476+0000] {dagbag.py:588} INFO - Filling up the DagBag from /opt/airflow/dags/music_generator.py
[2025-08-10T00:14:00.480+0000] {processor.py:925} INFO - DAG(s) 'music_generator' retrieved from /opt/airflow/dags/music_generator.py
[2025-08-10T00:14:00.489+0000] {logging_mixin.py:190} INFO - [2025-08-10T00:14:00.489+0000] {dag.py:3239} INFO - Sync 1 DAGs
[2025-08-10T00:14:00.496+0000] {logging_mixin.py:190} INFO - [2025-08-10T00:14:00.496+0000] {dag.py:4180} INFO - Setting next_dagrun for music_generator to 2025-08-10 00:00:00+00:00, run_after=2025-08-11 00:00:00+00:00
[2025-08-10T00:14:00.501+0000] {processor.py:208} INFO - Processing /opt/airflow/dags/music_generator.py took 0.029 seconds
[2025-08-10T00:14:30.914+0000] {processor.py:186} INFO - Started process (PID=2531) to work on /opt/airflow/dags/music_generator.py
[2025-08-10T00:14:30.915+0000] {processor.py:914} INFO - Processing file /opt/airflow/dags/music_generator.py for tasks to queue
[2025-08-10T00:14:30.915+0000] {logging_mixin.py:190} INFO - [2025-08-10T00:14:30.915+0000] {dagbag.py:588} INFO - Filling up the DagBag from /opt/airflow/dags/music_generator.py
[2025-08-10T00:14:30.919+0000] {processor.py:925} INFO - DAG(s) 'music_generator' retrieved from /opt/airflow/dags/music_generator.py
[2025-08-10T00:14:30.930+0000] {logging_mixin.py:190} INFO - [2025-08-10T00:14:30.930+0000] {dag.py:3239} INFO - Sync 1 DAGs
[2025-08-10T00:14:30.939+0000] {logging_mixin.py:190} INFO - [2025-08-10T00:14:30.939+0000] {dag.py:4180} INFO - Setting next_dagrun for music_generator to 2025-08-10 00:00:00+00:00, run_after=2025-08-11 00:00:00+00:00
[2025-08-10T00:14:30.944+0000] {processor.py:208} INFO - Processing /opt/airflow/dags/music_generator.py took 0.033 seconds
[2025-08-10T00:15:01.337+0000] {processor.py:186} INFO - Started process (PID=2557) to work on /opt/airflow/dags/music_generator.py
[2025-08-10T00:15:01.337+0000] {processor.py:914} INFO - Processing file /opt/airflow/dags/music_generator.py for tasks to queue
[2025-08-10T00:15:01.338+0000] {logging_mixin.py:190} INFO - [2025-08-10T00:15:01.338+0000] {dagbag.py:588} INFO - Filling up the DagBag from /opt/airflow/dags/music_generator.py
[2025-08-10T00:15:01.342+0000] {processor.py:925} INFO - DAG(s) 'music_generator' retrieved from /opt/airflow/dags/music_generator.py
[2025-08-10T00:15:01.352+0000] {logging_mixin.py:190} INFO - [2025-08-10T00:15:01.352+0000] {dag.py:3239} INFO - Sync 1 DAGs
[2025-08-10T00:15:01.359+0000] {logging_mixin.py:190} INFO - [2025-08-10T00:15:01.359+0000] {dag.py:4180} INFO - Setting next_dagrun for music_generator to 2025-08-10 00:00:00+00:00, run_after=2025-08-11 00:00:00+00:00
[2025-08-10T00:15:01.364+0000] {processor.py:208} INFO - Processing /opt/airflow/dags/music_generator.py took 0.030 seconds
[2025-08-10T00:15:31.697+0000] {processor.py:186} INFO - Started process (PID=2583) to work on /opt/airflow/dags/music_generator.py
[2025-08-10T00:15:31.697+0000] {processor.py:914} INFO - Processing file /opt/airflow/dags/music_generator.py for tasks to queue
[2025-08-10T00:15:31.698+0000] {logging_mixin.py:190} INFO - [2025-08-10T00:15:31.698+0000] {dagbag.py:588} INFO - Filling up the DagBag from /opt/airflow/dags/music_generator.py
[2025-08-10T00:15:31.701+0000] {processor.py:925} INFO - DAG(s) 'music_generator' retrieved from /opt/airflow/dags/music_generator.py
[2025-08-10T00:15:31.711+0000] {logging_mixin.py:190} INFO - [2025-08-10T00:15:31.711+0000] {dag.py:3239} INFO - Sync 1 DAGs
[2025-08-10T00:15:31.719+0000] {logging_mixin.py:190} INFO - [2025-08-10T00:15:31.719+0000] {dag.py:4180} INFO - Setting next_dagrun for music_generator to 2025-08-10 00:00:00+00:00, run_after=2025-08-11 00:00:00+00:00
[2025-08-10T00:15:31.724+0000] {processor.py:208} INFO - Processing /opt/airflow/dags/music_generator.py took 0.029 seconds
[2025-08-10T00:16:02.098+0000] {processor.py:186} INFO - Started process (PID=2609) to work on /opt/airflow/dags/music_generator.py
[2025-08-10T00:16:02.099+0000] {processor.py:914} INFO - Processing file /opt/airflow/dags/music_generator.py for tasks to queue
[2025-08-10T00:16:02.100+0000] {logging_mixin.py:190} INFO - [2025-08-10T00:16:02.100+0000] {dagbag.py:588} INFO - Filling up the DagBag from /opt/airflow/dags/music_generator.py
[2025-08-10T00:16:02.103+0000] {processor.py:925} INFO - DAG(s) 'music_generator' retrieved from /opt/airflow/dags/music_generator.py
[2025-08-10T00:16:02.113+0000] {logging_mixin.py:190} INFO - [2025-08-10T00:16:02.113+0000] {dag.py:3239} INFO - Sync 1 DAGs
[2025-08-10T00:16:02.120+0000] {logging_mixin.py:190} INFO - [2025-08-10T00:16:02.120+0000] {dag.py:4180} INFO - Setting next_dagrun for music_generator to 2025-08-10 00:00:00+00:00, run_after=2025-08-11 00:00:00+00:00
[2025-08-10T00:16:02.126+0000] {processor.py:208} INFO - Processing /opt/airflow/dags/music_generator.py took 0.030 seconds
[2025-08-10T00:16:32.478+0000] {processor.py:186} INFO - Started process (PID=2635) to work on /opt/airflow/dags/music_generator.py
[2025-08-10T00:16:32.478+0000] {processor.py:914} INFO - Processing file /opt/airflow/dags/music_generator.py for tasks to queue
[2025-08-10T00:16:32.479+0000] {logging_mixin.py:190} INFO - [2025-08-10T00:16:32.479+0000] {dagbag.py:588} INFO - Filling up the DagBag from /opt/airflow/dags/music_generator.py
[2025-08-10T00:16:32.483+0000] {processor.py:925} INFO - DAG(s) 'music_generator' retrieved from /opt/airflow/dags/music_generator.py
[2025-08-10T00:16:32.492+0000] {logging_mixin.py:190} INFO - [2025-08-10T00:16:32.492+0000] {dag.py:3239} INFO - Sync 1 DAGs
[2025-08-10T00:16:32.499+0000] {logging_mixin.py:190} INFO - [2025-08-10T00:16:32.499+0000] {dag.py:4180} INFO - Setting next_dagrun for music_generator to 2025-08-10 00:00:00+00:00, run_after=2025-08-11 00:00:00+00:00
[2025-08-10T00:16:32.504+0000] {processor.py:208} INFO - Processing /opt/airflow/dags/music_generator.py took 0.028 seconds
[2025-08-10T00:17:02.863+0000] {processor.py:186} INFO - Started process (PID=2661) to work on /opt/airflow/dags/music_generator.py
[2025-08-10T00:17:02.864+0000] {processor.py:914} INFO - Processing file /opt/airflow/dags/music_generator.py for tasks to queue
[2025-08-10T00:17:02.864+0000] {logging_mixin.py:190} INFO - [2025-08-10T00:17:02.864+0000] {dagbag.py:588} INFO - Filling up the DagBag from /opt/airflow/dags/music_generator.py
[2025-08-10T00:17:02.868+0000] {processor.py:925} INFO - DAG(s) 'music_generator' retrieved from /opt/airflow/dags/music_generator.py
[2025-08-10T00:17:02.877+0000] {logging_mixin.py:190} INFO - [2025-08-10T00:17:02.877+0000] {dag.py:3239} INFO - Sync 1 DAGs
[2025-08-10T00:17:02.884+0000] {logging_mixin.py:190} INFO - [2025-08-10T00:17:02.884+0000] {dag.py:4180} INFO - Setting next_dagrun for music_generator to 2025-08-10 00:00:00+00:00, run_after=2025-08-11 00:00:00+00:00
[2025-08-10T00:17:02.889+0000] {processor.py:208} INFO - Processing /opt/airflow/dags/music_generator.py took 0.029 seconds
[2025-08-10T00:17:33.292+0000] {processor.py:186} INFO - Started process (PID=2687) to work on /opt/airflow/dags/music_generator.py
[2025-08-10T00:17:33.292+0000] {processor.py:914} INFO - Processing file /opt/airflow/dags/music_generator.py for tasks to queue
[2025-08-10T00:17:33.293+0000] {logging_mixin.py:190} INFO - [2025-08-10T00:17:33.293+0000] {dagbag.py:588} INFO - Filling up the DagBag from /opt/airflow/dags/music_generator.py
[2025-08-10T00:17:33.297+0000] {processor.py:925} INFO - DAG(s) 'music_generator' retrieved from /opt/airflow/dags/music_generator.py
[2025-08-10T00:17:33.307+0000] {logging_mixin.py:190} INFO - [2025-08-10T00:17:33.307+0000] {dag.py:3239} INFO - Sync 1 DAGs
[2025-08-10T00:17:33.314+0000] {logging_mixin.py:190} INFO - [2025-08-10T00:17:33.314+0000] {dag.py:4180} INFO - Setting next_dagrun for music_generator to 2025-08-10 00:00:00+00:00, run_after=2025-08-11 00:00:00+00:00
[2025-08-10T00:17:33.320+0000] {processor.py:208} INFO - Processing /opt/airflow/dags/music_generator.py took 0.031 seconds
[2025-08-10T00:18:03.656+0000] {processor.py:186} INFO - Started process (PID=2713) to work on /opt/airflow/dags/music_generator.py
[2025-08-10T00:18:03.656+0000] {processor.py:914} INFO - Processing file /opt/airflow/dags/music_generator.py for tasks to queue
[2025-08-10T00:18:03.657+0000] {logging_mixin.py:190} INFO - [2025-08-10T00:18:03.657+0000] {dagbag.py:588} INFO - Filling up the DagBag from /opt/airflow/dags/music_generator.py
[2025-08-10T00:18:03.661+0000] {processor.py:925} INFO - DAG(s) 'music_generator' retrieved from /opt/airflow/dags/music_generator.py
[2025-08-10T00:18:03.671+0000] {logging_mixin.py:190} INFO - [2025-08-10T00:18:03.671+0000] {dag.py:3239} INFO - Sync 1 DAGs
[2025-08-10T00:18:03.679+0000] {logging_mixin.py:190} INFO - [2025-08-10T00:18:03.679+0000] {dag.py:4180} INFO - Setting next_dagrun for music_generator to 2025-08-10 00:00:00+00:00, run_after=2025-08-11 00:00:00+00:00
[2025-08-10T00:18:03.684+0000] {processor.py:208} INFO - Processing /opt/airflow/dags/music_generator.py took 0.031 seconds
[2025-08-10T00:18:34.040+0000] {processor.py:186} INFO - Started process (PID=2745) to work on /opt/airflow/dags/music_generator.py
[2025-08-10T00:18:34.040+0000] {processor.py:914} INFO - Processing file /opt/airflow/dags/music_generator.py for tasks to queue
[2025-08-10T00:18:34.041+0000] {logging_mixin.py:190} INFO - [2025-08-10T00:18:34.041+0000] {dagbag.py:588} INFO - Filling up the DagBag from /opt/airflow/dags/music_generator.py
[2025-08-10T00:18:34.045+0000] {processor.py:925} INFO - DAG(s) 'music_generator' retrieved from /opt/airflow/dags/music_generator.py
[2025-08-10T00:18:34.055+0000] {logging_mixin.py:190} INFO - [2025-08-10T00:18:34.055+0000] {dag.py:3239} INFO - Sync 1 DAGs
[2025-08-10T00:18:34.063+0000] {logging_mixin.py:190} INFO - [2025-08-10T00:18:34.063+0000] {dag.py:4180} INFO - Setting next_dagrun for music_generator to 2025-08-10 00:00:00+00:00, run_after=2025-08-11 00:00:00+00:00
[2025-08-10T00:18:34.068+0000] {processor.py:208} INFO - Processing /opt/airflow/dags/music_generator.py took 0.031 seconds
[2025-08-10T00:19:04.488+0000] {processor.py:186} INFO - Started process (PID=2771) to work on /opt/airflow/dags/music_generator.py
[2025-08-10T00:19:04.489+0000] {processor.py:914} INFO - Processing file /opt/airflow/dags/music_generator.py for tasks to queue
[2025-08-10T00:19:04.489+0000] {logging_mixin.py:190} INFO - [2025-08-10T00:19:04.489+0000] {dagbag.py:588} INFO - Filling up the DagBag from /opt/airflow/dags/music_generator.py
[2025-08-10T00:19:04.493+0000] {processor.py:925} INFO - DAG(s) 'music_generator' retrieved from /opt/airflow/dags/music_generator.py
[2025-08-10T00:19:04.503+0000] {logging_mixin.py:190} INFO - [2025-08-10T00:19:04.503+0000] {dag.py:3239} INFO - Sync 1 DAGs
[2025-08-10T00:19:04.510+0000] {logging_mixin.py:190} INFO - [2025-08-10T00:19:04.510+0000] {dag.py:4180} INFO - Setting next_dagrun for music_generator to 2025-08-10 00:00:00+00:00, run_after=2025-08-11 00:00:00+00:00
[2025-08-10T00:19:04.515+0000] {processor.py:208} INFO - Processing /opt/airflow/dags/music_generator.py took 0.030 seconds
[2025-08-10T00:19:34.945+0000] {processor.py:186} INFO - Started process (PID=2797) to work on /opt/airflow/dags/music_generator.py
[2025-08-10T00:19:34.945+0000] {processor.py:914} INFO - Processing file /opt/airflow/dags/music_generator.py for tasks to queue
[2025-08-10T00:19:34.946+0000] {logging_mixin.py:190} INFO - [2025-08-10T00:19:34.946+0000] {dagbag.py:588} INFO - Filling up the DagBag from /opt/airflow/dags/music_generator.py
[2025-08-10T00:19:34.950+0000] {processor.py:925} INFO - DAG(s) 'music_generator' retrieved from /opt/airflow/dags/music_generator.py
[2025-08-10T00:19:34.963+0000] {logging_mixin.py:190} INFO - [2025-08-10T00:19:34.963+0000] {dag.py:3239} INFO - Sync 1 DAGs
[2025-08-10T00:19:34.971+0000] {logging_mixin.py:190} INFO - [2025-08-10T00:19:34.971+0000] {dag.py:4180} INFO - Setting next_dagrun for music_generator to 2025-08-10 00:00:00+00:00, run_after=2025-08-11 00:00:00+00:00
[2025-08-10T00:19:34.976+0000] {processor.py:208} INFO - Processing /opt/airflow/dags/music_generator.py took 0.035 seconds
[2025-08-10T00:20:05.412+0000] {processor.py:186} INFO - Started process (PID=2823) to work on /opt/airflow/dags/music_generator.py
[2025-08-10T00:20:05.413+0000] {processor.py:914} INFO - Processing file /opt/airflow/dags/music_generator.py for tasks to queue
[2025-08-10T00:20:05.414+0000] {logging_mixin.py:190} INFO - [2025-08-10T00:20:05.414+0000] {dagbag.py:588} INFO - Filling up the DagBag from /opt/airflow/dags/music_generator.py
[2025-08-10T00:20:05.420+0000] {processor.py:925} INFO - DAG(s) 'music_generator' retrieved from /opt/airflow/dags/music_generator.py
[2025-08-10T00:20:05.430+0000] {logging_mixin.py:190} INFO - [2025-08-10T00:20:05.430+0000] {dag.py:3239} INFO - Sync 1 DAGs
[2025-08-10T00:20:05.438+0000] {logging_mixin.py:190} INFO - [2025-08-10T00:20:05.438+0000] {dag.py:4180} INFO - Setting next_dagrun for music_generator to 2025-08-10 00:00:00+00:00, run_after=2025-08-11 00:00:00+00:00
[2025-08-10T00:20:05.443+0000] {processor.py:208} INFO - Processing /opt/airflow/dags/music_generator.py took 0.034 seconds
[2025-08-10T00:20:35.881+0000] {processor.py:186} INFO - Started process (PID=2849) to work on /opt/airflow/dags/music_generator.py
[2025-08-10T00:20:35.881+0000] {processor.py:914} INFO - Processing file /opt/airflow/dags/music_generator.py for tasks to queue
[2025-08-10T00:20:35.882+0000] {logging_mixin.py:190} INFO - [2025-08-10T00:20:35.882+0000] {dagbag.py:588} INFO - Filling up the DagBag from /opt/airflow/dags/music_generator.py
[2025-08-10T00:20:35.886+0000] {processor.py:925} INFO - DAG(s) 'music_generator' retrieved from /opt/airflow/dags/music_generator.py
[2025-08-10T00:20:35.897+0000] {logging_mixin.py:190} INFO - [2025-08-10T00:20:35.897+0000] {dag.py:3239} INFO - Sync 1 DAGs
[2025-08-10T00:20:35.904+0000] {logging_mixin.py:190} INFO - [2025-08-10T00:20:35.904+0000] {dag.py:4180} INFO - Setting next_dagrun for music_generator to 2025-08-10 00:00:00+00:00, run_after=2025-08-11 00:00:00+00:00
[2025-08-10T00:20:35.910+0000] {processor.py:208} INFO - Processing /opt/airflow/dags/music_generator.py took 0.032 seconds
[2025-08-10T00:21:06.280+0000] {processor.py:186} INFO - Started process (PID=2875) to work on /opt/airflow/dags/music_generator.py
[2025-08-10T00:21:06.280+0000] {processor.py:914} INFO - Processing file /opt/airflow/dags/music_generator.py for tasks to queue
[2025-08-10T00:21:06.281+0000] {logging_mixin.py:190} INFO - [2025-08-10T00:21:06.281+0000] {dagbag.py:588} INFO - Filling up the DagBag from /opt/airflow/dags/music_generator.py
[2025-08-10T00:21:06.285+0000] {processor.py:925} INFO - DAG(s) 'music_generator' retrieved from /opt/airflow/dags/music_generator.py
[2025-08-10T00:21:06.295+0000] {logging_mixin.py:190} INFO - [2025-08-10T00:21:06.295+0000] {dag.py:3239} INFO - Sync 1 DAGs
[2025-08-10T00:21:06.303+0000] {logging_mixin.py:190} INFO - [2025-08-10T00:21:06.303+0000] {dag.py:4180} INFO - Setting next_dagrun for music_generator to 2025-08-10 00:00:00+00:00, run_after=2025-08-11 00:00:00+00:00
[2025-08-10T00:21:06.308+0000] {processor.py:208} INFO - Processing /opt/airflow/dags/music_generator.py took 0.031 seconds
[2025-08-10T00:21:36.665+0000] {processor.py:186} INFO - Started process (PID=2901) to work on /opt/airflow/dags/music_generator.py
[2025-08-10T00:21:36.666+0000] {processor.py:914} INFO - Processing file /opt/airflow/dags/music_generator.py for tasks to queue
[2025-08-10T00:21:36.667+0000] {logging_mixin.py:190} INFO - [2025-08-10T00:21:36.667+0000] {dagbag.py:588} INFO - Filling up the DagBag from /opt/airflow/dags/music_generator.py
[2025-08-10T00:21:36.670+0000] {processor.py:925} INFO - DAG(s) 'music_generator' retrieved from /opt/airflow/dags/music_generator.py
[2025-08-10T00:21:36.680+0000] {logging_mixin.py:190} INFO - [2025-08-10T00:21:36.680+0000] {dag.py:3239} INFO - Sync 1 DAGs
[2025-08-10T00:21:36.687+0000] {logging_mixin.py:190} INFO - [2025-08-10T00:21:36.687+0000] {dag.py:4180} INFO - Setting next_dagrun for music_generator to 2025-08-10 00:00:00+00:00, run_after=2025-08-11 00:00:00+00:00
[2025-08-10T00:21:36.692+0000] {processor.py:208} INFO - Processing /opt/airflow/dags/music_generator.py took 0.029 seconds
[2025-08-10T00:22:07.252+0000] {processor.py:186} INFO - Started process (PID=2927) to work on /opt/airflow/dags/music_generator.py
[2025-08-10T00:22:07.252+0000] {processor.py:914} INFO - Processing file /opt/airflow/dags/music_generator.py for tasks to queue
[2025-08-10T00:22:07.254+0000] {logging_mixin.py:190} INFO - [2025-08-10T00:22:07.254+0000] {dagbag.py:588} INFO - Filling up the DagBag from /opt/airflow/dags/music_generator.py
[2025-08-10T00:22:07.258+0000] {processor.py:925} INFO - DAG(s) 'music_generator' retrieved from /opt/airflow/dags/music_generator.py
[2025-08-10T00:22:07.271+0000] {logging_mixin.py:190} INFO - [2025-08-10T00:22:07.271+0000] {dag.py:3239} INFO - Sync 1 DAGs
[2025-08-10T00:22:07.278+0000] {logging_mixin.py:190} INFO - [2025-08-10T00:22:07.278+0000] {dag.py:4180} INFO - Setting next_dagrun for music_generator to 2025-08-10 00:00:00+00:00, run_after=2025-08-11 00:00:00+00:00
[2025-08-10T00:22:07.283+0000] {processor.py:208} INFO - Processing /opt/airflow/dags/music_generator.py took 0.035 seconds
[2025-08-10T00:22:37.860+0000] {processor.py:186} INFO - Started process (PID=2953) to work on /opt/airflow/dags/music_generator.py
[2025-08-10T00:22:37.860+0000] {processor.py:914} INFO - Processing file /opt/airflow/dags/music_generator.py for tasks to queue
[2025-08-10T00:22:37.861+0000] {logging_mixin.py:190} INFO - [2025-08-10T00:22:37.861+0000] {dagbag.py:588} INFO - Filling up the DagBag from /opt/airflow/dags/music_generator.py
[2025-08-10T00:22:37.865+0000] {processor.py:925} INFO - DAG(s) 'music_generator' retrieved from /opt/airflow/dags/music_generator.py
[2025-08-10T00:22:37.875+0000] {logging_mixin.py:190} INFO - [2025-08-10T00:22:37.875+0000] {dag.py:3239} INFO - Sync 1 DAGs
[2025-08-10T00:22:37.883+0000] {logging_mixin.py:190} INFO - [2025-08-10T00:22:37.883+0000] {dag.py:4180} INFO - Setting next_dagrun for music_generator to 2025-08-10 00:00:00+00:00, run_after=2025-08-11 00:00:00+00:00
[2025-08-10T00:22:37.889+0000] {processor.py:208} INFO - Processing /opt/airflow/dags/music_generator.py took 0.031 seconds
[2025-08-10T00:23:08.289+0000] {processor.py:186} INFO - Started process (PID=2979) to work on /opt/airflow/dags/music_generator.py
[2025-08-10T00:23:08.290+0000] {processor.py:914} INFO - Processing file /opt/airflow/dags/music_generator.py for tasks to queue
[2025-08-10T00:23:08.291+0000] {logging_mixin.py:190} INFO - [2025-08-10T00:23:08.291+0000] {dagbag.py:588} INFO - Filling up the DagBag from /opt/airflow/dags/music_generator.py
[2025-08-10T00:23:08.294+0000] {processor.py:925} INFO - DAG(s) 'music_generator' retrieved from /opt/airflow/dags/music_generator.py
[2025-08-10T00:23:08.307+0000] {logging_mixin.py:190} INFO - [2025-08-10T00:23:08.307+0000] {dag.py:3239} INFO - Sync 1 DAGs
[2025-08-10T00:23:08.314+0000] {logging_mixin.py:190} INFO - [2025-08-10T00:23:08.314+0000] {dag.py:4180} INFO - Setting next_dagrun for music_generator to 2025-08-10 00:00:00+00:00, run_after=2025-08-11 00:00:00+00:00
[2025-08-10T00:23:08.319+0000] {processor.py:208} INFO - Processing /opt/airflow/dags/music_generator.py took 0.032 seconds
[2025-08-10T00:23:38.761+0000] {processor.py:186} INFO - Started process (PID=3005) to work on /opt/airflow/dags/music_generator.py
[2025-08-10T00:23:38.761+0000] {processor.py:914} INFO - Processing file /opt/airflow/dags/music_generator.py for tasks to queue
[2025-08-10T00:23:38.762+0000] {logging_mixin.py:190} INFO - [2025-08-10T00:23:38.762+0000] {dagbag.py:588} INFO - Filling up the DagBag from /opt/airflow/dags/music_generator.py
[2025-08-10T00:23:38.766+0000] {processor.py:925} INFO - DAG(s) 'music_generator' retrieved from /opt/airflow/dags/music_generator.py
[2025-08-10T00:23:38.776+0000] {logging_mixin.py:190} INFO - [2025-08-10T00:23:38.776+0000] {dag.py:3239} INFO - Sync 1 DAGs
[2025-08-10T00:23:38.785+0000] {logging_mixin.py:190} INFO - [2025-08-10T00:23:38.785+0000] {dag.py:4180} INFO - Setting next_dagrun for music_generator to 2025-08-10 00:00:00+00:00, run_after=2025-08-11 00:00:00+00:00
[2025-08-10T00:23:38.790+0000] {processor.py:208} INFO - Processing /opt/airflow/dags/music_generator.py took 0.033 seconds
[2025-08-10T00:24:09.183+0000] {processor.py:186} INFO - Started process (PID=3031) to work on /opt/airflow/dags/music_generator.py
[2025-08-10T00:24:09.183+0000] {processor.py:914} INFO - Processing file /opt/airflow/dags/music_generator.py for tasks to queue
[2025-08-10T00:24:09.184+0000] {logging_mixin.py:190} INFO - [2025-08-10T00:24:09.184+0000] {dagbag.py:588} INFO - Filling up the DagBag from /opt/airflow/dags/music_generator.py
[2025-08-10T00:24:09.188+0000] {processor.py:925} INFO - DAG(s) 'music_generator' retrieved from /opt/airflow/dags/music_generator.py
[2025-08-10T00:24:09.199+0000] {logging_mixin.py:190} INFO - [2025-08-10T00:24:09.199+0000] {dag.py:3239} INFO - Sync 1 DAGs
[2025-08-10T00:24:09.207+0000] {logging_mixin.py:190} INFO - [2025-08-10T00:24:09.207+0000] {dag.py:4180} INFO - Setting next_dagrun for music_generator to 2025-08-10 00:00:00+00:00, run_after=2025-08-11 00:00:00+00:00
[2025-08-10T00:24:09.212+0000] {processor.py:208} INFO - Processing /opt/airflow/dags/music_generator.py took 0.031 seconds
[2025-08-10T00:24:39.609+0000] {processor.py:186} INFO - Started process (PID=3056) to work on /opt/airflow/dags/music_generator.py
[2025-08-10T00:24:39.609+0000] {processor.py:914} INFO - Processing file /opt/airflow/dags/music_generator.py for tasks to queue
[2025-08-10T00:24:39.610+0000] {logging_mixin.py:190} INFO - [2025-08-10T00:24:39.610+0000] {dagbag.py:588} INFO - Filling up the DagBag from /opt/airflow/dags/music_generator.py
[2025-08-10T00:24:39.613+0000] {processor.py:925} INFO - DAG(s) 'music_generator' retrieved from /opt/airflow/dags/music_generator.py
[2025-08-10T00:24:39.623+0000] {logging_mixin.py:190} INFO - [2025-08-10T00:24:39.623+0000] {dag.py:3239} INFO - Sync 1 DAGs
[2025-08-10T00:24:39.630+0000] {logging_mixin.py:190} INFO - [2025-08-10T00:24:39.629+0000] {dag.py:4180} INFO - Setting next_dagrun for music_generator to 2025-08-10 00:00:00+00:00, run_after=2025-08-11 00:00:00+00:00
[2025-08-10T00:24:39.635+0000] {processor.py:208} INFO - Processing /opt/airflow/dags/music_generator.py took 0.029 seconds
[2025-08-10T00:25:10.028+0000] {processor.py:186} INFO - Started process (PID=3082) to work on /opt/airflow/dags/music_generator.py
[2025-08-10T00:25:10.028+0000] {processor.py:914} INFO - Processing file /opt/airflow/dags/music_generator.py for tasks to queue
[2025-08-10T00:25:10.029+0000] {logging_mixin.py:190} INFO - [2025-08-10T00:25:10.029+0000] {dagbag.py:588} INFO - Filling up the DagBag from /opt/airflow/dags/music_generator.py
[2025-08-10T00:25:10.032+0000] {processor.py:925} INFO - DAG(s) 'music_generator' retrieved from /opt/airflow/dags/music_generator.py
[2025-08-10T00:25:10.042+0000] {logging_mixin.py:190} INFO - [2025-08-10T00:25:10.042+0000] {dag.py:3239} INFO - Sync 1 DAGs
[2025-08-10T00:25:10.050+0000] {logging_mixin.py:190} INFO - [2025-08-10T00:25:10.050+0000] {dag.py:4180} INFO - Setting next_dagrun for music_generator to 2025-08-10 00:00:00+00:00, run_after=2025-08-11 00:00:00+00:00
[2025-08-10T00:25:10.055+0000] {processor.py:208} INFO - Processing /opt/airflow/dags/music_generator.py took 0.030 seconds
[2025-08-10T00:25:40.485+0000] {processor.py:186} INFO - Started process (PID=3108) to work on /opt/airflow/dags/music_generator.py
[2025-08-10T00:25:40.486+0000] {processor.py:914} INFO - Processing file /opt/airflow/dags/music_generator.py for tasks to queue
[2025-08-10T00:25:40.487+0000] {logging_mixin.py:190} INFO - [2025-08-10T00:25:40.487+0000] {dagbag.py:588} INFO - Filling up the DagBag from /opt/airflow/dags/music_generator.py
[2025-08-10T00:25:40.492+0000] {processor.py:925} INFO - DAG(s) 'music_generator' retrieved from /opt/airflow/dags/music_generator.py
[2025-08-10T00:25:40.503+0000] {logging_mixin.py:190} INFO - [2025-08-10T00:25:40.503+0000] {dag.py:3239} INFO - Sync 1 DAGs
[2025-08-10T00:25:40.513+0000] {logging_mixin.py:190} INFO - [2025-08-10T00:25:40.513+0000] {dag.py:4180} INFO - Setting next_dagrun for music_generator to 2025-08-10 00:00:00+00:00, run_after=2025-08-11 00:00:00+00:00
[2025-08-10T00:25:40.519+0000] {processor.py:208} INFO - Processing /opt/airflow/dags/music_generator.py took 0.039 seconds
[2025-08-10T00:26:10.901+0000] {processor.py:186} INFO - Started process (PID=3134) to work on /opt/airflow/dags/music_generator.py
[2025-08-10T00:26:10.901+0000] {processor.py:914} INFO - Processing file /opt/airflow/dags/music_generator.py for tasks to queue
[2025-08-10T00:26:10.902+0000] {logging_mixin.py:190} INFO - [2025-08-10T00:26:10.902+0000] {dagbag.py:588} INFO - Filling up the DagBag from /opt/airflow/dags/music_generator.py
[2025-08-10T00:26:10.906+0000] {processor.py:925} INFO - DAG(s) 'music_generator' retrieved from /opt/airflow/dags/music_generator.py
[2025-08-10T00:26:10.916+0000] {logging_mixin.py:190} INFO - [2025-08-10T00:26:10.916+0000] {dag.py:3239} INFO - Sync 1 DAGs
[2025-08-10T00:26:10.924+0000] {logging_mixin.py:190} INFO - [2025-08-10T00:26:10.924+0000] {dag.py:4180} INFO - Setting next_dagrun for music_generator to 2025-08-10 00:00:00+00:00, run_after=2025-08-11 00:00:00+00:00
[2025-08-10T00:26:10.929+0000] {processor.py:208} INFO - Processing /opt/airflow/dags/music_generator.py took 0.031 seconds
[2025-08-10T00:26:41.309+0000] {processor.py:186} INFO - Started process (PID=3160) to work on /opt/airflow/dags/music_generator.py
[2025-08-10T00:26:41.309+0000] {processor.py:914} INFO - Processing file /opt/airflow/dags/music_generator.py for tasks to queue
[2025-08-10T00:26:41.310+0000] {logging_mixin.py:190} INFO - [2025-08-10T00:26:41.310+0000] {dagbag.py:588} INFO - Filling up the DagBag from /opt/airflow/dags/music_generator.py
[2025-08-10T00:26:41.313+0000] {processor.py:925} INFO - DAG(s) 'music_generator' retrieved from /opt/airflow/dags/music_generator.py
[2025-08-10T00:26:41.324+0000] {logging_mixin.py:190} INFO - [2025-08-10T00:26:41.323+0000] {dag.py:3239} INFO - Sync 1 DAGs
[2025-08-10T00:26:41.330+0000] {logging_mixin.py:190} INFO - [2025-08-10T00:26:41.330+0000] {dag.py:4180} INFO - Setting next_dagrun for music_generator to 2025-08-10 00:00:00+00:00, run_after=2025-08-11 00:00:00+00:00
[2025-08-10T00:26:41.335+0000] {processor.py:208} INFO - Processing /opt/airflow/dags/music_generator.py took 0.029 seconds
[2025-08-10T00:27:11.795+0000] {processor.py:186} INFO - Started process (PID=3186) to work on /opt/airflow/dags/music_generator.py
[2025-08-10T00:27:11.795+0000] {processor.py:914} INFO - Processing file /opt/airflow/dags/music_generator.py for tasks to queue
[2025-08-10T00:27:11.796+0000] {logging_mixin.py:190} INFO - [2025-08-10T00:27:11.796+0000] {dagbag.py:588} INFO - Filling up the DagBag from /opt/airflow/dags/music_generator.py
[2025-08-10T00:27:11.799+0000] {processor.py:925} INFO - DAG(s) 'music_generator' retrieved from /opt/airflow/dags/music_generator.py
[2025-08-10T00:27:11.808+0000] {logging_mixin.py:190} INFO - [2025-08-10T00:27:11.808+0000] {dag.py:3239} INFO - Sync 1 DAGs
[2025-08-10T00:27:11.815+0000] {logging_mixin.py:190} INFO - [2025-08-10T00:27:11.815+0000] {dag.py:4180} INFO - Setting next_dagrun for music_generator to 2025-08-10 00:00:00+00:00, run_after=2025-08-11 00:00:00+00:00
[2025-08-10T00:27:11.820+0000] {processor.py:208} INFO - Processing /opt/airflow/dags/music_generator.py took 0.028 seconds
[2025-08-10T00:27:42.207+0000] {processor.py:186} INFO - Started process (PID=3212) to work on /opt/airflow/dags/music_generator.py
[2025-08-10T00:27:42.208+0000] {processor.py:914} INFO - Processing file /opt/airflow/dags/music_generator.py for tasks to queue
[2025-08-10T00:27:42.208+0000] {logging_mixin.py:190} INFO - [2025-08-10T00:27:42.208+0000] {dagbag.py:588} INFO - Filling up the DagBag from /opt/airflow/dags/music_generator.py
[2025-08-10T00:27:42.212+0000] {processor.py:925} INFO - DAG(s) 'music_generator' retrieved from /opt/airflow/dags/music_generator.py
[2025-08-10T00:27:42.222+0000] {logging_mixin.py:190} INFO - [2025-08-10T00:27:42.221+0000] {dag.py:3239} INFO - Sync 1 DAGs
[2025-08-10T00:27:42.229+0000] {logging_mixin.py:190} INFO - [2025-08-10T00:27:42.229+0000] {dag.py:4180} INFO - Setting next_dagrun for music_generator to 2025-08-10 00:00:00+00:00, run_after=2025-08-11 00:00:00+00:00
[2025-08-10T00:27:42.234+0000] {processor.py:208} INFO - Processing /opt/airflow/dags/music_generator.py took 0.029 seconds
[2025-08-10T00:28:12.633+0000] {processor.py:186} INFO - Started process (PID=3238) to work on /opt/airflow/dags/music_generator.py
[2025-08-10T00:28:12.634+0000] {processor.py:914} INFO - Processing file /opt/airflow/dags/music_generator.py for tasks to queue
[2025-08-10T00:28:12.635+0000] {logging_mixin.py:190} INFO - [2025-08-10T00:28:12.635+0000] {dagbag.py:588} INFO - Filling up the DagBag from /opt/airflow/dags/music_generator.py
[2025-08-10T00:28:12.638+0000] {processor.py:925} INFO - DAG(s) 'music_generator' retrieved from /opt/airflow/dags/music_generator.py
[2025-08-10T00:28:12.648+0000] {logging_mixin.py:190} INFO - [2025-08-10T00:28:12.648+0000] {dag.py:3239} INFO - Sync 1 DAGs
[2025-08-10T00:28:12.655+0000] {logging_mixin.py:190} INFO - [2025-08-10T00:28:12.655+0000] {dag.py:4180} INFO - Setting next_dagrun for music_generator to 2025-08-10 00:00:00+00:00, run_after=2025-08-11 00:00:00+00:00
[2025-08-10T00:28:12.660+0000] {processor.py:208} INFO - Processing /opt/airflow/dags/music_generator.py took 0.030 seconds
[2025-08-10T00:28:43.062+0000] {processor.py:186} INFO - Started process (PID=3264) to work on /opt/airflow/dags/music_generator.py
[2025-08-10T00:28:43.063+0000] {processor.py:914} INFO - Processing file /opt/airflow/dags/music_generator.py for tasks to queue
[2025-08-10T00:28:43.063+0000] {logging_mixin.py:190} INFO - [2025-08-10T00:28:43.063+0000] {dagbag.py:588} INFO - Filling up the DagBag from /opt/airflow/dags/music_generator.py
[2025-08-10T00:28:43.067+0000] {processor.py:925} INFO - DAG(s) 'music_generator' retrieved from /opt/airflow/dags/music_generator.py
[2025-08-10T00:28:43.077+0000] {logging_mixin.py:190} INFO - [2025-08-10T00:28:43.077+0000] {dag.py:3239} INFO - Sync 1 DAGs
[2025-08-10T00:28:43.084+0000] {logging_mixin.py:190} INFO - [2025-08-10T00:28:43.084+0000] {dag.py:4180} INFO - Setting next_dagrun for music_generator to 2025-08-10 00:00:00+00:00, run_after=2025-08-11 00:00:00+00:00
[2025-08-10T00:28:43.089+0000] {processor.py:208} INFO - Processing /opt/airflow/dags/music_generator.py took 0.029 seconds
[2025-08-10T00:29:13.448+0000] {processor.py:186} INFO - Started process (PID=3290) to work on /opt/airflow/dags/music_generator.py
[2025-08-10T00:29:13.449+0000] {processor.py:914} INFO - Processing file /opt/airflow/dags/music_generator.py for tasks to queue
[2025-08-10T00:29:13.450+0000] {logging_mixin.py:190} INFO - [2025-08-10T00:29:13.449+0000] {dagbag.py:588} INFO - Filling up the DagBag from /opt/airflow/dags/music_generator.py
[2025-08-10T00:29:13.453+0000] {processor.py:925} INFO - DAG(s) 'music_generator' retrieved from /opt/airflow/dags/music_generator.py
[2025-08-10T00:29:13.463+0000] {logging_mixin.py:190} INFO - [2025-08-10T00:29:13.463+0000] {dag.py:3239} INFO - Sync 1 DAGs
[2025-08-10T00:29:13.470+0000] {logging_mixin.py:190} INFO - [2025-08-10T00:29:13.470+0000] {dag.py:4180} INFO - Setting next_dagrun for music_generator to 2025-08-10 00:00:00+00:00, run_after=2025-08-11 00:00:00+00:00
[2025-08-10T00:29:13.475+0000] {processor.py:208} INFO - Processing /opt/airflow/dags/music_generator.py took 0.030 seconds
[2025-08-10T00:29:43.858+0000] {processor.py:186} INFO - Started process (PID=3316) to work on /opt/airflow/dags/music_generator.py
[2025-08-10T00:29:43.859+0000] {processor.py:914} INFO - Processing file /opt/airflow/dags/music_generator.py for tasks to queue
[2025-08-10T00:29:43.860+0000] {logging_mixin.py:190} INFO - [2025-08-10T00:29:43.860+0000] {dagbag.py:588} INFO - Filling up the DagBag from /opt/airflow/dags/music_generator.py
[2025-08-10T00:29:43.863+0000] {processor.py:925} INFO - DAG(s) 'music_generator' retrieved from /opt/airflow/dags/music_generator.py
[2025-08-10T00:29:43.874+0000] {logging_mixin.py:190} INFO - [2025-08-10T00:29:43.873+0000] {dag.py:3239} INFO - Sync 1 DAGs
[2025-08-10T00:29:43.881+0000] {logging_mixin.py:190} INFO - [2025-08-10T00:29:43.881+0000] {dag.py:4180} INFO - Setting next_dagrun for music_generator to 2025-08-10 00:00:00+00:00, run_after=2025-08-11 00:00:00+00:00
[2025-08-10T00:29:43.886+0000] {processor.py:208} INFO - Processing /opt/airflow/dags/music_generator.py took 0.032 seconds
[2025-08-10T00:30:14.269+0000] {processor.py:186} INFO - Started process (PID=3342) to work on /opt/airflow/dags/music_generator.py
[2025-08-10T00:30:14.269+0000] {processor.py:914} INFO - Processing file /opt/airflow/dags/music_generator.py for tasks to queue
[2025-08-10T00:30:14.270+0000] {logging_mixin.py:190} INFO - [2025-08-10T00:30:14.270+0000] {dagbag.py:588} INFO - Filling up the DagBag from /opt/airflow/dags/music_generator.py
[2025-08-10T00:30:14.274+0000] {processor.py:925} INFO - DAG(s) 'music_generator' retrieved from /opt/airflow/dags/music_generator.py
[2025-08-10T00:30:14.283+0000] {logging_mixin.py:190} INFO - [2025-08-10T00:30:14.283+0000] {dag.py:3239} INFO - Sync 1 DAGs
[2025-08-10T00:30:14.290+0000] {logging_mixin.py:190} INFO - [2025-08-10T00:30:14.290+0000] {dag.py:4180} INFO - Setting next_dagrun for music_generator to 2025-08-10 00:00:00+00:00, run_after=2025-08-11 00:00:00+00:00
[2025-08-10T00:30:14.295+0000] {processor.py:208} INFO - Processing /opt/airflow/dags/music_generator.py took 0.029 seconds
[2025-08-10T00:30:44.697+0000] {processor.py:186} INFO - Started process (PID=3368) to work on /opt/airflow/dags/music_generator.py
[2025-08-10T00:30:44.697+0000] {processor.py:914} INFO - Processing file /opt/airflow/dags/music_generator.py for tasks to queue
[2025-08-10T00:30:44.698+0000] {logging_mixin.py:190} INFO - [2025-08-10T00:30:44.698+0000] {dagbag.py:588} INFO - Filling up the DagBag from /opt/airflow/dags/music_generator.py
[2025-08-10T00:30:44.701+0000] {processor.py:925} INFO - DAG(s) 'music_generator' retrieved from /opt/airflow/dags/music_generator.py
[2025-08-10T00:30:44.711+0000] {logging_mixin.py:190} INFO - [2025-08-10T00:30:44.711+0000] {dag.py:3239} INFO - Sync 1 DAGs
[2025-08-10T00:30:44.718+0000] {logging_mixin.py:190} INFO - [2025-08-10T00:30:44.718+0000] {dag.py:4180} INFO - Setting next_dagrun for music_generator to 2025-08-10 00:00:00+00:00, run_after=2025-08-11 00:00:00+00:00
[2025-08-10T00:30:44.723+0000] {processor.py:208} INFO - Processing /opt/airflow/dags/music_generator.py took 0.028 seconds
[2025-08-10T00:31:15.062+0000] {processor.py:186} INFO - Started process (PID=3394) to work on /opt/airflow/dags/music_generator.py
[2025-08-10T00:31:15.062+0000] {processor.py:914} INFO - Processing file /opt/airflow/dags/music_generator.py for tasks to queue
[2025-08-10T00:31:15.063+0000] {logging_mixin.py:190} INFO - [2025-08-10T00:31:15.063+0000] {dagbag.py:588} INFO - Filling up the DagBag from /opt/airflow/dags/music_generator.py
[2025-08-10T00:31:15.066+0000] {processor.py:925} INFO - DAG(s) 'music_generator' retrieved from /opt/airflow/dags/music_generator.py
[2025-08-10T00:31:15.076+0000] {logging_mixin.py:190} INFO - [2025-08-10T00:31:15.076+0000] {dag.py:3239} INFO - Sync 1 DAGs
[2025-08-10T00:31:15.083+0000] {logging_mixin.py:190} INFO - [2025-08-10T00:31:15.083+0000] {dag.py:4180} INFO - Setting next_dagrun for music_generator to 2025-08-10 00:00:00+00:00, run_after=2025-08-11 00:00:00+00:00
[2025-08-10T00:31:15.088+0000] {processor.py:208} INFO - Processing /opt/airflow/dags/music_generator.py took 0.029 seconds
[2025-08-10T00:31:45.469+0000] {processor.py:186} INFO - Started process (PID=3420) to work on /opt/airflow/dags/music_generator.py
[2025-08-10T00:31:45.470+0000] {processor.py:914} INFO - Processing file /opt/airflow/dags/music_generator.py for tasks to queue
[2025-08-10T00:31:45.471+0000] {logging_mixin.py:190} INFO - [2025-08-10T00:31:45.471+0000] {dagbag.py:588} INFO - Filling up the DagBag from /opt/airflow/dags/music_generator.py
[2025-08-10T00:31:45.474+0000] {processor.py:925} INFO - DAG(s) 'music_generator' retrieved from /opt/airflow/dags/music_generator.py
[2025-08-10T00:31:45.483+0000] {logging_mixin.py:190} INFO - [2025-08-10T00:31:45.483+0000] {dag.py:3239} INFO - Sync 1 DAGs
[2025-08-10T00:31:45.490+0000] {logging_mixin.py:190} INFO - [2025-08-10T00:31:45.490+0000] {dag.py:4180} INFO - Setting next_dagrun for music_generator to 2025-08-10 00:00:00+00:00, run_after=2025-08-11 00:00:00+00:00
[2025-08-10T00:31:45.495+0000] {processor.py:208} INFO - Processing /opt/airflow/dags/music_generator.py took 0.028 seconds
[2025-08-10T00:32:15.745+0000] {processor.py:186} INFO - Started process (PID=3444) to work on /opt/airflow/dags/music_generator.py
[2025-08-10T00:32:15.746+0000] {processor.py:914} INFO - Processing file /opt/airflow/dags/music_generator.py for tasks to queue
[2025-08-10T00:32:15.747+0000] {logging_mixin.py:190} INFO - [2025-08-10T00:32:15.747+0000] {dagbag.py:588} INFO - Filling up the DagBag from /opt/airflow/dags/music_generator.py
[2025-08-10T00:32:15.761+0000] {processor.py:925} INFO - DAG(s) 'music_generator' retrieved from /opt/airflow/dags/music_generator.py
[2025-08-10T00:32:15.775+0000] {logging_mixin.py:190} INFO - [2025-08-10T00:32:15.775+0000] {dag.py:3239} INFO - Sync 1 DAGs
[2025-08-10T00:32:15.784+0000] {logging_mixin.py:190} INFO - [2025-08-10T00:32:15.784+0000] {dag.py:4180} INFO - Setting next_dagrun for music_generator to 2025-08-10 00:00:00+00:00, run_after=2025-08-11 00:00:00+00:00
[2025-08-10T00:32:15.790+0000] {processor.py:208} INFO - Processing /opt/airflow/dags/music_generator.py took 0.048 seconds
